2023/02/26 14:10:02 app.go:48: INFO: [Configuration Loaded]
2023/02/26 14:10:02 app.go:48: INFO: [Database Connected Successfully]
2023/02/26 14:10:02 app.go:48: INFO: [Configuration Loaded]
2023/02/26 14:10:02 app.go:48: INFO: [Configuration Loaded]
2023/02/26 14:10:02 app.go:48: INFO: [Database Connected Successfully]
2023/02/26 14:10:02 app.go:48: INFO: [Redis For Job Queue Connected successfully]
2023/02/26 14:10:02 app.go:48: INFO: [Redis Connected successfully]
2023/02/26 14:10:03 app.go:48: INFO: [Redis Job Queue initialized]
2023/02/26 14:14:09 app.go:48: DEBUG: [4]
2023/02/26 14:56:42 app.go:48: INFO: [Configuration Loaded]
2023/02/26 14:56:43 app.go:48: INFO: [Database Connected Successfully]
2023/02/26 14:56:43 app.go:48: INFO: [Redis For Job Queue Connected successfully]
2023/02/26 14:56:43 app.go:48: INFO: [Redis Connected successfully]
2023/02/26 14:56:43 app.go:48: INFO: [Redis Job Queue initialized]
2023/02/26 14:56:43 app.go:48: INFO: [Configuration Loaded]
2023/02/26 14:56:43 app.go:48: INFO: [Database Connected Successfully]
2023/02/26 14:56:43 app.go:48: INFO: [Redis For Job Queue Connected successfully]
2023/02/26 14:56:43 app.go:48: INFO: [Redis Connected successfully]
2023/02/26 14:56:43 app.go:48: INFO: [Redis Job Queue initialized]
2023/02/26 15:01:48 app.go:48: INFO: [Configuration Loaded]
2023/02/26 15:01:48 app.go:48: INFO: [Database Connected Successfully]
2023/02/26 15:01:48 app.go:48: INFO: [Redis For Job Queue Connected successfully]
2023/02/26 15:01:48 app.go:48: INFO: [Redis Connected successfully]
2023/02/26 15:01:48 app.go:48: INFO: [Redis Job Queue initialized]
2023/02/26 15:03:34 app.go:48: INFO: [Configuration Loaded]
2023/02/26 15:03:34 app.go:48: INFO: [Database Connected Successfully]
2023/02/26 15:03:34 app.go:48: INFO: [Redis For Job Queue Connected successfully]
2023/02/26 15:03:34 app.go:48: INFO: [Redis Connected successfully]
2023/02/26 15:03:34 app.go:48: INFO: [Redis Job Queue initialized]
2023/02/26 15:04:04 app.go:48: INFO: [Configuration Loaded]
2023/02/26 15:04:04 app.go:48: INFO: [Database Connected Successfully]
2023/02/26 15:04:04 app.go:48: INFO: [Redis For Job Queue Connected successfully]
2023/02/26 15:04:04 app.go:48: INFO: [Redis Connected successfully]
2023/02/26 15:04:04 app.go:48: INFO: [Redis Job Queue initialized]
2023/02/26 15:04:05 app.go:48: INFO: [Configuration Loaded]
2023/02/26 15:04:05 app.go:48: INFO: [Database Connected Successfully]
2023/02/26 15:04:05 app.go:48: INFO: [Redis For Job Queue Connected successfully]
2023/02/26 15:04:05 app.go:48: INFO: [Redis Connected successfully]
2023/02/26 15:04:05 app.go:48: INFO: [Redis Job Queue initialized]
