2023/02/16 05:27:52 app.go:48: INFO: [Configuration Loaded]
2023/02/16 05:27:52 app.go:48: INFO: [Database Connected Successfully]
2023/02/16 05:27:52 app.go:48: INFO: [Configuration Loaded]
2023/02/16 05:27:52 app.go:48: INFO: [Configuration Loaded]
2023/02/16 05:27:52 app.go:48: INFO: [Database Connected Successfully]
2023/02/16 05:27:52 app.go:48: INFO: [Database Connected Successfully]
2023/02/16 05:30:21 app.go:48: INFO: [Configuration Loaded]
2023/02/16 05:30:21 app.go:48: INFO: [Database Connected Successfully]
2023/02/16 05:30:36 app.go:48: INFO: [Configuration Loaded]
2023/02/16 05:30:36 app.go:48: INFO: [Database Connected Successfully]
2023/02/16 05:31:23 app.go:48: INFO: [Configuration Loaded]
2023/02/16 05:31:23 app.go:48: INFO: [Database Connected Successfully]
2023/02/16 05:31:34 app.go:48: ERROR: [d8EjcYFTlcaxFCoBpJGGxLGx13aOIQhB invalid transaction]
2023/02/16 05:31:35 app.go:48: ERROR: [AG0yIPUVHDyhgk3Briat5pNkGnWRzMDh invalid transaction]
2023/02/16 05:31:39 app.go:48: ERROR: [iVVTEASgtZzRz21kPM6JQlNyJZjqleMw invalid transaction]
2023/02/16 05:31:40 app.go:48: ERROR: [AGYQuinkXZGwpajiXniV3nsSfe1CBTEP invalid transaction]
2023/02/16 05:34:11 app.go:48: INFO: [Configuration Loaded]
2023/02/16 05:34:11 app.go:48: INFO: [Database Connected Successfully]
2023/02/16 05:34:45 app.go:48: INFO: [Configuration Loaded]
2023/02/16 05:34:45 app.go:48: INFO: [Database Connected Successfully]
2023/02/16 05:34:47 app.go:48: INFO: [Configuration Loaded]
2023/02/16 05:34:47 app.go:48: INFO: [Database Connected Successfully]
2023/02/16 05:38:00 app.go:48: INFO: [Configuration Loaded]
2023/02/16 05:38:00 app.go:48: INFO: [Database Connected Successfully]
2023/02/16 05:40:03 app.go:48: INFO: [Configuration Loaded]
2023/02/16 05:40:03 app.go:48: INFO: [Database Connected Successfully]
2023/02/16 05:41:32 app.go:48: INFO: [Configuration Loaded]
2023/02/16 05:41:32 app.go:48: INFO: [Database Connected Successfully]
2023/02/16 05:43:52 app.go:48: INFO: [{{0 0001-01-01 00:00:00 +0000 UTC 0001-01-01 00:00:00 +0000 UTC {0001-01-01 00:00:00 +0000 UTC false}} 1 7 QUESTIONS Mejawab Pertanyaan 'Apakah Ada Berita Acara Setelah Proses Digitalisasi'}]
2023/02/16 08:08:27 app.go:48: INFO: [Configuration Loaded]
2023/02/16 08:08:27 app.go:48: INFO: [Database Connected Successfully]
2023/02/16 08:08:50 app.go:48: INFO: [Configuration Loaded]
2023/02/16 08:08:50 app.go:48: INFO: [Database Connected Successfully]
2023/02/16 08:09:07 app.go:48: INFO: [Configuration Loaded]
2023/02/16 08:09:07 app.go:48: INFO: [Database Connected Successfully]
2023/02/16 08:09:13 app.go:48: INFO: [Configuration Loaded]
2023/02/16 08:09:13 app.go:48: INFO: [Database Connected Successfully]
2023/02/16 08:11:17 app.go:48: INFO: [Configuration Loaded]
2023/02/16 08:11:17 app.go:48: INFO: [Database Connected Successfully]
2023/02/16 08:12:52 app.go:48: INFO: [Configuration Loaded]
2023/02/16 08:12:52 app.go:48: INFO: [Database Connected Successfully]
2023/02/16 09:30:26 app.go:48: INFO: [Configuration Loaded]
2023/02/16 09:30:26 app.go:48: INFO: [Database Connected Successfully]
2023/02/16 09:30:26 app.go:48: INFO: [Configuration Loaded]
2023/02/16 09:30:26 app.go:48: INFO: [Database Connected Successfully]
2023/02/16 09:31:16 app.go:48: INFO: [Configuration Loaded]
2023/02/16 09:31:16 app.go:48: INFO: [Database Connected Successfully]
2023/02/16 09:32:29 app.go:48: INFO: [Configuration Loaded]
2023/02/16 09:32:29 app.go:48: INFO: [Database Connected Successfully]
2023/02/16 09:34:14 app.go:48: INFO: [Configuration Loaded]
2023/02/16 09:34:14 app.go:48: INFO: [Database Connected Successfully]
2023/02/16 09:34:28 app.go:48: INFO: [Configuration Loaded]
2023/02/16 09:34:28 app.go:48: INFO: [Database Connected Successfully]
2023/02/16 09:37:27 app.go:48: INFO: [Configuration Loaded]
2023/02/16 09:37:27 app.go:48: INFO: [Database Connected Successfully]
2023/02/16 09:37:28 app.go:48: INFO: [Configuration Loaded]
2023/02/16 09:37:28 app.go:48: INFO: [Database Connected Successfully]
2023/02/16 09:37:57 app.go:48: INFO: [Configuration Loaded]
2023/02/16 09:37:57 app.go:48: INFO: [Database Connected Successfully]
2023/02/16 09:38:14 app.go:48: INFO: [Configuration Loaded]
2023/02/16 09:38:14 app.go:48: INFO: [Database Connected Successfully]
2023/02/16 09:41:02 app.go:48: ERROR: [oxPwtYQifq3pUbkYyEM9N9guIphGm4sP Key: 'GetProjectLogByProjectRequest.ProjectId' Error:Field validation for 'ProjectId' failed on the 'required' tag]
2023/02/16 09:41:08 app.go:48: ERROR: [yqMeneenSEodCDXQnNq4OBbCbQ0Bx4MA Key: 'GetProjectLogByProjectRequest.ProjectId' Error:Field validation for 'ProjectId' failed on the 'required' tag]
2023/02/16 09:41:12 app.go:48: ERROR: [tDCa1GwNrWuyYCUHA1tlPl5Nv0T1nhn6 Key: 'GetProjectLogByProjectRequest.ProjectId' Error:Field validation for 'ProjectId' failed on the 'required' tag]
2023/02/16 09:41:13 app.go:48: ERROR: [WnY3O179pPeciPvIs7p6G1Pe4AASgRfr Key: 'GetProjectLogByProjectRequest.ProjectId' Error:Field validation for 'ProjectId' failed on the 'required' tag]
2023/02/16 09:41:18 app.go:48: ERROR: [bWjP6gB890pX2Thj1vJmkBv2dxCsZtVR Key: 'GetProjectLogByProjectRequest.ProjectId' Error:Field validation for 'ProjectId' failed on the 'required' tag]
2023/02/16 09:41:19 app.go:48: ERROR: [3pC4ADWrKAQUw5bPW9Mbj634zTx2lZe1 Key: 'GetProjectLogByProjectRequest.ProjectId' Error:Field validation for 'ProjectId' failed on the 'required' tag]
2023/02/16 09:51:52 app.go:48: INFO: [Configuration Loaded]
2023/02/16 09:51:53 app.go:48: INFO: [Database Connected Successfully]
2023/02/16 09:58:12 app.go:48: INFO: [{{0 0001-01-01 00:00:00 +0000 UTC 0001-01-01 00:00:00 +0000 UTC {0001-01-01 00:00:00 +0000 UTC false}} 3 7 QUESTIONS Mejawab Pertanyaan 'V'}]
2023/02/16 18:08:15 app.go:48: ERROR: [Y7dWkVsb8C7FqC6CEpOh16BRbXYTM3iH Key: 'RefreshToken.Token' Error:Field validation for 'Token' failed on the 'required' tag]
2023/02/16 22:01:16 app.go:48: INFO: [{{0 0001-01-01 00:00:00 +0000 UTC 0001-01-01 00:00:00 +0000 UTC {0001-01-01 00:00:00 +0000 UTC false}} 3 7 QUESTIONS Mejawab Pertanyaan 'V'}]
2023/02/16 22:31:29 app.go:48: DEBUG: [Shutdowning Server ...]
2023/02/16 22:31:29 app.go:48: INFO: [Server Stopped Gracefully]
