2023/02/25 10:40:07 app.go:48: INFO: [Configuration Loaded]
2023/02/25 10:40:07 app.go:48: INFO: [Database Connected Successfully]
2023/02/25 10:40:08 app.go:48: INFO: [Redis For Job Queue Connected successfully]
2023/02/25 10:40:08 app.go:48: INFO: [Redis Connected successfully]
2023/02/25 10:40:08 app.go:48: INFO: [Redis Job Queue initialized]
2023/02/25 12:14:51 app.go:48: ERROR: [b699dlmK4QTvCuH5kEaBibyAwvFiNKCR Key: 'RefreshToken.Token' Error:Field validation for 'Token' failed on the 'required' tag]
2023/02/25 12:16:13 app.go:48: DEBUG: [Shutdowning Server ...]
2023/02/25 12:16:13 app.go:48: INFO: [Server Stopped Gracefully]
2023/02/25 12:16:20 app.go:48: INFO: [Configuration Loaded]
2023/02/25 12:16:20 app.go:48: INFO: [Database Connected Successfully]
2023/02/25 12:16:20 app.go:48: INFO: [Redis For Job Queue Connected successfully]
2023/02/25 12:16:20 app.go:48: INFO: [Redis Connected successfully]
2023/02/25 12:16:20 app.go:48: INFO: [Redis Job Queue initialized]
2023/02/25 12:16:33 app.go:48: ERROR: [s2XjfMdav0UiQ2O8dc0sChM4ct4kqUEr Key: 'RefreshToken.Token' Error:Field validation for 'Token' failed on the 'required' tag]
2023/02/25 12:16:47 app.go:48: ERROR: [GbjLFz85nfDfo15rmRqxFcDuVkIaezlo ERROR: column project_logs.project_id does not exist (SQLSTATE 42703)]
2023/02/25 12:32:53 app.go:48: ERROR: [t1wGcWbxLHGBvbGQb3pNLFIGOBvMaYsp read tcp 192.168.101.102:53168->202.157.177.80:5432: wsarecv: A connection attempt failed because the connected party did not properly respond after a period of time, or established connection failed because connected host has failed to respond.]
2023/02/25 16:03:35 app.go:48: DEBUG: [Shutdowning Server ...]
2023/02/25 16:03:35 app.go:48: INFO: [Server Stopped Gracefully]
2023/02/25 20:19:11 app.go:48: INFO: [Configuration Loaded]
2023/02/25 20:19:11 app.go:48: INFO: [Database Connected Successfully]
2023/02/25 20:19:14 app.go:48: INFO: [Redis For Job Queue Connected successfully]
2023/02/25 20:19:14 app.go:48: INFO: [Redis Connected successfully]
2023/02/25 20:19:14 app.go:48: INFO: [Redis Job Queue initialized]
2023/02/25 20:24:12 app.go:48: INFO: [Configuration Loaded]
2023/02/25 20:24:12 app.go:48: INFO: [Database Connected Successfully]
2023/02/25 20:24:18 app.go:48: INFO: [Redis For Job Queue Connected successfully]
2023/02/25 20:24:18 app.go:48: INFO: [Redis Connected successfully]
2023/02/25 20:24:18 app.go:48: INFO: [Redis Job Queue initialized]
2023/02/25 20:24:22 app.go:48: INFO: [Configuration Loaded]
2023/02/25 20:24:23 app.go:48: INFO: [Database Connected Successfully]
2023/02/25 20:24:25 app.go:48: INFO: [Redis For Job Queue Connected successfully]
2023/02/25 20:24:25 app.go:48: INFO: [Redis Connected successfully]
2023/02/25 20:24:25 app.go:48: INFO: [Redis Job Queue initialized]
2023/02/25 20:24:54 app.go:48: ERROR: [TdoDp9BTugEWrPAAjkeu1FigvGhF0jcc Key: 'RefreshToken.Token' Error:Field validation for 'Token' failed on the 'required' tag]
2023/02/25 20:25:06 app.go:48: INFO: [Configuration Loaded]
2023/02/25 20:25:06 app.go:48: INFO: [Database Connected Successfully]
2023/02/25 20:25:06 app.go:48: INFO: [Redis For Job Queue Connected successfully]
2023/02/25 20:25:06 app.go:48: INFO: [Redis Connected successfully]
2023/02/25 20:25:06 app.go:48: INFO: [Redis Job Queue initialized]
2023/02/25 20:32:33 app.go:48: INFO: [Configuration Loaded]
2023/02/25 20:32:33 app.go:48: INFO: [Database Connected Successfully]
2023/02/25 20:32:33 app.go:48: INFO: [Redis For Job Queue Connected successfully]
2023/02/25 20:32:33 app.go:48: INFO: [Redis Connected successfully]
2023/02/25 20:32:33 app.go:48: INFO: [Redis Job Queue initialized]
2023/02/25 20:34:20 app.go:48: INFO: [Configuration Loaded]
2023/02/25 20:34:20 app.go:48: INFO: [Database Connected Successfully]
2023/02/25 20:34:21 app.go:48: INFO: [Redis For Job Queue Connected successfully]
2023/02/25 20:34:21 app.go:48: INFO: [Redis Connected successfully]
2023/02/25 20:34:21 app.go:48: INFO: [Redis Job Queue initialized]
2023/02/25 20:34:53 app.go:48: INFO: [Configuration Loaded]
2023/02/25 20:34:53 app.go:48: INFO: [Database Connected Successfully]
2023/02/25 20:34:53 app.go:48: INFO: [Redis For Job Queue Connected successfully]
2023/02/25 20:34:53 app.go:48: INFO: [Redis Connected successfully]
2023/02/25 20:34:53 app.go:48: INFO: [Redis Job Queue initialized]
2023/02/25 20:35:56 app.go:48: INFO: [Configuration Loaded]
2023/02/25 20:35:56 app.go:48: INFO: [Database Connected Successfully]
2023/02/25 20:35:56 app.go:48: INFO: [Redis For Job Queue Connected successfully]
2023/02/25 20:35:56 app.go:48: INFO: [Redis Connected successfully]
2023/02/25 20:35:56 app.go:48: INFO: [Redis Job Queue initialized]
2023/02/25 20:39:03 app.go:48: INFO: [Configuration Loaded]
2023/02/25 20:39:03 app.go:48: INFO: [Database Connected Successfully]
2023/02/25 20:39:03 app.go:48: INFO: [Redis For Job Queue Connected successfully]
2023/02/25 20:39:03 app.go:48: INFO: [Redis Connected successfully]
2023/02/25 20:39:03 app.go:48: INFO: [Redis Job Queue initialized]
2023/02/25 20:39:43 app.go:48: INFO: [Configuration Loaded]
2023/02/25 20:39:43 app.go:48: INFO: [Database Connected Successfully]
2023/02/25 20:39:43 app.go:48: INFO: [Redis For Job Queue Connected successfully]
2023/02/25 20:39:43 app.go:48: INFO: [Redis Connected successfully]
2023/02/25 20:39:43 app.go:48: INFO: [Redis Job Queue initialized]
2023/02/25 20:40:02 app.go:48: INFO: [Configuration Loaded]
2023/02/25 20:40:02 app.go:48: INFO: [Database Connected Successfully]
2023/02/25 20:40:02 app.go:48: INFO: [Redis For Job Queue Connected successfully]
2023/02/25 20:40:02 app.go:48: INFO: [Redis Connected successfully]
2023/02/25 20:40:02 app.go:48: INFO: [Redis Job Queue initialized]
2023/02/25 21:00:11 app.go:48: INFO: [Configuration Loaded]
2023/02/25 21:00:11 app.go:48: INFO: [Database Connected Successfully]
2023/02/25 21:00:11 app.go:48: INFO: [Redis For Job Queue Connected successfully]
2023/02/25 21:00:12 app.go:48: INFO: [Redis Connected successfully]
2023/02/25 21:00:12 app.go:48: INFO: [Redis Job Queue initialized]
2023/02/25 21:02:51 app.go:48: INFO: [Configuration Loaded]
2023/02/25 21:02:51 app.go:48: INFO: [Database Connected Successfully]
2023/02/25 21:02:51 app.go:48: INFO: [Redis For Job Queue Connected successfully]
2023/02/25 21:02:51 app.go:48: INFO: [Redis Connected successfully]
2023/02/25 21:02:51 app.go:48: INFO: [Redis Job Queue initialized]
2023/02/25 21:03:44 app.go:48: INFO: [Configuration Loaded]
2023/02/25 21:03:44 app.go:48: INFO: [Database Connected Successfully]
2023/02/25 21:03:44 app.go:48: INFO: [Redis For Job Queue Connected successfully]
2023/02/25 21:03:44 app.go:48: INFO: [Redis Connected successfully]
2023/02/25 21:03:44 app.go:48: INFO: [Redis Job Queue initialized]
2023/02/25 21:04:11 app.go:48: INFO: [Configuration Loaded]
2023/02/25 21:04:11 app.go:48: INFO: [Database Connected Successfully]
2023/02/25 21:04:11 app.go:48: INFO: [Redis For Job Queue Connected successfully]
2023/02/25 21:04:11 app.go:48: INFO: [Redis Connected successfully]
2023/02/25 21:04:11 app.go:48: INFO: [Redis Job Queue initialized]
2023/02/25 21:04:26 app.go:48: INFO: [Configuration Loaded]
2023/02/25 21:04:26 app.go:48: INFO: [Database Connected Successfully]
2023/02/25 21:04:26 app.go:48: INFO: [Redis For Job Queue Connected successfully]
2023/02/25 21:04:26 app.go:48: INFO: [Redis Connected successfully]
2023/02/25 21:04:26 app.go:48: INFO: [Redis Job Queue initialized]
2023/02/25 21:04:53 app.go:48: INFO: [Configuration Loaded]
2023/02/25 21:04:53 app.go:48: INFO: [Database Connected Successfully]
2023/02/25 21:04:53 app.go:48: INFO: [Redis For Job Queue Connected successfully]
2023/02/25 21:04:53 app.go:48: INFO: [Redis Connected successfully]
2023/02/25 21:04:53 app.go:48: INFO: [Redis Job Queue initialized]
2023/02/25 21:05:11 app.go:48: INFO: [Configuration Loaded]
2023/02/25 21:05:11 app.go:48: INFO: [Database Connected Successfully]
2023/02/25 21:05:11 app.go:48: INFO: [Redis For Job Queue Connected successfully]
2023/02/25 21:05:11 app.go:48: INFO: [Redis Connected successfully]
2023/02/25 21:05:11 app.go:48: INFO: [Redis Job Queue initialized]
2023/02/25 21:08:19 app.go:48: INFO: [Configuration Loaded]
2023/02/25 21:08:19 app.go:48: INFO: [Database Connected Successfully]
2023/02/25 21:08:19 app.go:48: INFO: [Redis For Job Queue Connected successfully]
2023/02/25 21:08:19 app.go:48: INFO: [Redis Connected successfully]
2023/02/25 21:08:19 app.go:48: INFO: [Redis Job Queue initialized]
2023/02/25 21:08:44 app.go:48: INFO: [Configuration Loaded]
2023/02/25 21:08:44 app.go:48: INFO: [Database Connected Successfully]
2023/02/25 21:08:44 app.go:48: INFO: [Redis For Job Queue Connected successfully]
2023/02/25 21:08:44 app.go:48: INFO: [Redis Connected successfully]
2023/02/25 21:08:44 app.go:48: INFO: [Redis Job Queue initialized]
2023/02/25 21:18:31 app.go:48: ERROR: [VHdSfV4aJoZTAOUZxCb8hbPMVwaAo3WU Key: 'RequestDispatchReportQuestioner.ProjectId' Error:Field validation for 'ProjectId' failed on the 'required' tag
Key: 'RequestDispatchReportQuestioner.CompanyId' Error:Field validation for 'CompanyId' failed on the 'required' tag]
2023/02/25 21:18:42 app.go:48: ERROR: [dTaRqDLVf8PmRpKirAnIRiZwe0vGolWr Key: 'RequestDispatchReportQuestioner.ProjectId' Error:Field validation for 'ProjectId' failed on the 'required' tag
Key: 'RequestDispatchReportQuestioner.CompanyId' Error:Field validation for 'CompanyId' failed on the 'required' tag]
2023/02/25 21:18:56 app.go:48: ERROR: [gl6QsNAOfALqdLmE6t8R3zn7VdL4vUvM Key: 'RequestDispatchReportQuestioner.ProjectId' Error:Field validation for 'ProjectId' failed on the 'required' tag
Key: 'RequestDispatchReportQuestioner.CompanyId' Error:Field validation for 'CompanyId' failed on the 'required' tag]
2023/02/25 21:20:05 app.go:48: ERROR: [yFtEM0NE54bvYj2IFQNhoHsgGkgW2SXN Key: 'RequestDispatchReportQuestioner.ProjectId' Error:Field validation for 'ProjectId' failed on the 'required' tag
Key: 'RequestDispatchReportQuestioner.CompanyId' Error:Field validation for 'CompanyId' failed on the 'required' tag]
2023/02/25 21:23:06 app.go:48: INFO: [Configuration Loaded]
2023/02/25 21:23:06 app.go:48: INFO: [Database Connected Successfully]
2023/02/25 21:23:06 app.go:48: INFO: [Redis For Job Queue Connected successfully]
2023/02/25 21:23:06 app.go:48: INFO: [Redis Connected successfully]
2023/02/25 21:23:06 app.go:48: INFO: [Redis Job Queue initialized]
2023/02/25 22:05:37 app.go:48: INFO: [Configuration Loaded]
2023/02/25 22:05:37 app.go:48: INFO: [Database Connected Successfully]
2023/02/25 22:05:37 app.go:48: INFO: [Redis For Job Queue Connected successfully]
2023/02/25 22:05:37 app.go:48: INFO: [Redis Connected successfully]
2023/02/25 22:05:37 app.go:48: INFO: [Redis Job Queue initialized]
2023/02/25 22:05:47 app.go:48: INFO: [Configuration Loaded]
2023/02/25 22:05:47 app.go:48: INFO: [Database Connected Successfully]
2023/02/25 22:05:47 app.go:48: INFO: [Redis For Job Queue Connected successfully]
2023/02/25 22:05:47 app.go:48: INFO: [Redis Connected successfully]
2023/02/25 22:05:47 app.go:48: INFO: [Redis Job Queue initialized]
2023/02/25 22:05:52 app.go:48: INFO: [Configuration Loaded]
2023/02/25 22:05:52 app.go:48: INFO: [Database Connected Successfully]
2023/02/25 22:05:52 app.go:48: INFO: [Redis For Job Queue Connected successfully]
2023/02/25 22:05:52 app.go:48: INFO: [Redis Connected successfully]
2023/02/25 22:05:52 app.go:48: INFO: [Redis Job Queue initialized]
2023/02/25 22:06:06 app.go:48: INFO: [Configuration Loaded]
2023/02/25 22:06:06 app.go:48: INFO: [Database Connected Successfully]
2023/02/25 22:06:06 app.go:48: INFO: [Redis For Job Queue Connected successfully]
2023/02/25 22:06:06 app.go:48: INFO: [Redis Connected successfully]
2023/02/25 22:06:06 app.go:48: INFO: [Redis Job Queue initialized]
2023/02/25 22:06:14 app.go:48: INFO: [Configuration Loaded]
2023/02/25 22:06:14 app.go:48: INFO: [Database Connected Successfully]
2023/02/25 22:07:33 app.go:48: INFO: [Configuration Loaded]
2023/02/25 22:07:33 app.go:48: INFO: [Database Connected Successfully]
2023/02/25 22:07:33 app.go:48: INFO: [Redis For Job Queue Connected successfully]
2023/02/25 22:07:33 app.go:48: INFO: [Redis Connected successfully]
2023/02/25 22:07:33 app.go:48: INFO: [Redis Job Queue initialized]
2023/02/25 22:08:21 app.go:48: INFO: [Configuration Loaded]
2023/02/25 22:08:21 app.go:48: INFO: [Database Connected Successfully]
2023/02/25 22:08:21 app.go:48: INFO: [Redis For Job Queue Connected successfully]
2023/02/25 22:08:21 app.go:48: INFO: [Redis Connected successfully]
2023/02/25 22:08:21 app.go:48: INFO: [Redis Job Queue initialized]
2023/02/25 22:08:30 app.go:48: INFO: [Configuration Loaded]
2023/02/25 22:08:30 app.go:48: INFO: [Database Connected Successfully]
2023/02/25 22:08:30 app.go:48: INFO: [Redis For Job Queue Connected successfully]
2023/02/25 22:08:30 app.go:48: INFO: [Redis Connected successfully]
2023/02/25 22:08:30 app.go:48: INFO: [Redis Job Queue initialized]
2023/02/25 22:08:55 app.go:48: INFO: [Configuration Loaded]
2023/02/25 22:08:55 app.go:48: INFO: [Database Connected Successfully]
2023/02/25 22:08:55 app.go:48: INFO: [Redis For Job Queue Connected successfully]
2023/02/25 22:08:55 app.go:48: INFO: [Redis Connected successfully]
2023/02/25 22:08:55 app.go:48: INFO: [Redis Job Queue initialized]
2023/02/25 22:09:16 app.go:48: INFO: [Configuration Loaded]
2023/02/25 22:09:16 app.go:48: INFO: [Database Connected Successfully]
2023/02/25 22:09:16 app.go:48: INFO: [Redis For Job Queue Connected successfully]
2023/02/25 22:09:16 app.go:48: INFO: [Redis Connected successfully]
2023/02/25 22:09:16 app.go:48: INFO: [Redis Job Queue initialized]
2023/02/25 22:13:43 app.go:48: INFO: [Configuration Loaded]
2023/02/25 22:13:43 app.go:48: INFO: [Database Connected Successfully]
2023/02/25 22:13:44 app.go:48: INFO: [Redis For Job Queue Connected successfully]
2023/02/25 22:13:44 app.go:48: INFO: [Redis Connected successfully]
2023/02/25 22:13:44 app.go:48: INFO: [Redis Job Queue initialized]
2023/02/25 22:15:24 app.go:48: INFO: [Configuration Loaded]
2023/02/25 22:15:24 app.go:48: INFO: [Database Connected Successfully]
2023/02/25 22:15:24 app.go:48: INFO: [Redis For Job Queue Connected successfully]
2023/02/25 22:15:24 app.go:48: INFO: [Redis Connected successfully]
2023/02/25 22:15:24 app.go:48: INFO: [Redis Job Queue initialized]
2023/02/25 22:15:49 app.go:48: INFO: [Configuration Loaded]
2023/02/25 22:15:49 app.go:48: INFO: [Database Connected Successfully]
2023/02/25 22:15:49 app.go:48: INFO: [Redis For Job Queue Connected successfully]
2023/02/25 22:15:49 app.go:48: INFO: [Redis Connected successfully]
2023/02/25 22:15:49 app.go:48: INFO: [Redis Job Queue initialized]
2023/02/25 22:16:05 app.go:48: INFO: [Configuration Loaded]
2023/02/25 22:16:05 app.go:48: INFO: [Database Connected Successfully]
2023/02/25 22:16:05 app.go:48: INFO: [Redis For Job Queue Connected successfully]
2023/02/25 22:16:05 app.go:48: INFO: [Redis Connected successfully]
2023/02/25 22:16:05 app.go:48: INFO: [Redis Job Queue initialized]
2023/02/25 22:16:56 app.go:48: INFO: [Configuration Loaded]
2023/02/25 22:16:56 app.go:48: INFO: [Database Connected Successfully]
2023/02/25 22:16:56 app.go:48: INFO: [Redis For Job Queue Connected successfully]
2023/02/25 22:16:56 app.go:48: INFO: [Redis Connected successfully]
2023/02/25 22:16:56 app.go:48: INFO: [Redis Job Queue initialized]
2023/02/25 22:17:02 app.go:48: INFO: [Configuration Loaded]
2023/02/25 22:17:02 app.go:48: INFO: [Database Connected Successfully]
2023/02/25 22:17:02 app.go:48: INFO: [Redis For Job Queue Connected successfully]
2023/02/25 22:17:02 app.go:48: INFO: [Redis Connected successfully]
2023/02/25 22:17:02 app.go:48: INFO: [Redis Job Queue initialized]
2023/02/25 22:19:01 app.go:48: INFO: [Configuration Loaded]
2023/02/25 22:19:01 app.go:48: INFO: [Database Connected Successfully]
2023/02/25 22:19:01 app.go:48: INFO: [Redis For Job Queue Connected successfully]
2023/02/25 22:19:01 app.go:48: INFO: [Redis Connected successfully]
2023/02/25 22:19:01 app.go:48: INFO: [Redis Job Queue initialized]
2023/02/25 22:19:25 app.go:48: INFO: [Configuration Loaded]
2023/02/25 22:19:25 app.go:48: INFO: [Database Connected Successfully]
2023/02/25 22:19:25 app.go:48: INFO: [Redis For Job Queue Connected successfully]
2023/02/25 22:19:25 app.go:48: INFO: [Redis Connected successfully]
2023/02/25 22:19:25 app.go:48: INFO: [Redis Job Queue initialized]
2023/02/25 22:19:47 app.go:48: INFO: [Configuration Loaded]
2023/02/25 22:19:47 app.go:48: INFO: [Database Connected Successfully]
2023/02/25 22:19:48 app.go:48: INFO: [Redis For Job Queue Connected successfully]
2023/02/25 22:19:48 app.go:48: INFO: [Redis Connected successfully]
2023/02/25 22:19:48 app.go:48: INFO: [Redis Job Queue initialized]
2023/02/25 22:24:26 app.go:48: INFO: [Configuration Loaded]
2023/02/25 22:24:26 app.go:48: INFO: [Database Connected Successfully]
2023/02/25 22:24:26 app.go:48: INFO: [Redis For Job Queue Connected successfully]
2023/02/25 22:24:26 app.go:48: INFO: [Redis Connected successfully]
2023/02/25 22:24:26 app.go:48: INFO: [Redis Job Queue initialized]
2023/02/25 22:30:24 app.go:48: INFO: [Configuration Loaded]
2023/02/25 22:30:25 app.go:48: INFO: [Database Connected Successfully]
2023/02/25 22:30:25 app.go:48: INFO: [Redis For Job Queue Connected successfully]
2023/02/25 22:30:25 app.go:48: INFO: [Redis Connected successfully]
2023/02/25 22:30:25 app.go:48: INFO: [Redis Job Queue initialized]
2023/02/25 22:36:16 app.go:48: INFO: [Configuration Loaded]
2023/02/25 22:36:16 app.go:48: INFO: [Database Connected Successfully]
2023/02/25 22:36:16 app.go:48: INFO: [Redis For Job Queue Connected successfully]
2023/02/25 22:36:16 app.go:48: INFO: [Redis Connected successfully]
2023/02/25 22:36:16 app.go:48: INFO: [Redis Job Queue initialized]
2023/02/25 22:36:38 app.go:48: ERROR: [wotmEDHTepegk1OsEG1F1bDvCasdyMBf ERROR: column "proccess_name" does not exist (SQLSTATE 42703)]
2023/02/25 22:36:39 app.go:48: ERROR: [FQdM1LGQOyGJopJraTWSbRLEAOCZbQC7 ERROR: column "proccess_name" does not exist (SQLSTATE 42703)]
2023/02/25 22:36:42 app.go:48: ERROR: [2fMGeWffUNCb91v4QZSrQnc3U1nD5NQV ERROR: column "proccess_name" does not exist (SQLSTATE 42703)]
2023/02/25 22:36:43 app.go:48: ERROR: [XxXoD63Etjdx4PjwRbN9vo351IQ7GaVj ERROR: column "proccess_name" does not exist (SQLSTATE 42703)]
2023/02/25 23:40:04 app.go:48: DEBUG: [Shutdowning Server ...]
2023/02/25 23:40:04 app.go:48: INFO: [Server Stopped Gracefully]
