2023/01/19 09:10:15 app.go:48: INFO: [Configuration Loaded]
2023/01/19 09:10:15 app.go:48: INFO: [Configuration Loaded]
2023/01/19 09:10:15 app.go:48: INFO: [Database Connected Successfully]
2023/01/19 09:10:16 app.go:48: INFO: [Configuration Loaded]
2023/01/19 09:10:16 app.go:48: INFO: [Database Connected Successfully]
2023/01/19 09:12:28 app.go:48: INFO: [Configuration Loaded]
2023/01/19 09:12:28 app.go:48: INFO: [Database Connected Successfully]
2023/01/19 09:14:45 app.go:48: INFO: [Configuration Loaded]
2023/01/19 09:14:45 app.go:48: INFO: [Database Connected Successfully]
2023/01/19 09:17:44 app.go:48: INFO: [Configuration Loaded]
2023/01/19 09:17:44 app.go:48: INFO: [Database Connected Successfully]
2023/01/19 09:20:55 app.go:48: INFO: [Configuration Loaded]
2023/01/19 09:20:55 app.go:48: INFO: [Database Connected Successfully]
2023/01/19 09:21:04 app.go:48: DEBUG: [3]
2023/01/19 09:21:08 app.go:48: DEBUG: [3]
2023/01/19 09:26:38 app.go:48: DEBUG: [3]
2023/01/19 09:27:17 app.go:48: INFO: [Configuration Loaded]
2023/01/19 09:29:50 app.go:48: INFO: [Configuration Loaded]
2023/01/19 09:29:50 app.go:48: INFO: [Database Connected Successfully]
2023/01/19 09:30:12 app.go:48: DEBUG: [{{1 2022-12-20 23:34:32.764281 +0700 +07 2022-12-20 23:34:32.764281 +0700 +07 {0001-01-01 00:00:00 +0000 UTC false}} {0xc00167fe10} <nil> <nil> <nil> Superadmin admin admin@gmail.com $2a$04$UBlycKecIHVJ1HsBuF9gaubia3eAEOlUoeJ2GHbZpKXW8M15TNRuW 1 {{1 2022-12-20 23:34:32.745883 +0700 +07 2022-12-20 23:34:32.745883 +0700 +07 {0001-01-01 00:00:00 +0000 UTC false}} {0xc00167feb8} Superadmin [] []}}]
2023/01/19 09:30:12 app.go:48: DEBUG: [[]]
2023/01/19 09:30:12 app.go:48: DEBUG: [<nil>]
2023/01/19 09:30:12 app.go:48: DEBUG: [1]
2023/01/19 09:30:21 app.go:48: DEBUG: [{{1 2022-12-20 23:34:32.764281 +0700 +07 2022-12-20 23:34:32.764281 +0700 +07 {0001-01-01 00:00:00 +0000 UTC false}} {0xc001748cb0} <nil> <nil> <nil> Superadmin admin admin@gmail.com $2a$04$UBlycKecIHVJ1HsBuF9gaubia3eAEOlUoeJ2GHbZpKXW8M15TNRuW 1 {{1 2022-12-20 23:34:32.745883 +0700 +07 2022-12-20 23:34:32.745883 +0700 +07 {0001-01-01 00:00:00 +0000 UTC false}} {0xc001748d48} Superadmin [] []}}]
2023/01/19 09:30:21 app.go:48: DEBUG: [[]]
2023/01/19 09:30:21 app.go:48: DEBUG: [<nil>]
2023/01/19 09:30:21 app.go:48: DEBUG: [0]
2023/01/19 10:10:01 app.go:48: INFO: [Configuration Loaded]
2023/01/19 10:10:01 app.go:48: INFO: [Database Connected Successfully]
2023/01/19 10:10:18 app.go:48: INFO: [Configuration Loaded]
2023/01/19 10:10:19 app.go:48: INFO: [Database Connected Successfully]
2023/01/19 10:10:32 app.go:48: INFO: [Configuration Loaded]
2023/01/19 10:10:32 app.go:48: INFO: [Database Connected Successfully]
2023/01/19 10:10:36 app.go:48: INFO: [Configuration Loaded]
2023/01/19 10:10:36 app.go:48: INFO: [Database Connected Successfully]
2023/01/19 10:10:43 app.go:48: INFO: [Configuration Loaded]
2023/01/19 10:10:43 app.go:48: INFO: [Database Connected Successfully]
2023/01/19 10:11:06 app.go:48: INFO: [Configuration Loaded]
2023/01/19 10:11:07 app.go:48: INFO: [Database Connected Successfully]
2023/01/19 10:11:11 app.go:48: INFO: [Configuration Loaded]
2023/01/19 10:11:11 app.go:48: INFO: [Database Connected Successfully]
2023/01/19 10:12:24 app.go:48: INFO: [Configuration Loaded]
2023/01/19 10:12:24 app.go:48: INFO: [Database Connected Successfully]
2023/01/19 10:16:50 app.go:48: INFO: [Configuration Loaded]
2023/01/19 10:16:50 app.go:48: INFO: [Database Connected Successfully]
2023/01/19 10:17:36 app.go:48: INFO: [Configuration Loaded]
2023/01/19 10:17:36 app.go:48: INFO: [Database Connected Successfully]
2023/01/19 10:52:09 app.go:48: INFO: [Configuration Loaded]
2023/01/19 10:52:09 app.go:48: INFO: [Database Connected Successfully]
2023/01/19 10:53:10 app.go:48: INFO: [Configuration Loaded]
2023/01/19 10:53:10 app.go:48: INFO: [Database Connected Successfully]
2023/01/19 10:53:32 app.go:48: INFO: [Configuration Loaded]
2023/01/19 10:53:32 app.go:48: INFO: [Database Connected Successfully]
2023/01/19 11:48:08 app.go:48: INFO: [Configuration Loaded]
2023/01/19 11:48:08 app.go:48: INFO: [Database Connected Successfully]
2023/01/19 11:48:08 app.go:48: INFO: [Configuration Loaded]
2023/01/19 11:48:08 app.go:48: INFO: [Database Connected Successfully]
2023/01/19 11:48:08 app.go:48: INFO: [Configuration Loaded]
2023/01/19 11:48:08 app.go:48: INFO: [Database Connected Successfully]
2023/01/19 11:48:19 app.go:48: INFO: [Configuration Loaded]
2023/01/19 11:48:19 app.go:48: INFO: [Database Connected Successfully]
2023/01/19 11:48:19 app.go:48: INFO: [Configuration Loaded]
2023/01/19 11:48:19 app.go:48: INFO: [Database Connected Successfully]
2023/01/19 11:48:49 app.go:48: INFO: [Configuration Loaded]
2023/01/19 11:48:49 app.go:48: INFO: [Database Connected Successfully]
2023/01/19 12:22:56 app.go:48: INFO: [Configuration Loaded]
2023/01/19 12:22:57 app.go:48: INFO: [Database Connected Successfully]
2023/01/19 12:22:59 app.go:48: INFO: [Configuration Loaded]
2023/01/19 12:23:00 app.go:48: INFO: [Database Connected Successfully]
2023/01/19 12:23:00 app.go:48: INFO: [Configuration Loaded]
2023/01/19 12:23:00 app.go:48: INFO: [Database Connected Successfully]
2023/01/19 12:23:23 app.go:48: INFO: [Configuration Loaded]
2023/01/19 12:23:23 app.go:48: INFO: [Database Connected Successfully]
2023/01/19 13:05:20 app.go:48: INFO: [Configuration Loaded]
2023/01/19 13:05:20 app.go:48: INFO: [Database Connected Successfully]
2023/01/19 13:05:21 app.go:48: INFO: [Configuration Loaded]
2023/01/19 13:05:21 app.go:48: INFO: [Database Connected Successfully]
2023/01/19 13:05:23 app.go:48: INFO: [Configuration Loaded]
2023/01/19 13:05:23 app.go:48: INFO: [Database Connected Successfully]
2023/01/19 14:50:06 app.go:48: INFO: [Configuration Loaded]
2023/01/19 14:50:06 app.go:48: INFO: [Configuration Loaded]
2023/01/19 14:50:06 app.go:48: INFO: [Configuration Loaded]
2023/01/19 14:50:06 app.go:48: INFO: [Configuration Loaded]
2023/01/19 14:50:06 app.go:48: INFO: [Database Connected Successfully]
2023/01/19 14:50:06 app.go:48: INFO: [Database Connected Successfully]
2023/01/19 14:50:06 app.go:48: INFO: [Database Connected Successfully]
2023/01/19 14:50:06 app.go:48: INFO: [Database Connected Successfully]
2023/01/19 14:50:07 app.go:48: INFO: [Configuration Loaded]
2023/01/19 14:50:07 app.go:48: INFO: [Database Connected Successfully]
2023/01/19 14:52:44 app.go:48: INFO: [Configuration Loaded]
2023/01/19 14:52:44 app.go:48: INFO: [Database Connected Successfully]
2023/01/19 14:52:54 app.go:48: INFO: [Configuration Loaded]
2023/01/19 14:52:54 app.go:48: INFO: [Database Connected Successfully]
2023/01/19 14:53:01 app.go:48: INFO: [Configuration Loaded]
2023/01/19 14:53:01 app.go:48: INFO: [Database Connected Successfully]
2023/01/19 14:53:02 app.go:48: INFO: [Configuration Loaded]
2023/01/19 14:53:02 app.go:48: INFO: [Database Connected Successfully]
2023/01/19 14:53:09 app.go:48: INFO: [Configuration Loaded]
2023/01/19 14:53:09 app.go:48: INFO: [Database Connected Successfully]
2023/01/19 14:55:01 app.go:48: INFO: [Configuration Loaded]
2023/01/19 14:55:01 app.go:48: INFO: [Database Connected Successfully]
2023/01/19 14:55:13 app.go:48: INFO: [Configuration Loaded]
2023/01/19 14:55:13 app.go:48: INFO: [Database Connected Successfully]
2023/01/19 14:56:16 app.go:48: INFO: [Configuration Loaded]
2023/01/19 14:56:17 app.go:48: INFO: [Database Connected Successfully]
2023/01/19 14:57:15 app.go:48: INFO: [Configuration Loaded]
2023/01/19 14:57:15 app.go:48: INFO: [Database Connected Successfully]
2023/01/19 14:57:36 app.go:48: INFO: [Configuration Loaded]
2023/01/19 14:57:36 app.go:48: INFO: [Database Connected Successfully]
2023/01/19 14:58:16 app.go:48: INFO: [Configuration Loaded]
2023/01/19 14:58:17 app.go:48: INFO: [Database Connected Successfully]
2023/01/19 14:58:29 app.go:48: INFO: [Configuration Loaded]
2023/01/19 14:58:29 app.go:48: INFO: [Database Connected Successfully]
2023/01/19 14:58:30 app.go:48: INFO: [Configuration Loaded]
2023/01/19 14:58:30 app.go:48: INFO: [Database Connected Successfully]
2023/01/19 15:33:03 app.go:48: INFO: [Configuration Loaded]
2023/01/19 15:33:03 app.go:48: INFO: [Database Connected Successfully]
2023/01/19 15:34:14 app.go:48: INFO: [Configuration Loaded]
2023/01/19 15:34:14 app.go:48: INFO: [Database Connected Successfully]
2023/01/19 15:34:15 app.go:48: INFO: [Configuration Loaded]
2023/01/19 15:34:15 app.go:48: INFO: [Database Connected Successfully]
2023/01/19 15:35:06 app.go:48: INFO: [Configuration Loaded]
2023/01/19 15:35:06 app.go:48: INFO: [Database Connected Successfully]
2023/01/19 15:37:36 app.go:48: INFO: [Configuration Loaded]
2023/01/19 15:37:36 app.go:48: INFO: [Database Connected Successfully]
2023/01/19 15:37:41 app.go:48: INFO: [Configuration Loaded]
2023/01/19 15:37:41 app.go:48: INFO: [Configuration Loaded]
2023/01/19 15:37:41 app.go:48: INFO: [Database Connected Successfully]
2023/01/19 15:37:41 app.go:48: INFO: [Database Connected Successfully]
2023/01/19 15:38:04 app.go:48: INFO: [Configuration Loaded]
2023/01/19 15:38:04 app.go:48: INFO: [Database Connected Successfully]
2023/01/19 15:38:13 app.go:48: INFO: [Configuration Loaded]
2023/01/19 15:38:13 app.go:48: INFO: [Database Connected Successfully]
2023/01/19 15:38:29 app.go:48: INFO: [Configuration Loaded]
2023/01/19 15:38:29 app.go:48: INFO: [Database Connected Successfully]
2023/01/19 15:38:39 app.go:48: INFO: [Configuration Loaded]
2023/01/19 15:38:39 app.go:48: INFO: [Database Connected Successfully]
2023/01/19 15:38:55 app.go:48: INFO: [Configuration Loaded]
2023/01/19 15:38:55 app.go:48: INFO: [Database Connected Successfully]
2023/01/19 15:39:50 app.go:48: INFO: [Configuration Loaded]
2023/01/19 15:39:50 app.go:48: INFO: [Database Connected Successfully]
2023/01/19 15:40:50 app.go:48: INFO: [Configuration Loaded]
2023/01/19 15:40:50 app.go:48: INFO: [Database Connected Successfully]
2023/01/19 15:40:54 app.go:48: INFO: [Configuration Loaded]
2023/01/19 15:40:55 app.go:48: INFO: [Database Connected Successfully]
2023/01/19 16:13:04 app.go:48: INFO: [Configuration Loaded]
2023/01/19 16:13:04 app.go:48: INFO: [Configuration Loaded]
2023/01/19 16:13:04 app.go:48: INFO: [Database Connected Successfully]
2023/01/19 16:13:04 app.go:48: INFO: [Database Connected Successfully]
2023/01/19 16:13:16 app.go:48: INFO: [Configuration Loaded]
2023/01/19 16:13:16 app.go:48: INFO: [Database Connected Successfully]
2023/01/19 16:21:28 app.go:48: INFO: [Configuration Loaded]
2023/01/19 16:21:28 app.go:48: INFO: [Database Connected Successfully]
2023/01/19 16:21:29 app.go:48: INFO: [Configuration Loaded]
2023/01/19 16:21:29 app.go:48: INFO: [Database Connected Successfully]
2023/01/19 17:22:00 app.go:48: INFO: [Configuration Loaded]
2023/01/19 17:22:00 app.go:48: INFO: [Database Connected Successfully]
2023/01/19 17:44:02 app.go:48: INFO: [Configuration Loaded]
2023/01/19 17:44:02 app.go:48: INFO: [Configuration Loaded]
2023/01/19 17:44:02 app.go:48: INFO: [Database Connected Successfully]
2023/01/19 17:50:13 app.go:48: INFO: [Configuration Loaded]
2023/01/19 17:50:13 app.go:48: INFO: [Database Connected Successfully]
2023/01/19 17:51:54 app.go:48: INFO: [Configuration Loaded]
2023/01/19 17:51:54 app.go:48: INFO: [Database Connected Successfully]
2023/01/19 17:52:15 app.go:48: INFO: [Configuration Loaded]
2023/01/19 17:52:15 app.go:48: INFO: [Database Connected Successfully]
2023/01/19 17:54:20 app.go:48: INFO: [Configuration Loaded]
2023/01/19 17:54:20 app.go:48: INFO: [Database Connected Successfully]
2023/01/19 17:57:05 app.go:48: INFO: [Configuration Loaded]
2023/01/19 17:57:05 app.go:48: INFO: [Database Connected Successfully]
2023/01/19 17:58:42 app.go:48: INFO: [Configuration Loaded]
2023/01/19 17:58:42 app.go:48: INFO: [Database Connected Successfully]
2023/01/19 18:02:18 app.go:48: INFO: [Configuration Loaded]
2023/01/19 18:02:18 app.go:48: INFO: [Database Connected Successfully]
2023/01/19 18:09:24 app.go:48: INFO: [Configuration Loaded]
2023/01/19 18:09:24 app.go:48: INFO: [Database Connected Successfully]
2023/01/19 18:10:01 app.go:48: INFO: [Configuration Loaded]
2023/01/19 18:10:01 app.go:48: INFO: [Database Connected Successfully]
2023/01/19 18:10:19 app.go:48: INFO: [Configuration Loaded]
2023/01/19 18:10:19 app.go:48: INFO: [Database Connected Successfully]
2023/01/19 18:10:57 app.go:48: INFO: [Configuration Loaded]
2023/01/19 18:10:57 app.go:48: INFO: [Database Connected Successfully]
2023/01/19 18:11:00 app.go:48: INFO: [Configuration Loaded]
2023/01/19 18:11:00 app.go:48: INFO: [Database Connected Successfully]
2023/01/19 18:24:37 app.go:48: INFO: [Configuration Loaded]
2023/01/19 18:24:38 app.go:48: INFO: [Database Connected Successfully]
2023/01/19 20:08:07 app.go:48: DEBUG: [3]
2023/01/19 20:15:03 app.go:48: INFO: [Configuration Loaded]
2023/01/19 20:15:03 app.go:48: INFO: [Database Connected Successfully]
2023/01/19 20:22:42 app.go:48: INFO: [Configuration Loaded]
2023/01/19 20:22:43 app.go:48: INFO: [Database Connected Successfully]
2023/01/19 20:23:05 app.go:48: INFO: [Configuration Loaded]
2023/01/19 20:23:05 app.go:48: INFO: [Database Connected Successfully]
2023/01/19 20:23:22 app.go:48: INFO: [Configuration Loaded]
2023/01/19 20:23:22 app.go:48: INFO: [Database Connected Successfully]
2023/01/19 20:29:25 app.go:48: INFO: [Configuration Loaded]
2023/01/19 20:29:25 app.go:48: INFO: [Database Connected Successfully]
2023/01/19 20:59:12 app.go:48: INFO: [Configuration Loaded]
2023/01/19 20:59:12 app.go:48: INFO: [Database Connected Successfully]
2023/01/19 21:00:15 app.go:48: DEBUG: [3]
2023/01/19 21:03:13 app.go:48: DEBUG: [{{1 2022-12-20 23:34:32.764281 +0700 +07 2022-12-20 23:34:32.764281 +0700 +07 {0001-01-01 00:00:00 +0000 UTC false}} {0xc0014041f0} <nil> <nil> <nil> Superadmin admin admin@gmail.com $2a$04$UBlycKecIHVJ1HsBuF9gaubia3eAEOlUoeJ2GHbZpKXW8M15TNRuW 1 {{1 2022-12-20 23:34:32.745883 +0700 +07 2022-12-20 23:34:32.745883 +0700 +07 {0001-01-01 00:00:00 +0000 UTC false}} {0xc001404298} Superadmin [] []}}]
2023/01/19 21:03:13 app.go:48: DEBUG: [[]]
2023/01/19 21:03:13 app.go:48: DEBUG: [<nil>]
2023/01/19 21:03:13 app.go:48: DEBUG: [0]
2023/01/19 21:21:43 app.go:48: INFO: [Configuration Loaded]
2023/01/19 21:21:43 app.go:48: INFO: [Configuration Loaded]
2023/01/19 21:21:43 app.go:48: INFO: [Configuration Loaded]
2023/01/19 21:21:44 app.go:48: INFO: [Database Connected Successfully]
2023/01/19 21:21:54 app.go:48: INFO: [Configuration Loaded]
2023/01/19 21:21:54 app.go:48: INFO: [Database Connected Successfully]
2023/01/19 21:24:32 app.go:48: INFO: [Configuration Loaded]
2023/01/19 21:24:32 app.go:48: INFO: [Database Connected Successfully]
2023/01/19 21:24:54 app.go:48: INFO: [Configuration Loaded]
2023/01/19 21:24:54 app.go:48: INFO: [Database Connected Successfully]
2023/01/19 21:25:40 app.go:48: INFO: [Configuration Loaded]
2023/01/19 21:25:40 app.go:48: INFO: [Database Connected Successfully]
2023/01/19 21:25:57 app.go:48: INFO: [Configuration Loaded]
2023/01/19 21:25:57 app.go:48: INFO: [Database Connected Successfully]
2023/01/19 21:26:00 app.go:48: INFO: [Configuration Loaded]
2023/01/19 21:26:00 app.go:48: INFO: [Database Connected Successfully]
2023/01/19 21:26:15 app.go:48: INFO: [Configuration Loaded]
2023/01/19 21:26:15 app.go:48: INFO: [Database Connected Successfully]
2023/01/19 21:26:25 app.go:48: INFO: [Configuration Loaded]
2023/01/19 21:26:25 app.go:48: INFO: [Database Connected Successfully]
2023/01/19 21:26:36 app.go:48: INFO: [Configuration Loaded]
2023/01/19 21:26:36 app.go:48: INFO: [Database Connected Successfully]
2023/01/19 21:26:52 app.go:48: INFO: [Configuration Loaded]
2023/01/19 21:26:52 app.go:48: INFO: [Database Connected Successfully]
2023/01/19 22:02:51 app.go:48: INFO: [Configuration Loaded]
2023/01/19 22:02:51 app.go:48: INFO: [Database Connected Successfully]
2023/01/19 22:03:02 app.go:48: INFO: [Configuration Loaded]
2023/01/19 22:03:02 app.go:48: INFO: [Database Connected Successfully]
2023/01/19 22:03:19 app.go:48: INFO: [Configuration Loaded]
2023/01/19 22:03:19 app.go:48: INFO: [Database Connected Successfully]
2023/01/19 22:03:30 app.go:48: INFO: [Configuration Loaded]
2023/01/19 22:03:30 app.go:48: INFO: [Database Connected Successfully]
2023/01/19 22:06:27 app.go:48: INFO: [Configuration Loaded]
2023/01/19 22:06:28 app.go:48: INFO: [Database Connected Successfully]
2023/01/19 22:06:49 app.go:48: INFO: [Configuration Loaded]
2023/01/19 22:06:49 app.go:48: INFO: [Database Connected Successfully]
2023/01/19 22:07:11 app.go:48: INFO: [Configuration Loaded]
2023/01/19 22:07:11 app.go:48: INFO: [Database Connected Successfully]
2023/01/19 22:07:18 app.go:48: INFO: [Configuration Loaded]
2023/01/19 22:07:18 app.go:48: INFO: [Database Connected Successfully]
2023/01/19 22:09:10 app.go:48: INFO: [Configuration Loaded]
2023/01/19 22:09:10 app.go:48: INFO: [Database Connected Successfully]
2023/01/19 22:10:08 app.go:48: INFO: [Configuration Loaded]
2023/01/19 22:10:08 app.go:48: INFO: [Database Connected Successfully]
2023/01/19 22:15:30 app.go:48: INFO: [Configuration Loaded]
2023/01/19 22:15:30 app.go:48: INFO: [Database Connected Successfully]
2023/01/19 22:19:33 app.go:48: DEBUG: [3]
2023/01/19 22:19:54 app.go:48: DEBUG: [4]
2023/01/19 22:20:42 app.go:48: DEBUG: [4]
2023/01/19 22:20:44 app.go:48: DEBUG: [3]
2023/01/19 22:20:57 app.go:48: DEBUG: [3]
2023/01/19 22:24:13 app.go:48: INFO: [Configuration Loaded]
2023/01/19 22:24:13 app.go:48: INFO: [Database Connected Successfully]
2023/01/19 22:24:13 app.go:48: INFO: [Configuration Loaded]
2023/01/19 22:24:13 app.go:48: INFO: [Database Connected Successfully]
2023/01/19 22:24:13 app.go:48: INFO: [Configuration Loaded]
2023/01/19 22:24:13 app.go:48: INFO: [Database Connected Successfully]
2023/01/19 22:24:19 app.go:48: INFO: [Configuration Loaded]
2023/01/19 22:24:19 app.go:48: INFO: [Database Connected Successfully]
2023/01/19 22:24:58 app.go:48: DEBUG: [4]
2023/01/19 22:25:02 app.go:48: DEBUG: [4]
2023/01/19 22:25:20 app.go:48: DEBUG: [5]
2023/01/19 22:25:24 app.go:48: DEBUG: [5]
2023/01/19 22:25:28 app.go:48: DEBUG: [4]
2023/01/19 22:25:30 app.go:48: DEBUG: [3]
2023/01/19 22:25:38 app.go:48: DEBUG: [3]
2023/01/19 22:25:46 app.go:48: DEBUG: [3]
2023/01/19 22:26:01 app.go:48: DEBUG: [4]
2023/01/19 22:26:12 app.go:48: DEBUG: [4]
2023/01/19 22:26:22 app.go:48: DEBUG: [{{1 2022-12-20 23:34:32.764281 +0700 +07 2022-12-20 23:34:32.764281 +0700 +07 {0001-01-01 00:00:00 +0000 UTC false}} {0xc00173b100} <nil> <nil> <nil> Superadmin admin admin@gmail.com $2a$04$UBlycKecIHVJ1HsBuF9gaubia3eAEOlUoeJ2GHbZpKXW8M15TNRuW 1 {{1 2022-12-20 23:34:32.745883 +0700 +07 2022-12-20 23:34:32.745883 +0700 +07 {0001-01-01 00:00:00 +0000 UTC false}} {0xc00173b1a8} Superadmin [] []}}]
2023/01/19 22:26:22 app.go:48: DEBUG: [[]]
2023/01/19 22:26:22 app.go:48: DEBUG: [<nil>]
2023/01/19 22:26:22 app.go:48: DEBUG: [0]
2023/01/19 22:26:25 app.go:48: DEBUG: [{{1 2022-12-20 23:34:32.764281 +0700 +07 2022-12-20 23:34:32.764281 +0700 +07 {0001-01-01 00:00:00 +0000 UTC false}} {0xc0019ec090} <nil> <nil> <nil> Superadmin admin admin@gmail.com $2a$04$UBlycKecIHVJ1HsBuF9gaubia3eAEOlUoeJ2GHbZpKXW8M15TNRuW 1 {{1 2022-12-20 23:34:32.745883 +0700 +07 2022-12-20 23:34:32.745883 +0700 +07 {0001-01-01 00:00:00 +0000 UTC false}} {0xc0019ec128} Superadmin [] []}}]
2023/01/19 22:26:25 app.go:48: DEBUG: [[]]
2023/01/19 22:26:25 app.go:48: DEBUG: [<nil>]
2023/01/19 22:26:25 app.go:48: DEBUG: [1]
2023/01/19 22:28:00 app.go:48: DEBUG: [Shutdowning Server ...]
2023/01/19 22:28:00 app.go:48: INFO: [Server Stopped Gracefully]
