2023/01/08 19:10:29 app.go:48: INFO: [Configuration Loaded]
2023/01/08 19:10:29 app.go:48: INFO: [Database Connected Successfully]
2023/01/08 19:10:29 app.go:48: INFO: [Configuration Loaded]
2023/01/08 19:10:29 app.go:48: INFO: [Database Connected Successfully]
2023/01/08 19:42:16 app.go:48: INFO: [Configuration Loaded]
2023/01/08 19:42:16 app.go:48: INFO: [Database Connected Successfully]
2023/01/08 19:42:47 app.go:48: INFO: [Configuration Loaded]
2023/01/08 19:42:47 app.go:48: INFO: [Database Connected Successfully]
2023/01/08 19:43:19 app.go:48: INFO: [Configuration Loaded]
2023/01/08 19:43:19 app.go:48: INFO: [Database Connected Successfully]
2023/01/08 19:43:42 app.go:48: INFO: [Configuration Loaded]
2023/01/08 19:43:42 app.go:48: INFO: [Database Connected Successfully]
2023/01/08 19:48:57 app.go:48: INFO: [Configuration Loaded]
2023/01/08 19:48:57 app.go:48: INFO: [Database Connected Successfully]
2023/01/08 19:49:08 app.go:48: INFO: [Configuration Loaded]
2023/01/08 19:49:08 app.go:48: INFO: [Database Connected Successfully]
2023/01/08 19:51:17 app.go:48: INFO: [Configuration Loaded]
2023/01/08 19:51:18 app.go:48: INFO: [Database Connected Successfully]
2023/01/08 19:51:32 app.go:48: INFO: [Configuration Loaded]
2023/01/08 19:51:32 app.go:48: INFO: [Database Connected Successfully]
2023/01/08 19:52:30 app.go:48: INFO: [Configuration Loaded]
2023/01/08 19:52:30 app.go:48: INFO: [Database Connected Successfully]
2023/01/08 19:54:46 app.go:48: INFO: [Configuration Loaded]
2023/01/08 19:54:46 app.go:48: INFO: [Database Connected Successfully]
2023/01/08 19:56:11 app.go:48: INFO: [Configuration Loaded]
2023/01/08 19:56:11 app.go:48: INFO: [Database Connected Successfully]
2023/01/08 19:56:27 app.go:48: INFO: [Configuration Loaded]
2023/01/08 19:56:27 app.go:48: INFO: [Database Connected Successfully]
2023/01/08 19:57:11 app.go:48: INFO: [Configuration Loaded]
2023/01/08 19:57:11 app.go:48: INFO: [Database Connected Successfully]
2023/01/08 20:00:13 app.go:48: INFO: [Configuration Loaded]
2023/01/08 20:00:13 app.go:48: INFO: [Database Connected Successfully]
2023/01/08 20:00:40 app.go:48: INFO: [Configuration Loaded]
2023/01/08 20:00:40 app.go:48: INFO: [Database Connected Successfully]
2023/01/08 20:00:43 app.go:48: INFO: [Configuration Loaded]
2023/01/08 20:00:43 app.go:48: INFO: [Database Connected Successfully]
2023/01/08 20:04:50 app.go:48: INFO: [Configuration Loaded]
2023/01/08 20:04:50 app.go:48: INFO: [Database Connected Successfully]
2023/01/08 20:04:57 app.go:48: INFO: [Configuration Loaded]
2023/01/08 20:04:57 app.go:48: INFO: [Database Connected Successfully]
2023/01/08 20:05:04 app.go:48: INFO: [Configuration Loaded]
2023/01/08 20:05:04 app.go:48: INFO: [Database Connected Successfully]
2023/01/08 20:07:47 app.go:48: INFO: [Configuration Loaded]
2023/01/08 20:07:48 app.go:48: INFO: [Database Connected Successfully]
2023/01/08 20:08:14 app.go:48: INFO: [Configuration Loaded]
2023/01/08 20:08:14 app.go:48: INFO: [Database Connected Successfully]
2023/01/08 20:08:59 app.go:48: INFO: [Configuration Loaded]
2023/01/08 20:08:59 app.go:48: INFO: [Database Connected Successfully]
2023/01/08 20:09:06 app.go:48: INFO: [Configuration Loaded]
2023/01/08 20:09:06 app.go:48: INFO: [Database Connected Successfully]
2023/01/08 20:09:19 app.go:48: INFO: [Configuration Loaded]
2023/01/08 20:09:19 app.go:48: INFO: [Database Connected Successfully]
2023/01/08 20:49:31 app.go:48: INFO: [Configuration Loaded]
2023/01/08 20:49:31 app.go:48: INFO: [Database Connected Successfully]
2023/01/08 20:49:42 app.go:48: INFO: [Configuration Loaded]
2023/01/08 20:49:42 app.go:48: INFO: [Database Connected Successfully]
2023/01/08 20:50:14 app.go:48: INFO: [Configuration Loaded]
2023/01/08 20:50:14 app.go:48: INFO: [Database Connected Successfully]
2023/01/08 20:50:16 app.go:48: INFO: [Configuration Loaded]
2023/01/08 20:50:16 app.go:48: INFO: [Database Connected Successfully]
2023/01/08 20:50:32 app.go:48: INFO: [Configuration Loaded]
2023/01/08 20:50:32 app.go:48: INFO: [Database Connected Successfully]
2023/01/08 21:24:29 app.go:48: INFO: [Configuration Loaded]
2023/01/08 21:24:29 app.go:48: INFO: [Database Connected Successfully]
2023/01/08 21:25:13 app.go:48: INFO: [Configuration Loaded]
2023/01/08 21:25:13 app.go:48: INFO: [Database Connected Successfully]
2023/01/08 21:26:43 app.go:48: INFO: [Configuration Loaded]
2023/01/08 21:26:43 app.go:48: INFO: [Database Connected Successfully]
2023/01/08 21:27:34 app.go:48: INFO: [Configuration Loaded]
2023/01/08 21:27:34 app.go:48: INFO: [Database Connected Successfully]
2023/01/08 21:29:47 app.go:48: INFO: [Configuration Loaded]
2023/01/08 21:29:47 app.go:48: INFO: [Database Connected Successfully]
2023/01/08 21:30:42 app.go:48: INFO: [Configuration Loaded]
2023/01/08 21:30:42 app.go:48: INFO: [Database Connected Successfully]
2023/01/08 21:30:57 app.go:48: INFO: [Configuration Loaded]
2023/01/08 21:30:57 app.go:48: INFO: [Database Connected Successfully]
2023/01/08 21:33:45 app.go:48: INFO: [Configuration Loaded]
2023/01/08 21:33:45 app.go:48: INFO: [Database Connected Successfully]
2023/01/08 21:33:46 app.go:48: INFO: [Configuration Loaded]
2023/01/08 21:33:46 app.go:48: INFO: [Database Connected Successfully]
2023/01/08 21:34:03 app.go:48: INFO: [Configuration Loaded]
2023/01/08 21:34:03 app.go:48: INFO: [Database Connected Successfully]
2023/01/08 21:34:16 app.go:48: INFO: [Configuration Loaded]
2023/01/08 21:34:16 app.go:48: INFO: [Database Connected Successfully]
2023/01/08 21:34:33 app.go:48: INFO: [Configuration Loaded]
2023/01/08 21:34:33 app.go:48: INFO: [Database Connected Successfully]
2023/01/08 21:35:05 app.go:48: INFO: [Configuration Loaded]
2023/01/08 21:35:06 app.go:48: INFO: [Database Connected Successfully]
2023/01/08 21:39:22 app.go:48: INFO: [Configuration Loaded]
2023/01/08 21:39:22 app.go:48: INFO: [Database Connected Successfully]
2023/01/08 21:40:35 app.go:48: INFO: [Configuration Loaded]
2023/01/08 21:40:35 app.go:48: INFO: [Database Connected Successfully]
2023/01/08 21:41:26 app.go:48: INFO: [Configuration Loaded]
2023/01/08 21:41:26 app.go:48: INFO: [Database Connected Successfully]
2023/01/08 21:41:39 app.go:48: INFO: [Configuration Loaded]
2023/01/08 21:41:39 app.go:48: INFO: [Database Connected Successfully]
2023/01/08 21:41:57 app.go:48: INFO: [Configuration Loaded]
2023/01/08 21:41:57 app.go:48: INFO: [Database Connected Successfully]
2023/01/08 21:42:04 app.go:48: INFO: [Configuration Loaded]
2023/01/08 21:42:04 app.go:48: INFO: [Database Connected Successfully]
2023/01/08 21:49:58 app.go:48: DEBUG: [[map[id:ec1cbb63-3ee1-4a27-b638-6c653ca81d2c name:Direktur IT parentId:0] map[id:6c2a188b-e3b6-4823-b93a-5028ee720a06 name:Department Risk Management 1 parentId:ec1cbb63-3ee1-4a27-b638-6c653ca81d2c] map[id:16f5ce19-b233-4cf4-8232-355129913d35 name:Department Risk Management 2 parentId:ec1cbb63-3ee1-4a27-b638-6c653ca81d2c] map[id:26bfbbca-1146-4e17-8ca2-086ac19dcae6 name:Divisi Data parentId:ec1cbb63-3ee1-4a27-b638-6c653ca81d2c] map[id:d09a8e60-7e6f-4839-94a2-ebf698cebde8 name:Departement IT Security parentId:26bfbbca-1146-4e17-8ca2-086ac19dcae6] map[id:2ad8e32d-cb9f-42c3-b6c9-8d4d8da5dea0 name:Departement Pajak parentId:14f615fb-7324-4a71-b723-d455e47c5d40] map[id:7280b286-749a-40ad-9bf1-c003b13ac4ad name:Direktur baru parentId:0]]]
2023/01/08 22:20:03 app.go:48: DEBUG: [Shutdowning Server ...]
2023/01/08 22:20:03 app.go:48: INFO: [Server Stopped Gracefully]
