2023/02/15 20:07:05 app.go:48: INFO: [Configuration Loaded]
2023/02/15 20:07:05 app.go:48: INFO: [Configuration Loaded]
2023/02/15 20:07:05 app.go:48: INFO: [Configuration Loaded]
2023/02/15 20:07:05 app.go:48: INFO: [Configuration Loaded]
2023/02/15 20:07:05 app.go:48: INFO: [Database Connected Successfully]
2023/02/15 20:29:37 app.go:48: DEBUG: [4]
2023/02/15 20:30:10 app.go:48: DEBUG: [{{3 2022-12-21 11:43:47.011723 +0700 +07 2023-01-28 23:11:07.514414 +0700 +07 {0001-01-01 00:00:00 +0000 UTC false}} {0xc0017e5d78} 0xc00188f450 0xc00188f460 0xc00188f470 Muhammad Fatihul Ikhsan tiul ikhsan@gmail.com $2a$04$XTgENEnUBgRTTW/DilUZKe5Pc0JUw/xCDWuflENrNGwrEFic..FLO 1 {{1 2022-12-20 23:34:32.745883 +0700 +07 2022-12-20 23:34:32.745883 +0700 +07 {0001-01-01 00:00:00 +0000 UTC false}} {0xc0017e5e28} Superadmin [] []} 0xc00188f480 0xc0017e5d79}]
2023/02/15 20:30:10 app.go:48: DEBUG: [[]]
2023/02/15 20:30:10 app.go:48: DEBUG: [0xc00188f450]
2023/02/15 20:30:10 app.go:48: DEBUG: [0]
2023/02/15 20:36:13 app.go:48: INFO: [Configuration Loaded]
2023/02/15 20:36:13 app.go:48: INFO: [Database Connected Successfully]
2023/02/15 20:36:37 app.go:48: INFO: [Configuration Loaded]
2023/02/15 20:36:37 app.go:48: INFO: [Database Connected Successfully]
2023/02/15 20:37:21 app.go:48: INFO: [Configuration Loaded]
2023/02/15 20:37:21 app.go:48: INFO: [Database Connected Successfully]
2023/02/15 20:37:35 app.go:48: INFO: [Configuration Loaded]
2023/02/15 20:37:35 app.go:48: INFO: [Database Connected Successfully]
2023/02/15 20:38:38 app.go:48: INFO: [Configuration Loaded]
2023/02/15 20:38:38 app.go:48: INFO: [Database Connected Successfully]
2023/02/15 20:39:42 app.go:48: INFO: [Configuration Loaded]
2023/02/15 20:39:42 app.go:48: INFO: [Database Connected Successfully]
2023/02/15 20:40:48 app.go:48: INFO: [Configuration Loaded]
2023/02/15 20:40:48 app.go:48: INFO: [Database Connected Successfully]
2023/02/15 20:41:18 app.go:48: INFO: [Configuration Loaded]
2023/02/15 20:41:18 app.go:48: INFO: [Database Connected Successfully]
2023/02/15 20:41:26 app.go:48: INFO: [Configuration Loaded]
2023/02/15 20:41:26 app.go:48: INFO: [Database Connected Successfully]
2023/02/15 20:52:55 app.go:48: INFO: [Configuration Loaded]
2023/02/15 20:52:55 app.go:48: INFO: [Database Connected Successfully]
2023/02/15 20:53:17 app.go:48: INFO: [Configuration Loaded]
2023/02/15 20:53:17 app.go:48: INFO: [Database Connected Successfully]
2023/02/15 20:53:24 app.go:48: INFO: [Configuration Loaded]
2023/02/15 20:53:24 app.go:48: INFO: [Database Connected Successfully]
2023/02/15 20:54:04 app.go:48: INFO: [Configuration Loaded]
2023/02/15 20:54:04 app.go:48: INFO: [Database Connected Successfully]
2023/02/15 20:54:12 app.go:48: INFO: [Configuration Loaded]
2023/02/15 20:54:12 app.go:48: INFO: [Database Connected Successfully]
2023/02/15 20:55:16 app.go:48: INFO: [Configuration Loaded]
2023/02/15 20:55:16 app.go:48: INFO: [Database Connected Successfully]
2023/02/15 21:03:03 app.go:48: INFO: [Configuration Loaded]
2023/02/15 21:03:03 app.go:48: INFO: [Database Connected Successfully]
2023/02/15 21:05:33 app.go:48: INFO: [Configuration Loaded]
2023/02/15 21:05:33 app.go:48: INFO: [Database Connected Successfully]
2023/02/15 21:05:33 app.go:48: INFO: [Configuration Loaded]
2023/02/15 21:05:33 app.go:48: INFO: [Configuration Loaded]
2023/02/15 21:05:33 app.go:48: INFO: [Configuration Loaded]
2023/02/15 21:05:33 app.go:48: INFO: [Database Connected Successfully]
2023/02/15 21:05:33 app.go:48: INFO: [Database Connected Successfully]
2023/02/15 21:05:33 app.go:48: INFO: [Database Connected Successfully]
2023/02/15 21:05:42 app.go:48: INFO: [{{0 0001-01-01 00:00:00 +0000 UTC 0001-01-01 00:00:00 +0000 UTC {0001-01-01 00:00:00 +0000 UTC false}} 3 7 QUESTIONS Mejawab Pertanyaan 'APAKAH SETIAP DOKUMEN BAIK TUNGGAL MAUPUN KELOMPOK YANG SELESAI DI PROSES DIBUBUHI STEMPEL  ( TANDA FIAT SIMPAN)?'}]
2023/02/15 21:06:50 app.go:48: INFO: [Configuration Loaded]
2023/02/15 21:06:50 app.go:48: INFO: [Database Connected Successfully]
2023/02/15 21:06:51 app.go:48: INFO: [Configuration Loaded]
2023/02/15 21:06:51 app.go:48: INFO: [Database Connected Successfully]
2023/02/15 21:07:06 app.go:48: INFO: [Configuration Loaded]
2023/02/15 21:07:06 app.go:48: INFO: [Database Connected Successfully]
2023/02/15 21:10:20 app.go:48: INFO: [{{0 0001-01-01 00:00:00 +0000 UTC 0001-01-01 00:00:00 +0000 UTC {0001-01-01 00:00:00 +0000 UTC false}} 3 7 QUESTIONS Mejawab Pertanyaan 'APAKAH UNIT KERJA ANDA SUDAH MEMILIKI LEMBAR TUNJUK SILANG?'}]
2023/02/15 21:10:21 app.go:48: ERROR: [0S4Jv2NwtbkNMyc3eIJEAfKLqjz2fA0g invalid transaction]
2023/02/15 21:10:22 app.go:48: ERROR: [zJMZU6fZ9toN8iZXgsqdAnsVzGuRxsMZ invalid transaction]
2023/02/15 21:12:29 app.go:48: ERROR: [JsonzLDyc4lxKDStPKwmIrXYsHZmlAIr invalid transaction]
2023/02/15 21:18:48 app.go:48: INFO: [Configuration Loaded]
2023/02/15 21:18:48 app.go:48: INFO: [Database Connected Successfully]
2023/02/15 21:19:10 app.go:48: INFO: [{{0 0001-01-01 00:00:00 +0000 UTC 0001-01-01 00:00:00 +0000 UTC {0001-01-01 00:00:00 +0000 UTC false}} 1 7 QUESTIONS Mejawab Pertanyaan 'APAKAH SETIAP SATUAN KERJA ANDA MEMILIKI SARANA SIMPAN SESUAI DENGAN FUNGI DAN KEGIATANNYA ?'}]
2023/02/15 21:19:10 app.go:48: ERROR: [zlHc5Ss84zAOZnbsuo4oITaZRWBsq7tY invalid transaction]
2023/02/15 21:19:12 app.go:48: ERROR: [fAJuSsSQCOi7PUYGOYRVXgeBpIkXr5ff invalid transaction]
2023/02/15 21:20:53 app.go:48: INFO: [Configuration Loaded]
2023/02/15 21:20:53 app.go:48: INFO: [Database Connected Successfully]
2023/02/15 21:21:18 app.go:48: INFO: [Configuration Loaded]
2023/02/15 21:21:18 app.go:48: INFO: [Database Connected Successfully]
2023/02/15 21:21:39 app.go:48: DEBUG: [4]
2023/02/15 21:21:56 app.go:48: INFO: [{{0 0001-01-01 00:00:00 +0000 UTC 0001-01-01 00:00:00 +0000 UTC {0001-01-01 00:00:00 +0000 UTC false}} 1 7 QUESTIONS Mejawab Pertanyaan 'Apakah Ada Berita Acara Setelah Proses Digitalisasi'}]
2023/02/15 21:26:19 app.go:48: INFO: [Configuration Loaded]
2023/02/15 21:26:19 app.go:48: INFO: [Database Connected Successfully]
2023/02/15 21:26:37 app.go:48: INFO: [{{0 0001-01-01 00:00:00 +0000 UTC 0001-01-01 00:00:00 +0000 UTC {0001-01-01 00:00:00 +0000 UTC false}} 1 7 QUESTIONS Mejawab Pertanyaan 'Apakah Ada Manual SOP ?'}]
2023/02/15 21:31:13 app.go:48: INFO: [Configuration Loaded]
2023/02/15 21:31:13 app.go:48: INFO: [Database Connected Successfully]
2023/02/15 21:37:08 app.go:48: INFO: [Configuration Loaded]
2023/02/15 21:37:08 app.go:48: INFO: [Database Connected Successfully]
2023/02/15 21:37:52 app.go:48: INFO: [Configuration Loaded]
2023/02/15 21:37:52 app.go:48: INFO: [Database Connected Successfully]
2023/02/15 21:38:07 app.go:48: INFO: [Configuration Loaded]
2023/02/15 21:38:07 app.go:48: INFO: [Database Connected Successfully]
2023/02/15 21:38:33 app.go:48: INFO: [Configuration Loaded]
2023/02/15 21:38:33 app.go:48: INFO: [Database Connected Successfully]
2023/02/15 21:38:41 app.go:48: DEBUG: [4]
2023/02/15 21:42:28 app.go:48: INFO: [Configuration Loaded]
2023/02/15 21:42:28 app.go:48: INFO: [Database Connected Successfully]
2023/02/15 21:42:28 app.go:48: INFO: [Configuration Loaded]
2023/02/15 21:42:28 app.go:48: INFO: [Database Connected Successfully]
2023/02/15 21:42:40 app.go:48: INFO: [Configuration Loaded]
2023/02/15 21:42:40 app.go:48: INFO: [Database Connected Successfully]
2023/02/15 21:42:48 app.go:48: DEBUG: [4]
2023/02/15 21:58:54 app.go:48: INFO: [Configuration Loaded]
2023/02/15 21:58:54 app.go:48: INFO: [Database Connected Successfully]
2023/02/15 21:59:08 app.go:48: DEBUG: [4]
2023/02/15 21:59:12 app.go:48: DEBUG: [Pilih All]
2023/02/15 21:59:12 app.go:48: DEBUG: [[{{25 0001-01-01 00:00:00 +0000 UTC 0001-01-01 00:00:00 +0000 UTC {0001-01-01 00:00:00 +0000 UTC false}} 7 {{0 0001-01-01 00:00:00 +0000 UTC 0001-01-01 00:00:00 +0000 UTC {0001-01-01 00:00:00 +0000 UTC false}}   0001-01-01 00:00:00 +0000 UTC  0  <nil> 0 [] {{0 0001-01-01 00:00:00 +0000 UTC 0001-01-01 00:00:00 +0000 UTC {0001-01-01 00:00:00 +0000 UTC false}} {<nil>}  <nil> []} []}  11 {{0 0001-01-01 00:00:00 +0000 UTC 0001-01-01 00:00:00 +0000 UTC {0001-01-01 00:00:00 +0000 UTC false}} {<nil>}  <nil> []} Direktur IT 0 26de6705-74aa-4f3f-ab18-47097d31a39e 0 []} {{26 0001-01-01 00:00:00 +0000 UTC 0001-01-01 00:00:00 +0000 UTC {0001-01-01 00:00:00 +0000 UTC false}} 7 {{0 0001-01-01 00:00:00 +0000 UTC 0001-01-01 00:00:00 +0000 UTC {0001-01-01 00:00:00 +0000 UTC false}}   0001-01-01 00:00:00 +0000 UTC  0  <nil> 0 [] {{0 0001-01-01 00:00:00 +0000 UTC 0001-01-01 00:00:00 +0000 UTC {0001-01-01 00:00:00 +0000 UTC false}} {<nil>}  <nil> []} []}  11 {{0 0001-01-01 00:00:00 +0000 UTC 0001-01-01 00:00:00 +0000 UTC {0001-01-01 00:00:00 +0000 UTC false}} {<nil>}  <nil> []} Departemen Core Banking 26de6705-74aa-4f3f-ab18-47097d31a39e 40f6b55d-736a-4bb5-9ad8-ab0ff558cf70 0 []} {{27 0001-01-01 00:00:00 +0000 UTC 0001-01-01 00:00:00 +0000 UTC {0001-01-01 00:00:00 +0000 UTC false}} 7 {{0 0001-01-01 00:00:00 +0000 UTC 0001-01-01 00:00:00 +0000 UTC {0001-01-01 00:00:00 +0000 UTC false}}   0001-01-01 00:00:00 +0000 UTC  0  <nil> 0 [] {{0 0001-01-01 00:00:00 +0000 UTC 0001-01-01 00:00:00 +0000 UTC {0001-01-01 00:00:00 +0000 UTC false}} {<nil>}  <nil> []} []}  11 {{0 0001-01-01 00:00:00 +0000 UTC 0001-01-01 00:00:00 +0000 UTC {0001-01-01 00:00:00 +0000 UTC false}} {<nil>}  <nil> []} Direktur Marketing 0 0670cdf1-7832-47f0-84c8-6e83eaec2bb2 0 []}]]
2023/02/15 22:00:08 app.go:48: INFO: [Configuration Loaded]
2023/02/15 22:00:08 app.go:48: INFO: [Database Connected Successfully]
2023/02/15 22:00:19 app.go:48: INFO: [Configuration Loaded]
2023/02/15 22:00:19 app.go:48: INFO: [Database Connected Successfully]
2023/02/15 22:00:19 app.go:48: INFO: [Configuration Loaded]
2023/02/15 22:00:19 app.go:48: INFO: [Database Connected Successfully]
2023/02/15 22:01:39 app.go:48: INFO: [{{0 0001-01-01 00:00:00 +0000 UTC 0001-01-01 00:00:00 +0000 UTC {0001-01-01 00:00:00 +0000 UTC false}} 1 7 QUESTIONS Mejawab Pertanyaan 'X'}]
2023/02/15 22:03:35 app.go:48: INFO: [Configuration Loaded]
2023/02/15 22:03:35 app.go:48: INFO: [Database Connected Successfully]
2023/02/15 22:06:37 app.go:48: INFO: [Configuration Loaded]
2023/02/15 22:06:37 app.go:48: INFO: [Database Connected Successfully]
2023/02/15 22:07:38 app.go:48: INFO: [Configuration Loaded]
2023/02/15 22:07:38 app.go:48: INFO: [Database Connected Successfully]
2023/02/15 22:07:38 app.go:48: INFO: [Configuration Loaded]
2023/02/15 22:07:39 app.go:48: INFO: [Database Connected Successfully]
2023/02/15 22:07:39 app.go:48: INFO: [Configuration Loaded]
2023/02/15 22:07:39 app.go:48: INFO: [Database Connected Successfully]
2023/02/15 22:08:26 app.go:48: INFO: [Configuration Loaded]
2023/02/15 22:08:26 app.go:48: INFO: [Database Connected Successfully]
2023/02/15 22:08:43 app.go:48: INFO: [Configuration Loaded]
2023/02/15 22:08:43 app.go:48: INFO: [Database Connected Successfully]
2023/02/15 22:09:01 app.go:48: INFO: [Configuration Loaded]
2023/02/15 22:09:01 app.go:48: INFO: [Database Connected Successfully]
