2023/01/20 18:01:18 app.go:48: INFO: [Configuration Loaded]
2023/01/20 18:01:34 app.go:48: INFO: [Configuration Loaded]
2023/01/20 18:01:34 app.go:48: INFO: [Database Connected Successfully]
2023/01/20 18:04:06 app.go:48: DEBUG: [{{177 2023-01-15 15:52:47.825632 +0700 +07 2023-01-15 15:52:47.825632 +0700 +07 {0001-01-01 00:00:00 +0000 UTC false}} 10 {{0 0001-01-01 00:00:00 +0000 UTC 0001-01-01 00:00:00 +0000 UTC {0001-01-01 00:00:00 +0000 UTC false}} {<nil>}  <nil> []} Consumer Group 0xc00143a1e0 0 54ef3692-8af6-4209-ac6b-aaa6be115893}]
2023/01/20 18:04:06 app.go:48: DEBUG: [{{178 2023-01-15 15:52:47.825632 +0700 +07 2023-01-15 15:52:47.825632 +0700 +07 {0001-01-01 00:00:00 +0000 UTC false}} 10 {{0 0001-01-01 00:00:00 +0000 UTC 0001-01-01 00:00:00 +0000 UTC {0001-01-01 00:00:00 +0000 UTC false}} {<nil>}  <nil> []} General Manager 0xc00143a260 54ef3692-8af6-4209-ac6b-aaa6be115893 09f40df3-8a1a-44b2-a71d-6b6340c7cafc}]
2023/01/20 18:04:06 app.go:48: DEBUG: [{{179 2023-01-15 15:52:47.825632 +0700 +07 2023-01-15 15:52:47.825632 +0700 +07 {0001-01-01 00:00:00 +0000 UTC false}} 10 {{0 0001-01-01 00:00:00 +0000 UTC 0001-01-01 00:00:00 +0000 UTC {0001-01-01 00:00:00 +0000 UTC false}} {<nil>}  <nil> []} Board Activity Management Departmen 0xc00143a2e0 09f40df3-8a1a-44b2-a71d-6b6340c7cafc fd9f57fe-aa1b-4575-a045-a8248cf679d4}]
2023/01/20 18:04:06 app.go:48: DEBUG: [{{180 2023-01-15 15:52:47.825632 +0700 +07 2023-01-15 15:52:47.825632 +0700 +07 {0001-01-01 00:00:00 +0000 UTC false}} 10 {{0 0001-01-01 00:00:00 +0000 UTC 0001-01-01 00:00:00 +0000 UTC {0001-01-01 00:00:00 +0000 UTC false}} {<nil>}  <nil> []} Manager 0xc00143a360 54ef3692-8af6-4209-ac6b-aaa6be115893 ac98bc71-2ed7-4cea-b8eb-36632b959e8e}]
2023/01/20 18:04:06 app.go:48: DEBUG: [{{181 2023-01-15 15:52:47.825632 +0700 +07 2023-01-15 15:52:47.825632 +0700 +07 {0001-01-01 00:00:00 +0000 UTC false}} 10 {{0 0001-01-01 00:00:00 +0000 UTC 0001-01-01 00:00:00 +0000 UTC {0001-01-01 00:00:00 +0000 UTC false}} {<nil>}  <nil> []} IT 0xc00143a3e0 0 5eee69fa-4f03-47bc-b8c5-59cf70305619}]
2023/01/20 18:04:13 app.go:48: DEBUG: [4]
2023/01/20 18:06:38 app.go:48: INFO: [Configuration Loaded]
2023/01/20 18:06:38 app.go:48: INFO: [Database Connected Successfully]
2023/01/20 18:07:34 app.go:48: INFO: [Configuration Loaded]
2023/01/20 18:07:34 app.go:48: INFO: [Database Connected Successfully]
2023/01/20 18:07:50 app.go:48: INFO: [Configuration Loaded]
2023/01/20 18:07:50 app.go:48: INFO: [Database Connected Successfully]
2023/01/20 18:08:00 app.go:48: INFO: [Configuration Loaded]
2023/01/20 18:08:00 app.go:48: INFO: [Database Connected Successfully]
2023/01/20 18:08:07 app.go:48: INFO: [Configuration Loaded]
2023/01/20 18:08:07 app.go:48: INFO: [Database Connected Successfully]
2023/01/20 18:08:38 app.go:48: INFO: [Configuration Loaded]
2023/01/20 18:08:38 app.go:48: INFO: [Database Connected Successfully]
2023/01/20 18:09:32 app.go:48: INFO: [Configuration Loaded]
2023/01/20 18:09:32 app.go:48: INFO: [Database Connected Successfully]
2023/01/20 18:11:09 app.go:48: INFO: [Configuration Loaded]
2023/01/20 18:11:09 app.go:48: INFO: [Database Connected Successfully]
2023/01/20 18:11:09 app.go:48: INFO: [Configuration Loaded]
2023/01/20 18:11:09 app.go:48: INFO: [Database Connected Successfully]
2023/01/20 18:11:11 app.go:48: INFO: [Configuration Loaded]
2023/01/20 18:11:11 app.go:48: INFO: [Database Connected Successfully]
2023/01/20 18:13:08 app.go:48: INFO: [Configuration Loaded]
2023/01/20 18:13:08 app.go:48: INFO: [Database Connected Successfully]
2023/01/20 22:38:12 app.go:48: INFO: [Configuration Loaded]
2023/01/20 22:38:13 app.go:48: INFO: [Database Connected Successfully]
2023/01/20 22:38:13 app.go:48: INFO: [Configuration Loaded]
2023/01/20 22:38:13 app.go:48: INFO: [Database Connected Successfully]
2023/01/20 22:40:05 app.go:48: INFO: [Configuration Loaded]
2023/01/20 22:40:05 app.go:48: INFO: [Database Connected Successfully]
2023/01/20 22:40:34 app.go:48: INFO: [Configuration Loaded]
2023/01/20 22:40:35 app.go:48: INFO: [Database Connected Successfully]
2023/01/20 22:41:08 app.go:48: INFO: [Configuration Loaded]
2023/01/20 22:41:09 app.go:48: INFO: [Database Connected Successfully]
2023/01/20 22:41:37 app.go:48: INFO: [Configuration Loaded]
2023/01/20 22:41:37 app.go:48: INFO: [Database Connected Successfully]
2023/01/20 22:44:26 app.go:48: INFO: [Configuration Loaded]
2023/01/20 22:44:26 app.go:48: INFO: [Database Connected Successfully]
2023/01/20 22:44:32 app.go:48: INFO: [Configuration Loaded]
2023/01/20 22:44:32 app.go:48: INFO: [Database Connected Successfully]
2023/01/20 22:45:49 app.go:48: INFO: [Configuration Loaded]
2023/01/20 22:45:49 app.go:48: INFO: [Database Connected Successfully]
2023/01/20 22:45:56 app.go:48: INFO: [Configuration Loaded]
2023/01/20 22:45:56 app.go:48: INFO: [Database Connected Successfully]
2023/01/20 22:59:03 app.go:48: INFO: [Configuration Loaded]
2023/01/20 22:59:03 app.go:48: INFO: [Database Connected Successfully]
2023/01/20 22:59:29 app.go:48: INFO: [Configuration Loaded]
2023/01/20 22:59:30 app.go:48: INFO: [Database Connected Successfully]
2023/01/20 23:00:03 app.go:48: INFO: [Configuration Loaded]
2023/01/20 23:00:03 app.go:48: INFO: [Database Connected Successfully]
2023/01/20 23:01:22 app.go:48: INFO: [Configuration Loaded]
2023/01/20 23:01:22 app.go:48: INFO: [Database Connected Successfully]
2023/01/20 23:01:25 app.go:48: DEBUG: [[{QUESTIONER Questioner}]]
2023/01/20 23:01:26 app.go:48: DEBUG: [[{QUESTIONER Questioner}]]
2023/01/20 23:02:06 app.go:48: INFO: [Configuration Loaded]
2023/01/20 23:02:06 app.go:48: INFO: [Database Connected Successfully]
2023/01/20 23:02:11 app.go:48: DEBUG: [[{QUESTIONER Questioner}]]
2023/01/20 23:02:11 app.go:48: DEBUG: [[{QUESTIONER Questioner}]]
2023/01/20 23:02:12 app.go:48: INFO: [Configuration Loaded]
2023/01/20 23:02:12 app.go:48: INFO: [Database Connected Successfully]
2023/01/20 23:02:56 app.go:48: INFO: [Configuration Loaded]
2023/01/20 23:02:56 app.go:48: INFO: [Database Connected Successfully]
2023/01/20 23:03:08 app.go:48: INFO: [Configuration Loaded]
2023/01/20 23:03:09 app.go:48: INFO: [Database Connected Successfully]
2023/01/20 23:03:10 app.go:48: DEBUG: [{QUESTIONER Questioner}]
2023/01/20 23:04:16 app.go:48: INFO: [Configuration Loaded]
2023/01/20 23:04:16 app.go:48: INFO: [Database Connected Successfully]
2023/01/20 23:04:19 app.go:48: DEBUG: [[{QUESTIONER Questioner}]]
2023/01/20 23:04:19 app.go:48: DEBUG: [[]]
2023/01/20 23:04:20 app.go:48: DEBUG: [[{QUESTIONER Questioner}]]
2023/01/20 23:04:20 app.go:48: DEBUG: [[]]
2023/01/20 23:04:51 app.go:48: INFO: [Configuration Loaded]
2023/01/20 23:04:51 app.go:48: INFO: [Database Connected Successfully]
2023/01/20 23:05:03 app.go:48: DEBUG: [0]
2023/01/20 23:05:03 app.go:48: DEBUG: [1]
2023/01/20 23:05:03 app.go:48: DEBUG: [{QUESTIONER Questioner}]
2023/01/20 23:05:03 app.go:48: DEBUG: [2]
2023/01/20 23:05:17 app.go:48: DEBUG: [0]
2023/01/20 23:05:17 app.go:48: DEBUG: [1]
2023/01/20 23:05:17 app.go:48: DEBUG: [{QUESTIONER Questioner}]
2023/01/20 23:05:17 app.go:48: DEBUG: [2]
2023/01/20 23:05:18 app.go:48: DEBUG: [0]
2023/01/20 23:05:19 app.go:48: DEBUG: [1]
2023/01/20 23:05:19 app.go:48: DEBUG: [{QUESTIONER Questioner}]
2023/01/20 23:05:19 app.go:48: DEBUG: [2]
2023/01/20 23:06:03 app.go:48: INFO: [Configuration Loaded]
2023/01/20 23:06:06 app.go:48: INFO: [Configuration Loaded]
2023/01/20 23:06:06 app.go:48: INFO: [Database Connected Successfully]
2023/01/20 23:06:08 app.go:48: INFO: [Configuration Loaded]
2023/01/20 23:06:09 app.go:48: INFO: [Database Connected Successfully]
2023/01/20 23:06:10 app.go:48: INFO: [Configuration Loaded]
2023/01/20 23:06:10 app.go:48: INFO: [Database Connected Successfully]
2023/01/20 23:06:10 app.go:48: INFO: [Configuration Loaded]
2023/01/20 23:06:10 app.go:48: INFO: [Database Connected Successfully]
2023/01/20 23:06:12 app.go:48: DEBUG: [0]
2023/01/20 23:06:12 app.go:48: DEBUG: [1]
2023/01/20 23:06:12 app.go:48: DEBUG: [QUESTIONER]
2023/01/20 23:06:12 app.go:48: DEBUG: [2]
2023/01/20 23:06:56 app.go:48: INFO: [Configuration Loaded]
2023/01/20 23:06:57 app.go:48: INFO: [Database Connected Successfully]
2023/01/20 23:06:57 app.go:48: INFO: [Configuration Loaded]
2023/01/20 23:06:57 app.go:48: INFO: [Database Connected Successfully]
2023/01/20 23:07:20 app.go:48: INFO: [Configuration Loaded]
2023/01/20 23:07:20 app.go:48: INFO: [Database Connected Successfully]
2023/01/20 23:07:23 app.go:48: DEBUG: [0]
2023/01/20 23:07:23 app.go:48: DEBUG: [1]
2023/01/20 23:07:23 app.go:48: DEBUG: [2]
2023/01/20 23:07:23 app.go:48: DEBUG: [QUESTIONER VOLUME]
2023/01/20 23:07:23 app.go:48: DEBUG: [3]
2023/01/20 23:07:24 app.go:48: DEBUG: [0]
2023/01/20 23:07:24 app.go:48: DEBUG: [1]
2023/01/20 23:07:24 app.go:48: DEBUG: [2]
2023/01/20 23:07:24 app.go:48: DEBUG: [QUESTIONER VOLUME]
2023/01/20 23:07:24 app.go:48: DEBUG: [3]
2023/01/20 23:10:09 app.go:48: INFO: [Configuration Loaded]
2023/01/20 23:10:09 app.go:48: INFO: [Database Connected Successfully]
2023/01/20 23:10:13 app.go:48: DEBUG: [0]
2023/01/20 23:10:13 app.go:48: DEBUG: [1]
2023/01/20 23:10:13 app.go:48: DEBUG: [2]
2023/01/20 23:10:13 app.go:48: DEBUG: [3]
2023/01/20 23:10:13 app.go:48: DEBUG: [4]
2023/01/20 23:10:13 app.go:48: DEBUG: [5]
2023/01/20 23:11:31 app.go:48: DEBUG: [0]
2023/01/20 23:11:31 app.go:48: DEBUG: [1]
2023/01/20 23:11:31 app.go:48: DEBUG: [2]
2023/01/20 23:11:31 app.go:48: DEBUG: [3]
2023/01/20 23:11:31 app.go:48: DEBUG: [4]
2023/01/20 23:11:31 app.go:48: DEBUG: [5]
2023/01/20 23:14:26 app.go:48: INFO: [Configuration Loaded]
2023/01/20 23:14:26 app.go:48: INFO: [Database Connected Successfully]
2023/01/20 23:15:09 app.go:48: INFO: [Configuration Loaded]
2023/01/20 23:15:09 app.go:48: INFO: [Database Connected Successfully]
2023/01/20 23:16:01 app.go:48: INFO: [Configuration Loaded]
2023/01/20 23:16:02 app.go:48: INFO: [Database Connected Successfully]
2023/01/20 23:26:01 app.go:48: DEBUG: [Shutdowning Server ...]
2023/01/20 23:26:01 app.go:48: INFO: [Server Stopped Gracefully]
