2023/01/28 19:09:29 app.go:48: INFO: [Configuration Loaded]
2023/01/28 19:09:29 app.go:48: INFO: [Configuration Loaded]
2023/01/28 19:09:29 app.go:48: INFO: [Configuration Loaded]
2023/01/28 19:09:29 app.go:48: INFO: [Database Connected Successfully]
2023/01/28 19:10:47 app.go:48: INFO: [Configuration Loaded]
2023/01/28 19:10:47 app.go:48: INFO: [Database Connected Successfully]
2023/01/28 19:49:46 app.go:48: INFO: [Configuration Loaded]
2023/01/28 19:49:46 app.go:48: INFO: [Database Connected Successfully]
2023/01/28 19:58:30 app.go:48: INFO: [Configuration Loaded]
2023/01/28 19:58:31 app.go:48: INFO: [Database Connected Successfully]
2023/01/28 19:58:55 app.go:48: INFO: [Configuration Loaded]
2023/01/28 19:58:55 app.go:48: INFO: [Database Connected Successfully]
2023/01/28 20:00:01 app.go:48: INFO: [Configuration Loaded]
2023/01/28 20:00:01 app.go:48: INFO: [Database Connected Successfully]
2023/01/28 20:02:03 app.go:48: INFO: [Configuration Loaded]
2023/01/28 20:02:03 app.go:48: INFO: [Database Connected Successfully]
2023/01/28 20:02:45 app.go:48: INFO: [Configuration Loaded]
2023/01/28 20:02:45 app.go:48: INFO: [Database Connected Successfully]
2023/01/28 20:03:13 app.go:48: INFO: [Configuration Loaded]
2023/01/28 20:03:13 app.go:48: INFO: [Database Connected Successfully]
2023/01/28 20:03:27 app.go:48: INFO: [Configuration Loaded]
2023/01/28 20:03:27 app.go:48: INFO: [Database Connected Successfully]
2023/01/28 20:16:17 app.go:48: DEBUG: [{{1 2022-12-20 23:34:32.764281 +0700 +07 2022-12-20 23:34:32.764281 +0700 +07 {0001-01-01 00:00:00 +0000 UTC false}} {0xc0007007a8} <nil> <nil> <nil> Superadmin admin admin@gmail.com $2a$04$UBlycKecIHVJ1HsBuF9gaubia3eAEOlUoeJ2GHbZpKXW8M15TNRuW 1 {{1 2022-12-20 23:34:32.745883 +0700 +07 2022-12-20 23:34:32.745883 +0700 +07 {0001-01-01 00:00:00 +0000 UTC false}} {0xc000700fc8} Superadmin [] []} <nil> 0xc0007007a9}]
2023/01/28 20:16:17 app.go:48: DEBUG: [[]]
2023/01/28 20:16:17 app.go:48: DEBUG: [<nil>]
2023/01/28 20:16:17 app.go:48: DEBUG: [1]
2023/01/28 23:02:15 app.go:48: DEBUG: [4]
2023/01/28 23:07:02 app.go:48: INFO: [Configuration Loaded]
2023/01/28 23:07:02 app.go:48: INFO: [Database Connected Successfully]
2023/01/28 23:07:02 app.go:48: INFO: [Configuration Loaded]
2023/01/28 23:07:02 app.go:48: INFO: [Database Connected Successfully]
2023/01/28 23:08:23 app.go:48: DEBUG: [4]
2023/01/28 23:09:25 app.go:48: DEBUG: [4]
2023/01/28 23:09:37 app.go:48: DEBUG: [4]
2023/01/28 23:09:37 app.go:48: DEBUG: [4]
2023/01/28 23:11:07 app.go:48: DEBUG: [0xc0017a77a0]
2023/01/28 23:26:36 app.go:48: DEBUG: [Shutdowning Server ...]
2023/01/28 23:26:36 app.go:48: INFO: [Server Stopped Gracefully]
