2023/01/15 00:00:28 app.go:48: INFO: [Configuration Loaded]
2023/01/15 00:00:28 app.go:48: INFO: [Database Connected Successfully]
2023/01/15 00:03:07 app.go:48: INFO: [Configuration Loaded]
2023/01/15 00:03:07 app.go:48: INFO: [Database Connected Successfully]
2023/01/15 00:05:09 app.go:48: INFO: [Configuration Loaded]
2023/01/15 00:05:09 app.go:48: INFO: [Database Connected Successfully]
2023/01/15 00:05:23 app.go:48: INFO: [Configuration Loaded]
2023/01/15 00:05:23 app.go:48: INFO: [Database Connected Successfully]
2023/01/15 00:05:24 app.go:48: INFO: [Configuration Loaded]
2023/01/15 00:05:24 app.go:48: INFO: [Database Connected Successfully]
2023/01/15 00:05:30 app.go:48: DEBUG: [{{1 2022-12-20 23:34:32.764281 +0700 +07 2022-12-20 23:34:32.764281 +0700 +07 {0001-01-01 00:00:00 +0000 UTC false}} {0xc0007beff0} <nil> <nil> <nil> Superadmin admin admin@gmail.com $2a$04$UBlycKecIHVJ1HsBuF9gaubia3eAEOlUoeJ2GHbZpKXW8M15TNRuW 1 {{1 2022-12-20 23:34:32.745883 +0700 +07 2022-12-20 23:34:32.745883 +0700 +07 {0001-01-01 00:00:00 +0000 UTC false}} {0xc0007bf088} Superadmin [] []}}]
2023/01/15 00:05:30 app.go:48: DEBUG: [[]]
2023/01/15 00:05:30 app.go:48: DEBUG: [<nil>]
2023/01/15 00:05:30 app.go:48: DEBUG: [Isi dari deskripsi]
2023/01/15 00:06:08 app.go:48: DEBUG: [{{1 2022-12-20 23:34:32.764281 +0700 +07 2022-12-20 23:34:32.764281 +0700 +07 {0001-01-01 00:00:00 +0000 UTC false}} {0xc0016ad3f0} <nil> <nil> <nil> Superadmin admin admin@gmail.com $2a$04$UBlycKecIHVJ1HsBuF9gaubia3eAEOlUoeJ2GHbZpKXW8M15TNRuW 1 {{1 2022-12-20 23:34:32.745883 +0700 +07 2022-12-20 23:34:32.745883 +0700 +07 {0001-01-01 00:00:00 +0000 UTC false}} {0xc0016ad498} Superadmin [] []}}]
2023/01/15 00:06:08 app.go:48: DEBUG: [[]]
2023/01/15 00:06:08 app.go:48: DEBUG: [<nil>]
2023/01/15 00:06:08 app.go:48: DEBUG: [Jadi cara penggunaan deskripsi ini ada banyak yaitu 

dengan menggunakan blablablablalballba]
2023/01/15 00:09:55 app.go:48: INFO: [Configuration Loaded]
2023/01/15 00:09:55 app.go:48: INFO: [Database Connected Successfully]
2023/01/15 00:10:00 app.go:48: INFO: [Configuration Loaded]
2023/01/15 00:10:00 app.go:48: INFO: [Database Connected Successfully]
2023/01/15 00:10:39 app.go:48: INFO: [Configuration Loaded]
2023/01/15 00:10:39 app.go:48: INFO: [Database Connected Successfully]
2023/01/15 00:10:39 app.go:48: INFO: [Configuration Loaded]
2023/01/15 00:10:39 app.go:48: INFO: [Database Connected Successfully]
2023/01/15 00:11:40 app.go:48: DEBUG: [{{1 2022-12-20 23:34:32.764281 +0700 +07 2022-12-20 23:34:32.764281 +0700 +07 {0001-01-01 00:00:00 +0000 UTC false}} {0xc001248830} <nil> <nil> <nil> Superadmin admin admin@gmail.com $2a$04$UBlycKecIHVJ1HsBuF9gaubia3eAEOlUoeJ2GHbZpKXW8M15TNRuW 1 {{1 2022-12-20 23:34:32.745883 +0700 +07 2022-12-20 23:34:32.745883 +0700 +07 {0001-01-01 00:00:00 +0000 UTC false}} {0xc0012488c8} Superadmin [] []}}]
2023/01/15 00:11:40 app.go:48: DEBUG: [[{Berikan Contohnya Contoh}]]
2023/01/15 00:11:40 app.go:48: DEBUG: [<nil>]
2023/01/15 00:11:40 app.go:48: DEBUG: [1]
2023/01/15 00:14:43 app.go:48: INFO: [Configuration Loaded]
2023/01/15 00:14:43 app.go:48: INFO: [Database Connected Successfully]
2023/01/15 00:14:57 app.go:48: DEBUG: [{{1 2022-12-20 23:34:32.764281 +0700 +07 2022-12-20 23:34:32.764281 +0700 +07 {0001-01-01 00:00:00 +0000 UTC false}} {0xc000296ff0} <nil> <nil> <nil> Superadmin admin admin@gmail.com $2a$04$UBlycKecIHVJ1HsBuF9gaubia3eAEOlUoeJ2GHbZpKXW8M15TNRuW 1 {{1 2022-12-20 23:34:32.745883 +0700 +07 2022-12-20 23:34:32.745883 +0700 +07 {0001-01-01 00:00:00 +0000 UTC false}} {0xc000297088} Superadmin [] []}}]
2023/01/15 00:14:57 app.go:48: DEBUG: [[]]
2023/01/15 00:14:57 app.go:48: DEBUG: [<nil>]
2023/01/15 00:14:57 app.go:48: DEBUG: [Jadi cara penggunaan deskripsi ini ada banyak yaitu 

dengan menggunakan blablablablalballba 2]
2023/01/15 00:15:10 app.go:48: INFO: [Configuration Loaded]
2023/01/15 00:15:10 app.go:48: INFO: [Database Connected Successfully]
2023/01/15 00:15:28 app.go:48: DEBUG: [{{1 2022-12-20 23:34:32.764281 +0700 +07 2022-12-20 23:34:32.764281 +0700 +07 {0001-01-01 00:00:00 +0000 UTC false}} {0xc0014d49a0} <nil> <nil> <nil> Superadmin admin admin@gmail.com $2a$04$UBlycKecIHVJ1HsBuF9gaubia3eAEOlUoeJ2GHbZpKXW8M15TNRuW 1 {{1 2022-12-20 23:34:32.745883 +0700 +07 2022-12-20 23:34:32.745883 +0700 +07 {0001-01-01 00:00:00 +0000 UTC false}} {0xc0014d4a48} Superadmin [] []}}]
2023/01/15 00:15:28 app.go:48: DEBUG: [[]]
2023/01/15 00:15:28 app.go:48: DEBUG: [<nil>]
2023/01/15 00:15:28 app.go:48: DEBUG: [Jadi cara penggunaan deskripsi ini ada banyak yaitu 

dengan menggunakan blablablablalballba 2 3]
2023/01/15 00:15:34 app.go:48: DEBUG: [{{1 2022-12-20 23:34:32.764281 +0700 +07 2022-12-20 23:34:32.764281 +0700 +07 {0001-01-01 00:00:00 +0000 UTC false}} {0xc0015a73a0} <nil> <nil> <nil> Superadmin admin admin@gmail.com $2a$04$UBlycKecIHVJ1HsBuF9gaubia3eAEOlUoeJ2GHbZpKXW8M15TNRuW 1 {{1 2022-12-20 23:34:32.745883 +0700 +07 2022-12-20 23:34:32.745883 +0700 +07 {0001-01-01 00:00:00 +0000 UTC false}} {0xc0015a7438} Superadmin [] []}}]
2023/01/15 00:15:34 app.go:48: DEBUG: [[]]
2023/01/15 00:15:34 app.go:48: DEBUG: [<nil>]
2023/01/15 00:15:34 app.go:48: DEBUG: [1]
2023/01/15 00:17:29 app.go:48: DEBUG: [false]
2023/01/15 00:19:51 app.go:48: DEBUG: [Shutdowning Server ...]
2023/01/15 00:19:51 app.go:48: INFO: [Server Stopped Gracefully]
2023/01/15 08:34:59 app.go:48: INFO: [Configuration Loaded]
2023/01/15 08:34:59 app.go:48: INFO: [Database Connected Successfully]
2023/01/15 08:35:00 app.go:48: INFO: [Configuration Loaded]
2023/01/15 08:35:00 app.go:48: INFO: [Database Connected Successfully]
2023/01/15 08:35:01 app.go:48: INFO: [Configuration Loaded]
2023/01/15 08:35:01 app.go:48: INFO: [Database Connected Successfully]
2023/01/15 08:51:07 app.go:48: DEBUG: [{{1 2022-12-20 23:34:32.764281 +0700 +07 2022-12-20 23:34:32.764281 +0700 +07 {0001-01-01 00:00:00 +0000 UTC false}} {0xc00066fa90} <nil> <nil> <nil> Superadmin admin admin@gmail.com $2a$04$UBlycKecIHVJ1HsBuF9gaubia3eAEOlUoeJ2GHbZpKXW8M15TNRuW 1 {{1 2022-12-20 23:34:32.745883 +0700 +07 2022-12-20 23:34:32.745883 +0700 +07 {0001-01-01 00:00:00 +0000 UTC false}} {0xc00066fb28} Superadmin [] []}}]
2023/01/15 08:51:07 app.go:48: DEBUG: [[]]
2023/01/15 08:51:07 app.go:48: DEBUG: [<nil>]
2023/01/15 08:51:07 app.go:48: DEBUG: [Jadi cara penggunaan deskripsi ini ada banyak yaitu ]
2023/01/15 08:51:24 app.go:48: DEBUG: [false]
2023/01/15 08:51:28 app.go:48: DEBUG: [false]
2023/01/15 09:24:29 app.go:48: INFO: [Configuration Loaded]
2023/01/15 09:24:30 app.go:48: INFO: [Database Connected Successfully]
2023/01/15 09:24:30 app.go:48: INFO: [Configuration Loaded]
2023/01/15 09:24:30 app.go:48: INFO: [Database Connected Successfully]
2023/01/15 09:25:55 app.go:48: INFO: [Configuration Loaded]
2023/01/15 09:25:55 app.go:48: INFO: [Database Connected Successfully]
2023/01/15 09:26:29 app.go:48: INFO: [Configuration Loaded]
2023/01/15 09:26:29 app.go:48: INFO: [Database Connected Successfully]
2023/01/15 09:26:35 app.go:48: INFO: [Configuration Loaded]
2023/01/15 09:26:35 app.go:48: INFO: [Database Connected Successfully]
2023/01/15 09:28:11 app.go:48: INFO: [Configuration Loaded]
2023/01/15 09:28:11 app.go:48: INFO: [Database Connected Successfully]
2023/01/15 09:28:30 app.go:48: INFO: [Configuration Loaded]
2023/01/15 09:28:30 app.go:48: INFO: [Database Connected Successfully]
2023/01/15 09:28:48 app.go:48: INFO: [Configuration Loaded]
2023/01/15 09:28:48 app.go:48: INFO: [Database Connected Successfully]
2023/01/15 09:29:12 app.go:48: INFO: [Configuration Loaded]
2023/01/15 09:29:12 app.go:48: INFO: [Database Connected Successfully]
2023/01/15 09:31:13 app.go:48: INFO: [Configuration Loaded]
2023/01/15 09:31:13 app.go:48: INFO: [Database Connected Successfully]
2023/01/15 09:31:20 app.go:48: INFO: [Configuration Loaded]
2023/01/15 09:31:20 app.go:48: INFO: [Database Connected Successfully]
2023/01/15 09:32:33 app.go:48: INFO: [Configuration Loaded]
2023/01/15 09:32:33 app.go:48: INFO: [Database Connected Successfully]
2023/01/15 09:32:48 app.go:48: INFO: [Configuration Loaded]
2023/01/15 09:32:48 app.go:48: INFO: [Database Connected Successfully]
2023/01/15 09:34:07 app.go:48: INFO: [Configuration Loaded]
2023/01/15 09:34:07 app.go:48: INFO: [Database Connected Successfully]
2023/01/15 09:34:07 app.go:48: INFO: [Configuration Loaded]
2023/01/15 09:34:07 app.go:48: INFO: [Database Connected Successfully]
2023/01/15 09:34:43 app.go:48: DEBUG: [Shutdowning Server ...]
2023/01/15 09:34:43 app.go:48: INFO: [Server Stopped Gracefully]
2023/01/15 09:40:53 app.go:48: INFO: [Configuration Loaded]
2023/01/15 09:40:53 app.go:48: INFO: [Database Connected Successfully]
2023/01/15 11:09:33 app.go:48: INFO: [Configuration Loaded]
2023/01/15 11:09:33 app.go:48: INFO: [Configuration Loaded]
2023/01/15 11:09:33 app.go:48: INFO: [Database Connected Successfully]
2023/01/15 11:09:34 app.go:48: INFO: [Configuration Loaded]
2023/01/15 11:09:34 app.go:48: INFO: [Database Connected Successfully]
2023/01/15 11:12:35 app.go:48: INFO: [Configuration Loaded]
2023/01/15 11:12:35 app.go:48: INFO: [Database Connected Successfully]
2023/01/15 11:13:54 app.go:48: INFO: [Configuration Loaded]
2023/01/15 11:13:54 app.go:48: INFO: [Database Connected Successfully]
2023/01/15 11:15:44 app.go:48: INFO: [Configuration Loaded]
2023/01/15 11:15:44 app.go:48: INFO: [Database Connected Successfully]
2023/01/15 11:38:04 app.go:48: INFO: [Configuration Loaded]
2023/01/15 11:38:04 app.go:48: INFO: [Database Connected Successfully]
2023/01/15 11:38:37 app.go:48: INFO: [Configuration Loaded]
2023/01/15 11:38:37 app.go:48: INFO: [Database Connected Successfully]
2023/01/15 11:51:02 app.go:48: INFO: [Configuration Loaded]
2023/01/15 11:51:02 app.go:48: INFO: [Database Connected Successfully]
2023/01/15 11:57:19 app.go:48: DEBUG: [Shutdowning Server ...]
2023/01/15 11:57:26 app.go:48: INFO: [Configuration Loaded]
2023/01/15 11:57:26 app.go:48: INFO: [Database Connected Successfully]
2023/01/15 11:58:52 app.go:48: INFO: [Configuration Loaded]
2023/01/15 11:58:52 app.go:48: INFO: [Database Connected Successfully]
2023/01/15 12:21:09 app.go:48: INFO: [Configuration Loaded]
2023/01/15 12:21:09 app.go:48: INFO: [Database Connected Successfully]
2023/01/15 12:21:09 app.go:48: INFO: [Configuration Loaded]
2023/01/15 12:21:09 app.go:48: INFO: [Database Connected Successfully]
2023/01/15 12:57:08 app.go:48: INFO: [Configuration Loaded]
2023/01/15 12:57:08 app.go:48: INFO: [Configuration Loaded]
2023/01/15 12:57:08 app.go:48: INFO: [Database Connected Successfully]
2023/01/15 13:05:41 app.go:48: INFO: [Configuration Loaded]
2023/01/15 13:05:41 app.go:48: INFO: [Database Connected Successfully]
2023/01/15 13:05:51 app.go:48: INFO: [Configuration Loaded]
2023/01/15 13:05:51 app.go:48: INFO: [Database Connected Successfully]
2023/01/15 13:16:43 app.go:48: INFO: [Configuration Loaded]
2023/01/15 13:16:43 app.go:48: INFO: [Database Connected Successfully]
2023/01/15 13:16:57 app.go:48: INFO: [Configuration Loaded]
2023/01/15 13:16:57 app.go:48: INFO: [Database Connected Successfully]
2023/01/15 13:17:28 app.go:48: INFO: [Configuration Loaded]
2023/01/15 13:17:28 app.go:48: INFO: [Database Connected Successfully]
2023/01/15 13:33:22 app.go:48: INFO: [Configuration Loaded]
2023/01/15 13:33:22 app.go:48: INFO: [Database Connected Successfully]
2023/01/15 13:33:22 app.go:48: INFO: [Configuration Loaded]
2023/01/15 13:33:22 app.go:48: INFO: [Database Connected Successfully]
2023/01/15 13:34:06 app.go:48: INFO: [Configuration Loaded]
2023/01/15 13:34:07 app.go:48: INFO: [Database Connected Successfully]
2023/01/15 13:52:59 app.go:48: INFO: [Configuration Loaded]
2023/01/15 13:52:59 app.go:48: INFO: [Database Connected Successfully]
2023/01/15 13:53:00 app.go:48: INFO: [Configuration Loaded]
2023/01/15 13:53:00 app.go:48: INFO: [Database Connected Successfully]
2023/01/15 13:53:54 app.go:48: INFO: [Configuration Loaded]
2023/01/15 13:53:54 app.go:48: INFO: [Database Connected Successfully]
2023/01/15 13:54:26 app.go:48: INFO: [Configuration Loaded]
2023/01/15 13:54:26 app.go:48: INFO: [Database Connected Successfully]
2023/01/15 13:54:44 app.go:48: INFO: [Configuration Loaded]
2023/01/15 13:54:44 app.go:48: INFO: [Database Connected Successfully]
2023/01/15 13:55:25 app.go:48: INFO: [Configuration Loaded]
2023/01/15 13:55:25 app.go:48: INFO: [Database Connected Successfully]
2023/01/15 13:55:46 app.go:48: INFO: [Configuration Loaded]
2023/01/15 13:55:46 app.go:48: INFO: [Database Connected Successfully]
2023/01/15 13:56:13 app.go:48: INFO: [Configuration Loaded]
2023/01/15 13:56:13 app.go:48: INFO: [Database Connected Successfully]
2023/01/15 13:57:01 app.go:48: INFO: [Configuration Loaded]
2023/01/15 13:57:01 app.go:48: INFO: [Database Connected Successfully]
2023/01/15 13:57:09 app.go:48: INFO: [Configuration Loaded]
2023/01/15 13:57:09 app.go:48: INFO: [Database Connected Successfully]
2023/01/15 13:57:22 app.go:48: INFO: [Configuration Loaded]
2023/01/15 13:57:22 app.go:48: INFO: [Database Connected Successfully]
2023/01/15 14:15:57 app.go:48: INFO: [Configuration Loaded]
2023/01/15 14:15:57 app.go:48: INFO: [Database Connected Successfully]
2023/01/15 14:15:57 app.go:48: INFO: [Configuration Loaded]
2023/01/15 14:15:57 app.go:48: INFO: [Database Connected Successfully]
2023/01/15 14:16:22 app.go:48: DEBUG: [{{1 2022-12-20 23:34:32.764281 +0700 +07 2022-12-20 23:34:32.764281 +0700 +07 {0001-01-01 00:00:00 +0000 UTC false}} {0xc00168f420} <nil> <nil> <nil> Superadmin admin admin@gmail.com $2a$04$UBlycKecIHVJ1HsBuF9gaubia3eAEOlUoeJ2GHbZpKXW8M15TNRuW 1 {{1 2022-12-20 23:34:32.745883 +0700 +07 2022-12-20 23:34:32.745883 +0700 +07 {0001-01-01 00:00:00 +0000 UTC false}} {0xc00168f4b8} Superadmin [] []}}]
2023/01/15 14:16:22 app.go:48: DEBUG: [[]]
2023/01/15 14:16:22 app.go:48: DEBUG: [<nil>]
2023/01/15 14:16:23 app.go:48: DEBUG: [1]
2023/01/15 14:45:01 app.go:48: DEBUG: [{{1 2022-12-20 23:34:32.764281 +0700 +07 2022-12-20 23:34:32.764281 +0700 +07 {0001-01-01 00:00:00 +0000 UTC false}} {0xc001ab3360} <nil> <nil> <nil> Superadmin admin admin@gmail.com $2a$04$UBlycKecIHVJ1HsBuF9gaubia3eAEOlUoeJ2GHbZpKXW8M15TNRuW 1 {{1 2022-12-20 23:34:32.745883 +0700 +07 2022-12-20 23:34:32.745883 +0700 +07 {0001-01-01 00:00:00 +0000 UTC false}} {0xc001ab33f8} Superadmin [] []}}]
2023/01/15 14:45:01 app.go:48: DEBUG: [[]]
2023/01/15 14:45:01 app.go:48: DEBUG: [<nil>]
2023/01/15 14:45:01 app.go:48: DEBUG: [0]
2023/01/15 14:48:35 app.go:48: DEBUG: [[map[id:54ef3692-8af6-4209-ac6b-aaa6be115893 name:Consumer Group parentId:0 structureCode:CG] map[id:09f40df3-8a1a-44b2-a71d-6b6340c7cafc name:General Manager parentId:54ef3692-8af6-4209-ac6b-aaa6be115893 structureCode:GM] map[id:fd9f57fe-aa1b-4575-a045-a8248cf679d4 name:Board Activity Management Departmen parentId:09f40df3-8a1a-44b2-a71d-6b6340c7cafc structureCode:BAMP] map[id:ac98bc71-2ed7-4cea-b8eb-36632b959e8e name:Manager parentId:54ef3692-8af6-4209-ac6b-aaa6be115893 structureCode:M]]]
2023/01/15 15:05:52 app.go:48: INFO: [Configuration Loaded]
2023/01/15 15:05:52 app.go:48: INFO: [Configuration Loaded]
2023/01/15 15:05:52 app.go:48: INFO: [Database Connected Successfully]
2023/01/15 15:06:26 app.go:48: INFO: [Configuration Loaded]
2023/01/15 15:06:26 app.go:48: INFO: [Database Connected Successfully]
2023/01/15 15:07:30 app.go:48: INFO: [Configuration Loaded]
2023/01/15 15:07:30 app.go:48: INFO: [Database Connected Successfully]
2023/01/15 15:07:43 app.go:48: INFO: [Configuration Loaded]
2023/01/15 15:07:43 app.go:48: INFO: [Database Connected Successfully]
2023/01/15 15:07:47 app.go:48: INFO: [Configuration Loaded]
2023/01/15 15:07:47 app.go:48: INFO: [Database Connected Successfully]
2023/01/15 15:08:14 app.go:48: INFO: [Configuration Loaded]
2023/01/15 15:08:14 app.go:48: INFO: [Database Connected Successfully]
2023/01/15 15:08:43 app.go:48: INFO: [Configuration Loaded]
2023/01/15 15:08:43 app.go:48: INFO: [Database Connected Successfully]
2023/01/15 15:09:03 app.go:48: INFO: [Configuration Loaded]
2023/01/15 15:09:03 app.go:48: INFO: [Database Connected Successfully]
2023/01/15 15:12:35 app.go:48: INFO: [Configuration Loaded]
2023/01/15 15:12:35 app.go:48: INFO: [Database Connected Successfully]
2023/01/15 15:12:40 app.go:48: INFO: [Configuration Loaded]
2023/01/15 15:12:40 app.go:48: INFO: [Database Connected Successfully]
2023/01/15 15:12:46 app.go:48: INFO: [Configuration Loaded]
2023/01/15 15:12:46 app.go:48: INFO: [Database Connected Successfully]
2023/01/15 15:12:52 app.go:48: INFO: [Configuration Loaded]
2023/01/15 15:12:52 app.go:48: INFO: [Database Connected Successfully]
2023/01/15 15:13:00 app.go:48: INFO: [Configuration Loaded]
2023/01/15 15:13:00 app.go:48: INFO: [Database Connected Successfully]
2023/01/15 15:40:18 app.go:48: INFO: [Configuration Loaded]
2023/01/15 15:40:18 app.go:48: INFO: [Database Connected Successfully]
2023/01/15 15:40:41 app.go:48: DEBUG: [[map[id:54ef3692-8af6-4209-ac6b-aaa6be115893 name:Consumer Group parentId:0 structureCode:CG] map[id:09f40df3-8a1a-44b2-a71d-6b6340c7cafc name:General Manager parentId:54ef3692-8af6-4209-ac6b-aaa6be115893 structureCode:GM] map[id:fd9f57fe-aa1b-4575-a045-a8248cf679d4 name:Board Activity Management Departmen parentId:09f40df3-8a1a-44b2-a71d-6b6340c7cafc structureCode:BAMP] map[id:ac98bc71-2ed7-4cea-b8eb-36632b959e8e name:Manager parentId:54ef3692-8af6-4209-ac6b-aaa6be115893 structureCode:M]]]
2023/01/15 15:53:05 app.go:48: DEBUG: [[map[id:54ef3692-8af6-4209-ac6b-aaa6be115893 name:Consumer Group parentId:0 structureCode:CG] map[id:09f40df3-8a1a-44b2-a71d-6b6340c7cafc name:General Manager parentId:54ef3692-8af6-4209-ac6b-aaa6be115893 structureCode:GM] map[id:fd9f57fe-aa1b-4575-a045-a8248cf679d4 name:Board Activity Management Departmen parentId:09f40df3-8a1a-44b2-a71d-6b6340c7cafc structureCode:BAMP] map[id:ac98bc71-2ed7-4cea-b8eb-36632b959e8e name:Manager parentId:54ef3692-8af6-4209-ac6b-aaa6be115893 structureCode:M] map[id:5eee69fa-4f03-47bc-b8c5-59cf70305619 name:IT parentId:0 structureCode:IT]]]
2023/01/15 15:55:26 app.go:48: INFO: [Configuration Loaded]
2023/01/15 15:55:26 app.go:48: INFO: [Database Connected Successfully]
2023/01/15 15:55:27 app.go:48: INFO: [Configuration Loaded]
2023/01/15 15:55:27 app.go:48: INFO: [Database Connected Successfully]
2023/01/15 15:55:34 app.go:48: INFO: [Configuration Loaded]
2023/01/15 15:55:34 app.go:48: INFO: [Database Connected Successfully]
2023/01/15 15:55:36 app.go:48: INFO: [Configuration Loaded]
2023/01/15 15:55:36 app.go:48: INFO: [Database Connected Successfully]
2023/01/15 15:55:51 app.go:48: INFO: [Configuration Loaded]
2023/01/15 15:55:51 app.go:48: INFO: [Database Connected Successfully]
2023/01/15 16:01:32 app.go:48: DEBUG: [[map[id:54ef3692-8af6-4209-ac6b-aaa6be115893 name:Consumer Group parentId:0 structureCode:CG] map[id:09f40df3-8a1a-44b2-a71d-6b6340c7cafc name:General Manager parentId:54ef3692-8af6-4209-ac6b-aaa6be115893 structureCode:GM] map[id:fd9f57fe-aa1b-4575-a045-a8248cf679d4 name:Board Activity Management Departmen parentId:09f40df3-8a1a-44b2-a71d-6b6340c7cafc structureCode:BAMP] map[id:ac98bc71-2ed7-4cea-b8eb-36632b959e8e name:Manager parentId:54ef3692-8af6-4209-ac6b-aaa6be115893 structureCode:M] map[id:5eee69fa-4f03-47bc-b8c5-59cf70305619 name:IT parentId:0 structureCode:IT]]]
2023/01/15 16:06:30 app.go:48: INFO: [Configuration Loaded]
2023/01/15 16:06:30 app.go:48: INFO: [Database Connected Successfully]
2023/01/15 16:06:31 app.go:48: INFO: [Configuration Loaded]
2023/01/15 16:06:31 app.go:48: INFO: [Database Connected Successfully]
2023/01/15 16:06:48 app.go:48: INFO: [Configuration Loaded]
2023/01/15 16:06:48 app.go:48: INFO: [Database Connected Successfully]
2023/01/15 16:07:19 app.go:48: DEBUG: [[map[id:54ef3692-8af6-4209-ac6b-aaa6be115893 name:Consumer Group parentId:0 structureCode:CG] map[id:09f40df3-8a1a-44b2-a71d-6b6340c7cafc name:General Manager parentId:54ef3692-8af6-4209-ac6b-aaa6be115893 structureCode:GM] map[id:fd9f57fe-aa1b-4575-a045-a8248cf679d4 name:Board Activity Management Departmen parentId:09f40df3-8a1a-44b2-a71d-6b6340c7cafc structureCode:BAMP] map[id:ac98bc71-2ed7-4cea-b8eb-36632b959e8e name:Manager parentId:54ef3692-8af6-4209-ac6b-aaa6be115893 structureCode:M] map[id:5eee69fa-4f03-47bc-b8c5-59cf70305619 name:IT parentId:0 structureCode:IT]]]
2023/01/15 16:10:28 app.go:48: INFO: [Configuration Loaded]
2023/01/15 16:10:28 app.go:48: INFO: [Database Connected Successfully]
2023/01/15 16:10:28 app.go:48: INFO: [Configuration Loaded]
2023/01/15 16:10:28 app.go:48: INFO: [Database Connected Successfully]
2023/01/15 16:32:27 app.go:48: DEBUG: [false]
2023/01/15 16:32:48 app.go:48: DEBUG: [{{1 2022-12-20 23:34:32.764281 +0700 +07 2022-12-20 23:34:32.764281 +0700 +07 {0001-01-01 00:00:00 +0000 UTC false}} {0xc0005a4ee0} <nil> <nil> <nil> Superadmin admin admin@gmail.com $2a$04$UBlycKecIHVJ1HsBuF9gaubia3eAEOlUoeJ2GHbZpKXW8M15TNRuW 1 {{1 2022-12-20 23:34:32.745883 +0700 +07 2022-12-20 23:34:32.745883 +0700 +07 {0001-01-01 00:00:00 +0000 UTC false}} {0xc0005a4f78} Superadmin [] []}}]
2023/01/15 16:32:48 app.go:48: DEBUG: [[]]
2023/01/15 16:32:48 app.go:48: DEBUG: [<nil>]
2023/01/15 16:32:48 app.go:48: DEBUG: [1]
2023/01/15 16:38:00 app.go:48: INFO: [Configuration Loaded]
2023/01/15 16:38:00 app.go:48: INFO: [Database Connected Successfully]
2023/01/15 16:38:01 app.go:48: INFO: [Configuration Loaded]
2023/01/15 16:38:01 app.go:48: INFO: [Database Connected Successfully]
2023/01/15 16:39:38 app.go:48: INFO: [Configuration Loaded]
2023/01/15 16:39:38 app.go:48: INFO: [Database Connected Successfully]
2023/01/15 16:39:40 app.go:48: INFO: [Configuration Loaded]
2023/01/15 16:39:40 app.go:48: INFO: [Database Connected Successfully]
2023/01/15 16:42:44 app.go:48: INFO: [Configuration Loaded]
2023/01/15 16:42:44 app.go:48: INFO: [Database Connected Successfully]
2023/01/15 16:42:59 app.go:48: INFO: [Configuration Loaded]
2023/01/15 16:42:59 app.go:48: INFO: [Database Connected Successfully]
2023/01/15 16:46:09 app.go:48: INFO: [Configuration Loaded]
2023/01/15 16:46:09 app.go:48: INFO: [Database Connected Successfully]
2023/01/15 16:51:53 app.go:48: INFO: [Configuration Loaded]
2023/01/15 16:51:53 app.go:48: INFO: [Database Connected Successfully]
2023/01/15 16:53:46 app.go:48: INFO: [Configuration Loaded]
2023/01/15 16:53:47 app.go:48: INFO: [Database Connected Successfully]
2023/01/15 16:53:59 app.go:48: INFO: [Configuration Loaded]
2023/01/15 16:53:59 app.go:48: INFO: [Database Connected Successfully]
2023/01/15 16:54:12 app.go:48: INFO: [Configuration Loaded]
2023/01/15 16:54:12 app.go:48: INFO: [Database Connected Successfully]
2023/01/15 16:54:58 app.go:48: INFO: [Configuration Loaded]
2023/01/15 16:54:58 app.go:48: INFO: [Database Connected Successfully]
2023/01/15 16:55:00 app.go:48: INFO: [Configuration Loaded]
2023/01/15 16:55:00 app.go:48: INFO: [Database Connected Successfully]
2023/01/15 16:58:11 app.go:48: INFO: [Configuration Loaded]
2023/01/15 16:58:11 app.go:48: INFO: [Database Connected Successfully]
2023/01/15 16:59:20 app.go:48: INFO: [Configuration Loaded]
2023/01/15 16:59:20 app.go:48: INFO: [Database Connected Successfully]
2023/01/15 17:01:18 app.go:48: INFO: [Configuration Loaded]
2023/01/15 17:01:18 app.go:48: INFO: [Database Connected Successfully]
2023/01/15 17:01:59 app.go:48: INFO: [Configuration Loaded]
2023/01/15 17:01:59 app.go:48: INFO: [Database Connected Successfully]
2023/01/15 17:02:20 app.go:48: INFO: [Configuration Loaded]
2023/01/15 17:02:20 app.go:48: INFO: [Database Connected Successfully]
2023/01/15 17:03:02 app.go:48: INFO: [Configuration Loaded]
2023/01/15 17:03:02 app.go:48: INFO: [Database Connected Successfully]
2023/01/15 17:03:12 app.go:48: INFO: [Configuration Loaded]
2023/01/15 17:03:12 app.go:48: INFO: [Database Connected Successfully]
2023/01/15 17:03:25 app.go:48: INFO: [Configuration Loaded]
2023/01/15 17:03:26 app.go:48: INFO: [Database Connected Successfully]
2023/01/15 17:03:37 app.go:48: DEBUG: [Request ambil detail struktur]
2023/01/15 17:03:37 app.go:48: DEBUG: [Request ambil detail struktur]
2023/01/15 17:03:38 app.go:48: DEBUG: [Request ambil detail struktur]
2023/01/15 17:04:44 app.go:48: INFO: [Configuration Loaded]
2023/01/15 17:04:44 app.go:48: INFO: [Database Connected Successfully]
2023/01/15 17:04:51 app.go:48: INFO: [Configuration Loaded]
2023/01/15 17:04:51 app.go:48: INFO: [Database Connected Successfully]
2023/01/15 17:05:25 app.go:48: INFO: [Configuration Loaded]
2023/01/15 17:05:25 app.go:48: INFO: [Database Connected Successfully]
2023/01/15 17:05:26 app.go:48: INFO: [Configuration Loaded]
2023/01/15 17:05:26 app.go:48: INFO: [Database Connected Successfully]
2023/01/15 17:05:33 app.go:48: INFO: [Configuration Loaded]
2023/01/15 17:05:33 app.go:48: INFO: [Database Connected Successfully]
2023/01/15 17:38:57 app.go:48: DEBUG: [Shutdowning Server ...]
2023/01/15 17:38:57 app.go:48: INFO: [Server Stopped Gracefully]
2023/01/15 18:34:35 app.go:48: INFO: [Configuration Loaded]
2023/01/15 18:34:35 app.go:48: INFO: [Configuration Loaded]
2023/01/15 18:34:35 app.go:48: INFO: [Database Connected Successfully]
2023/01/15 18:34:40 app.go:48: INFO: [Configuration Loaded]
2023/01/15 18:34:40 app.go:48: INFO: [Database Connected Successfully]
2023/01/15 18:57:28 app.go:48: INFO: [Configuration Loaded]
2023/01/15 18:57:28 app.go:48: INFO: [Database Connected Successfully]
2023/01/15 18:58:10 app.go:48: DEBUG: [{{1 2022-12-20 23:34:32.764281 +0700 +07 2022-12-20 23:34:32.764281 +0700 +07 {0001-01-01 00:00:00 +0000 UTC false}} {0xc001723bb0} <nil> <nil> <nil> Superadmin admin admin@gmail.com $2a$04$UBlycKecIHVJ1HsBuF9gaubia3eAEOlUoeJ2GHbZpKXW8M15TNRuW 1 {{1 2022-12-20 23:34:32.745883 +0700 +07 2022-12-20 23:34:32.745883 +0700 +07 {0001-01-01 00:00:00 +0000 UTC false}} {0xc001723c58} Superadmin [] []}}]
2023/01/15 18:58:10 app.go:48: DEBUG: [[]]
2023/01/15 18:58:10 app.go:48: DEBUG: [<nil>]
2023/01/15 18:58:10 app.go:48: DEBUG: [0]
2023/01/15 18:58:17 app.go:48: DEBUG: [{{1 2022-12-20 23:34:32.764281 +0700 +07 2022-12-20 23:34:32.764281 +0700 +07 {0001-01-01 00:00:00 +0000 UTC false}} {0xc0006129f0} <nil> <nil> <nil> Superadmin admin admin@gmail.com $2a$04$UBlycKecIHVJ1HsBuF9gaubia3eAEOlUoeJ2GHbZpKXW8M15TNRuW 1 {{1 2022-12-20 23:34:32.745883 +0700 +07 2022-12-20 23:34:32.745883 +0700 +07 {0001-01-01 00:00:00 +0000 UTC false}} {0xc000612a88} Superadmin [] []}}]
2023/01/15 18:58:17 app.go:48: DEBUG: [[]]
2023/01/15 18:58:17 app.go:48: DEBUG: [<nil>]
2023/01/15 18:58:17 app.go:48: DEBUG: [Deskripsi]
2023/01/15 19:13:56 app.go:48: INFO: [Configuration Loaded]
2023/01/15 19:13:56 app.go:48: INFO: [Database Connected Successfully]
2023/01/15 19:13:58 app.go:48: INFO: [Configuration Loaded]
2023/01/15 19:13:58 app.go:48: INFO: [Database Connected Successfully]
2023/01/15 19:14:13 app.go:48: INFO: [Configuration Loaded]
2023/01/15 19:14:13 app.go:48: INFO: [Database Connected Successfully]
2023/01/15 19:14:46 app.go:48: INFO: [Configuration Loaded]
2023/01/15 19:14:46 app.go:48: INFO: [Database Connected Successfully]
2023/01/15 19:14:54 app.go:48: INFO: [Configuration Loaded]
2023/01/15 19:14:54 app.go:48: INFO: [Database Connected Successfully]
2023/01/15 20:22:56 app.go:48: INFO: [Configuration Loaded]
2023/01/15 20:22:56 app.go:48: INFO: [Database Connected Successfully]
2023/01/15 20:38:16 app.go:48: INFO: [Configuration Loaded]
2023/01/15 20:38:16 app.go:48: INFO: [Database Connected Successfully]
2023/01/15 20:48:59 app.go:48: INFO: [Configuration Loaded]
2023/01/15 20:48:59 app.go:48: INFO: [Database Connected Successfully]
2023/01/15 20:59:49 app.go:48: DEBUG: [[{{49 0001-01-01 00:00:00 +0000 UTC 0001-01-01 00:00:00 +0000 UTC {0001-01-01 00:00:00 +0000 UTC false}} 12 {{0 0001-01-01 00:00:00 +0000 UTC 0001-01-01 00:00:00 +0000 UTC {0001-01-01 00:00:00 +0000 UTC false}}   0001-01-01 00:00:00 +0000 UTC  0  <nil> 0 [] {{0 0001-01-01 00:00:00 +0000 UTC 0001-01-01 00:00:00 +0000 UTC {0001-01-01 00:00:00 +0000 UTC false}} {<nil>}  <nil> []} []} CG 10 {{0 0001-01-01 00:00:00 +0000 UTC 0001-01-01 00:00:00 +0000 UTC {0001-01-01 00:00:00 +0000 UTC false}} {<nil>}  <nil> []} Consumer Group 0 54ef3692-8af6-4209-ac6b-aaa6be115893 0}]]
2023/01/15 20:59:49 app.go:48: DEBUG: [54ef3692-8af6-4209-ac6b-aaa6be115893]
2023/01/15 20:59:49 app.go:48: DEBUG: [3]
2023/01/15 21:00:39 app.go:48: INFO: [Configuration Loaded]
2023/01/15 21:00:39 app.go:48: INFO: [Database Connected Successfully]
2023/01/15 21:00:58 app.go:48: DEBUG: [Pilih All]
2023/01/15 21:00:58 app.go:48: DEBUG: [[{{49 0001-01-01 00:00:00 +0000 UTC 0001-01-01 00:00:00 +0000 UTC {0001-01-01 00:00:00 +0000 UTC false}} 12 {{0 0001-01-01 00:00:00 +0000 UTC 0001-01-01 00:00:00 +0000 UTC {0001-01-01 00:00:00 +0000 UTC false}}   0001-01-01 00:00:00 +0000 UTC  0  <nil> 0 [] {{0 0001-01-01 00:00:00 +0000 UTC 0001-01-01 00:00:00 +0000 UTC {0001-01-01 00:00:00 +0000 UTC false}} {<nil>}  <nil> []} []} CG 10 {{0 0001-01-01 00:00:00 +0000 UTC 0001-01-01 00:00:00 +0000 UTC {0001-01-01 00:00:00 +0000 UTC false}} {<nil>}  <nil> []} Consumer Group 0 54ef3692-8af6-4209-ac6b-aaa6be115893 0}]]
2023/01/15 21:00:58 app.go:48: DEBUG: [54ef3692-8af6-4209-ac6b-aaa6be115893]
2023/01/15 21:00:58 app.go:48: DEBUG: [3]
2023/01/15 21:01:28 app.go:48: INFO: [Configuration Loaded]
2023/01/15 21:01:28 app.go:48: INFO: [Database Connected Successfully]
2023/01/15 21:01:49 app.go:48: INFO: [Configuration Loaded]
2023/01/15 21:01:49 app.go:48: INFO: [Database Connected Successfully]
2023/01/15 21:01:58 app.go:48: INFO: [Configuration Loaded]
2023/01/15 21:01:58 app.go:48: INFO: [Database Connected Successfully]
2023/01/15 21:02:25 app.go:48: INFO: [Configuration Loaded]
2023/01/15 21:02:26 app.go:48: INFO: [Database Connected Successfully]
2023/01/15 21:02:32 app.go:48: INFO: [Configuration Loaded]
2023/01/15 21:02:32 app.go:48: INFO: [Database Connected Successfully]
2023/01/15 21:02:40 app.go:48: DEBUG: [Pilih All]
2023/01/15 21:02:40 app.go:48: DEBUG: [[{{49 0001-01-01 00:00:00 +0000 UTC 0001-01-01 00:00:00 +0000 UTC {0001-01-01 00:00:00 +0000 UTC false}} 12 {{0 0001-01-01 00:00:00 +0000 UTC 0001-01-01 00:00:00 +0000 UTC {0001-01-01 00:00:00 +0000 UTC false}}   0001-01-01 00:00:00 +0000 UTC  0  <nil> 0 [] {{0 0001-01-01 00:00:00 +0000 UTC 0001-01-01 00:00:00 +0000 UTC {0001-01-01 00:00:00 +0000 UTC false}} {<nil>}  <nil> []} []} CG 10 {{0 0001-01-01 00:00:00 +0000 UTC 0001-01-01 00:00:00 +0000 UTC {0001-01-01 00:00:00 +0000 UTC false}} {<nil>}  <nil> []} Consumer Group 0 54ef3692-8af6-4209-ac6b-aaa6be115893 0} {{50 0001-01-01 00:00:00 +0000 UTC 0001-01-01 00:00:00 +0000 UTC {0001-01-01 00:00:00 +0000 UTC false}} 12 {{0 0001-01-01 00:00:00 +0000 UTC 0001-01-01 00:00:00 +0000 UTC {0001-01-01 00:00:00 +0000 UTC false}}   0001-01-01 00:00:00 +0000 UTC  0  <nil> 0 [] {{0 0001-01-01 00:00:00 +0000 UTC 0001-01-01 00:00:00 +0000 UTC {0001-01-01 00:00:00 +0000 UTC false}} {<nil>}  <nil> []} []} GM 10 {{0 0001-01-01 00:00:00 +0000 UTC 0001-01-01 00:00:00 +0000 UTC {0001-01-01 00:00:00 +0000 UTC false}} {<nil>}  <nil> []} General Manager 54ef3692-8af6-4209-ac6b-aaa6be115893 09f40df3-8a1a-44b2-a71d-6b6340c7cafc 0} {{51 0001-01-01 00:00:00 +0000 UTC 0001-01-01 00:00:00 +0000 UTC {0001-01-01 00:00:00 +0000 UTC false}} 12 {{0 0001-01-01 00:00:00 +0000 UTC 0001-01-01 00:00:00 +0000 UTC {0001-01-01 00:00:00 +0000 UTC false}}   0001-01-01 00:00:00 +0000 UTC  0  <nil> 0 [] {{0 0001-01-01 00:00:00 +0000 UTC 0001-01-01 00:00:00 +0000 UTC {0001-01-01 00:00:00 +0000 UTC false}} {<nil>}  <nil> []} []} BAMP 10 {{0 0001-01-01 00:00:00 +0000 UTC 0001-01-01 00:00:00 +0000 UTC {0001-01-01 00:00:00 +0000 UTC false}} {<nil>}  <nil> []} Board Activity Management Departmen 09f40df3-8a1a-44b2-a71d-6b6340c7cafc fd9f57fe-aa1b-4575-a045-a8248cf679d4 0} {{52 0001-01-01 00:00:00 +0000 UTC 0001-01-01 00:00:00 +0000 UTC {0001-01-01 00:00:00 +0000 UTC false}} 12 {{0 0001-01-01 00:00:00 +0000 UTC 0001-01-01 00:00:00 +0000 UTC {0001-01-01 00:00:00 +0000 UTC false}}   0001-01-01 00:00:00 +0000 UTC  0  <nil> 0 [] {{0 0001-01-01 00:00:00 +0000 UTC 0001-01-01 00:00:00 +0000 UTC {0001-01-01 00:00:00 +0000 UTC false}} {<nil>}  <nil> []} []} M 10 {{0 0001-01-01 00:00:00 +0000 UTC 0001-01-01 00:00:00 +0000 UTC {0001-01-01 00:00:00 +0000 UTC false}} {<nil>}  <nil> []} Manager 54ef3692-8af6-4209-ac6b-aaa6be115893 ac98bc71-2ed7-4cea-b8eb-36632b959e8e 0} {{53 0001-01-01 00:00:00 +0000 UTC 0001-01-01 00:00:00 +0000 UTC {0001-01-01 00:00:00 +0000 UTC false}} 12 {{0 0001-01-01 00:00:00 +0000 UTC 0001-01-01 00:00:00 +0000 UTC {0001-01-01 00:00:00 +0000 UTC false}}   0001-01-01 00:00:00 +0000 UTC  0  <nil> 0 [] {{0 0001-01-01 00:00:00 +0000 UTC 0001-01-01 00:00:00 +0000 UTC {0001-01-01 00:00:00 +0000 UTC false}} {<nil>}  <nil> []} []} IT 10 {{0 0001-01-01 00:00:00 +0000 UTC 0001-01-01 00:00:00 +0000 UTC {0001-01-01 00:00:00 +0000 UTC false}} {<nil>}  <nil> []} IT 0 5eee69fa-4f03-47bc-b8c5-59cf70305619 0}]]
2023/01/15 21:02:40 app.go:48: DEBUG: [54ef3692-8af6-4209-ac6b-aaa6be115893]
2023/01/15 21:02:40 app.go:48: DEBUG: [09f40df3-8a1a-44b2-a71d-6b6340c7cafc]
2023/01/15 21:02:40 app.go:48: DEBUG: [fd9f57fe-aa1b-4575-a045-a8248cf679d4]
2023/01/15 21:02:40 app.go:48: DEBUG: [ac98bc71-2ed7-4cea-b8eb-36632b959e8e]
2023/01/15 21:02:40 app.go:48: DEBUG: [5eee69fa-4f03-47bc-b8c5-59cf70305619]
2023/01/15 21:04:02 app.go:48: DEBUG: [{{1 2022-12-20 23:34:32.764281 +0700 +07 2022-12-20 23:34:32.764281 +0700 +07 {0001-01-01 00:00:00 +0000 UTC false}} {0xc000150890} <nil> <nil> <nil> Superadmin admin admin@gmail.com $2a$04$UBlycKecIHVJ1HsBuF9gaubia3eAEOlUoeJ2GHbZpKXW8M15TNRuW 1 {{1 2022-12-20 23:34:32.745883 +0700 +07 2022-12-20 23:34:32.745883 +0700 +07 {0001-01-01 00:00:00 +0000 UTC false}} {0xc000150938} Superadmin [] []}}]
2023/01/15 21:04:02 app.go:48: DEBUG: [[{Berikan Contohnya Contoh}]]
2023/01/15 21:04:02 app.go:48: DEBUG: [<nil>]
2023/01/15 21:04:02 app.go:48: DEBUG: [1]
2023/01/15 21:06:23 app.go:48: INFO: [Configuration Loaded]
2023/01/15 21:06:23 app.go:48: INFO: [Database Connected Successfully]
2023/01/15 21:07:52 app.go:48: DEBUG: [[map[id:54ef3692-8af6-4209-ac6b-aaa6be115893 name:Consumer Group parentId:0 structureCode:CG] map[id:09f40df3-8a1a-44b2-a71d-6b6340c7cafc name:General Manager parentId:54ef3692-8af6-4209-ac6b-aaa6be115893 structureCode:GM] map[id:fd9f57fe-aa1b-4575-a045-a8248cf679d4 name:Board Activity Management Departmen parentId:09f40df3-8a1a-44b2-a71d-6b6340c7cafc structureCode:BAMP] map[id:ac98bc71-2ed7-4cea-b8eb-36632b959e8e name:Manager parentId:54ef3692-8af6-4209-ac6b-aaa6be115893 structureCode:M] map[id:5eee69fa-4f03-47bc-b8c5-59cf70305619 name:IT parentId:0 structureCode:IT]]]
2023/01/15 21:08:00 app.go:48: DEBUG: [Pilih All]
2023/01/15 21:08:00 app.go:48: DEBUG: [[{{54 0001-01-01 00:00:00 +0000 UTC 0001-01-01 00:00:00 +0000 UTC {0001-01-01 00:00:00 +0000 UTC false}} 13 {{0 0001-01-01 00:00:00 +0000 UTC 0001-01-01 00:00:00 +0000 UTC {0001-01-01 00:00:00 +0000 UTC false}}   0001-01-01 00:00:00 +0000 UTC  0  <nil> 0 [] {{0 0001-01-01 00:00:00 +0000 UTC 0001-01-01 00:00:00 +0000 UTC {0001-01-01 00:00:00 +0000 UTC false}} {<nil>}  <nil> []} []} CG 10 {{0 0001-01-01 00:00:00 +0000 UTC 0001-01-01 00:00:00 +0000 UTC {0001-01-01 00:00:00 +0000 UTC false}} {<nil>}  <nil> []} Consumer Group 0 54ef3692-8af6-4209-ac6b-aaa6be115893 0} {{55 0001-01-01 00:00:00 +0000 UTC 0001-01-01 00:00:00 +0000 UTC {0001-01-01 00:00:00 +0000 UTC false}} 13 {{0 0001-01-01 00:00:00 +0000 UTC 0001-01-01 00:00:00 +0000 UTC {0001-01-01 00:00:00 +0000 UTC false}}   0001-01-01 00:00:00 +0000 UTC  0  <nil> 0 [] {{0 0001-01-01 00:00:00 +0000 UTC 0001-01-01 00:00:00 +0000 UTC {0001-01-01 00:00:00 +0000 UTC false}} {<nil>}  <nil> []} []} GM 10 {{0 0001-01-01 00:00:00 +0000 UTC 0001-01-01 00:00:00 +0000 UTC {0001-01-01 00:00:00 +0000 UTC false}} {<nil>}  <nil> []} General Manager 54ef3692-8af6-4209-ac6b-aaa6be115893 09f40df3-8a1a-44b2-a71d-6b6340c7cafc 0} {{56 0001-01-01 00:00:00 +0000 UTC 0001-01-01 00:00:00 +0000 UTC {0001-01-01 00:00:00 +0000 UTC false}} 13 {{0 0001-01-01 00:00:00 +0000 UTC 0001-01-01 00:00:00 +0000 UTC {0001-01-01 00:00:00 +0000 UTC false}}   0001-01-01 00:00:00 +0000 UTC  0  <nil> 0 [] {{0 0001-01-01 00:00:00 +0000 UTC 0001-01-01 00:00:00 +0000 UTC {0001-01-01 00:00:00 +0000 UTC false}} {<nil>}  <nil> []} []} BAMP 10 {{0 0001-01-01 00:00:00 +0000 UTC 0001-01-01 00:00:00 +0000 UTC {0001-01-01 00:00:00 +0000 UTC false}} {<nil>}  <nil> []} Board Activity Management Departmen 09f40df3-8a1a-44b2-a71d-6b6340c7cafc fd9f57fe-aa1b-4575-a045-a8248cf679d4 0} {{57 0001-01-01 00:00:00 +0000 UTC 0001-01-01 00:00:00 +0000 UTC {0001-01-01 00:00:00 +0000 UTC false}} 13 {{0 0001-01-01 00:00:00 +0000 UTC 0001-01-01 00:00:00 +0000 UTC {0001-01-01 00:00:00 +0000 UTC false}}   0001-01-01 00:00:00 +0000 UTC  0  <nil> 0 [] {{0 0001-01-01 00:00:00 +0000 UTC 0001-01-01 00:00:00 +0000 UTC {0001-01-01 00:00:00 +0000 UTC false}} {<nil>}  <nil> []} []} M 10 {{0 0001-01-01 00:00:00 +0000 UTC 0001-01-01 00:00:00 +0000 UTC {0001-01-01 00:00:00 +0000 UTC false}} {<nil>}  <nil> []} Manager 54ef3692-8af6-4209-ac6b-aaa6be115893 ac98bc71-2ed7-4cea-b8eb-36632b959e8e 0} {{58 0001-01-01 00:00:00 +0000 UTC 0001-01-01 00:00:00 +0000 UTC {0001-01-01 00:00:00 +0000 UTC false}} 13 {{0 0001-01-01 00:00:00 +0000 UTC 0001-01-01 00:00:00 +0000 UTC {0001-01-01 00:00:00 +0000 UTC false}}   0001-01-01 00:00:00 +0000 UTC  0  <nil> 0 [] {{0 0001-01-01 00:00:00 +0000 UTC 0001-01-01 00:00:00 +0000 UTC {0001-01-01 00:00:00 +0000 UTC false}} {<nil>}  <nil> []} []} IT 10 {{0 0001-01-01 00:00:00 +0000 UTC 0001-01-01 00:00:00 +0000 UTC {0001-01-01 00:00:00 +0000 UTC false}} {<nil>}  <nil> []} IT 0 5eee69fa-4f03-47bc-b8c5-59cf70305619 0}]]
2023/01/15 21:08:00 app.go:48: DEBUG: [54ef3692-8af6-4209-ac6b-aaa6be115893]
2023/01/15 21:08:00 app.go:48: DEBUG: [09f40df3-8a1a-44b2-a71d-6b6340c7cafc]
2023/01/15 21:08:00 app.go:48: DEBUG: [fd9f57fe-aa1b-4575-a045-a8248cf679d4]
2023/01/15 21:08:00 app.go:48: DEBUG: [ac98bc71-2ed7-4cea-b8eb-36632b959e8e]
2023/01/15 21:08:00 app.go:48: DEBUG: [5eee69fa-4f03-47bc-b8c5-59cf70305619]
2023/01/15 21:08:14 app.go:48: DEBUG: [Pilih All]
2023/01/15 21:08:14 app.go:48: DEBUG: [[{{54 0001-01-01 00:00:00 +0000 UTC 0001-01-01 00:00:00 +0000 UTC {0001-01-01 00:00:00 +0000 UTC false}} 13 {{0 0001-01-01 00:00:00 +0000 UTC 0001-01-01 00:00:00 +0000 UTC {0001-01-01 00:00:00 +0000 UTC false}}   0001-01-01 00:00:00 +0000 UTC  0  <nil> 0 [] {{0 0001-01-01 00:00:00 +0000 UTC 0001-01-01 00:00:00 +0000 UTC {0001-01-01 00:00:00 +0000 UTC false}} {<nil>}  <nil> []} []} CG 10 {{0 0001-01-01 00:00:00 +0000 UTC 0001-01-01 00:00:00 +0000 UTC {0001-01-01 00:00:00 +0000 UTC false}} {<nil>}  <nil> []} Consumer Group 0 54ef3692-8af6-4209-ac6b-aaa6be115893 0} {{55 0001-01-01 00:00:00 +0000 UTC 0001-01-01 00:00:00 +0000 UTC {0001-01-01 00:00:00 +0000 UTC false}} 13 {{0 0001-01-01 00:00:00 +0000 UTC 0001-01-01 00:00:00 +0000 UTC {0001-01-01 00:00:00 +0000 UTC false}}   0001-01-01 00:00:00 +0000 UTC  0  <nil> 0 [] {{0 0001-01-01 00:00:00 +0000 UTC 0001-01-01 00:00:00 +0000 UTC {0001-01-01 00:00:00 +0000 UTC false}} {<nil>}  <nil> []} []} GM 10 {{0 0001-01-01 00:00:00 +0000 UTC 0001-01-01 00:00:00 +0000 UTC {0001-01-01 00:00:00 +0000 UTC false}} {<nil>}  <nil> []} General Manager 54ef3692-8af6-4209-ac6b-aaa6be115893 09f40df3-8a1a-44b2-a71d-6b6340c7cafc 0} {{56 0001-01-01 00:00:00 +0000 UTC 0001-01-01 00:00:00 +0000 UTC {0001-01-01 00:00:00 +0000 UTC false}} 13 {{0 0001-01-01 00:00:00 +0000 UTC 0001-01-01 00:00:00 +0000 UTC {0001-01-01 00:00:00 +0000 UTC false}}   0001-01-01 00:00:00 +0000 UTC  0  <nil> 0 [] {{0 0001-01-01 00:00:00 +0000 UTC 0001-01-01 00:00:00 +0000 UTC {0001-01-01 00:00:00 +0000 UTC false}} {<nil>}  <nil> []} []} BAMP 10 {{0 0001-01-01 00:00:00 +0000 UTC 0001-01-01 00:00:00 +0000 UTC {0001-01-01 00:00:00 +0000 UTC false}} {<nil>}  <nil> []} Board Activity Management Departmen 09f40df3-8a1a-44b2-a71d-6b6340c7cafc fd9f57fe-aa1b-4575-a045-a8248cf679d4 0} {{57 0001-01-01 00:00:00 +0000 UTC 0001-01-01 00:00:00 +0000 UTC {0001-01-01 00:00:00 +0000 UTC false}} 13 {{0 0001-01-01 00:00:00 +0000 UTC 0001-01-01 00:00:00 +0000 UTC {0001-01-01 00:00:00 +0000 UTC false}}   0001-01-01 00:00:00 +0000 UTC  0  <nil> 0 [] {{0 0001-01-01 00:00:00 +0000 UTC 0001-01-01 00:00:00 +0000 UTC {0001-01-01 00:00:00 +0000 UTC false}} {<nil>}  <nil> []} []} M 10 {{0 0001-01-01 00:00:00 +0000 UTC 0001-01-01 00:00:00 +0000 UTC {0001-01-01 00:00:00 +0000 UTC false}} {<nil>}  <nil> []} Manager 54ef3692-8af6-4209-ac6b-aaa6be115893 ac98bc71-2ed7-4cea-b8eb-36632b959e8e 0} {{58 0001-01-01 00:00:00 +0000 UTC 0001-01-01 00:00:00 +0000 UTC {0001-01-01 00:00:00 +0000 UTC false}} 13 {{0 0001-01-01 00:00:00 +0000 UTC 0001-01-01 00:00:00 +0000 UTC {0001-01-01 00:00:00 +0000 UTC false}}   0001-01-01 00:00:00 +0000 UTC  0  <nil> 0 [] {{0 0001-01-01 00:00:00 +0000 UTC 0001-01-01 00:00:00 +0000 UTC {0001-01-01 00:00:00 +0000 UTC false}} {<nil>}  <nil> []} []} IT 10 {{0 0001-01-01 00:00:00 +0000 UTC 0001-01-01 00:00:00 +0000 UTC {0001-01-01 00:00:00 +0000 UTC false}} {<nil>}  <nil> []} IT 0 5eee69fa-4f03-47bc-b8c5-59cf70305619 0}]]
2023/01/15 21:08:14 app.go:48: DEBUG: [54ef3692-8af6-4209-ac6b-aaa6be115893]
2023/01/15 21:08:14 app.go:48: DEBUG: [09f40df3-8a1a-44b2-a71d-6b6340c7cafc]
2023/01/15 21:08:14 app.go:48: DEBUG: [fd9f57fe-aa1b-4575-a045-a8248cf679d4]
2023/01/15 21:08:14 app.go:48: DEBUG: [ac98bc71-2ed7-4cea-b8eb-36632b959e8e]
2023/01/15 21:08:14 app.go:48: DEBUG: [5eee69fa-4f03-47bc-b8c5-59cf70305619]
2023/01/15 21:09:42 app.go:48: INFO: [Configuration Loaded]
2023/01/15 21:09:42 app.go:48: INFO: [Database Connected Successfully]
2023/01/15 21:09:42 app.go:48: INFO: [Configuration Loaded]
2023/01/15 21:09:42 app.go:48: INFO: [Database Connected Successfully]
2023/01/15 21:11:12 app.go:48: DEBUG: [[map[id:54ef3692-8af6-4209-ac6b-aaa6be115893 name:Consumer Group parentId:0 structureCode:CG] map[id:09f40df3-8a1a-44b2-a71d-6b6340c7cafc name:General Manager parentId:54ef3692-8af6-4209-ac6b-aaa6be115893 structureCode:GM] map[id:fd9f57fe-aa1b-4575-a045-a8248cf679d4 name:Board Activity Management Departmen parentId:09f40df3-8a1a-44b2-a71d-6b6340c7cafc structureCode:BAMP] map[id:ac98bc71-2ed7-4cea-b8eb-36632b959e8e name:Manager parentId:54ef3692-8af6-4209-ac6b-aaa6be115893 structureCode:M] map[id:5eee69fa-4f03-47bc-b8c5-59cf70305619 name:IT parentId:0 structureCode:IT]]]
2023/01/15 21:11:21 app.go:48: DEBUG: [Pilih All]
2023/01/15 21:11:21 app.go:48: DEBUG: [[{{59 0001-01-01 00:00:00 +0000 UTC 0001-01-01 00:00:00 +0000 UTC {0001-01-01 00:00:00 +0000 UTC false}} 14 {{0 0001-01-01 00:00:00 +0000 UTC 0001-01-01 00:00:00 +0000 UTC {0001-01-01 00:00:00 +0000 UTC false}}   0001-01-01 00:00:00 +0000 UTC  0  <nil> 0 [] {{0 0001-01-01 00:00:00 +0000 UTC 0001-01-01 00:00:00 +0000 UTC {0001-01-01 00:00:00 +0000 UTC false}} {<nil>}  <nil> []} []} CG 10 {{0 0001-01-01 00:00:00 +0000 UTC 0001-01-01 00:00:00 +0000 UTC {0001-01-01 00:00:00 +0000 UTC false}} {<nil>}  <nil> []} Consumer Group 0 54ef3692-8af6-4209-ac6b-aaa6be115893 0} {{60 0001-01-01 00:00:00 +0000 UTC 0001-01-01 00:00:00 +0000 UTC {0001-01-01 00:00:00 +0000 UTC false}} 14 {{0 0001-01-01 00:00:00 +0000 UTC 0001-01-01 00:00:00 +0000 UTC {0001-01-01 00:00:00 +0000 UTC false}}   0001-01-01 00:00:00 +0000 UTC  0  <nil> 0 [] {{0 0001-01-01 00:00:00 +0000 UTC 0001-01-01 00:00:00 +0000 UTC {0001-01-01 00:00:00 +0000 UTC false}} {<nil>}  <nil> []} []} GM 10 {{0 0001-01-01 00:00:00 +0000 UTC 0001-01-01 00:00:00 +0000 UTC {0001-01-01 00:00:00 +0000 UTC false}} {<nil>}  <nil> []} General Manager 54ef3692-8af6-4209-ac6b-aaa6be115893 09f40df3-8a1a-44b2-a71d-6b6340c7cafc 0} {{61 0001-01-01 00:00:00 +0000 UTC 0001-01-01 00:00:00 +0000 UTC {0001-01-01 00:00:00 +0000 UTC false}} 14 {{0 0001-01-01 00:00:00 +0000 UTC 0001-01-01 00:00:00 +0000 UTC {0001-01-01 00:00:00 +0000 UTC false}}   0001-01-01 00:00:00 +0000 UTC  0  <nil> 0 [] {{0 0001-01-01 00:00:00 +0000 UTC 0001-01-01 00:00:00 +0000 UTC {0001-01-01 00:00:00 +0000 UTC false}} {<nil>}  <nil> []} []} BAMP 10 {{0 0001-01-01 00:00:00 +0000 UTC 0001-01-01 00:00:00 +0000 UTC {0001-01-01 00:00:00 +0000 UTC false}} {<nil>}  <nil> []} Board Activity Management Departmen 09f40df3-8a1a-44b2-a71d-6b6340c7cafc fd9f57fe-aa1b-4575-a045-a8248cf679d4 0} {{62 0001-01-01 00:00:00 +0000 UTC 0001-01-01 00:00:00 +0000 UTC {0001-01-01 00:00:00 +0000 UTC false}} 14 {{0 0001-01-01 00:00:00 +0000 UTC 0001-01-01 00:00:00 +0000 UTC {0001-01-01 00:00:00 +0000 UTC false}}   0001-01-01 00:00:00 +0000 UTC  0  <nil> 0 [] {{0 0001-01-01 00:00:00 +0000 UTC 0001-01-01 00:00:00 +0000 UTC {0001-01-01 00:00:00 +0000 UTC false}} {<nil>}  <nil> []} []} M 10 {{0 0001-01-01 00:00:00 +0000 UTC 0001-01-01 00:00:00 +0000 UTC {0001-01-01 00:00:00 +0000 UTC false}} {<nil>}  <nil> []} Manager 54ef3692-8af6-4209-ac6b-aaa6be115893 ac98bc71-2ed7-4cea-b8eb-36632b959e8e 0} {{63 0001-01-01 00:00:00 +0000 UTC 0001-01-01 00:00:00 +0000 UTC {0001-01-01 00:00:00 +0000 UTC false}} 14 {{0 0001-01-01 00:00:00 +0000 UTC 0001-01-01 00:00:00 +0000 UTC {0001-01-01 00:00:00 +0000 UTC false}}   0001-01-01 00:00:00 +0000 UTC  0  <nil> 0 [] {{0 0001-01-01 00:00:00 +0000 UTC 0001-01-01 00:00:00 +0000 UTC {0001-01-01 00:00:00 +0000 UTC false}} {<nil>}  <nil> []} []} IT 10 {{0 0001-01-01 00:00:00 +0000 UTC 0001-01-01 00:00:00 +0000 UTC {0001-01-01 00:00:00 +0000 UTC false}} {<nil>}  <nil> []} IT 0 5eee69fa-4f03-47bc-b8c5-59cf70305619 0}]]
2023/01/15 21:11:21 app.go:48: DEBUG: [0]
2023/01/15 21:11:21 app.go:48: DEBUG: [54ef3692-8af6-4209-ac6b-aaa6be115893]
2023/01/15 21:11:21 app.go:48: DEBUG: [0]
2023/01/15 21:11:21 app.go:48: DEBUG: [09f40df3-8a1a-44b2-a71d-6b6340c7cafc]
2023/01/15 21:11:21 app.go:48: DEBUG: [0]
2023/01/15 21:11:21 app.go:48: DEBUG: [fd9f57fe-aa1b-4575-a045-a8248cf679d4]
2023/01/15 21:11:21 app.go:48: DEBUG: [0]
2023/01/15 21:11:21 app.go:48: DEBUG: [ac98bc71-2ed7-4cea-b8eb-36632b959e8e]
2023/01/15 21:11:21 app.go:48: DEBUG: [0]
2023/01/15 21:11:21 app.go:48: DEBUG: [5eee69fa-4f03-47bc-b8c5-59cf70305619]
2023/01/15 21:11:48 app.go:48: DEBUG: [Pilih All]
2023/01/15 21:11:48 app.go:48: DEBUG: [[{{59 0001-01-01 00:00:00 +0000 UTC 0001-01-01 00:00:00 +0000 UTC {0001-01-01 00:00:00 +0000 UTC false}} 14 {{0 0001-01-01 00:00:00 +0000 UTC 0001-01-01 00:00:00 +0000 UTC {0001-01-01 00:00:00 +0000 UTC false}}   0001-01-01 00:00:00 +0000 UTC  0  <nil> 0 [] {{0 0001-01-01 00:00:00 +0000 UTC 0001-01-01 00:00:00 +0000 UTC {0001-01-01 00:00:00 +0000 UTC false}} {<nil>}  <nil> []} []} CG 10 {{0 0001-01-01 00:00:00 +0000 UTC 0001-01-01 00:00:00 +0000 UTC {0001-01-01 00:00:00 +0000 UTC false}} {<nil>}  <nil> []} Consumer Group 0 54ef3692-8af6-4209-ac6b-aaa6be115893 0} {{60 0001-01-01 00:00:00 +0000 UTC 0001-01-01 00:00:00 +0000 UTC {0001-01-01 00:00:00 +0000 UTC false}} 14 {{0 0001-01-01 00:00:00 +0000 UTC 0001-01-01 00:00:00 +0000 UTC {0001-01-01 00:00:00 +0000 UTC false}}   0001-01-01 00:00:00 +0000 UTC  0  <nil> 0 [] {{0 0001-01-01 00:00:00 +0000 UTC 0001-01-01 00:00:00 +0000 UTC {0001-01-01 00:00:00 +0000 UTC false}} {<nil>}  <nil> []} []} GM 10 {{0 0001-01-01 00:00:00 +0000 UTC 0001-01-01 00:00:00 +0000 UTC {0001-01-01 00:00:00 +0000 UTC false}} {<nil>}  <nil> []} General Manager 54ef3692-8af6-4209-ac6b-aaa6be115893 09f40df3-8a1a-44b2-a71d-6b6340c7cafc 0} {{61 0001-01-01 00:00:00 +0000 UTC 0001-01-01 00:00:00 +0000 UTC {0001-01-01 00:00:00 +0000 UTC false}} 14 {{0 0001-01-01 00:00:00 +0000 UTC 0001-01-01 00:00:00 +0000 UTC {0001-01-01 00:00:00 +0000 UTC false}}   0001-01-01 00:00:00 +0000 UTC  0  <nil> 0 [] {{0 0001-01-01 00:00:00 +0000 UTC 0001-01-01 00:00:00 +0000 UTC {0001-01-01 00:00:00 +0000 UTC false}} {<nil>}  <nil> []} []} BAMP 10 {{0 0001-01-01 00:00:00 +0000 UTC 0001-01-01 00:00:00 +0000 UTC {0001-01-01 00:00:00 +0000 UTC false}} {<nil>}  <nil> []} Board Activity Management Departmen 09f40df3-8a1a-44b2-a71d-6b6340c7cafc fd9f57fe-aa1b-4575-a045-a8248cf679d4 0} {{62 0001-01-01 00:00:00 +0000 UTC 0001-01-01 00:00:00 +0000 UTC {0001-01-01 00:00:00 +0000 UTC false}} 14 {{0 0001-01-01 00:00:00 +0000 UTC 0001-01-01 00:00:00 +0000 UTC {0001-01-01 00:00:00 +0000 UTC false}}   0001-01-01 00:00:00 +0000 UTC  0  <nil> 0 [] {{0 0001-01-01 00:00:00 +0000 UTC 0001-01-01 00:00:00 +0000 UTC {0001-01-01 00:00:00 +0000 UTC false}} {<nil>}  <nil> []} []} M 10 {{0 0001-01-01 00:00:00 +0000 UTC 0001-01-01 00:00:00 +0000 UTC {0001-01-01 00:00:00 +0000 UTC false}} {<nil>}  <nil> []} Manager 54ef3692-8af6-4209-ac6b-aaa6be115893 ac98bc71-2ed7-4cea-b8eb-36632b959e8e 0} {{63 0001-01-01 00:00:00 +0000 UTC 0001-01-01 00:00:00 +0000 UTC {0001-01-01 00:00:00 +0000 UTC false}} 14 {{0 0001-01-01 00:00:00 +0000 UTC 0001-01-01 00:00:00 +0000 UTC {0001-01-01 00:00:00 +0000 UTC false}}   0001-01-01 00:00:00 +0000 UTC  0  <nil> 0 [] {{0 0001-01-01 00:00:00 +0000 UTC 0001-01-01 00:00:00 +0000 UTC {0001-01-01 00:00:00 +0000 UTC false}} {<nil>}  <nil> []} []} IT 10 {{0 0001-01-01 00:00:00 +0000 UTC 0001-01-01 00:00:00 +0000 UTC {0001-01-01 00:00:00 +0000 UTC false}} {<nil>}  <nil> []} IT 0 5eee69fa-4f03-47bc-b8c5-59cf70305619 0}]]
2023/01/15 21:11:48 app.go:48: DEBUG: [0]
2023/01/15 21:11:48 app.go:48: DEBUG: [54ef3692-8af6-4209-ac6b-aaa6be115893]
2023/01/15 21:11:48 app.go:48: DEBUG: [0]
2023/01/15 21:11:48 app.go:48: DEBUG: [09f40df3-8a1a-44b2-a71d-6b6340c7cafc]
2023/01/15 21:11:48 app.go:48: DEBUG: [0]
2023/01/15 21:11:48 app.go:48: DEBUG: [fd9f57fe-aa1b-4575-a045-a8248cf679d4]
2023/01/15 21:11:48 app.go:48: DEBUG: [0]
2023/01/15 21:11:48 app.go:48: DEBUG: [ac98bc71-2ed7-4cea-b8eb-36632b959e8e]
2023/01/15 21:11:48 app.go:48: DEBUG: [0]
2023/01/15 21:11:48 app.go:48: DEBUG: [5eee69fa-4f03-47bc-b8c5-59cf70305619]
2023/01/15 21:12:51 app.go:48: INFO: [Configuration Loaded]
2023/01/15 21:12:51 app.go:48: INFO: [Database Connected Successfully]
2023/01/15 21:13:15 app.go:48: DEBUG: [Pilih All]
2023/01/15 21:13:15 app.go:48: DEBUG: [[{{59 0001-01-01 00:00:00 +0000 UTC 0001-01-01 00:00:00 +0000 UTC {0001-01-01 00:00:00 +0000 UTC false}} 14 {{0 0001-01-01 00:00:00 +0000 UTC 0001-01-01 00:00:00 +0000 UTC {0001-01-01 00:00:00 +0000 UTC false}}   0001-01-01 00:00:00 +0000 UTC  0  <nil> 0 [] {{0 0001-01-01 00:00:00 +0000 UTC 0001-01-01 00:00:00 +0000 UTC {0001-01-01 00:00:00 +0000 UTC false}} {<nil>}  <nil> []} []} CG 10 {{0 0001-01-01 00:00:00 +0000 UTC 0001-01-01 00:00:00 +0000 UTC {0001-01-01 00:00:00 +0000 UTC false}} {<nil>}  <nil> []} Consumer Group 0 54ef3692-8af6-4209-ac6b-aaa6be115893 0} {{60 0001-01-01 00:00:00 +0000 UTC 0001-01-01 00:00:00 +0000 UTC {0001-01-01 00:00:00 +0000 UTC false}} 14 {{0 0001-01-01 00:00:00 +0000 UTC 0001-01-01 00:00:00 +0000 UTC {0001-01-01 00:00:00 +0000 UTC false}}   0001-01-01 00:00:00 +0000 UTC  0  <nil> 0 [] {{0 0001-01-01 00:00:00 +0000 UTC 0001-01-01 00:00:00 +0000 UTC {0001-01-01 00:00:00 +0000 UTC false}} {<nil>}  <nil> []} []} GM 10 {{0 0001-01-01 00:00:00 +0000 UTC 0001-01-01 00:00:00 +0000 UTC {0001-01-01 00:00:00 +0000 UTC false}} {<nil>}  <nil> []} General Manager 54ef3692-8af6-4209-ac6b-aaa6be115893 09f40df3-8a1a-44b2-a71d-6b6340c7cafc 0} {{61 0001-01-01 00:00:00 +0000 UTC 0001-01-01 00:00:00 +0000 UTC {0001-01-01 00:00:00 +0000 UTC false}} 14 {{0 0001-01-01 00:00:00 +0000 UTC 0001-01-01 00:00:00 +0000 UTC {0001-01-01 00:00:00 +0000 UTC false}}   0001-01-01 00:00:00 +0000 UTC  0  <nil> 0 [] {{0 0001-01-01 00:00:00 +0000 UTC 0001-01-01 00:00:00 +0000 UTC {0001-01-01 00:00:00 +0000 UTC false}} {<nil>}  <nil> []} []} BAMP 10 {{0 0001-01-01 00:00:00 +0000 UTC 0001-01-01 00:00:00 +0000 UTC {0001-01-01 00:00:00 +0000 UTC false}} {<nil>}  <nil> []} Board Activity Management Departmen 09f40df3-8a1a-44b2-a71d-6b6340c7cafc fd9f57fe-aa1b-4575-a045-a8248cf679d4 0} {{62 0001-01-01 00:00:00 +0000 UTC 0001-01-01 00:00:00 +0000 UTC {0001-01-01 00:00:00 +0000 UTC false}} 14 {{0 0001-01-01 00:00:00 +0000 UTC 0001-01-01 00:00:00 +0000 UTC {0001-01-01 00:00:00 +0000 UTC false}}   0001-01-01 00:00:00 +0000 UTC  0  <nil> 0 [] {{0 0001-01-01 00:00:00 +0000 UTC 0001-01-01 00:00:00 +0000 UTC {0001-01-01 00:00:00 +0000 UTC false}} {<nil>}  <nil> []} []} M 10 {{0 0001-01-01 00:00:00 +0000 UTC 0001-01-01 00:00:00 +0000 UTC {0001-01-01 00:00:00 +0000 UTC false}} {<nil>}  <nil> []} Manager 54ef3692-8af6-4209-ac6b-aaa6be115893 ac98bc71-2ed7-4cea-b8eb-36632b959e8e 0} {{63 0001-01-01 00:00:00 +0000 UTC 0001-01-01 00:00:00 +0000 UTC {0001-01-01 00:00:00 +0000 UTC false}} 14 {{0 0001-01-01 00:00:00 +0000 UTC 0001-01-01 00:00:00 +0000 UTC {0001-01-01 00:00:00 +0000 UTC false}}   0001-01-01 00:00:00 +0000 UTC  0  <nil> 0 [] {{0 0001-01-01 00:00:00 +0000 UTC 0001-01-01 00:00:00 +0000 UTC {0001-01-01 00:00:00 +0000 UTC false}} {<nil>}  <nil> []} []} IT 10 {{0 0001-01-01 00:00:00 +0000 UTC 0001-01-01 00:00:00 +0000 UTC {0001-01-01 00:00:00 +0000 UTC false}} {<nil>}  <nil> []} IT 0 5eee69fa-4f03-47bc-b8c5-59cf70305619 0}]]
2023/01/15 21:13:15 app.go:48: DEBUG: [0]
2023/01/15 21:13:15 app.go:48: DEBUG: [54ef3692-8af6-4209-ac6b-aaa6be115893]
2023/01/15 21:13:15 app.go:48: DEBUG: [0]
2023/01/15 21:13:15 app.go:48: DEBUG: [09f40df3-8a1a-44b2-a71d-6b6340c7cafc]
2023/01/15 21:13:15 app.go:48: DEBUG: [0]
2023/01/15 21:13:15 app.go:48: DEBUG: [fd9f57fe-aa1b-4575-a045-a8248cf679d4]
2023/01/15 21:13:15 app.go:48: DEBUG: [0]
2023/01/15 21:13:15 app.go:48: DEBUG: [ac98bc71-2ed7-4cea-b8eb-36632b959e8e]
2023/01/15 21:13:15 app.go:48: DEBUG: [0]
2023/01/15 21:13:15 app.go:48: DEBUG: [5eee69fa-4f03-47bc-b8c5-59cf70305619]
2023/01/15 21:13:25 app.go:48: DEBUG: [Pilih All]
2023/01/15 21:13:25 app.go:48: DEBUG: [[{{59 0001-01-01 00:00:00 +0000 UTC 0001-01-01 00:00:00 +0000 UTC {0001-01-01 00:00:00 +0000 UTC false}} 14 {{0 0001-01-01 00:00:00 +0000 UTC 0001-01-01 00:00:00 +0000 UTC {0001-01-01 00:00:00 +0000 UTC false}}   0001-01-01 00:00:00 +0000 UTC  0  <nil> 0 [] {{0 0001-01-01 00:00:00 +0000 UTC 0001-01-01 00:00:00 +0000 UTC {0001-01-01 00:00:00 +0000 UTC false}} {<nil>}  <nil> []} []} CG 10 {{0 0001-01-01 00:00:00 +0000 UTC 0001-01-01 00:00:00 +0000 UTC {0001-01-01 00:00:00 +0000 UTC false}} {<nil>}  <nil> []} Consumer Group 0 54ef3692-8af6-4209-ac6b-aaa6be115893 0} {{60 0001-01-01 00:00:00 +0000 UTC 0001-01-01 00:00:00 +0000 UTC {0001-01-01 00:00:00 +0000 UTC false}} 14 {{0 0001-01-01 00:00:00 +0000 UTC 0001-01-01 00:00:00 +0000 UTC {0001-01-01 00:00:00 +0000 UTC false}}   0001-01-01 00:00:00 +0000 UTC  0  <nil> 0 [] {{0 0001-01-01 00:00:00 +0000 UTC 0001-01-01 00:00:00 +0000 UTC {0001-01-01 00:00:00 +0000 UTC false}} {<nil>}  <nil> []} []} GM 10 {{0 0001-01-01 00:00:00 +0000 UTC 0001-01-01 00:00:00 +0000 UTC {0001-01-01 00:00:00 +0000 UTC false}} {<nil>}  <nil> []} General Manager 54ef3692-8af6-4209-ac6b-aaa6be115893 09f40df3-8a1a-44b2-a71d-6b6340c7cafc 0} {{61 0001-01-01 00:00:00 +0000 UTC 0001-01-01 00:00:00 +0000 UTC {0001-01-01 00:00:00 +0000 UTC false}} 14 {{0 0001-01-01 00:00:00 +0000 UTC 0001-01-01 00:00:00 +0000 UTC {0001-01-01 00:00:00 +0000 UTC false}}   0001-01-01 00:00:00 +0000 UTC  0  <nil> 0 [] {{0 0001-01-01 00:00:00 +0000 UTC 0001-01-01 00:00:00 +0000 UTC {0001-01-01 00:00:00 +0000 UTC false}} {<nil>}  <nil> []} []} BAMP 10 {{0 0001-01-01 00:00:00 +0000 UTC 0001-01-01 00:00:00 +0000 UTC {0001-01-01 00:00:00 +0000 UTC false}} {<nil>}  <nil> []} Board Activity Management Departmen 09f40df3-8a1a-44b2-a71d-6b6340c7cafc fd9f57fe-aa1b-4575-a045-a8248cf679d4 0} {{62 0001-01-01 00:00:00 +0000 UTC 0001-01-01 00:00:00 +0000 UTC {0001-01-01 00:00:00 +0000 UTC false}} 14 {{0 0001-01-01 00:00:00 +0000 UTC 0001-01-01 00:00:00 +0000 UTC {0001-01-01 00:00:00 +0000 UTC false}}   0001-01-01 00:00:00 +0000 UTC  0  <nil> 0 [] {{0 0001-01-01 00:00:00 +0000 UTC 0001-01-01 00:00:00 +0000 UTC {0001-01-01 00:00:00 +0000 UTC false}} {<nil>}  <nil> []} []} M 10 {{0 0001-01-01 00:00:00 +0000 UTC 0001-01-01 00:00:00 +0000 UTC {0001-01-01 00:00:00 +0000 UTC false}} {<nil>}  <nil> []} Manager 54ef3692-8af6-4209-ac6b-aaa6be115893 ac98bc71-2ed7-4cea-b8eb-36632b959e8e 0} {{63 0001-01-01 00:00:00 +0000 UTC 0001-01-01 00:00:00 +0000 UTC {0001-01-01 00:00:00 +0000 UTC false}} 14 {{0 0001-01-01 00:00:00 +0000 UTC 0001-01-01 00:00:00 +0000 UTC {0001-01-01 00:00:00 +0000 UTC false}}   0001-01-01 00:00:00 +0000 UTC  0  <nil> 0 [] {{0 0001-01-01 00:00:00 +0000 UTC 0001-01-01 00:00:00 +0000 UTC {0001-01-01 00:00:00 +0000 UTC false}} {<nil>}  <nil> []} []} IT 10 {{0 0001-01-01 00:00:00 +0000 UTC 0001-01-01 00:00:00 +0000 UTC {0001-01-01 00:00:00 +0000 UTC false}} {<nil>}  <nil> []} IT 0 5eee69fa-4f03-47bc-b8c5-59cf70305619 0}]]
2023/01/15 21:13:25 app.go:48: DEBUG: [3]
2023/01/15 21:13:25 app.go:48: DEBUG: [3]
2023/01/15 21:13:25 app.go:48: DEBUG: [3]
2023/01/15 21:13:25 app.go:48: DEBUG: [3]
2023/01/15 21:13:25 app.go:48: DEBUG: [3]
2023/01/15 21:14:08 app.go:48: DEBUG: [Pilih All]
2023/01/15 21:14:08 app.go:48: DEBUG: [[{{54 0001-01-01 00:00:00 +0000 UTC 0001-01-01 00:00:00 +0000 UTC {0001-01-01 00:00:00 +0000 UTC false}} 13 {{0 0001-01-01 00:00:00 +0000 UTC 0001-01-01 00:00:00 +0000 UTC {0001-01-01 00:00:00 +0000 UTC false}}   0001-01-01 00:00:00 +0000 UTC  0  <nil> 0 [] {{0 0001-01-01 00:00:00 +0000 UTC 0001-01-01 00:00:00 +0000 UTC {0001-01-01 00:00:00 +0000 UTC false}} {<nil>}  <nil> []} []} CG 10 {{0 0001-01-01 00:00:00 +0000 UTC 0001-01-01 00:00:00 +0000 UTC {0001-01-01 00:00:00 +0000 UTC false}} {<nil>}  <nil> []} Consumer Group 0 54ef3692-8af6-4209-ac6b-aaa6be115893 0} {{55 0001-01-01 00:00:00 +0000 UTC 0001-01-01 00:00:00 +0000 UTC {0001-01-01 00:00:00 +0000 UTC false}} 13 {{0 0001-01-01 00:00:00 +0000 UTC 0001-01-01 00:00:00 +0000 UTC {0001-01-01 00:00:00 +0000 UTC false}}   0001-01-01 00:00:00 +0000 UTC  0  <nil> 0 [] {{0 0001-01-01 00:00:00 +0000 UTC 0001-01-01 00:00:00 +0000 UTC {0001-01-01 00:00:00 +0000 UTC false}} {<nil>}  <nil> []} []} GM 10 {{0 0001-01-01 00:00:00 +0000 UTC 0001-01-01 00:00:00 +0000 UTC {0001-01-01 00:00:00 +0000 UTC false}} {<nil>}  <nil> []} General Manager 54ef3692-8af6-4209-ac6b-aaa6be115893 09f40df3-8a1a-44b2-a71d-6b6340c7cafc 0} {{56 0001-01-01 00:00:00 +0000 UTC 0001-01-01 00:00:00 +0000 UTC {0001-01-01 00:00:00 +0000 UTC false}} 13 {{0 0001-01-01 00:00:00 +0000 UTC 0001-01-01 00:00:00 +0000 UTC {0001-01-01 00:00:00 +0000 UTC false}}   0001-01-01 00:00:00 +0000 UTC  0  <nil> 0 [] {{0 0001-01-01 00:00:00 +0000 UTC 0001-01-01 00:00:00 +0000 UTC {0001-01-01 00:00:00 +0000 UTC false}} {<nil>}  <nil> []} []} BAMP 10 {{0 0001-01-01 00:00:00 +0000 UTC 0001-01-01 00:00:00 +0000 UTC {0001-01-01 00:00:00 +0000 UTC false}} {<nil>}  <nil> []} Board Activity Management Departmen 09f40df3-8a1a-44b2-a71d-6b6340c7cafc fd9f57fe-aa1b-4575-a045-a8248cf679d4 0} {{57 0001-01-01 00:00:00 +0000 UTC 0001-01-01 00:00:00 +0000 UTC {0001-01-01 00:00:00 +0000 UTC false}} 13 {{0 0001-01-01 00:00:00 +0000 UTC 0001-01-01 00:00:00 +0000 UTC {0001-01-01 00:00:00 +0000 UTC false}}   0001-01-01 00:00:00 +0000 UTC  0  <nil> 0 [] {{0 0001-01-01 00:00:00 +0000 UTC 0001-01-01 00:00:00 +0000 UTC {0001-01-01 00:00:00 +0000 UTC false}} {<nil>}  <nil> []} []} M 10 {{0 0001-01-01 00:00:00 +0000 UTC 0001-01-01 00:00:00 +0000 UTC {0001-01-01 00:00:00 +0000 UTC false}} {<nil>}  <nil> []} Manager 54ef3692-8af6-4209-ac6b-aaa6be115893 ac98bc71-2ed7-4cea-b8eb-36632b959e8e 0} {{58 0001-01-01 00:00:00 +0000 UTC 0001-01-01 00:00:00 +0000 UTC {0001-01-01 00:00:00 +0000 UTC false}} 13 {{0 0001-01-01 00:00:00 +0000 UTC 0001-01-01 00:00:00 +0000 UTC {0001-01-01 00:00:00 +0000 UTC false}}   0001-01-01 00:00:00 +0000 UTC  0  <nil> 0 [] {{0 0001-01-01 00:00:00 +0000 UTC 0001-01-01 00:00:00 +0000 UTC {0001-01-01 00:00:00 +0000 UTC false}} {<nil>}  <nil> []} []} IT 10 {{0 0001-01-01 00:00:00 +0000 UTC 0001-01-01 00:00:00 +0000 UTC {0001-01-01 00:00:00 +0000 UTC false}} {<nil>}  <nil> []} IT 0 5eee69fa-4f03-47bc-b8c5-59cf70305619 0}]]
2023/01/15 21:14:08 app.go:48: DEBUG: [4]
2023/01/15 21:14:08 app.go:48: DEBUG: [0]
2023/01/15 21:14:08 app.go:48: DEBUG: [09f40df3-8a1a-44b2-a71d-6b6340c7cafc]
2023/01/15 21:14:08 app.go:48: DEBUG: [0]
2023/01/15 21:14:08 app.go:48: DEBUG: [fd9f57fe-aa1b-4575-a045-a8248cf679d4]
2023/01/15 21:14:08 app.go:48: DEBUG: [0]
2023/01/15 21:14:08 app.go:48: DEBUG: [ac98bc71-2ed7-4cea-b8eb-36632b959e8e]
2023/01/15 21:14:08 app.go:48: DEBUG: [0]
2023/01/15 21:14:08 app.go:48: DEBUG: [5eee69fa-4f03-47bc-b8c5-59cf70305619]
2023/01/15 21:14:32 app.go:48: DEBUG: [Pilih All]
2023/01/15 21:14:32 app.go:48: DEBUG: [[{{54 0001-01-01 00:00:00 +0000 UTC 0001-01-01 00:00:00 +0000 UTC {0001-01-01 00:00:00 +0000 UTC false}} 13 {{0 0001-01-01 00:00:00 +0000 UTC 0001-01-01 00:00:00 +0000 UTC {0001-01-01 00:00:00 +0000 UTC false}}   0001-01-01 00:00:00 +0000 UTC  0  <nil> 0 [] {{0 0001-01-01 00:00:00 +0000 UTC 0001-01-01 00:00:00 +0000 UTC {0001-01-01 00:00:00 +0000 UTC false}} {<nil>}  <nil> []} []} CG 10 {{0 0001-01-01 00:00:00 +0000 UTC 0001-01-01 00:00:00 +0000 UTC {0001-01-01 00:00:00 +0000 UTC false}} {<nil>}  <nil> []} Consumer Group 0 54ef3692-8af6-4209-ac6b-aaa6be115893 0} {{55 0001-01-01 00:00:00 +0000 UTC 0001-01-01 00:00:00 +0000 UTC {0001-01-01 00:00:00 +0000 UTC false}} 13 {{0 0001-01-01 00:00:00 +0000 UTC 0001-01-01 00:00:00 +0000 UTC {0001-01-01 00:00:00 +0000 UTC false}}   0001-01-01 00:00:00 +0000 UTC  0  <nil> 0 [] {{0 0001-01-01 00:00:00 +0000 UTC 0001-01-01 00:00:00 +0000 UTC {0001-01-01 00:00:00 +0000 UTC false}} {<nil>}  <nil> []} []} GM 10 {{0 0001-01-01 00:00:00 +0000 UTC 0001-01-01 00:00:00 +0000 UTC {0001-01-01 00:00:00 +0000 UTC false}} {<nil>}  <nil> []} General Manager 54ef3692-8af6-4209-ac6b-aaa6be115893 09f40df3-8a1a-44b2-a71d-6b6340c7cafc 0} {{56 0001-01-01 00:00:00 +0000 UTC 0001-01-01 00:00:00 +0000 UTC {0001-01-01 00:00:00 +0000 UTC false}} 13 {{0 0001-01-01 00:00:00 +0000 UTC 0001-01-01 00:00:00 +0000 UTC {0001-01-01 00:00:00 +0000 UTC false}}   0001-01-01 00:00:00 +0000 UTC  0  <nil> 0 [] {{0 0001-01-01 00:00:00 +0000 UTC 0001-01-01 00:00:00 +0000 UTC {0001-01-01 00:00:00 +0000 UTC false}} {<nil>}  <nil> []} []} BAMP 10 {{0 0001-01-01 00:00:00 +0000 UTC 0001-01-01 00:00:00 +0000 UTC {0001-01-01 00:00:00 +0000 UTC false}} {<nil>}  <nil> []} Board Activity Management Departmen 09f40df3-8a1a-44b2-a71d-6b6340c7cafc fd9f57fe-aa1b-4575-a045-a8248cf679d4 0} {{57 0001-01-01 00:00:00 +0000 UTC 0001-01-01 00:00:00 +0000 UTC {0001-01-01 00:00:00 +0000 UTC false}} 13 {{0 0001-01-01 00:00:00 +0000 UTC 0001-01-01 00:00:00 +0000 UTC {0001-01-01 00:00:00 +0000 UTC false}}   0001-01-01 00:00:00 +0000 UTC  0  <nil> 0 [] {{0 0001-01-01 00:00:00 +0000 UTC 0001-01-01 00:00:00 +0000 UTC {0001-01-01 00:00:00 +0000 UTC false}} {<nil>}  <nil> []} []} M 10 {{0 0001-01-01 00:00:00 +0000 UTC 0001-01-01 00:00:00 +0000 UTC {0001-01-01 00:00:00 +0000 UTC false}} {<nil>}  <nil> []} Manager 54ef3692-8af6-4209-ac6b-aaa6be115893 ac98bc71-2ed7-4cea-b8eb-36632b959e8e 0} {{58 0001-01-01 00:00:00 +0000 UTC 0001-01-01 00:00:00 +0000 UTC {0001-01-01 00:00:00 +0000 UTC false}} 13 {{0 0001-01-01 00:00:00 +0000 UTC 0001-01-01 00:00:00 +0000 UTC {0001-01-01 00:00:00 +0000 UTC false}}   0001-01-01 00:00:00 +0000 UTC  0  <nil> 0 [] {{0 0001-01-01 00:00:00 +0000 UTC 0001-01-01 00:00:00 +0000 UTC {0001-01-01 00:00:00 +0000 UTC false}} {<nil>}  <nil> []} []} IT 10 {{0 0001-01-01 00:00:00 +0000 UTC 0001-01-01 00:00:00 +0000 UTC {0001-01-01 00:00:00 +0000 UTC false}} {<nil>}  <nil> []} IT 0 5eee69fa-4f03-47bc-b8c5-59cf70305619 0}]]
2023/01/15 21:14:32 app.go:48: DEBUG: [4]
2023/01/15 21:14:32 app.go:48: DEBUG: [3]
2023/01/15 21:14:32 app.go:48: DEBUG: [3]
2023/01/15 21:14:32 app.go:48: DEBUG: [3]
2023/01/15 21:14:32 app.go:48: DEBUG: [3]
2023/01/15 21:17:57 app.go:48: INFO: [Configuration Loaded]
2023/01/15 21:18:01 app.go:48: INFO: [Configuration Loaded]
2023/01/15 21:18:01 app.go:48: INFO: [Database Connected Successfully]
2023/01/15 21:18:04 app.go:48: INFO: [Configuration Loaded]
2023/01/15 21:18:04 app.go:48: INFO: [Database Connected Successfully]
2023/01/15 21:18:26 app.go:48: INFO: [Configuration Loaded]
2023/01/15 21:18:26 app.go:48: INFO: [Database Connected Successfully]
2023/01/15 21:18:30 app.go:48: INFO: [Configuration Loaded]
2023/01/15 21:18:30 app.go:48: INFO: [Database Connected Successfully]
2023/01/15 21:18:32 app.go:48: INFO: [Configuration Loaded]
2023/01/15 21:18:32 app.go:48: INFO: [Database Connected Successfully]
2023/01/15 21:18:50 app.go:48: INFO: [Configuration Loaded]
2023/01/15 21:18:50 app.go:48: INFO: [Database Connected Successfully]
2023/01/15 21:18:57 app.go:48: INFO: [Configuration Loaded]
2023/01/15 21:18:57 app.go:48: INFO: [Database Connected Successfully]
2023/01/15 21:27:54 app.go:48: INFO: [Configuration Loaded]
2023/01/15 21:27:54 app.go:48: INFO: [Database Connected Successfully]
