2023/02/05 07:41:58 app.go:48: INFO: [Configuration Loaded]
2023/02/05 07:48:33 app.go:48: INFO: [Configuration Loaded]
2023/02/05 07:54:29 app.go:48: INFO: [Configuration Loaded]
2023/02/05 11:30:03 app.go:48: INFO: [Configuration Loaded]
2023/02/05 11:30:03 app.go:48: INFO: [Database Connected Successfully]
2023/02/05 11:30:03 app.go:48: INFO: [Configuration Loaded]
2023/02/05 11:30:03 app.go:48: INFO: [Database Connected Successfully]
2023/02/05 11:30:04 app.go:48: INFO: [Configuration Loaded]
2023/02/05 11:30:04 app.go:48: INFO: [Database Connected Successfully]
2023/02/05 16:16:48 app.go:48: INFO: [Configuration Loaded]
2023/02/05 16:16:48 app.go:48: INFO: [Database Connected Successfully]
2023/02/05 16:16:48 app.go:48: INFO: [Configuration Loaded]
2023/02/05 16:16:48 app.go:48: INFO: [Database Connected Successfully]
2023/02/05 16:18:13 app.go:48: INFO: [Configuration Loaded]
2023/02/05 16:18:13 app.go:48: INFO: [Database Connected Successfully]
2023/02/05 16:19:37 app.go:48: INFO: [Configuration Loaded]
2023/02/05 16:19:37 app.go:48: INFO: [Database Connected Successfully]
2023/02/05 16:19:43 app.go:48: DEBUG: [code=403, message=User Credential Invalid]
2023/02/05 16:19:43 app.go:48: DEBUG: [code=403, message=User Credential Invalid]
2023/02/05 16:21:14 app.go:48: INFO: [Configuration Loaded]
2023/02/05 16:21:14 app.go:48: INFO: [Database Connected Successfully]
2023/02/05 16:21:51 app.go:48: INFO: [Configuration Loaded]
2023/02/05 16:21:51 app.go:48: INFO: [Database Connected Successfully]
2023/02/05 16:21:59 app.go:48: INFO: [Configuration Loaded]
2023/02/05 16:21:59 app.go:48: INFO: [Database Connected Successfully]
2023/02/05 16:22:33 app.go:48: INFO: [Configuration Loaded]
2023/02/05 16:22:33 app.go:48: INFO: [Database Connected Successfully]
2023/02/05 16:24:23 app.go:48: INFO: [Configuration Loaded]
2023/02/05 16:24:23 app.go:48: INFO: [Database Connected Successfully]
2023/02/05 16:28:03 app.go:48: INFO: [Configuration Loaded]
2023/02/05 16:28:03 app.go:48: INFO: [Database Connected Successfully]
2023/02/05 16:28:04 app.go:48: INFO: [Configuration Loaded]
2023/02/05 16:28:04 app.go:48: INFO: [Database Connected Successfully]
2023/02/05 16:28:31 app.go:48: INFO: [Configuration Loaded]
2023/02/05 16:28:31 app.go:48: INFO: [Database Connected Successfully]
2023/02/05 16:28:37 app.go:48: INFO: [Configuration Loaded]
2023/02/05 16:28:37 app.go:48: INFO: [Database Connected Successfully]
2023/02/05 16:29:08 app.go:48: INFO: [Configuration Loaded]
2023/02/05 16:29:09 app.go:48: INFO: [Database Connected Successfully]
2023/02/05 16:29:20 app.go:48: INFO: [Configuration Loaded]
2023/02/05 16:29:20 app.go:48: INFO: [Database Connected Successfully]
2023/02/05 16:32:21 app.go:48: INFO: [Configuration Loaded]
2023/02/05 16:32:21 app.go:48: INFO: [Database Connected Successfully]
2023/02/05 20:16:59 app.go:48: INFO: [Configuration Loaded]
2023/02/05 20:16:59 app.go:48: INFO: [Database Connected Successfully]
2023/02/05 20:17:00 app.go:48: INFO: [Configuration Loaded]
2023/02/05 20:17:00 app.go:48: INFO: [Configuration Loaded]
2023/02/05 20:17:00 app.go:48: INFO: [Database Connected Successfully]
2023/02/05 20:17:00 app.go:48: INFO: [Database Connected Successfully]
2023/02/05 20:33:15 app.go:48: INFO: [Configuration Loaded]
2023/02/05 20:33:15 app.go:48: INFO: [Database Connected Successfully]
2023/02/05 20:33:26 app.go:48: INFO: [Configuration Loaded]
2023/02/05 20:33:26 app.go:48: INFO: [Database Connected Successfully]
2023/02/05 20:33:36 app.go:48: INFO: [Configuration Loaded]
2023/02/05 20:33:37 app.go:48: INFO: [Database Connected Successfully]
2023/02/05 20:33:44 app.go:48: INFO: [Configuration Loaded]
2023/02/05 20:33:44 app.go:48: INFO: [Database Connected Successfully]
2023/02/05 20:42:04 app.go:48: INFO: [Configuration Loaded]
2023/02/05 20:42:04 app.go:48: INFO: [Database Connected Successfully]
2023/02/05 20:43:36 app.go:48: INFO: [Configuration Loaded]
2023/02/05 20:43:36 app.go:48: INFO: [Database Connected Successfully]
2023/02/05 20:43:57 app.go:48: INFO: [Configuration Loaded]
2023/02/05 20:43:57 app.go:48: INFO: [Database Connected Successfully]
2023/02/05 20:43:57 app.go:48: INFO: [Configuration Loaded]
2023/02/05 20:43:57 app.go:48: INFO: [Database Connected Successfully]
2023/02/05 20:44:26 app.go:48: INFO: [Configuration Loaded]
2023/02/05 20:44:26 app.go:48: INFO: [Database Connected Successfully]
2023/02/05 20:44:32 app.go:48: INFO: [Configuration Loaded]
2023/02/05 20:44:32 app.go:48: INFO: [Database Connected Successfully]
2023/02/05 20:49:47 app.go:48: INFO: [Configuration Loaded]
2023/02/05 20:49:47 app.go:48: INFO: [Database Connected Successfully]
2023/02/05 20:50:52 app.go:48: INFO: [Configuration Loaded]
2023/02/05 20:50:52 app.go:48: INFO: [Database Connected Successfully]
2023/02/05 20:50:52 app.go:48: INFO: [Configuration Loaded]
2023/02/05 20:50:52 app.go:48: INFO: [Database Connected Successfully]
2023/02/05 20:50:53 app.go:48: INFO: [Configuration Loaded]
2023/02/05 20:50:53 app.go:48: INFO: [Database Connected Successfully]
2023/02/05 20:51:06 app.go:48: INFO: [Configuration Loaded]
2023/02/05 20:51:06 app.go:48: INFO: [Database Connected Successfully]
2023/02/05 20:51:06 app.go:48: INFO: [Configuration Loaded]
2023/02/05 20:51:06 app.go:48: INFO: [Database Connected Successfully]
2023/02/05 21:16:51 app.go:48: INFO: [Configuration Loaded]
2023/02/05 21:16:51 app.go:48: INFO: [Configuration Loaded]
2023/02/05 21:16:51 app.go:48: INFO: [Database Connected Successfully]
2023/02/05 21:16:51 app.go:48: INFO: [Database Connected Successfully]
2023/02/05 21:19:01 app.go:48: INFO: [Configuration Loaded]
2023/02/05 21:19:01 app.go:48: INFO: [Database Connected Successfully]
2023/02/05 21:21:34 app.go:48: INFO: [Configuration Loaded]
2023/02/05 21:21:34 app.go:48: INFO: [Database Connected Successfully]
2023/02/05 21:22:10 app.go:48: INFO: [Configuration Loaded]
2023/02/05 21:22:10 app.go:48: INFO: [Database Connected Successfully]
2023/02/05 21:22:35 app.go:48: INFO: [Configuration Loaded]
2023/02/05 21:22:35 app.go:48: INFO: [Database Connected Successfully]
2023/02/05 21:24:12 app.go:48: INFO: [Configuration Loaded]
2023/02/05 21:24:12 app.go:48: INFO: [Database Connected Successfully]
2023/02/05 21:24:21 app.go:48: INFO: [Configuration Loaded]
2023/02/05 21:24:21 app.go:48: INFO: [Database Connected Successfully]
2023/02/05 21:24:32 app.go:48: INFO: [Configuration Loaded]
2023/02/05 21:24:33 app.go:48: INFO: [Database Connected Successfully]
2023/02/05 21:24:49 app.go:48: INFO: [Configuration Loaded]
2023/02/05 21:24:49 app.go:48: INFO: [Database Connected Successfully]
2023/02/05 21:25:01 app.go:48: INFO: [Configuration Loaded]
2023/02/05 21:25:01 app.go:48: INFO: [Database Connected Successfully]
2023/02/05 21:25:04 app.go:48: INFO: [Configuration Loaded]
2023/02/05 21:25:04 app.go:48: INFO: [Database Connected Successfully]
2023/02/05 21:29:34 app.go:48: INFO: [Configuration Loaded]
2023/02/05 21:29:35 app.go:48: INFO: [Database Connected Successfully]
2023/02/05 21:30:04 app.go:48: INFO: [Configuration Loaded]
2023/02/05 21:30:04 app.go:48: INFO: [Database Connected Successfully]
2023/02/05 21:30:49 app.go:48: INFO: [Configuration Loaded]
2023/02/05 21:30:49 app.go:48: INFO: [Database Connected Successfully]
2023/02/05 21:38:37 app.go:48: INFO: [Configuration Loaded]
2023/02/05 21:38:37 app.go:48: INFO: [Database Connected Successfully]
2023/02/05 21:38:38 app.go:48: INFO: [Configuration Loaded]
2023/02/05 21:38:38 app.go:48: INFO: [Database Connected Successfully]
2023/02/05 21:40:24 app.go:48: INFO: [Configuration Loaded]
2023/02/05 21:40:24 app.go:48: INFO: [Database Connected Successfully]
2023/02/05 21:40:25 app.go:48: INFO: [Configuration Loaded]
2023/02/05 21:40:25 app.go:48: INFO: [Database Connected Successfully]
2023/02/05 21:41:21 app.go:48: INFO: [Configuration Loaded]
2023/02/05 21:41:21 app.go:48: INFO: [Database Connected Successfully]
2023/02/05 21:44:07 app.go:48: INFO: [Configuration Loaded]
2023/02/05 21:44:08 app.go:48: INFO: [Database Connected Successfully]
2023/02/05 21:44:09 app.go:48: INFO: [Configuration Loaded]
2023/02/05 21:44:09 app.go:48: INFO: [Database Connected Successfully]
2023/02/05 21:47:14 app.go:48: INFO: [Configuration Loaded]
2023/02/05 21:47:14 app.go:48: INFO: [Database Connected Successfully]
2023/02/05 21:51:00 app.go:48: INFO: [Configuration Loaded]
2023/02/05 21:51:00 app.go:48: INFO: [Database Connected Successfully]
2023/02/05 21:52:20 app.go:48: INFO: [Configuration Loaded]
2023/02/05 21:52:20 app.go:48: INFO: [Database Connected Successfully]
2023/02/05 21:52:20 app.go:48: INFO: [Configuration Loaded]
2023/02/05 21:52:20 app.go:48: INFO: [Database Connected Successfully]
2023/02/05 21:56:22 app.go:48: INFO: [Configuration Loaded]
2023/02/05 21:56:22 app.go:48: INFO: [Database Connected Successfully]
2023/02/05 21:56:32 app.go:48: INFO: [Configuration Loaded]
2023/02/05 21:56:32 app.go:48: INFO: [Database Connected Successfully]
2023/02/05 21:56:50 app.go:48: INFO: [Configuration Loaded]
2023/02/05 21:56:50 app.go:48: INFO: [Database Connected Successfully]
2023/02/05 21:57:54 app.go:48: INFO: [Configuration Loaded]
2023/02/05 21:57:54 app.go:48: INFO: [Database Connected Successfully]
2023/02/05 21:58:42 app.go:48: INFO: [Configuration Loaded]
2023/02/05 21:58:42 app.go:48: INFO: [Database Connected Successfully]
2023/02/05 21:58:43 app.go:48: DEBUG: [0]
2023/02/05 21:59:11 app.go:48: DEBUG: [0]
2023/02/05 21:59:20 app.go:48: DEBUG: [0]
2023/02/05 21:59:39 app.go:48: INFO: [Configuration Loaded]
2023/02/05 21:59:39 app.go:48: INFO: [Database Connected Successfully]
2023/02/05 21:59:39 app.go:48: DEBUG: [3 60]
2023/02/05 22:00:26 app.go:48: INFO: [Configuration Loaded]
2023/02/05 22:00:26 app.go:48: INFO: [Database Connected Successfully]
2023/02/05 22:00:27 app.go:48: DEBUG: [3 60 0]
2023/02/05 22:00:36 app.go:48: DEBUG: [3 60 0]
2023/02/05 22:01:25 app.go:48: INFO: [Configuration Loaded]
2023/02/05 22:01:25 app.go:48: INFO: [Database Connected Successfully]
2023/02/05 22:01:27 app.go:48: DEBUG: [3 60 0.05]
2023/02/05 22:01:44 app.go:48: INFO: [Configuration Loaded]
2023/02/05 22:01:44 app.go:48: INFO: [Database Connected Successfully]
2023/02/05 22:02:51 app.go:48: INFO: [Configuration Loaded]
2023/02/05 22:03:23 app.go:48: INFO: [Configuration Loaded]
2023/02/05 22:07:10 app.go:48: INFO: [Configuration Loaded]
2023/02/05 22:07:10 app.go:48: INFO: [Database Connected Successfully]
2023/02/05 22:34:31 app.go:48: INFO: [Configuration Loaded]
2023/02/05 22:34:31 app.go:48: INFO: [Database Connected Successfully]
2023/02/05 22:34:32 app.go:48: INFO: [Configuration Loaded]
2023/02/05 22:34:32 app.go:48: INFO: [Database Connected Successfully]
2023/02/05 22:34:32 app.go:48: INFO: [Configuration Loaded]
2023/02/05 22:34:32 app.go:48: INFO: [Database Connected Successfully]
2023/02/05 22:36:06 app.go:48: DEBUG: [4]
2023/02/05 22:53:02 app.go:48: DEBUG: [Shutdowning Server ...]
2023/02/05 22:53:02 app.go:48: INFO: [Server Stopped Gracefully]
