2023/03/19 20:53:41 app.go:48: INFO: [Configuration Loaded]
2023/03/19 20:53:41 app.go:48: INFO: [Database Connected Successfully]
2023/03/19 20:53:41 app.go:48: WARN: [Redis Skiped]
2023/03/19 20:53:41 app.go:48: INFO: [Redis Skip Cache]
2023/03/19 20:53:41 app.go:48: INFO: [Redis Job Queue skipped]
2023/03/19 20:53:45 app.go:48: ERROR: [kxfPFnAnJMhN0ez3EGgkqQrwC96740Fn Key: 'RefreshToken.Token' Error:Field validation for 'Token' failed on the 'required' tag]
2023/03/19 21:03:49 app.go:48: DEBUG: [Shutdowning Server ...]
2023/03/19 21:03:49 app.go:48: INFO: [Server Stopped Gracefully]
2023/03/19 21:04:45 app.go:48: INFO: [Configuration Loaded]
2023/03/19 21:04:45 app.go:48: INFO: [Database Connected Successfully]
2023/03/19 21:04:46 app.go:48: WARN: [Redis Skiped]
2023/03/19 21:04:46 app.go:48: INFO: [Redis Skip Cache]
2023/03/19 21:04:46 app.go:48: INFO: [Redis Job Queue skipped]
2023/03/19 21:07:25 app.go:48: ERROR: [2HjtZvr5ZPQHC2jKCPYu3bcV85CM32de Key: 'GetStatProject.Month' Error:Field validation for 'Month' failed on the 'required' tag
Key: 'GetStatProject.Year' Error:Field validation for 'Year' failed on the 'required' tag]
2023/03/19 22:06:57 app.go:48: DEBUG: [Shutdowning Server ...]
2023/03/19 22:06:57 app.go:48: INFO: [Server Stopped Gracefully]
2023/03/19 22:07:12 app.go:48: INFO: [Configuration Loaded]
2023/03/19 22:07:12 app.go:48: INFO: [Database Connected Successfully]
2023/03/19 22:07:12 app.go:48: WARN: [Redis Skiped]
2023/03/19 22:07:12 app.go:48: INFO: [Redis Skip Cache]
2023/03/19 22:07:12 app.go:48: INFO: [Redis Job Queue skipped]
2023/03/19 22:08:50 app.go:48: ERROR: [t6iYFTXMOIo62rXUQ92p5McsXdhlo93D Key: 'GetStatProject.Month' Error:Field validation for 'Month' failed on the 'required' tag
Key: 'GetStatProject.Year' Error:Field validation for 'Year' failed on the 'required' tag]
2023/03/19 22:09:02 app.go:48: ERROR: [NMNvwQCaWoS0QfNX3VLOSEOsG1GSTLU8 Key: 'GetStatProject.Month' Error:Field validation for 'Month' failed on the 'required' tag
Key: 'GetStatProject.Year' Error:Field validation for 'Year' failed on the 'required' tag]
2023/03/19 22:09:27 app.go:48: DEBUG: [Shutdowning Server ...]
2023/03/19 22:09:27 app.go:48: INFO: [Server Stopped Gracefully]
2023/03/19 22:09:51 app.go:48: INFO: [Configuration Loaded]
2023/03/19 22:09:52 app.go:48: INFO: [Database Connected Successfully]
2023/03/19 22:09:52 app.go:48: WARN: [Redis Skiped]
2023/03/19 22:09:52 app.go:48: INFO: [Redis Skip Cache]
2023/03/19 22:09:52 app.go:48: INFO: [Redis Job Queue skipped]
2023/03/19 22:11:02 app.go:48: DEBUG: [Shutdowning Server ...]
2023/03/19 22:11:02 app.go:48: INFO: [Server Stopped Gracefully]
2023/03/19 22:12:09 app.go:48: INFO: [Configuration Loaded]
2023/03/19 22:12:09 app.go:48: INFO: [Database Connected Successfully]
2023/03/19 22:12:09 app.go:48: WARN: [Redis Skiped]
2023/03/19 22:12:09 app.go:48: INFO: [Redis Skip Cache]
2023/03/19 22:12:09 app.go:48: INFO: [Redis Job Queue skipped]
2023/03/19 22:13:38 app.go:48: DEBUG: [Shutdowning Server ...]
2023/03/19 22:13:38 app.go:48: INFO: [Server Stopped Gracefully]
2023/03/19 22:13:58 app.go:48: INFO: [Configuration Loaded]
2023/03/19 22:13:58 app.go:48: INFO: [Database Connected Successfully]
2023/03/19 22:13:58 app.go:48: WARN: [Redis Skiped]
2023/03/19 22:13:58 app.go:48: INFO: [Redis Skip Cache]
2023/03/19 22:13:58 app.go:48: INFO: [Redis Job Queue skipped]
2023/03/19 22:15:27 app.go:48: DEBUG: [Shutdowning Server ...]
2023/03/19 22:15:27 app.go:48: INFO: [Server Stopped Gracefully]
2023/03/19 22:15:49 app.go:48: INFO: [Configuration Loaded]
2023/03/19 22:15:49 app.go:48: INFO: [Database Connected Successfully]
2023/03/19 22:15:49 app.go:48: WARN: [Redis Skiped]
2023/03/19 22:15:49 app.go:48: INFO: [Redis Skip Cache]
2023/03/19 22:15:49 app.go:48: INFO: [Redis Job Queue skipped]
2023/03/19 22:18:01 app.go:48: DEBUG: [Shutdowning Server ...]
2023/03/19 22:18:01 app.go:48: INFO: [Server Stopped Gracefully]
2023/03/19 22:18:24 app.go:48: INFO: [Configuration Loaded]
2023/03/19 22:18:24 app.go:48: INFO: [Database Connected Successfully]
2023/03/19 22:18:24 app.go:48: WARN: [Redis Skiped]
2023/03/19 22:18:24 app.go:48: INFO: [Redis Skip Cache]
2023/03/19 22:18:24 app.go:48: INFO: [Redis Job Queue skipped]
2023/03/19 22:21:32 app.go:48: DEBUG: [Shutdowning Server ...]
2023/03/19 22:21:33 app.go:48: INFO: [Server Stopped Gracefully]
2023/03/19 22:21:46 app.go:48: INFO: [Configuration Loaded]
2023/03/19 22:21:46 app.go:48: INFO: [Database Connected Successfully]
2023/03/19 22:21:46 app.go:48: WARN: [Redis Skiped]
2023/03/19 22:21:46 app.go:48: INFO: [Redis Skip Cache]
2023/03/19 22:21:46 app.go:48: INFO: [Redis Job Queue skipped]
2023/03/19 22:24:06 app.go:48: DEBUG: [Shutdowning Server ...]
2023/03/19 22:24:06 app.go:48: INFO: [Server Stopped Gracefully]
2023/03/19 22:24:35 app.go:48: INFO: [Configuration Loaded]
2023/03/19 22:24:35 app.go:48: INFO: [Database Connected Successfully]
2023/03/19 22:24:35 app.go:48: WARN: [Redis Skiped]
2023/03/19 22:24:35 app.go:48: INFO: [Redis Skip Cache]
2023/03/19 22:24:35 app.go:48: INFO: [Redis Job Queue skipped]
2023/03/19 23:06:17 app.go:48: DEBUG: [Shutdowning Server ...]
2023/03/19 23:06:17 app.go:48: INFO: [Server Stopped Gracefully]
2023/03/19 23:06:56 app.go:48: INFO: [Configuration Loaded]
2023/03/19 23:06:56 app.go:48: INFO: [Database Connected Successfully]
2023/03/19 23:06:56 app.go:48: WARN: [Redis Skiped]
2023/03/19 23:06:56 app.go:48: INFO: [Redis Skip Cache]
2023/03/19 23:06:56 app.go:48: INFO: [Redis Job Queue skipped]
2023/03/19 23:09:57 app.go:48: DEBUG: [Shutdowning Server ...]
2023/03/19 23:09:57 app.go:48: INFO: [Server Stopped Gracefully]
