2023/05/22 15:35:51 app.go:48: INFO: [Configuration Loaded]
2023/05/22 15:35:52 app.go:48: INFO: [Database Connected Successfully]
2023/05/22 15:35:52 app.go:48: WARN: [Redis Skiped]
2023/05/22 15:35:52 app.go:48: INFO: [Redis Skip Cache]
2023/05/22 15:35:52 app.go:48: INFO: [Redis Job Queue skipped]
2023/05/22 15:35:55 app.go:48: ERROR: [ElxcPF9qw6dbO4OUjT0KQiO5vKJ73X5v Key: 'RefreshToken.Token' Error:Field validation for 'Token' failed on the 'required' tag]
2023/05/22 17:28:11 app.go:48: DEBUG: [Shutdowning Server ...]
2023/05/22 17:28:11 app.go:48: INFO: [Server Stopped Gracefully]
2023/05/22 17:28:31 app.go:48: INFO: [Configuration Loaded]
2023/05/22 17:28:31 app.go:48: INFO: [Database Connected Successfully]
2023/05/22 17:28:31 app.go:48: WARN: [Redis Skiped]
2023/05/22 17:28:31 app.go:48: INFO: [Redis Skip Cache]
2023/05/22 17:28:31 app.go:48: INFO: [Redis Job Queue skipped]
2023/05/22 18:01:33 app.go:48: DEBUG: [Shutdowning Server ...]
2023/05/22 18:01:33 app.go:48: INFO: [Server Stopped Gracefully]
2023/05/22 18:01:59 app.go:48: INFO: [Configuration Loaded]
2023/05/22 18:01:59 app.go:48: INFO: [Database Connected Successfully]
2023/05/22 18:01:59 app.go:48: WARN: [Redis Skiped]
2023/05/22 18:01:59 app.go:48: INFO: [Redis Skip Cache]
2023/05/22 18:01:59 app.go:48: INFO: [Redis Job Queue skipped]
2023/05/22 21:56:47 app.go:48: DEBUG: [Shutdowning Server ...]
2023/05/22 21:56:47 app.go:48: INFO: [Server Stopped Gracefully]
2023/05/22 21:57:08 app.go:48: INFO: [Configuration Loaded]
2023/05/22 21:57:08 app.go:48: INFO: [Database Connected Successfully]
2023/05/22 21:57:08 app.go:48: WARN: [Redis Skiped]
2023/05/22 21:57:08 app.go:48: INFO: [Redis Skip Cache]
2023/05/22 21:57:08 app.go:48: INFO: [Redis Job Queue skipped]
2023/05/22 21:58:56 app.go:48: ERROR: [4DqNBZ9rkAFXctXgJ1RU7gdSPNJCXcfk reflect: Field index out of range]
2023/05/22 22:07:31 app.go:48: DEBUG: [Shutdowning Server ...]
2023/05/22 22:07:59 app.go:48: INFO: [Configuration Loaded]
2023/05/22 22:07:59 app.go:48: INFO: [Database Connected Successfully]
2023/05/22 22:07:59 app.go:48: WARN: [Redis Skiped]
2023/05/22 22:07:59 app.go:48: INFO: [Redis Skip Cache]
2023/05/22 22:07:59 app.go:48: INFO: [Redis Job Queue skipped]
2023/05/22 22:08:10 app.go:48: ERROR: [zHc3NMopHgv4vGU4QdvUFeQRF7250tIp reflect: Field index out of range]
2023/05/22 22:26:18 app.go:48: DEBUG: [Shutdowning Server ...]
2023/05/22 22:27:59 app.go:48: INFO: [Configuration Loaded]
2023/05/22 22:27:59 app.go:48: INFO: [Database Connected Successfully]
2023/05/22 22:28:00 app.go:48: WARN: [Redis Skiped]
2023/05/22 22:28:00 app.go:48: INFO: [Redis Skip Cache]
2023/05/22 22:28:00 app.go:48: INFO: [Redis Job Queue skipped]
2023/05/22 22:28:54 app.go:48: ERROR: [bS0ULKEOg1YcDzxh302ek8YIEZXhb1o6 reflect: Field index out of range]
2023/05/22 22:29:15 app.go:48: DEBUG: [Shutdowning Server ...]
2023/05/22 22:29:15 app.go:48: INFO: [Server Stopped Gracefully]
2023/05/22 22:29:31 app.go:48: INFO: [Configuration Loaded]
2023/05/22 22:29:31 app.go:48: INFO: [Database Connected Successfully]
2023/05/22 22:29:31 app.go:48: WARN: [Redis Skiped]
2023/05/22 22:29:31 app.go:48: INFO: [Redis Skip Cache]
2023/05/22 22:29:31 app.go:48: INFO: [Redis Job Queue skipped]
2023/05/22 22:49:18 app.go:48: ERROR: [oz5dOIBicL3jXCYRoYhOsrLnQN4tJZJE reflect: Field index out of range]
