2023/01/17 05:56:38 app.go:48: INFO: [Configuration Loaded]
2023/01/17 05:56:38 app.go:48: INFO: [Database Connected Successfully]
2023/01/17 05:56:40 app.go:48: INFO: [Configuration Loaded]
2023/01/17 05:56:40 app.go:48: INFO: [Configuration Loaded]
2023/01/17 05:56:40 app.go:48: INFO: [Database Connected Successfully]
2023/01/17 05:58:10 app.go:48: INFO: [Configuration Loaded]
2023/01/17 05:58:10 app.go:48: INFO: [Database Connected Successfully]
2023/01/17 05:58:14 app.go:48: DEBUG: [{{10 2023-01-16 15:53:11.054662 +0700 +07 2023-01-16 15:53:11.054662 +0700 +07 {0001-01-01 00:00:00 +0000 UTC false}} 4 {{0 0001-01-01 00:00:00 +0000 UTC 0001-01-01 00:00:00 +0000 UTC {0001-01-01 00:00:00 +0000 UTC false}} {<nil>}  <nil> []} A/P and A/R Management Division <nil> 0 eccd0a29-6b49-409c-a860-f3aed2b74d89}]
2023/01/17 05:59:00 app.go:48: INFO: [Configuration Loaded]
2023/01/17 05:59:01 app.go:48: INFO: [Database Connected Successfully]
2023/01/17 05:59:24 app.go:48: INFO: [Configuration Loaded]
2023/01/17 05:59:24 app.go:48: INFO: [Database Connected Successfully]
2023/01/17 05:59:27 app.go:48: DEBUG: [{{10 2023-01-16 15:53:11.054662 +0700 +07 2023-01-16 15:53:11.054662 +0700 +07 {0001-01-01 00:00:00 +0000 UTC false}} 4 {{0 0001-01-01 00:00:00 +0000 UTC 0001-01-01 00:00:00 +0000 UTC {0001-01-01 00:00:00 +0000 UTC false}} {<nil>}  <nil> []} A/P and A/R Management Division <nil> 0 eccd0a29-6b49-409c-a860-f3aed2b74d89}]
2023/01/17 05:59:27 app.go:48: DEBUG: [{{11 2023-01-16 15:53:11.054662 +0700 +07 2023-01-16 15:53:11.054662 +0700 +07 {0001-01-01 00:00:00 +0000 UTC false}} 4 {{0 0001-01-01 00:00:00 +0000 UTC 0001-01-01 00:00:00 +0000 UTC {0001-01-01 00:00:00 +0000 UTC false}} {<nil>}  <nil> []} Legal Business Partner and Compliance - B2B, Digital, Affiliate and Non-Procurement Division <nil> 0 dbf0a604-cebc-4053-85b7-399e3bbcc07e}]
2023/01/17 05:59:27 app.go:48: DEBUG: [{{12 2023-01-16 15:53:11.054662 +0700 +07 2023-01-16 15:53:11.054662 +0700 +07 {0001-01-01 00:00:00 +0000 UTC false}} 4 {{0 0001-01-01 00:00:00 +0000 UTC 0001-01-01 00:00:00 +0000 UTC {0001-01-01 00:00:00 +0000 UTC false}} {<nil>}  <nil> []} Corporate Affair and Program Control Division 0xc001549370 0 80ab7d44-e74e-447b-b1d8-fae8de55631f}]
2023/01/17 05:59:27 app.go:48: DEBUG: [{{13 2023-01-16 15:53:11.054662 +0700 +07 2023-01-16 15:53:11.054662 +0700 +07 {0001-01-01 00:00:00 +0000 UTC false}} 4 {{0 0001-01-01 00:00:00 +0000 UTC 0001-01-01 00:00:00 +0000 UTC {0001-01-01 00:00:00 +0000 UTC false}} {<nil>}  <nil> []} Network Data Design and Digitalization Division 0xc0015493f0 0 3266a099-5f95-416a-b21a-e82cd646ce86}]
2023/01/17 05:59:27 app.go:48: DEBUG: [{{14 2023-01-16 15:53:11.054662 +0700 +07 2023-01-16 15:53:11.054662 +0700 +07 {0001-01-01 00:00:00 +0000 UTC false}} 4 {{0 0001-01-01 00:00:00 +0000 UTC 0001-01-01 00:00:00 +0000 UTC {0001-01-01 00:00:00 +0000 UTC false}} {<nil>}  <nil> []} IT UX Enablement Division 0xc001549470 0 5cd5ba0f-af1b-4984-ac56-92f06a77349d}]
2023/01/17 05:59:27 app.go:48: DEBUG: [{{15 2023-01-16 15:53:11.054662 +0700 +07 2023-01-16 15:53:11.054662 +0700 +07 {0001-01-01 00:00:00 +0000 UTC false}} 4 {{0 0001-01-01 00:00:00 +0000 UTC 0001-01-01 00:00:00 +0000 UTC {0001-01-01 00:00:00 +0000 UTC false}} {<nil>}  <nil> []} Grapari Jabodetabek 0xc0015494f0 0 ea119696-b079-463a-862b-cef7b8648f8c}]
2023/01/17 05:59:27 app.go:48: DEBUG: [{{16 2023-01-16 15:53:11.054662 +0700 +07 2023-01-16 15:53:11.054662 +0700 +07 {0001-01-01 00:00:00 +0000 UTC false}} 4 {{0 0001-01-01 00:00:00 +0000 UTC 0001-01-01 00:00:00 +0000 UTC {0001-01-01 00:00:00 +0000 UTC false}} {<nil>}  <nil> []} Depo Dokumen Sentul 0xc001549570 0 5554f316-bfec-4347-b4bb-7d24301a372e}]
2023/01/17 06:03:24 app.go:48: INFO: [Configuration Loaded]
2023/01/17 06:03:24 app.go:48: INFO: [Database Connected Successfully]
2023/01/17 06:03:41 app.go:48: DEBUG: [{{10 2023-01-16 15:53:11.054662 +0700 +07 2023-01-16 15:53:11.054662 +0700 +07 {0001-01-01 00:00:00 +0000 UTC false}} 4 {{0 0001-01-01 00:00:00 +0000 UTC 0001-01-01 00:00:00 +0000 UTC {0001-01-01 00:00:00 +0000 UTC false}} {<nil>}  <nil> []} A/P and A/R Management Division <nil> 0 eccd0a29-6b49-409c-a860-f3aed2b74d89}]
2023/01/17 06:03:41 app.go:48: DEBUG: [{{11 2023-01-16 15:53:11.054662 +0700 +07 2023-01-16 15:53:11.054662 +0700 +07 {0001-01-01 00:00:00 +0000 UTC false}} 4 {{0 0001-01-01 00:00:00 +0000 UTC 0001-01-01 00:00:00 +0000 UTC {0001-01-01 00:00:00 +0000 UTC false}} {<nil>}  <nil> []} Legal Business Partner and Compliance - B2B, Digital, Affiliate and Non-Procurement Division <nil> 0 dbf0a604-cebc-4053-85b7-399e3bbcc07e}]
2023/01/17 06:03:41 app.go:48: DEBUG: [{{12 2023-01-16 15:53:11.054662 +0700 +07 2023-01-16 15:53:11.054662 +0700 +07 {0001-01-01 00:00:00 +0000 UTC false}} 4 {{0 0001-01-01 00:00:00 +0000 UTC 0001-01-01 00:00:00 +0000 UTC {0001-01-01 00:00:00 +0000 UTC false}} {<nil>}  <nil> []} Corporate Affair and Program Control Division 0xc0013cf590 0 80ab7d44-e74e-447b-b1d8-fae8de55631f}]
2023/01/17 06:03:41 app.go:48: DEBUG: [{{13 2023-01-16 15:53:11.054662 +0700 +07 2023-01-16 15:53:11.054662 +0700 +07 {0001-01-01 00:00:00 +0000 UTC false}} 4 {{0 0001-01-01 00:00:00 +0000 UTC 0001-01-01 00:00:00 +0000 UTC {0001-01-01 00:00:00 +0000 UTC false}} {<nil>}  <nil> []} Network Data Design and Digitalization Division 0xc0013cf610 0 3266a099-5f95-416a-b21a-e82cd646ce86}]
2023/01/17 06:03:41 app.go:48: DEBUG: [{{14 2023-01-16 15:53:11.054662 +0700 +07 2023-01-16 15:53:11.054662 +0700 +07 {0001-01-01 00:00:00 +0000 UTC false}} 4 {{0 0001-01-01 00:00:00 +0000 UTC 0001-01-01 00:00:00 +0000 UTC {0001-01-01 00:00:00 +0000 UTC false}} {<nil>}  <nil> []} IT UX Enablement Division 0xc0013cf690 0 5cd5ba0f-af1b-4984-ac56-92f06a77349d}]
2023/01/17 06:03:41 app.go:48: DEBUG: [{{15 2023-01-16 15:53:11.054662 +0700 +07 2023-01-16 15:53:11.054662 +0700 +07 {0001-01-01 00:00:00 +0000 UTC false}} 4 {{0 0001-01-01 00:00:00 +0000 UTC 0001-01-01 00:00:00 +0000 UTC {0001-01-01 00:00:00 +0000 UTC false}} {<nil>}  <nil> []} Grapari Jabodetabek 0xc0013cf710 0 ea119696-b079-463a-862b-cef7b8648f8c}]
2023/01/17 06:03:41 app.go:48: DEBUG: [{{16 2023-01-16 15:53:11.054662 +0700 +07 2023-01-16 15:53:11.054662 +0700 +07 {0001-01-01 00:00:00 +0000 UTC false}} 4 {{0 0001-01-01 00:00:00 +0000 UTC 0001-01-01 00:00:00 +0000 UTC {0001-01-01 00:00:00 +0000 UTC false}} {<nil>}  <nil> []} Depo Dokumen Sentul 0xc0013cf790 0 5554f316-bfec-4347-b4bb-7d24301a372e}]
2023/01/17 06:06:58 app.go:48: DEBUG: [Shutdowning Server ...]
2023/01/17 06:06:58 app.go:48: INFO: [Server Stopped Gracefully]
2023/01/17 07:09:04 app.go:48: INFO: [Configuration Loaded]
2023/01/17 07:09:04 app.go:48: INFO: [Database Connected Successfully]
2023/01/17 07:09:05 app.go:48: INFO: [Configuration Loaded]
2023/01/17 07:09:05 app.go:48: INFO: [Database Connected Successfully]
2023/01/17 07:09:28 app.go:48: INFO: [Configuration Loaded]
2023/01/17 07:09:28 app.go:48: INFO: [Database Connected Successfully]
2023/01/17 07:41:24 app.go:48: DEBUG: [{{177 2023-01-15 15:52:47.825632 +0700 +07 2023-01-15 15:52:47.825632 +0700 +07 {0001-01-01 00:00:00 +0000 UTC false}} 10 {{0 0001-01-01 00:00:00 +0000 UTC 0001-01-01 00:00:00 +0000 UTC {0001-01-01 00:00:00 +0000 UTC false}} {<nil>}  <nil> []} Consumer Group 0xc00170dca0 0 54ef3692-8af6-4209-ac6b-aaa6be115893}]
2023/01/17 07:41:24 app.go:48: DEBUG: [{{178 2023-01-15 15:52:47.825632 +0700 +07 2023-01-15 15:52:47.825632 +0700 +07 {0001-01-01 00:00:00 +0000 UTC false}} 10 {{0 0001-01-01 00:00:00 +0000 UTC 0001-01-01 00:00:00 +0000 UTC {0001-01-01 00:00:00 +0000 UTC false}} {<nil>}  <nil> []} General Manager 0xc00170dd20 54ef3692-8af6-4209-ac6b-aaa6be115893 09f40df3-8a1a-44b2-a71d-6b6340c7cafc}]
2023/01/17 07:41:24 app.go:48: DEBUG: [{{179 2023-01-15 15:52:47.825632 +0700 +07 2023-01-15 15:52:47.825632 +0700 +07 {0001-01-01 00:00:00 +0000 UTC false}} 10 {{0 0001-01-01 00:00:00 +0000 UTC 0001-01-01 00:00:00 +0000 UTC {0001-01-01 00:00:00 +0000 UTC false}} {<nil>}  <nil> []} Board Activity Management Departmen 0xc00170dda0 09f40df3-8a1a-44b2-a71d-6b6340c7cafc fd9f57fe-aa1b-4575-a045-a8248cf679d4}]
2023/01/17 07:41:24 app.go:48: DEBUG: [{{180 2023-01-15 15:52:47.825632 +0700 +07 2023-01-15 15:52:47.825632 +0700 +07 {0001-01-01 00:00:00 +0000 UTC false}} 10 {{0 0001-01-01 00:00:00 +0000 UTC 0001-01-01 00:00:00 +0000 UTC {0001-01-01 00:00:00 +0000 UTC false}} {<nil>}  <nil> []} Manager 0xc00170de20 54ef3692-8af6-4209-ac6b-aaa6be115893 ac98bc71-2ed7-4cea-b8eb-36632b959e8e}]
2023/01/17 07:41:24 app.go:48: DEBUG: [{{181 2023-01-15 15:52:47.825632 +0700 +07 2023-01-15 15:52:47.825632 +0700 +07 {0001-01-01 00:00:00 +0000 UTC false}} 10 {{0 0001-01-01 00:00:00 +0000 UTC 0001-01-01 00:00:00 +0000 UTC {0001-01-01 00:00:00 +0000 UTC false}} {<nil>}  <nil> []} IT 0xc00170dea0 0 5eee69fa-4f03-47bc-b8c5-59cf70305619}]
2023/01/17 07:46:42 app.go:48: INFO: [Configuration Loaded]
2023/01/17 07:46:42 app.go:48: INFO: [Database Connected Successfully]
2023/01/17 07:47:53 app.go:48: INFO: [Configuration Loaded]
2023/01/17 07:47:53 app.go:48: INFO: [Database Connected Successfully]
2023/01/17 07:49:19 app.go:48: INFO: [Configuration Loaded]
2023/01/17 07:49:19 app.go:48: INFO: [Database Connected Successfully]
2023/01/17 07:49:32 app.go:48: INFO: [Configuration Loaded]
2023/01/17 07:49:32 app.go:48: INFO: [Database Connected Successfully]
2023/01/17 08:32:04 app.go:48: DEBUG: [Shutdowning Server ...]
2023/01/17 08:32:04 app.go:48: INFO: [Server Stopped Gracefully]
2023/01/17 22:21:17 app.go:48: INFO: [Configuration Loaded]
2023/01/17 22:21:17 app.go:48: INFO: [Database Connected Successfully]
2023/01/17 22:21:18 app.go:48: INFO: [Configuration Loaded]
2023/01/17 22:21:18 app.go:48: INFO: [Database Connected Successfully]
2023/01/17 22:21:18 app.go:48: INFO: [Configuration Loaded]
2023/01/17 22:21:18 app.go:48: INFO: [Database Connected Successfully]
2023/01/17 22:42:29 app.go:48: INFO: [Configuration Loaded]
2023/01/17 22:42:29 app.go:48: INFO: [Database Connected Successfully]
2023/01/17 22:46:13 app.go:48: DEBUG: [Shutdowning Server ...]
2023/01/17 22:46:13 app.go:48: INFO: [Server Stopped Gracefully]
