2023/02/21 06:55:19 app.go:48: INFO: [Configuration Loaded]
2023/02/21 06:55:19 app.go:48: INFO: [Database Connected Successfully]
2023/02/21 07:14:06 app.go:48: INFO: [{{0 0001-01-01 00:00:00 +0000 UTC 0001-01-01 00:00:00 +0000 UTC {0001-01-01 00:00:00 +0000 UTC false}} 3 8 QUESTIONS Mejawab Pertanyaan 'Jelaskan Cara Pelaksanaan Digitalisasi di Unit Kerja Anda '}]
2023/02/21 07:16:37 app.go:48: INFO: [{{0 0001-01-01 00:00:00 +0000 UTC 0001-01-01 00:00:00 +0000 UTC {0001-01-01 00:00:00 +0000 UTC false}} 3 8 QUESTIONS Mejawab Pertanyaan 'Apakah Ada Manual SOP ?'}]
2023/02/21 07:21:10 app.go:48: INFO: [Configuration Loaded]
2023/02/21 07:21:10 app.go:48: INFO: [Database Connected Successfully]
2023/02/21 07:21:10 app.go:48: INFO: [Configuration Loaded]
2023/02/21 07:21:10 app.go:48: INFO: [Configuration Loaded]
2023/02/21 07:21:10 app.go:48: INFO: [Database Connected Successfully]
2023/02/21 07:23:29 app.go:48: INFO: [Configuration Loaded]
2023/02/21 07:23:29 app.go:48: INFO: [Database Connected Successfully]
2023/02/21 07:24:11 app.go:48: INFO: [Configuration Loaded]
2023/02/21 07:24:11 app.go:48: INFO: [Database Connected Successfully]
2023/02/21 07:26:03 app.go:48: INFO: [Configuration Loaded]
2023/02/21 07:26:04 app.go:48: INFO: [Database Connected Successfully]
2023/02/21 07:26:06 app.go:48: INFO: [Configuration Loaded]
2023/02/21 07:26:06 app.go:48: INFO: [Database Connected Successfully]
2023/02/21 07:26:53 app.go:48: INFO: [Configuration Loaded]
2023/02/21 07:26:53 app.go:48: INFO: [Database Connected Successfully]
2023/02/21 07:27:27 app.go:48: INFO: [Configuration Loaded]
2023/02/21 07:27:27 app.go:48: INFO: [Database Connected Successfully]
2023/02/21 07:27:37 app.go:48: INFO: [Configuration Loaded]
2023/02/21 07:27:37 app.go:48: INFO: [Database Connected Successfully]
2023/02/21 07:27:43 app.go:48: ERROR: [Z0tuIaZCe8fRmb3D7duXK9hPXH0kuhw0 ERROR: syntax error at or near "distinct" (SQLSTATE 42601)]
2023/02/21 07:27:47 app.go:48: ERROR: [beCN7EmydNcs2KimLAVhaQkgyVoGsMdD ERROR: syntax error at or near "distinct" (SQLSTATE 42601)]
2023/02/21 07:27:49 app.go:48: ERROR: [TGqsdrqWul4b7eerZ9nHGQ1j7CJ0D0OJ ERROR: syntax error at or near "distinct" (SQLSTATE 42601)]
2023/02/21 07:28:53 app.go:48: INFO: [Configuration Loaded]
2023/02/21 07:28:53 app.go:48: INFO: [Database Connected Successfully]
2023/02/21 22:26:50 app.go:48: INFO: [Configuration Loaded]
2023/02/21 22:26:50 app.go:48: INFO: [Database Connected Successfully]
2023/02/21 22:26:50 app.go:48: INFO: [Configuration Loaded]
2023/02/21 22:26:50 app.go:48: INFO: [Configuration Loaded]
2023/02/21 22:26:50 app.go:48: INFO: [Configuration Loaded]
2023/02/21 22:26:50 app.go:48: INFO: [Database Connected Successfully]
