2023/02/19 14:50:02 app.go:48: INFO: [Configuration Loaded]
2023/02/19 14:50:03 app.go:48: INFO: [Database Connected Successfully]
2023/02/19 15:04:52 app.go:48: INFO: [Configuration Loaded]
2023/02/19 15:04:52 app.go:48: INFO: [Database Connected Successfully]
2023/02/19 15:10:32 app.go:48: ERROR: [PRycFeuiTZa9oTT0RDoIoSmanZ8HsFeR Key: 'CreateStructureForProjectRequest.ProjectId' Error:Field validation for 'ProjectId' failed on the 'required' tag]
2023/02/19 15:10:32 app.go:48: ERROR: [jsMaQdPPogx3JvIoswHTmba311ld0l3P Key: 'CreateStructureForProjectRequest.ProjectId' Error:Field validation for 'ProjectId' failed on the 'required' tag]
2023/02/19 15:10:32 app.go:48: ERROR: [RkzNyzYYkneqfQgPKy6Wd7tEe1Y2yhEJ Key: 'CreateStructureForProjectRequest.ProjectId' Error:Field validation for 'ProjectId' failed on the 'required' tag]
2023/02/19 15:11:42 app.go:48: ERROR: [sqthJC7evFnS52fzLYBUQ4goml0gk1Qi Key: 'CreateStructureForProjectRequest.ProjectId' Error:Field validation for 'ProjectId' failed on the 'required' tag]
2023/02/19 15:11:47 app.go:48: ERROR: [sktprDQK1xHmfP4brZYYSL6WTSyTTmAC Key: 'CreateStructureForProjectRequest.ProjectId' Error:Field validation for 'ProjectId' failed on the 'required' tag]
2023/02/19 15:15:26 app.go:48: ERROR: [qN3aLGLNXc8nwUr7cS3PPWY5DCB7y8aA Key: 'CreateStructureForProjectRequest.ProjectId' Error:Field validation for 'ProjectId' failed on the 'required' tag]
2023/02/19 15:17:15 app.go:48: INFO: [Configuration Loaded]
2023/02/19 15:17:15 app.go:48: INFO: [Database Connected Successfully]
2023/02/19 15:17:24 app.go:48: INFO: [Configuration Loaded]
2023/02/19 15:17:24 app.go:48: INFO: [Database Connected Successfully]
2023/02/19 15:17:37 app.go:48: INFO: [Configuration Loaded]
2023/02/19 15:17:37 app.go:48: INFO: [Database Connected Successfully]
2023/02/19 15:17:54 app.go:48: INFO: [Configuration Loaded]
2023/02/19 15:17:54 app.go:48: INFO: [Database Connected Successfully]
2023/02/19 15:19:58 app.go:48: ERROR: [EhxIH7UKvLUAbZKn8Yrh98F8wc1K1gyl runtime error: invalid memory address or nil pointer dereference]
2023/02/19 15:22:21 app.go:48: INFO: [Configuration Loaded]
2023/02/19 15:22:21 app.go:48: INFO: [Database Connected Successfully]
2023/02/19 15:22:28 app.go:48: ERROR: [aQ0tFUYJle01EYEAt0ftjDdLjlOoULAK conn busy]
2023/02/19 15:22:28 app.go:48: ERROR: [1JpCiriUwTiweVAxXcKl748Yf3a0zulW conn busy]
2023/02/19 15:22:29 app.go:48: ERROR: [relyl5IickvJzJR4JKI7fFqD8KNyPQDR conn busy]
2023/02/19 15:22:29 app.go:48: ERROR: [k0JTbVbhJYgUObgpJEoYGHCURLnfkbwL conn busy]
2023/02/19 15:22:43 app.go:48: ERROR: [WKChEwk3jscexEsaZm8r65Ri0ViRFcVv conn busy]
2023/02/19 15:22:47 app.go:48: ERROR: [E41hvi2JciNaLdZwSy61RJPx0Z1AseCY conn busy]
2023/02/19 15:22:48 app.go:48: ERROR: [8fgM1giwKXa4DXuVeSeAjSJls79uvSJE conn busy]
2023/02/19 15:23:28 app.go:48: INFO: [Configuration Loaded]
2023/02/19 15:23:28 app.go:48: INFO: [Database Connected Successfully]
2023/02/19 15:24:09 app.go:48: DEBUG: [4]
2023/02/19 15:27:00 app.go:48: DEBUG: [4]
2023/02/19 15:27:25 app.go:48: INFO: [{{0 0001-01-01 00:00:00 +0000 UTC 0001-01-01 00:00:00 +0000 UTC {0001-01-01 00:00:00 +0000 UTC false}} 1 7 QUESTIONS Mejawab Pertanyaan 'APAKAH UNIT KERJA ANDA TELAH MEMILIKI SOP MANAJEMEN DOKUMEN  ?'}]
2023/02/19 15:28:35 app.go:48: INFO: [Configuration Loaded]
2023/02/19 15:28:35 app.go:48: INFO: [Database Connected Successfully]
2023/02/19 15:29:48 app.go:48: INFO: [Configuration Loaded]
2023/02/19 15:29:48 app.go:48: INFO: [Database Connected Successfully]
2023/02/19 15:33:59 app.go:48: INFO: [Configuration Loaded]
2023/02/19 15:33:59 app.go:48: INFO: [Database Connected Successfully]
2023/02/19 15:34:00 app.go:48: INFO: [Configuration Loaded]
2023/02/19 15:34:00 app.go:48: INFO: [Database Connected Successfully]
2023/02/19 15:34:41 app.go:48: INFO: [Configuration Loaded]
2023/02/19 15:34:42 app.go:48: INFO: [Database Connected Successfully]
2023/02/19 15:34:51 app.go:48: INFO: [Configuration Loaded]
2023/02/19 15:34:51 app.go:48: INFO: [Database Connected Successfully]
2023/02/19 15:35:05 app.go:48: INFO: [Configuration Loaded]
2023/02/19 15:35:06 app.go:48: INFO: [Database Connected Successfully]
2023/02/19 15:35:14 app.go:48: INFO: [Configuration Loaded]
2023/02/19 15:35:14 app.go:48: INFO: [Database Connected Successfully]
2023/02/19 15:38:11 app.go:48: INFO: [Configuration Loaded]
2023/02/19 15:38:11 app.go:48: INFO: [Database Connected Successfully]
2023/02/19 15:38:44 app.go:48: INFO: [Configuration Loaded]
2023/02/19 15:38:44 app.go:48: INFO: [Database Connected Successfully]
2023/02/19 15:49:41 app.go:48: INFO: [Configuration Loaded]
2023/02/19 15:49:41 app.go:48: INFO: [Database Connected Successfully]
2023/02/19 15:50:13 app.go:48: INFO: [Configuration Loaded]
2023/02/19 15:50:13 app.go:48: INFO: [Database Connected Successfully]
2023/02/19 15:50:14 app.go:48: INFO: [Configuration Loaded]
2023/02/19 15:50:14 app.go:48: INFO: [Database Connected Successfully]
2023/02/19 15:52:36 app.go:48: INFO: [Configuration Loaded]
2023/02/19 15:52:36 app.go:48: INFO: [Database Connected Successfully]
2023/02/19 15:52:57 app.go:48: INFO: [Configuration Loaded]
2023/02/19 15:52:57 app.go:48: INFO: [Database Connected Successfully]
2023/02/19 15:53:14 app.go:48: INFO: [Configuration Loaded]
2023/02/19 15:53:14 app.go:48: INFO: [Database Connected Successfully]
2023/02/19 15:53:21 app.go:48: INFO: [Configuration Loaded]
2023/02/19 15:53:21 app.go:48: INFO: [Database Connected Successfully]
2023/02/19 15:53:51 app.go:48: INFO: [Configuration Loaded]
2023/02/19 15:53:51 app.go:48: INFO: [Database Connected Successfully]
2023/02/19 15:54:20 app.go:48: INFO: [Configuration Loaded]
2023/02/19 15:54:20 app.go:48: INFO: [Database Connected Successfully]
2023/02/19 15:54:57 app.go:48: INFO: [Configuration Loaded]
2023/02/19 15:54:57 app.go:48: INFO: [Database Connected Successfully]
2023/02/19 16:01:44 app.go:48: ERROR: [Gz3S6ska8FNqaJPKjSBempN0CZBM6LFG ERROR: column "uuid" does not exist (SQLSTATE 42703)]
2023/02/19 16:02:07 app.go:48: ERROR: [67j3YNW5gnTFu8JF2FQHkuR3GEDotitv ERROR: current transaction is aborted, commands ignored until end of transaction block (SQLSTATE 25P02)]
2023/02/19 16:02:07 app.go:48: ERROR: [GFcqaoTajmXQVuelEdySSQFLYIuFOw7X ERROR: current transaction is aborted, commands ignored until end of transaction block (SQLSTATE 25P02)]
2023/02/19 16:02:07 app.go:48: ERROR: [Jw9qg9BWMrsBqE33ifmcv3mrdSsHOmYH ERROR: current transaction is aborted, commands ignored until end of transaction block (SQLSTATE 25P02)]
2023/02/19 16:02:40 app.go:48: INFO: [Configuration Loaded]
2023/02/19 16:02:40 app.go:48: INFO: [Database Connected Successfully]
2023/02/19 16:06:23 app.go:48: INFO: [{{0 0001-01-01 00:00:00 +0000 UTC 0001-01-01 00:00:00 +0000 UTC {0001-01-01 00:00:00 +0000 UTC false}} 1 7 QUESTIONS Mejawab Pertanyaan 'Jelaskan Cara Pelaksanaan Digitalisasi di Unit Kerja Anda '}]
2023/02/19 18:09:16 app.go:48: INFO: [Configuration Loaded]
2023/02/19 18:09:16 app.go:48: INFO: [Database Connected Successfully]
2023/02/19 18:09:44 app.go:48: INFO: [Configuration Loaded]
2023/02/19 18:09:44 app.go:48: INFO: [Database Connected Successfully]
2023/02/19 18:49:39 app.go:48: INFO: [Configuration Loaded]
2023/02/19 18:49:39 app.go:48: INFO: [Database Connected Successfully]
2023/02/19 18:50:09 app.go:48: INFO: [Configuration Loaded]
2023/02/19 18:50:09 app.go:48: INFO: [Database Connected Successfully]
2023/02/19 18:50:43 app.go:48: INFO: [Configuration Loaded]
2023/02/19 18:50:43 app.go:48: INFO: [Database Connected Successfully]
2023/02/19 18:51:05 app.go:48: INFO: [Configuration Loaded]
2023/02/19 18:51:05 app.go:48: INFO: [Database Connected Successfully]
2023/02/19 18:51:23 app.go:48: INFO: [Configuration Loaded]
2023/02/19 18:51:23 app.go:48: INFO: [Database Connected Successfully]
2023/02/19 18:51:36 app.go:48: INFO: [Configuration Loaded]
2023/02/19 18:51:36 app.go:48: INFO: [Database Connected Successfully]
2023/02/19 18:51:46 app.go:48: INFO: [Configuration Loaded]
2023/02/19 18:51:46 app.go:48: INFO: [Database Connected Successfully]
2023/02/19 18:53:27 app.go:48: INFO: [Configuration Loaded]
2023/02/19 18:53:27 app.go:48: INFO: [Database Connected Successfully]
2023/02/19 18:54:39 app.go:48: INFO: [Configuration Loaded]
2023/02/19 18:54:39 app.go:48: INFO: [Database Connected Successfully]
2023/02/19 18:55:05 app.go:48: INFO: [Configuration Loaded]
2023/02/19 18:55:05 app.go:48: INFO: [Database Connected Successfully]
2023/02/19 18:56:16 app.go:48: INFO: [Configuration Loaded]
2023/02/19 18:56:16 app.go:48: INFO: [Database Connected Successfully]
2023/02/19 18:56:24 app.go:48: INFO: [Configuration Loaded]
2023/02/19 18:56:24 app.go:48: INFO: [Database Connected Successfully]
2023/02/19 18:56:26 app.go:48: INFO: [Configuration Loaded]
2023/02/19 18:56:26 app.go:48: INFO: [Database Connected Successfully]
2023/02/19 18:56:38 app.go:48: INFO: [Configuration Loaded]
2023/02/19 18:56:38 app.go:48: INFO: [Database Connected Successfully]
2023/02/19 18:56:49 app.go:48: INFO: [Configuration Loaded]
2023/02/19 18:56:49 app.go:48: INFO: [Database Connected Successfully]
2023/02/19 18:56:50 app.go:48: INFO: [Configuration Loaded]
2023/02/19 18:56:50 app.go:48: INFO: [Database Connected Successfully]
2023/02/19 18:58:26 app.go:48: INFO: [Configuration Loaded]
2023/02/19 18:58:26 app.go:48: INFO: [Database Connected Successfully]
2023/02/19 18:59:07 app.go:48: INFO: [Configuration Loaded]
2023/02/19 18:59:07 app.go:48: INFO: [Database Connected Successfully]
2023/02/19 18:59:51 app.go:48: ERROR: [gbkszwSr9eUvtEfMQdmf0eISm1Czk1mn ERROR: missing FROM-clause entry for table "answered" (SQLSTATE 42P01)]
2023/02/19 18:59:52 app.go:48: ERROR: [9OB8t7yw484ue689PspExSvgko0at0ec ERROR: missing FROM-clause entry for table "answered" (SQLSTATE 42P01)]
2023/02/19 19:00:08 app.go:48: ERROR: [EpTJMIU6oGeh5zQLBbHCUONkD9ps6OIZ ERROR: missing FROM-clause entry for table "answered" (SQLSTATE 42P01)]
2023/02/19 19:00:09 app.go:48: ERROR: [OUkzMmeidjbeWk1Cu0Wraubd9VNBlTFB ERROR: missing FROM-clause entry for table "answered" (SQLSTATE 42P01)]
2023/02/19 19:00:13 app.go:48: ERROR: [cZdQ9YQjjereV6LCtmlxsRqx9TEauswr ERROR: missing FROM-clause entry for table "answered" (SQLSTATE 42P01)]
2023/02/19 19:00:14 app.go:48: ERROR: [V0UMJL6NlUrfpf9J5C96sjnjwp2LauAA ERROR: missing FROM-clause entry for table "answered" (SQLSTATE 42P01)]
2023/02/19 19:01:37 app.go:48: INFO: [Configuration Loaded]
2023/02/19 19:01:37 app.go:48: INFO: [Database Connected Successfully]
2023/02/19 19:01:37 app.go:48: INFO: [Configuration Loaded]
2023/02/19 19:01:37 app.go:48: INFO: [Database Connected Successfully]
2023/02/19 19:02:02 app.go:48: INFO: [Configuration Loaded]
2023/02/19 19:02:02 app.go:48: INFO: [Database Connected Successfully]
2023/02/19 19:05:20 app.go:48: INFO: [Configuration Loaded]
2023/02/19 19:05:20 app.go:48: INFO: [Database Connected Successfully]
2023/02/19 19:05:27 app.go:48: INFO: [Configuration Loaded]
2023/02/19 19:05:27 app.go:48: INFO: [Database Connected Successfully]
2023/02/19 19:21:40 app.go:48: ERROR: [59bsKX0ZMkC1xpVEkvQA93FsrGRWKHzC Key: 'RefreshToken.Token' Error:Field validation for 'Token' failed on the 'required' tag]
2023/02/19 19:26:26 app.go:48: INFO: [Configuration Loaded]
2023/02/19 19:26:26 app.go:48: INFO: [Database Connected Successfully]
2023/02/19 19:26:26 app.go:48: INFO: [Configuration Loaded]
2023/02/19 19:26:26 app.go:48: INFO: [Configuration Loaded]
2023/02/19 19:26:26 app.go:48: INFO: [Database Connected Successfully]
2023/02/19 19:26:47 app.go:48: INFO: [Configuration Loaded]
2023/02/19 19:26:47 app.go:48: INFO: [Database Connected Successfully]
2023/02/19 19:28:08 app.go:48: INFO: [Configuration Loaded]
2023/02/19 19:28:08 app.go:48: INFO: [Database Connected Successfully]
2023/02/19 19:29:13 app.go:48: INFO: [Configuration Loaded]
2023/02/19 19:29:13 app.go:48: INFO: [Database Connected Successfully]
2023/02/19 19:29:18 app.go:48: INFO: [Configuration Loaded]
2023/02/19 19:29:18 app.go:48: INFO: [Database Connected Successfully]
2023/02/19 19:29:26 app.go:48: INFO: [Configuration Loaded]
2023/02/19 19:29:26 app.go:48: INFO: [Database Connected Successfully]
2023/02/19 19:30:02 app.go:48: INFO: [Configuration Loaded]
2023/02/19 19:30:02 app.go:48: INFO: [Database Connected Successfully]
2023/02/19 19:30:23 app.go:48: INFO: [Configuration Loaded]
2023/02/19 19:30:24 app.go:48: INFO: [Database Connected Successfully]
2023/02/19 19:30:42 app.go:48: INFO: [Configuration Loaded]
2023/02/19 19:30:42 app.go:48: INFO: [Database Connected Successfully]
2023/02/19 19:30:52 app.go:48: INFO: [Configuration Loaded]
2023/02/19 19:30:52 app.go:48: INFO: [Database Connected Successfully]
2023/02/19 19:30:55 app.go:48: ERROR: [3vcDX65kuVkrVb9bgGsEdOkBagvWj6Zb ERROR: syntax error at or near "." (SQLSTATE 42601)]
2023/02/19 19:31:53 app.go:48: ERROR: [ktslKxiLnMg3u2JtK71Bj9AlX3SjnAyK ERROR: syntax error at or near "." (SQLSTATE 42601)]
2023/02/19 19:32:10 app.go:48: ERROR: [fggHz3CfaJ90xUsfuAc4yLROL4TfDcBC ERROR: syntax error at or near "." (SQLSTATE 42601)]
2023/02/19 19:32:11 app.go:48: ERROR: [tC5VVFsk3GeFWFGJlEF5WmyKa1OjYobt ERROR: syntax error at or near "." (SQLSTATE 42601)]
2023/02/19 19:32:43 app.go:48: INFO: [Configuration Loaded]
2023/02/19 19:32:43 app.go:48: INFO: [Database Connected Successfully]
2023/02/19 21:02:54 app.go:48: DEBUG: [{{177 2023-01-15 15:52:47.825632 +0700 +07 2023-01-15 15:52:47.825632 +0700 +07 {0001-01-01 00:00:00 +0000 UTC false}} 10 {{0 0001-01-01 00:00:00 +0000 UTC 0001-01-01 00:00:00 +0000 UTC {0001-01-01 00:00:00 +0000 UTC false}} {<nil>}  <nil> []} Consumer Group 0xc001338f20 0 54ef3692-8af6-4209-ac6b-aaa6be115893}]
2023/02/19 21:02:54 app.go:48: DEBUG: [{{178 2023-01-15 15:52:47.825632 +0700 +07 2023-01-15 15:52:47.825632 +0700 +07 {0001-01-01 00:00:00 +0000 UTC false}} 10 {{0 0001-01-01 00:00:00 +0000 UTC 0001-01-01 00:00:00 +0000 UTC {0001-01-01 00:00:00 +0000 UTC false}} {<nil>}  <nil> []} General Manager 0xc001338fe0 54ef3692-8af6-4209-ac6b-aaa6be115893 09f40df3-8a1a-44b2-a71d-6b6340c7cafc}]
2023/02/19 21:02:54 app.go:48: DEBUG: [{{179 2023-01-15 15:52:47.825632 +0700 +07 2023-01-15 15:52:47.825632 +0700 +07 {0001-01-01 00:00:00 +0000 UTC false}} 10 {{0 0001-01-01 00:00:00 +0000 UTC 0001-01-01 00:00:00 +0000 UTC {0001-01-01 00:00:00 +0000 UTC false}} {<nil>}  <nil> []} Board Activity Management Departmen 0xc0013391f0 09f40df3-8a1a-44b2-a71d-6b6340c7cafc fd9f57fe-aa1b-4575-a045-a8248cf679d4}]
2023/02/19 21:02:54 app.go:48: DEBUG: [{{180 2023-01-15 15:52:47.825632 +0700 +07 2023-01-15 15:52:47.825632 +0700 +07 {0001-01-01 00:00:00 +0000 UTC false}} 10 {{0 0001-01-01 00:00:00 +0000 UTC 0001-01-01 00:00:00 +0000 UTC {0001-01-01 00:00:00 +0000 UTC false}} {<nil>}  <nil> []} Manager 0xc0013392a0 54ef3692-8af6-4209-ac6b-aaa6be115893 ac98bc71-2ed7-4cea-b8eb-36632b959e8e}]
2023/02/19 21:02:54 app.go:48: DEBUG: [{{181 2023-01-15 15:52:47.825632 +0700 +07 2023-01-15 15:52:47.825632 +0700 +07 {0001-01-01 00:00:00 +0000 UTC false}} 10 {{0 0001-01-01 00:00:00 +0000 UTC 0001-01-01 00:00:00 +0000 UTC {0001-01-01 00:00:00 +0000 UTC false}} {<nil>}  <nil> []} IT 0xc001339320 0 5eee69fa-4f03-47bc-b8c5-59cf70305619}]
2023/02/19 21:02:57 app.go:48: DEBUG: [4]
2023/02/19 21:03:03 app.go:48: DEBUG: [Pilih All]
2023/02/19 21:03:03 app.go:48: DEBUG: [[{{31 0001-01-01 00:00:00 +0000 UTC 0001-01-01 00:00:00 +0000 UTC {0001-01-01 00:00:00 +0000 UTC false}} 8 {{0 0001-01-01 00:00:00 +0000 UTC 0001-01-01 00:00:00 +0000 UTC {0001-01-01 00:00:00 +0000 UTC false}}   0001-01-01 00:00:00 +0000 UTC  0  <nil> 0 [] {{0 0001-01-01 00:00:00 +0000 UTC 0001-01-01 00:00:00 +0000 UTC {0001-01-01 00:00:00 +0000 UTC false}} {<nil>}  <nil> []} []} CG 10 {{0 0001-01-01 00:00:00 +0000 UTC 0001-01-01 00:00:00 +0000 UTC {0001-01-01 00:00:00 +0000 UTC false}} {<nil>}  <nil> []} Consumer Group 0 54ef3692-8af6-4209-ac6b-aaa6be115893 0 []} {{32 0001-01-01 00:00:00 +0000 UTC 0001-01-01 00:00:00 +0000 UTC {0001-01-01 00:00:00 +0000 UTC false}} 8 {{0 0001-01-01 00:00:00 +0000 UTC 0001-01-01 00:00:00 +0000 UTC {0001-01-01 00:00:00 +0000 UTC false}}   0001-01-01 00:00:00 +0000 UTC  0  <nil> 0 [] {{0 0001-01-01 00:00:00 +0000 UTC 0001-01-01 00:00:00 +0000 UTC {0001-01-01 00:00:00 +0000 UTC false}} {<nil>}  <nil> []} []} GM 10 {{0 0001-01-01 00:00:00 +0000 UTC 0001-01-01 00:00:00 +0000 UTC {0001-01-01 00:00:00 +0000 UTC false}} {<nil>}  <nil> []} General Manager 54ef3692-8af6-4209-ac6b-aaa6be115893 09f40df3-8a1a-44b2-a71d-6b6340c7cafc 0 []} {{33 0001-01-01 00:00:00 +0000 UTC 0001-01-01 00:00:00 +0000 UTC {0001-01-01 00:00:00 +0000 UTC false}} 8 {{0 0001-01-01 00:00:00 +0000 UTC 0001-01-01 00:00:00 +0000 UTC {0001-01-01 00:00:00 +0000 UTC false}}   0001-01-01 00:00:00 +0000 UTC  0  <nil> 0 [] {{0 0001-01-01 00:00:00 +0000 UTC 0001-01-01 00:00:00 +0000 UTC {0001-01-01 00:00:00 +0000 UTC false}} {<nil>}  <nil> []} []} BAMP 10 {{0 0001-01-01 00:00:00 +0000 UTC 0001-01-01 00:00:00 +0000 UTC {0001-01-01 00:00:00 +0000 UTC false}} {<nil>}  <nil> []} Board Activity Management Departmen 09f40df3-8a1a-44b2-a71d-6b6340c7cafc fd9f57fe-aa1b-4575-a045-a8248cf679d4 0 []} {{34 0001-01-01 00:00:00 +0000 UTC 0001-01-01 00:00:00 +0000 UTC {0001-01-01 00:00:00 +0000 UTC false}} 8 {{0 0001-01-01 00:00:00 +0000 UTC 0001-01-01 00:00:00 +0000 UTC {0001-01-01 00:00:00 +0000 UTC false}}   0001-01-01 00:00:00 +0000 UTC  0  <nil> 0 [] {{0 0001-01-01 00:00:00 +0000 UTC 0001-01-01 00:00:00 +0000 UTC {0001-01-01 00:00:00 +0000 UTC false}} {<nil>}  <nil> []} []} M 10 {{0 0001-01-01 00:00:00 +0000 UTC 0001-01-01 00:00:00 +0000 UTC {0001-01-01 00:00:00 +0000 UTC false}} {<nil>}  <nil> []} Manager 54ef3692-8af6-4209-ac6b-aaa6be115893 ac98bc71-2ed7-4cea-b8eb-36632b959e8e 0 []} {{35 0001-01-01 00:00:00 +0000 UTC 0001-01-01 00:00:00 +0000 UTC {0001-01-01 00:00:00 +0000 UTC false}} 8 {{0 0001-01-01 00:00:00 +0000 UTC 0001-01-01 00:00:00 +0000 UTC {0001-01-01 00:00:00 +0000 UTC false}}   0001-01-01 00:00:00 +0000 UTC  0  <nil> 0 [] {{0 0001-01-01 00:00:00 +0000 UTC 0001-01-01 00:00:00 +0000 UTC {0001-01-01 00:00:00 +0000 UTC false}} {<nil>}  <nil> []} []} IT 10 {{0 0001-01-01 00:00:00 +0000 UTC 0001-01-01 00:00:00 +0000 UTC {0001-01-01 00:00:00 +0000 UTC false}} {<nil>}  <nil> []} IT 0 5eee69fa-4f03-47bc-b8c5-59cf70305619 0 []}]]
2023/02/19 21:03:12 app.go:48: INFO: [{{0 0001-01-01 00:00:00 +0000 UTC 0001-01-01 00:00:00 +0000 UTC {0001-01-01 00:00:00 +0000 UTC false}} 1 8 QUESTIONS Mejawab Pertanyaan 'Apakah Ada Berita Acara Setelah Proses Digitalisasi'}]
2023/02/19 21:04:32 app.go:48: INFO: [Configuration Loaded]
2023/02/19 21:04:32 app.go:48: INFO: [Database Connected Successfully]
2023/02/19 21:04:33 app.go:48: INFO: [Configuration Loaded]
2023/02/19 21:04:33 app.go:48: INFO: [Database Connected Successfully]
2023/02/19 21:04:33 app.go:48: INFO: [Configuration Loaded]
2023/02/19 21:04:33 app.go:48: INFO: [Database Connected Successfully]
2023/02/19 22:19:41 app.go:48: DEBUG: [4]
2023/02/19 22:33:16 app.go:48: DEBUG: [Shutdowning Server ...]
2023/02/19 22:33:16 app.go:48: INFO: [Server Stopped Gracefully]
