2023/05/01 15:40:31 app.go:48: DEBUG: [Shutdowning Server ...]
2023/05/01 15:40:31 app.go:48: INFO: [Server Stopped Gracefully]
2023/05/01 15:43:02 app.go:48: INFO: [Configuration Loaded]
2023/05/01 15:43:02 app.go:48: INFO: [Database Connected Successfully]
2023/05/01 15:43:02 app.go:48: WARN: [Redis Skiped]
2023/05/01 15:43:02 app.go:48: INFO: [Redis Skip Cache]
2023/05/01 15:43:02 app.go:48: INFO: [Redis Job Queue skipped]
2023/05/01 19:41:13 app.go:48: ERROR: [owvUrg1eDmkh1BnNguTtGFu0VWsB16dW ERROR: relation "inventories" does not exist (SQLSTATE 42P01)]
2023/05/01 19:41:14 app.go:48: ERROR: [QqnoU7woaFYItYE3yP4GqB7PQRuBoB4E ERROR: relation "inventories" does not exist (SQLSTATE 42P01)]
2023/05/01 19:41:15 app.go:48: DEBUG: [Shutdowning Server ...]
2023/05/01 19:41:15 app.go:48: INFO: [Server Stopped Gracefully]
2023/05/01 19:41:45 app.go:48: INFO: [Configuration Loaded]
2023/05/01 19:41:45 app.go:48: INFO: [Database Connected Successfully]
2023/05/01 19:43:56 app.go:48: INFO: [Configuration Loaded]
2023/05/01 19:43:56 app.go:48: INFO: [Database Connected Successfully]
2023/05/01 19:43:57 app.go:48: WARN: [Redis Skiped]
2023/05/01 19:43:57 app.go:48: INFO: [Redis Skip Cache]
2023/05/01 19:43:57 app.go:48: INFO: [Redis Job Queue skipped]
2023/05/01 19:43:57 app.go:48: DEBUG: [Shutdowning Server ...]
2023/05/01 19:43:57 app.go:48: INFO: [Server Stopped Gracefully]
2023/05/01 19:44:17 app.go:48: INFO: [Configuration Loaded]
2023/05/01 19:44:18 app.go:48: INFO: [Database Connected Successfully]
2023/05/01 19:44:40 app.go:48: INFO: [Configuration Loaded]
2023/05/01 19:44:40 app.go:48: INFO: [Database Connected Successfully]
2023/05/01 19:45:04 app.go:48: INFO: [Configuration Loaded]
2023/05/01 19:45:05 app.go:48: INFO: [Database Connected Successfully]
2023/05/01 19:45:05 app.go:48: WARN: [Redis Skiped]
2023/05/01 19:45:05 app.go:48: INFO: [Redis Skip Cache]
2023/05/01 19:45:05 app.go:48: INFO: [Redis Job Queue skipped]
2023/05/01 20:00:40 app.go:48: DEBUG: [Shutdowning Server ...]
2023/05/01 20:00:40 app.go:48: INFO: [Server Stopped Gracefully]
2023/05/01 20:01:04 app.go:48: INFO: [Configuration Loaded]
2023/05/01 20:01:04 app.go:48: INFO: [Database Connected Successfully]
2023/05/01 20:01:05 app.go:48: WARN: [Redis Skiped]
2023/05/01 20:01:05 app.go:48: INFO: [Redis Skip Cache]
2023/05/01 20:01:05 app.go:48: INFO: [Redis Job Queue skipped]
2023/05/01 20:01:17 app.go:48: DEBUG: [Shutdowning Server ...]
2023/05/01 20:01:17 app.go:48: INFO: [Server Stopped Gracefully]
2023/05/01 20:01:36 app.go:48: INFO: [Configuration Loaded]
2023/05/01 20:01:36 app.go:48: INFO: [Database Connected Successfully]
2023/05/01 20:01:37 app.go:48: WARN: [Redis Skiped]
2023/05/01 20:01:37 app.go:48: INFO: [Redis Skip Cache]
2023/05/01 20:01:37 app.go:48: INFO: [Redis Job Queue skipped]
2023/05/01 20:05:54 app.go:48: DEBUG: [Shutdowning Server ...]
2023/05/01 20:05:54 app.go:48: INFO: [Server Stopped Gracefully]
2023/05/01 20:06:51 app.go:48: INFO: [Configuration Loaded]
2023/05/01 20:06:51 app.go:48: INFO: [Database Connected Successfully]
2023/05/01 20:06:51 app.go:48: WARN: [Redis Skiped]
2023/05/01 20:06:51 app.go:48: INFO: [Redis Skip Cache]
2023/05/01 20:06:51 app.go:48: INFO: [Redis Job Queue skipped]
2023/05/01 20:38:27 app.go:48: DEBUG: [Shutdowning Server ...]
2023/05/01 20:38:27 app.go:48: INFO: [Server Stopped Gracefully]
