2023/01/21 19:05:04 app.go:48: INFO: [Configuration Loaded]
2023/01/21 19:05:04 app.go:48: INFO: [Database Connected Successfully]
2023/01/21 19:05:04 app.go:48: INFO: [Configuration Loaded]
2023/01/21 19:05:04 app.go:48: INFO: [Database Connected Successfully]
2023/01/21 19:22:48 app.go:48: INFO: [Configuration Loaded]
2023/01/21 19:22:48 app.go:48: INFO: [Database Connected Successfully]
2023/01/21 19:24:03 app.go:48: INFO: [Configuration Loaded]
2023/01/21 19:24:03 app.go:48: INFO: [Database Connected Successfully]
2023/01/21 19:24:08 app.go:48: INFO: [Configuration Loaded]
2023/01/21 19:24:08 app.go:48: INFO: [Database Connected Successfully]
2023/01/21 19:24:11 app.go:48: INFO: [Configuration Loaded]
2023/01/21 19:24:12 app.go:48: INFO: [Database Connected Successfully]
2023/01/21 19:25:03 app.go:48: INFO: [Configuration Loaded]
2023/01/21 19:25:03 app.go:48: INFO: [Database Connected Successfully]
2023/01/21 19:25:35 app.go:48: INFO: [Configuration Loaded]
2023/01/21 19:25:35 app.go:48: INFO: [Database Connected Successfully]
2023/01/21 19:28:13 app.go:48: INFO: [Configuration Loaded]
2023/01/21 19:28:13 app.go:48: INFO: [Database Connected Successfully]
2023/01/21 19:28:23 app.go:48: INFO: [Configuration Loaded]
2023/01/21 19:28:23 app.go:48: INFO: [Database Connected Successfully]
2023/01/21 19:30:08 app.go:48: INFO: [Configuration Loaded]
2023/01/21 19:30:08 app.go:48: INFO: [Database Connected Successfully]
2023/01/21 19:30:16 app.go:48: INFO: [Configuration Loaded]
2023/01/21 19:30:16 app.go:48: INFO: [Database Connected Successfully]
2023/01/21 19:31:37 app.go:48: INFO: [Configuration Loaded]
2023/01/21 19:31:37 app.go:48: INFO: [Database Connected Successfully]
2023/01/21 19:31:48 app.go:48: INFO: [Configuration Loaded]
2023/01/21 19:31:48 app.go:48: INFO: [Database Connected Successfully]
2023/01/21 19:33:09 app.go:48: INFO: [Configuration Loaded]
2023/01/21 19:33:09 app.go:48: INFO: [Database Connected Successfully]
2023/01/21 19:33:19 app.go:48: INFO: [Configuration Loaded]
2023/01/21 19:33:20 app.go:48: INFO: [Database Connected Successfully]
2023/01/21 19:56:13 app.go:48: INFO: [Configuration Loaded]
2023/01/21 19:56:13 app.go:48: INFO: [Database Connected Successfully]
2023/01/21 19:56:19 app.go:48: INFO: [Configuration Loaded]
2023/01/21 19:56:19 app.go:48: INFO: [Database Connected Successfully]
2023/01/21 19:56:28 app.go:48: INFO: [Configuration Loaded]
2023/01/21 19:56:28 app.go:48: INFO: [Database Connected Successfully]
2023/01/21 19:59:50 app.go:48: INFO: [Configuration Loaded]
2023/01/21 19:59:50 app.go:48: INFO: [Database Connected Successfully]
2023/01/21 20:00:32 app.go:48: INFO: [Configuration Loaded]
2023/01/21 20:00:32 app.go:48: INFO: [Database Connected Successfully]
2023/01/21 22:19:39 app.go:48: INFO: [Configuration Loaded]
2023/01/21 22:19:39 app.go:48: INFO: [Database Connected Successfully]
2023/01/21 22:21:01 app.go:48: INFO: [Configuration Loaded]
2023/01/21 22:21:01 app.go:48: INFO: [Database Connected Successfully]
2023/01/21 22:21:02 app.go:48: INFO: [Configuration Loaded]
2023/01/21 22:21:02 app.go:48: INFO: [Database Connected Successfully]
2023/01/21 22:22:33 app.go:48: INFO: [Configuration Loaded]
2023/01/21 22:22:34 app.go:48: INFO: [Database Connected Successfully]
2023/01/21 22:23:11 app.go:48: INFO: [Configuration Loaded]
2023/01/21 22:23:11 app.go:48: INFO: [Database Connected Successfully]
2023/01/21 22:23:27 app.go:48: INFO: [Configuration Loaded]
2023/01/21 22:23:27 app.go:48: INFO: [Database Connected Successfully]
2023/01/21 22:23:27 app.go:48: INFO: [Configuration Loaded]
2023/01/21 22:23:27 app.go:48: INFO: [Database Connected Successfully]
2023/01/21 22:24:00 app.go:48: INFO: [Configuration Loaded]
2023/01/21 22:24:00 app.go:48: INFO: [Database Connected Successfully]
2023/01/21 22:24:40 app.go:48: INFO: [Configuration Loaded]
2023/01/21 22:24:41 app.go:48: INFO: [Database Connected Successfully]
2023/01/21 22:25:34 app.go:48: INFO: [Configuration Loaded]
2023/01/21 22:25:34 app.go:48: INFO: [Database Connected Successfully]
2023/01/21 22:25:41 app.go:48: INFO: [Configuration Loaded]
2023/01/21 22:25:41 app.go:48: INFO: [Database Connected Successfully]
2023/01/21 22:25:51 app.go:48: INFO: [Configuration Loaded]
2023/01/21 22:25:51 app.go:48: INFO: [Database Connected Successfully]
2023/01/21 22:25:54 app.go:48: INFO: [Configuration Loaded]
2023/01/21 22:25:54 app.go:48: INFO: [Database Connected Successfully]
2023/01/21 22:27:54 app.go:48: INFO: [Configuration Loaded]
2023/01/21 22:27:54 app.go:48: INFO: [Database Connected Successfully]
2023/01/21 22:28:10 app.go:48: INFO: [Configuration Loaded]
2023/01/21 22:28:10 app.go:48: INFO: [Database Connected Successfully]
2023/01/21 22:28:56 app.go:48: INFO: [Configuration Loaded]
2023/01/21 22:28:56 app.go:48: INFO: [Database Connected Successfully]
2023/01/21 22:29:16 app.go:48: INFO: [Configuration Loaded]
2023/01/21 22:29:16 app.go:48: INFO: [Database Connected Successfully]
2023/01/21 22:29:26 app.go:48: INFO: [Configuration Loaded]
2023/01/21 22:29:26 app.go:48: INFO: [Database Connected Successfully]
2023/01/21 22:29:40 app.go:48: INFO: [Configuration Loaded]
2023/01/21 22:29:40 app.go:48: INFO: [Database Connected Successfully]
2023/01/21 22:29:54 app.go:48: INFO: [Configuration Loaded]
2023/01/21 22:29:54 app.go:48: INFO: [Database Connected Successfully]
2023/01/21 22:31:20 app.go:48: INFO: [Configuration Loaded]
2023/01/21 22:31:20 app.go:48: INFO: [Database Connected Successfully]
2023/01/21 22:31:50 app.go:48: DEBUG: [Shutdowning Server ...]
2023/01/21 22:31:50 app.go:48: INFO: [Server Stopped Gracefully]
2023/01/21 23:08:33 app.go:48: INFO: [Configuration Loaded]
2023/01/21 23:08:33 app.go:48: INFO: [Database Connected Successfully]
2023/01/21 23:10:37 app.go:48: INFO: [Configuration Loaded]
2023/01/21 23:10:37 app.go:48: INFO: [Database Connected Successfully]
2023/01/21 23:12:11 app.go:48: INFO: [Configuration Loaded]
2023/01/21 23:12:11 app.go:48: INFO: [Database Connected Successfully]
2023/01/21 23:12:40 app.go:48: INFO: [Configuration Loaded]
2023/01/21 23:12:40 app.go:48: INFO: [Database Connected Successfully]
2023/01/21 23:13:00 app.go:48: INFO: [Configuration Loaded]
2023/01/21 23:13:00 app.go:48: INFO: [Database Connected Successfully]
2023/01/21 23:13:18 app.go:48: INFO: [Configuration Loaded]
2023/01/21 23:13:18 app.go:48: INFO: [Database Connected Successfully]
2023/01/21 23:13:31 app.go:48: INFO: [Configuration Loaded]
2023/01/21 23:13:31 app.go:48: INFO: [Database Connected Successfully]
2023/01/21 23:14:31 app.go:48: INFO: [Configuration Loaded]
2023/01/21 23:14:31 app.go:48: INFO: [Database Connected Successfully]
2023/01/21 23:14:38 app.go:48: INFO: [Configuration Loaded]
2023/01/21 23:14:38 app.go:48: INFO: [Database Connected Successfully]
2023/01/21 23:17:13 app.go:48: INFO: [Configuration Loaded]
2023/01/21 23:17:13 app.go:48: INFO: [Database Connected Successfully]
2023/01/21 23:17:37 app.go:48: INFO: [Configuration Loaded]
2023/01/21 23:17:37 app.go:48: INFO: [Database Connected Successfully]
2023/01/21 23:17:42 app.go:48: INFO: [Configuration Loaded]
2023/01/21 23:17:42 app.go:48: INFO: [Database Connected Successfully]
2023/01/21 23:17:51 app.go:48: INFO: [Configuration Loaded]
2023/01/21 23:17:51 app.go:48: INFO: [Database Connected Successfully]
2023/01/21 23:17:52 app.go:48: INFO: [Configuration Loaded]
2023/01/21 23:17:52 app.go:48: INFO: [Database Connected Successfully]
2023/01/21 23:17:52 app.go:48: INFO: [Configuration Loaded]
2023/01/21 23:17:52 app.go:48: INFO: [Database Connected Successfully]
2023/01/21 23:18:03 app.go:48: INFO: [Configuration Loaded]
2023/01/21 23:18:03 app.go:48: INFO: [Database Connected Successfully]
2023/01/21 23:18:22 app.go:48: INFO: [Configuration Loaded]
2023/01/21 23:18:22 app.go:48: INFO: [Database Connected Successfully]
2023/01/21 23:18:27 app.go:48: INFO: [Configuration Loaded]
2023/01/21 23:18:27 app.go:48: INFO: [Database Connected Successfully]
2023/01/21 23:19:16 app.go:48: INFO: [Configuration Loaded]
2023/01/21 23:19:16 app.go:48: INFO: [Database Connected Successfully]
2023/01/21 23:19:21 app.go:48: INFO: [Configuration Loaded]
2023/01/21 23:19:21 app.go:48: INFO: [Database Connected Successfully]
2023/01/21 23:20:53 app.go:48: INFO: [Configuration Loaded]
2023/01/21 23:20:53 app.go:48: INFO: [Database Connected Successfully]
2023/01/21 23:21:03 app.go:48: INFO: [Configuration Loaded]
2023/01/21 23:21:03 app.go:48: INFO: [Database Connected Successfully]
2023/01/21 23:21:19 app.go:48: INFO: [Configuration Loaded]
2023/01/21 23:21:19 app.go:48: INFO: [Database Connected Successfully]
2023/01/21 23:23:28 app.go:48: INFO: [Configuration Loaded]
2023/01/21 23:23:28 app.go:48: INFO: [Database Connected Successfully]
2023/01/21 23:24:01 app.go:48: INFO: [Configuration Loaded]
2023/01/21 23:24:01 app.go:48: INFO: [Database Connected Successfully]
2023/01/21 23:49:59 app.go:48: INFO: [Configuration Loaded]
2023/01/21 23:49:59 app.go:48: INFO: [Database Connected Successfully]
2023/01/21 23:50:05 app.go:48: INFO: [Configuration Loaded]
2023/01/21 23:50:05 app.go:48: INFO: [Database Connected Successfully]
2023/01/21 23:52:31 app.go:48: INFO: [Configuration Loaded]
2023/01/21 23:52:31 app.go:48: INFO: [Database Connected Successfully]
2023/01/21 23:53:56 app.go:48: INFO: [Configuration Loaded]
2023/01/21 23:53:56 app.go:48: INFO: [Configuration Loaded]
2023/01/21 23:53:56 app.go:48: INFO: [Database Connected Successfully]
2023/01/21 23:53:56 app.go:48: INFO: [Database Connected Successfully]
2023/01/21 23:53:56 app.go:48: ERROR: [errAdapter : ERROR: syntax error at or near "ELECT" (SQLSTATE 42601)]
2023/01/21 23:53:56 app.go:48: ERROR: [errAdapter : ERROR: syntax error at or near "ELECT" (SQLSTATE 42601)]
2023/01/21 23:54:14 app.go:48: INFO: [Configuration Loaded]
2023/01/21 23:54:14 app.go:48: INFO: [Database Connected Successfully]
2023/01/21 23:57:35 app.go:48: DEBUG: [{{3 2022-12-21 11:43:47.011723 +0700 +07 2023-01-21 21:45:52.937446 +0700 +07 {0001-01-01 00:00:00 +0000 UTC false}} {0xc00059b630} 0xc000702080 0xc0007020b0 0xc0007020c0 Muhammad Fatihul Ikhsan tiul ikhsan@gmail.com $2a$04$xuu4R4hlGLFygWcpam0KfOaqtP3kNOZ0ofwNRjaoZ0AM.zopyi2MC 1 {{1 2022-12-20 23:34:32.745883 +0700 +07 2022-12-20 23:34:32.745883 +0700 +07 {0001-01-01 00:00:00 +0000 UTC false}} {0xc00059b6c8} Superadmin [] []}}]
2023/01/21 23:57:35 app.go:48: DEBUG: [[]]
2023/01/21 23:57:35 app.go:48: DEBUG: [0xc000702080]
2023/01/21 23:57:35 app.go:48: DEBUG: [0]
