2023/01/23 05:09:34 app.go:48: INFO: [Configuration Loaded]
2023/01/23 05:09:34 app.go:48: INFO: [Database Connected Successfully]
2023/01/23 05:09:35 app.go:48: INFO: [Configuration Loaded]
2023/01/23 05:09:35 app.go:48: INFO: [Database Connected Successfully]
2023/01/23 05:11:44 app.go:48: DEBUG: [4]
2023/01/23 05:11:46 app.go:48: DEBUG: [Gak error]
2023/01/23 05:11:58 app.go:48: DEBUG: [Gak error]
2023/01/23 05:12:57 app.go:48: INFO: [Configuration Loaded]
2023/01/23 05:12:57 app.go:48: INFO: [Database Connected Successfully]
2023/01/23 05:15:14 app.go:48: DEBUG: [gak error]
2023/01/23 05:15:14 app.go:48: DEBUG: [Gak error]
2023/01/23 05:15:17 app.go:48: DEBUG: [gak error]
2023/01/23 05:15:17 app.go:48: DEBUG: [Gak error]
2023/01/23 05:15:37 app.go:48: DEBUG: [gak error]
2023/01/23 05:15:37 app.go:48: DEBUG: [Gak error]
2023/01/23 05:15:40 app.go:48: DEBUG: [gak error]
2023/01/23 05:15:40 app.go:48: DEBUG: [Gak error]
2023/01/23 05:19:53 app.go:48: DEBUG: [gak error]
2023/01/23 05:19:53 app.go:48: DEBUG: [Gak error]
2023/01/23 05:20:13 app.go:48: DEBUG: [gak error]
2023/01/23 05:20:13 app.go:48: DEBUG: [Gak error]
2023/01/23 05:20:29 app.go:48: DEBUG: [gak error]
2023/01/23 05:20:29 app.go:48: DEBUG: [Gak error]
2023/01/23 05:20:31 app.go:48: DEBUG: [gak error]
2023/01/23 05:20:33 app.go:48: DEBUG: [gak error]
2023/01/23 05:21:07 app.go:48: DEBUG: [gak error]
2023/01/23 05:21:08 app.go:48: DEBUG: [gak error]
2023/01/23 05:21:11 app.go:48: DEBUG: [gak error]
2023/01/23 05:21:12 app.go:48: DEBUG: [gak error]
2023/01/23 05:21:39 app.go:48: DEBUG: [gak error]
2023/01/23 05:21:40 app.go:48: DEBUG: [gak error]
2023/01/23 05:21:42 app.go:48: DEBUG: [gak error]
2023/01/23 05:21:43 app.go:48: DEBUG: [gak error]
2023/01/23 05:22:25 app.go:48: INFO: [Configuration Loaded]
2023/01/23 05:22:25 app.go:48: INFO: [Configuration Loaded]
2023/01/23 05:22:25 app.go:48: INFO: [Database Connected Successfully]
2023/01/23 05:22:25 app.go:48: INFO: [Database Connected Successfully]
2023/01/23 05:22:25 app.go:48: DEBUG: [gak error]
2023/01/23 05:22:25 app.go:48: DEBUG: [Gak error]
2023/01/23 05:22:25 app.go:48: DEBUG: [gak error]
2023/01/23 05:22:27 app.go:48: DEBUG: [gak error]
2023/01/23 05:22:32 app.go:48: DEBUG: [gak error]
2023/01/23 05:22:33 app.go:48: DEBUG: [gak error]
2023/01/23 05:22:41 app.go:48: DEBUG: [gak error]
2023/01/23 05:22:42 app.go:48: DEBUG: [gak error]
2023/01/23 05:22:45 app.go:48: DEBUG: [gak error]
2023/01/23 05:22:46 app.go:48: DEBUG: [gak error]
2023/01/23 05:22:50 app.go:48: DEBUG: [gak error]
2023/01/23 05:22:51 app.go:48: DEBUG: [gak error]
2023/01/23 05:22:57 app.go:48: DEBUG: [gak error]
2023/01/23 05:22:58 app.go:48: DEBUG: [gak error]
2023/01/23 05:23:18 app.go:48: INFO: [Configuration Loaded]
2023/01/23 05:23:18 app.go:48: INFO: [Database Connected Successfully]
2023/01/23 05:23:31 app.go:48: INFO: [Configuration Loaded]
2023/01/23 05:23:31 app.go:48: INFO: [Database Connected Successfully]
2023/01/23 05:23:37 app.go:48: INFO: [Configuration Loaded]
2023/01/23 05:23:37 app.go:48: INFO: [Database Connected Successfully]
2023/01/23 05:23:40 app.go:48: INFO: [Configuration Loaded]
2023/01/23 05:23:40 app.go:48: INFO: [Database Connected Successfully]
2023/01/23 05:25:26 app.go:48: INFO: [Configuration Loaded]
2023/01/23 05:25:26 app.go:48: INFO: [Database Connected Successfully]
2023/01/23 05:25:31 app.go:48: DEBUG: []
2023/01/23 05:25:52 app.go:48: INFO: [Configuration Loaded]
2023/01/23 05:25:52 app.go:48: INFO: [Database Connected Successfully]
2023/01/23 05:25:53 app.go:48: DEBUG: [ ]
2023/01/23 05:25:59 app.go:48: DEBUG: [ ]
2023/01/23 05:26:00 app.go:48: DEBUG: [ ]
2023/01/23 05:26:50 app.go:48: INFO: [Configuration Loaded]
2023/01/23 05:26:51 app.go:48: INFO: [Database Connected Successfully]
2023/01/23 05:27:05 app.go:48: INFO: [Configuration Loaded]
2023/01/23 05:27:05 app.go:48: INFO: [Database Connected Successfully]
2023/01/23 05:27:05 app.go:48: DEBUG: [0xc0000f31a0]
2023/01/23 05:27:05 app.go:48: DEBUG: [0xc0000457d0]
2023/01/23 05:27:06 app.go:48: DEBUG: [0xc0005721e0]
2023/01/23 05:27:18 app.go:48: DEBUG: [0xc0005684e0]
2023/01/23 05:27:19 app.go:48: DEBUG: [0xc000568c90]
2023/01/23 05:27:50 app.go:48: INFO: [Configuration Loaded]
2023/01/23 05:27:50 app.go:48: INFO: [Database Connected Successfully]
2023/01/23 05:27:50 app.go:48: DEBUG: [1]
2023/01/23 05:27:51 app.go:48: DEBUG: [1]
2023/01/23 05:27:54 app.go:48: DEBUG: [1]
2023/01/23 05:27:55 app.go:48: DEBUG: [1]
2023/01/23 05:28:33 app.go:48: INFO: [Configuration Loaded]
2023/01/23 05:28:33 app.go:48: INFO: [Database Connected Successfully]
2023/01/23 05:28:37 app.go:48: INFO: [Configuration Loaded]
2023/01/23 05:28:37 app.go:48: INFO: [Database Connected Successfully]
2023/01/23 05:30:06 app.go:48: INFO: [Configuration Loaded]
2023/01/23 05:30:06 app.go:48: INFO: [Database Connected Successfully]
2023/01/23 05:30:17 app.go:48: INFO: [Configuration Loaded]
2023/01/23 05:30:17 app.go:48: INFO: [Database Connected Successfully]
2023/01/23 05:30:17 app.go:48: INFO: [Configuration Loaded]
2023/01/23 05:30:17 app.go:48: INFO: [Database Connected Successfully]
2023/01/23 05:31:51 app.go:48: INFO: [Configuration Loaded]
2023/01/23 05:31:51 app.go:48: INFO: [Database Connected Successfully]
2023/01/23 05:32:35 app.go:48: INFO: [Configuration Loaded]
2023/01/23 05:32:35 app.go:48: INFO: [Database Connected Successfully]
2023/01/23 05:34:04 app.go:48: INFO: [Configuration Loaded]
2023/01/23 05:34:04 app.go:48: INFO: [Database Connected Successfully]
2023/01/23 05:34:32 app.go:48: INFO: [Configuration Loaded]
2023/01/23 05:34:32 app.go:48: INFO: [Database Connected Successfully]
2023/01/23 05:34:43 app.go:48: INFO: [Configuration Loaded]
2023/01/23 05:34:43 app.go:48: INFO: [Database Connected Successfully]
2023/01/23 05:35:56 app.go:48: INFO: [Configuration Loaded]
2023/01/23 05:35:56 app.go:48: INFO: [Database Connected Successfully]
2023/01/23 05:35:56 app.go:48: INFO: [Configuration Loaded]
2023/01/23 05:35:56 app.go:48: INFO: [Database Connected Successfully]
2023/01/23 05:37:27 app.go:48: INFO: [Configuration Loaded]
2023/01/23 05:37:27 app.go:48: INFO: [Database Connected Successfully]
2023/01/23 05:38:34 app.go:48: INFO: [Configuration Loaded]
2023/01/23 05:38:34 app.go:48: INFO: [Database Connected Successfully]
2023/01/23 05:38:49 app.go:48: INFO: [Configuration Loaded]
2023/01/23 05:38:49 app.go:48: INFO: [Database Connected Successfully]
2023/01/23 05:38:49 app.go:48: INFO: [Configuration Loaded]
2023/01/23 05:38:49 app.go:48: INFO: [Database Connected Successfully]
2023/01/23 05:38:55 app.go:48: INFO: [Configuration Loaded]
2023/01/23 05:38:55 app.go:48: INFO: [Database Connected Successfully]
2023/01/23 05:39:06 app.go:48: INFO: [Configuration Loaded]
2023/01/23 05:39:06 app.go:48: INFO: [Database Connected Successfully]
2023/01/23 05:39:33 app.go:48: INFO: [Configuration Loaded]
2023/01/23 05:39:33 app.go:48: INFO: [Database Connected Successfully]
2023/01/23 05:40:25 app.go:48: INFO: [Configuration Loaded]
2023/01/23 05:40:25 app.go:48: INFO: [Database Connected Successfully]
2023/01/23 05:41:03 app.go:48: INFO: [Configuration Loaded]
2023/01/23 05:41:03 app.go:48: INFO: [Database Connected Successfully]
2023/01/23 05:42:31 app.go:48: INFO: [Configuration Loaded]
2023/01/23 05:42:31 app.go:48: INFO: [Database Connected Successfully]
2023/01/23 05:42:33 app.go:48: DEBUG: [0xc0007dab8b]
2023/01/23 05:43:52 app.go:48: INFO: [Configuration Loaded]
2023/01/23 05:43:53 app.go:48: INFO: [Database Connected Successfully]
2023/01/23 05:46:13 app.go:48: INFO: [Configuration Loaded]
2023/01/23 05:46:13 app.go:48: INFO: [Database Connected Successfully]
2023/01/23 05:47:22 app.go:48: INFO: [Configuration Loaded]
2023/01/23 05:47:22 app.go:48: INFO: [Database Connected Successfully]
2023/01/23 05:47:22 app.go:48: INFO: [Configuration Loaded]
2023/01/23 05:47:22 app.go:48: INFO: [Database Connected Successfully]
2023/01/23 05:47:33 app.go:48: INFO: [Configuration Loaded]
2023/01/23 05:47:33 app.go:48: INFO: [Database Connected Successfully]
2023/01/23 05:48:02 app.go:48: INFO: [Configuration Loaded]
2023/01/23 05:48:02 app.go:48: INFO: [Database Connected Successfully]
2023/01/23 05:48:56 app.go:48: INFO: [Configuration Loaded]
2023/01/23 05:48:56 app.go:48: INFO: [Database Connected Successfully]
2023/01/23 05:50:19 app.go:48: INFO: [Configuration Loaded]
2023/01/23 05:50:19 app.go:48: INFO: [Database Connected Successfully]
2023/01/23 05:52:34 app.go:48: INFO: [Configuration Loaded]
2023/01/23 05:52:34 app.go:48: INFO: [Database Connected Successfully]
2023/01/23 05:52:41 app.go:48: INFO: [Configuration Loaded]
2023/01/23 05:52:42 app.go:48: INFO: [Database Connected Successfully]
2023/01/23 05:52:49 app.go:48: INFO: [Configuration Loaded]
2023/01/23 05:52:49 app.go:48: INFO: [Database Connected Successfully]
2023/01/23 05:52:53 app.go:48: INFO: [Configuration Loaded]
2023/01/23 05:52:53 app.go:48: INFO: [Database Connected Successfully]
2023/01/23 05:54:13 app.go:48: INFO: [Configuration Loaded]
2023/01/23 05:54:13 app.go:48: INFO: [Database Connected Successfully]
2023/01/23 05:54:58 app.go:48: INFO: [Configuration Loaded]
2023/01/23 05:54:58 app.go:48: INFO: [Database Connected Successfully]
2023/01/23 05:55:19 app.go:48: INFO: [Configuration Loaded]
2023/01/23 05:55:19 app.go:48: INFO: [Database Connected Successfully]
2023/01/23 05:55:36 app.go:48: INFO: [Configuration Loaded]
2023/01/23 05:55:36 app.go:48: INFO: [Database Connected Successfully]
2023/01/23 05:56:00 app.go:48: INFO: [Configuration Loaded]
2023/01/23 05:56:00 app.go:48: INFO: [Database Connected Successfully]
2023/01/23 05:57:09 app.go:48: INFO: [Configuration Loaded]
2023/01/23 05:57:09 app.go:48: INFO: [Database Connected Successfully]
2023/01/23 05:57:10 app.go:48: INFO: [Configuration Loaded]
2023/01/23 05:57:10 app.go:48: INFO: [Database Connected Successfully]
2023/01/23 05:58:22 app.go:48: INFO: [Configuration Loaded]
2023/01/23 05:58:22 app.go:48: INFO: [Database Connected Successfully]
2023/01/23 05:58:57 app.go:48: INFO: [Configuration Loaded]
2023/01/23 05:58:57 app.go:48: INFO: [Database Connected Successfully]
2023/01/23 06:01:17 app.go:48: INFO: [Configuration Loaded]
2023/01/23 06:01:17 app.go:48: INFO: [Database Connected Successfully]
2023/01/23 06:02:58 app.go:48: INFO: [Configuration Loaded]
2023/01/23 06:02:58 app.go:48: INFO: [Database Connected Successfully]
2023/01/23 06:03:40 app.go:48: INFO: [Configuration Loaded]
2023/01/23 06:03:40 app.go:48: INFO: [Database Connected Successfully]
2023/01/23 06:03:40 app.go:48: INFO: [Configuration Loaded]
2023/01/23 06:03:40 app.go:48: INFO: [Database Connected Successfully]
2023/01/23 06:03:44 app.go:48: DEBUG: [7]
2023/01/23 06:04:35 app.go:48: INFO: [Configuration Loaded]
2023/01/23 06:04:35 app.go:48: INFO: [Database Connected Successfully]
2023/01/23 06:04:36 app.go:48: INFO: [Configuration Loaded]
2023/01/23 06:04:36 app.go:48: INFO: [Database Connected Successfully]
2023/01/23 06:04:48 app.go:48: INFO: [Configuration Loaded]
2023/01/23 06:04:48 app.go:48: INFO: [Database Connected Successfully]
2023/01/23 06:06:09 app.go:48: INFO: [Configuration Loaded]
2023/01/23 06:06:09 app.go:48: INFO: [Database Connected Successfully]
2023/01/23 06:06:19 app.go:48: INFO: [Configuration Loaded]
2023/01/23 06:06:19 app.go:48: INFO: [Database Connected Successfully]
2023/01/23 06:06:46 app.go:48: INFO: [Configuration Loaded]
2023/01/23 06:06:46 app.go:48: INFO: [Database Connected Successfully]
2023/01/23 06:06:55 app.go:48: INFO: [Configuration Loaded]
2023/01/23 06:06:55 app.go:48: INFO: [Database Connected Successfully]
2023/01/23 06:07:07 app.go:48: INFO: [Configuration Loaded]
2023/01/23 06:07:07 app.go:48: INFO: [Database Connected Successfully]
2023/01/23 06:07:16 app.go:48: INFO: [Configuration Loaded]
2023/01/23 06:07:16 app.go:48: INFO: [Database Connected Successfully]
2023/01/23 06:07:23 app.go:48: INFO: [Configuration Loaded]
2023/01/23 06:07:23 app.go:48: INFO: [Database Connected Successfully]
2023/01/23 06:09:00 app.go:48: INFO: [Configuration Loaded]
2023/01/23 06:09:00 app.go:48: INFO: [Database Connected Successfully]
2023/01/23 06:09:20 app.go:48: INFO: [Configuration Loaded]
2023/01/23 06:09:20 app.go:48: INFO: [Database Connected Successfully]
2023/01/23 06:09:34 app.go:48: INFO: [Configuration Loaded]
2023/01/23 06:09:34 app.go:48: INFO: [Database Connected Successfully]
2023/01/23 06:09:52 app.go:48: INFO: [Configuration Loaded]
2023/01/23 06:09:53 app.go:48: INFO: [Database Connected Successfully]
2023/01/23 06:09:56 app.go:48: INFO: [Configuration Loaded]
2023/01/23 06:09:56 app.go:48: INFO: [Database Connected Successfully]
2023/01/23 06:11:05 app.go:48: INFO: [Configuration Loaded]
2023/01/23 06:11:05 app.go:48: INFO: [Database Connected Successfully]
2023/01/23 06:12:03 app.go:48: INFO: [Configuration Loaded]
2023/01/23 06:12:03 app.go:48: INFO: [Database Connected Successfully]
2023/01/23 06:22:46 app.go:48: INFO: [Configuration Loaded]
2023/01/23 06:22:46 app.go:48: INFO: [Database Connected Successfully]
2023/01/23 06:23:19 app.go:48: INFO: [Configuration Loaded]
2023/01/23 06:23:20 app.go:48: INFO: [Database Connected Successfully]
2023/01/23 06:23:41 app.go:48: INFO: [Configuration Loaded]
2023/01/23 06:23:41 app.go:48: INFO: [Database Connected Successfully]
2023/01/23 06:28:00 app.go:48: INFO: [Configuration Loaded]
2023/01/23 06:28:00 app.go:48: INFO: [Database Connected Successfully]
2023/01/23 06:28:00 app.go:48: INFO: [Configuration Loaded]
2023/01/23 06:28:00 app.go:48: INFO: [Database Connected Successfully]
2023/01/23 06:29:21 app.go:48: INFO: [Configuration Loaded]
2023/01/23 06:29:21 app.go:48: INFO: [Database Connected Successfully]
2023/01/23 06:30:17 app.go:48: INFO: [Configuration Loaded]
2023/01/23 06:30:17 app.go:48: INFO: [Database Connected Successfully]
2023/01/23 06:30:36 app.go:48: INFO: [Configuration Loaded]
2023/01/23 06:30:36 app.go:48: INFO: [Database Connected Successfully]
2023/01/23 06:30:37 app.go:48: INFO: [Configuration Loaded]
2023/01/23 06:30:37 app.go:48: INFO: [Database Connected Successfully]
2023/01/23 06:30:45 app.go:48: INFO: [Configuration Loaded]
2023/01/23 06:30:45 app.go:48: INFO: [Database Connected Successfully]
2023/01/23 06:31:15 app.go:48: INFO: [Configuration Loaded]
2023/01/23 06:31:15 app.go:48: INFO: [Database Connected Successfully]
2023/01/23 06:31:23 app.go:48: INFO: [Configuration Loaded]
2023/01/23 06:31:23 app.go:48: INFO: [Database Connected Successfully]
2023/01/23 06:37:16 app.go:48: INFO: [Configuration Loaded]
2023/01/23 06:37:16 app.go:48: INFO: [Database Connected Successfully]
2023/01/23 06:37:34 app.go:48: INFO: [Configuration Loaded]
2023/01/23 06:37:34 app.go:48: INFO: [Database Connected Successfully]
2023/01/23 06:37:46 app.go:48: INFO: [Configuration Loaded]
2023/01/23 06:37:46 app.go:48: INFO: [Database Connected Successfully]
2023/01/23 06:37:46 app.go:48: INFO: [Configuration Loaded]
2023/01/23 06:37:46 app.go:48: INFO: [Database Connected Successfully]
2023/01/23 06:40:35 app.go:48: INFO: [Configuration Loaded]
2023/01/23 06:40:35 app.go:48: INFO: [Database Connected Successfully]
2023/01/23 06:42:37 app.go:48: INFO: [Configuration Loaded]
2023/01/23 06:42:37 app.go:48: INFO: [Database Connected Successfully]
2023/01/23 06:44:26 app.go:48: INFO: [Configuration Loaded]
2023/01/23 06:44:26 app.go:48: INFO: [Database Connected Successfully]
2023/01/23 06:45:02 app.go:48: INFO: [Configuration Loaded]
2023/01/23 06:45:03 app.go:48: INFO: [Database Connected Successfully]
2023/01/23 06:45:25 app.go:48: INFO: [Configuration Loaded]
2023/01/23 06:45:25 app.go:48: INFO: [Database Connected Successfully]
2023/01/23 06:45:47 app.go:48: INFO: [Configuration Loaded]
2023/01/23 06:45:47 app.go:48: INFO: [Database Connected Successfully]
2023/01/23 06:46:55 app.go:48: INFO: [Configuration Loaded]
2023/01/23 06:46:55 app.go:48: INFO: [Database Connected Successfully]
2023/01/23 06:47:07 app.go:48: INFO: [Configuration Loaded]
2023/01/23 06:47:07 app.go:48: INFO: [Database Connected Successfully]
2023/01/23 06:50:00 app.go:48: INFO: [Configuration Loaded]
2023/01/23 06:50:00 app.go:48: INFO: [Database Connected Successfully]
2023/01/23 06:50:52 app.go:48: INFO: [Configuration Loaded]
2023/01/23 06:50:53 app.go:48: INFO: [Database Connected Successfully]
2023/01/23 07:48:40 app.go:48: INFO: [Configuration Loaded]
2023/01/23 07:48:40 app.go:48: INFO: [Database Connected Successfully]
2023/01/23 07:50:07 app.go:48: INFO: [Configuration Loaded]
2023/01/23 07:50:07 app.go:48: INFO: [Database Connected Successfully]
2023/01/23 07:50:08 app.go:48: INFO: [Configuration Loaded]
2023/01/23 07:50:09 app.go:48: INFO: [Database Connected Successfully]
2023/01/23 07:52:35 app.go:48: INFO: [Configuration Loaded]
2023/01/23 07:52:35 app.go:48: INFO: [Database Connected Successfully]
2023/01/23 07:56:17 app.go:48: INFO: [Configuration Loaded]
2023/01/23 07:56:17 app.go:48: INFO: [Database Connected Successfully]
2023/01/23 08:01:07 app.go:48: INFO: [Configuration Loaded]
2023/01/23 08:01:07 app.go:48: INFO: [Database Connected Successfully]
2023/01/23 08:01:58 app.go:48: INFO: [Configuration Loaded]
2023/01/23 08:01:58 app.go:48: INFO: [Database Connected Successfully]
2023/01/23 08:02:28 app.go:48: INFO: [Configuration Loaded]
2023/01/23 08:02:28 app.go:48: INFO: [Database Connected Successfully]
2023/01/23 08:02:59 app.go:48: INFO: [Configuration Loaded]
2023/01/23 08:02:59 app.go:48: INFO: [Database Connected Successfully]
2023/01/23 08:15:58 app.go:48: DEBUG: [4]
2023/01/23 08:16:02 app.go:48: DEBUG: [4]
2023/01/23 08:16:11 app.go:48: DEBUG: [4]
2023/01/23 08:17:57 app.go:48: DEBUG: [4]
2023/01/23 08:20:47 app.go:48: INFO: [Configuration Loaded]
2023/01/23 08:20:47 app.go:48: INFO: [Database Connected Successfully]
2023/01/23 08:22:07 app.go:48: INFO: [Configuration Loaded]
2023/01/23 08:22:07 app.go:48: INFO: [Database Connected Successfully]
2023/01/23 08:28:47 app.go:48: INFO: [Configuration Loaded]
2023/01/23 08:28:47 app.go:48: INFO: [Database Connected Successfully]
2023/01/23 08:29:01 app.go:48: INFO: [Configuration Loaded]
2023/01/23 08:29:01 app.go:48: INFO: [Database Connected Successfully]
2023/01/23 08:29:48 app.go:48: INFO: [Configuration Loaded]
2023/01/23 08:29:48 app.go:48: INFO: [Database Connected Successfully]
2023/01/23 08:31:14 app.go:48: INFO: [Configuration Loaded]
2023/01/23 08:31:14 app.go:48: INFO: [Database Connected Successfully]
2023/01/23 08:35:16 app.go:48: INFO: [Configuration Loaded]
2023/01/23 08:35:16 app.go:48: INFO: [Database Connected Successfully]
2023/01/23 08:50:56 app.go:48: INFO: [Configuration Loaded]
2023/01/23 08:50:56 app.go:48: INFO: [Database Connected Successfully]
2023/01/23 09:02:16 app.go:48: INFO: [Configuration Loaded]
2023/01/23 09:02:16 app.go:48: INFO: [Database Connected Successfully]
2023/01/23 09:02:17 app.go:48: INFO: [Configuration Loaded]
2023/01/23 09:02:17 app.go:48: INFO: [Database Connected Successfully]
2023/01/23 09:02:17 app.go:48: INFO: [Configuration Loaded]
2023/01/23 09:02:17 app.go:48: INFO: [Configuration Loaded]
2023/01/23 09:02:17 app.go:48: INFO: [Configuration Loaded]
2023/01/23 09:02:17 app.go:48: INFO: [Database Connected Successfully]
2023/01/23 09:02:17 app.go:48: INFO: [Database Connected Successfully]
2023/01/23 09:04:33 app.go:48: INFO: [Configuration Loaded]
2023/01/23 09:04:33 app.go:48: INFO: [Configuration Loaded]
2023/01/23 09:04:33 app.go:48: INFO: [Database Connected Successfully]
2023/01/23 09:04:37 app.go:48: INFO: [Configuration Loaded]
2023/01/23 09:04:37 app.go:48: INFO: [Database Connected Successfully]
2023/01/23 09:06:00 app.go:48: INFO: [Configuration Loaded]
2023/01/23 09:06:00 app.go:48: INFO: [Database Connected Successfully]
2023/01/23 09:08:26 app.go:48: INFO: [Configuration Loaded]
2023/01/23 09:08:26 app.go:48: INFO: [Database Connected Successfully]
2023/01/23 09:09:03 app.go:48: INFO: [Configuration Loaded]
2023/01/23 09:09:03 app.go:48: INFO: [Database Connected Successfully]
2023/01/23 09:09:08 app.go:48: INFO: [Configuration Loaded]
2023/01/23 09:09:08 app.go:48: INFO: [Database Connected Successfully]
2023/01/23 09:09:13 app.go:48: INFO: [Configuration Loaded]
2023/01/23 09:09:13 app.go:48: INFO: [Database Connected Successfully]
2023/01/23 09:09:16 app.go:48: INFO: [Configuration Loaded]
2023/01/23 09:09:17 app.go:48: INFO: [Database Connected Successfully]
2023/01/23 09:10:17 app.go:48: INFO: [Configuration Loaded]
2023/01/23 09:10:17 app.go:48: INFO: [Database Connected Successfully]
2023/01/23 09:10:27 app.go:48: INFO: [Configuration Loaded]
2023/01/23 09:10:27 app.go:48: INFO: [Database Connected Successfully]
2023/01/23 09:10:32 app.go:48: INFO: [Configuration Loaded]
2023/01/23 09:10:32 app.go:48: INFO: [Database Connected Successfully]
2023/01/23 09:12:11 app.go:48: INFO: [Configuration Loaded]
2023/01/23 09:12:11 app.go:48: INFO: [Database Connected Successfully]
2023/01/23 09:13:03 app.go:48: INFO: [Configuration Loaded]
2023/01/23 09:13:03 app.go:48: INFO: [Database Connected Successfully]
2023/01/23 09:13:03 app.go:48: INFO: [Configuration Loaded]
2023/01/23 09:13:03 app.go:48: INFO: [Database Connected Successfully]
2023/01/23 09:13:38 app.go:48: INFO: [Configuration Loaded]
2023/01/23 09:13:39 app.go:48: INFO: [Database Connected Successfully]
2023/01/23 09:14:01 app.go:48: INFO: [Configuration Loaded]
2023/01/23 09:14:01 app.go:48: INFO: [Database Connected Successfully]
2023/01/23 09:14:01 app.go:48: INFO: [Configuration Loaded]
2023/01/23 09:14:01 app.go:48: INFO: [Database Connected Successfully]
2023/01/23 09:16:44 app.go:48: INFO: [Configuration Loaded]
2023/01/23 09:16:44 app.go:48: INFO: [Database Connected Successfully]
2023/01/23 09:20:30 app.go:48: INFO: [Configuration Loaded]
2023/01/23 09:20:30 app.go:48: INFO: [Database Connected Successfully]
2023/01/23 09:20:38 app.go:48: DEBUG: [<nil>]
2023/01/23 09:21:01 app.go:48: DEBUG: [<nil>]
2023/01/23 09:21:33 app.go:48: INFO: [Configuration Loaded]
2023/01/23 09:21:33 app.go:48: INFO: [Database Connected Successfully]
2023/01/23 09:21:33 app.go:48: INFO: [Configuration Loaded]
2023/01/23 09:21:33 app.go:48: INFO: [Database Connected Successfully]
2023/01/23 09:22:00 app.go:48: INFO: [Configuration Loaded]
2023/01/23 09:22:00 app.go:48: INFO: [Database Connected Successfully]
2023/01/23 09:22:24 app.go:48: DEBUG: [0xc0002a2e60]
2023/01/23 09:40:49 app.go:48: INFO: [Configuration Loaded]
2023/01/23 09:40:49 app.go:48: INFO: [Database Connected Successfully]
2023/01/23 09:41:14 app.go:48: DEBUG: [0xc0011541e0]
2023/01/23 09:42:40 app.go:48: DEBUG: [0xc000527840]
2023/01/23 11:25:20 app.go:48: INFO: [Configuration Loaded]
2023/01/23 11:25:23 app.go:48: INFO: [Configuration Loaded]
2023/01/23 11:25:23 app.go:48: INFO: [Configuration Loaded]
2023/01/23 11:25:24 app.go:48: INFO: [Database Connected Successfully]
2023/01/23 11:26:01 app.go:48: DEBUG: [3]
2023/01/23 11:27:22 app.go:48: DEBUG: [{{77 2023-01-22 17:00:00.866149 +0700 +07 2023-01-22 17:00:00.866149 +0700 +07 {0001-01-01 00:00:00 +0000 UTC false}} 4 {{0 0001-01-01 00:00:00 +0000 UTC 0001-01-01 00:00:00 +0000 UTC {0001-01-01 00:00:00 +0000 UTC false}} {<nil>}  <nil> []} CEO Office 0xc001751680 0 1cbdbee6-2d85-4959-b7fc-5fd712188e83}]
2023/01/23 11:27:22 app.go:48: DEBUG: [{{78 2023-01-22 17:00:00.866149 +0700 +07 2023-01-22 17:00:00.866149 +0700 +07 {0001-01-01 00:00:00 +0000 UTC false}} 4 {{0 0001-01-01 00:00:00 +0000 UTC 0001-01-01 00:00:00 +0000 UTC {0001-01-01 00:00:00 +0000 UTC false}} {<nil>}  <nil> []} CEO Office - Area West 0xc001751700 0 6389634f-ac34-4ef7-a185-aa1a93b42555}]
2023/01/23 11:27:22 app.go:48: DEBUG: [{{79 2023-01-22 17:00:00.866149 +0700 +07 2023-01-22 17:00:00.866149 +0700 +07 {0001-01-01 00:00:00 +0000 UTC false}} 4 {{0 0001-01-01 00:00:00 +0000 UTC 0001-01-01 00:00:00 +0000 UTC {0001-01-01 00:00:00 +0000 UTC false}} {<nil>}  <nil> []} CEO Office - Area East 0xc001751780 0 4685d849-5d36-42e8-a5de-3dcc1642ef5d}]
2023/01/23 11:27:22 app.go:48: DEBUG: [{{80 2023-01-22 17:00:00.866149 +0700 +07 2023-01-22 17:00:00.866149 +0700 +07 {0001-01-01 00:00:00 +0000 UTC false}} 4 {{0 0001-01-01 00:00:00 +0000 UTC 0001-01-01 00:00:00 +0000 UTC {0001-01-01 00:00:00 +0000 UTC false}} {<nil>}  <nil> []} Finance 0xc001751800 0 7f7e912e-6f62-4771-8275-551427587b77}]
2023/01/23 11:27:22 app.go:48: DEBUG: [{{81 2023-01-22 17:00:00.866149 +0700 +07 2023-01-22 17:00:00.866149 +0700 +07 {0001-01-01 00:00:00 +0000 UTC false}} 4 {{0 0001-01-01 00:00:00 +0000 UTC 0001-01-01 00:00:00 +0000 UTC {0001-01-01 00:00:00 +0000 UTC false}} {<nil>}  <nil> []} Tower Management (SITAC) 0xc001751880 0 56ebf78e-46d7-468d-bbc1-ec313aa93974}]
2023/01/23 11:27:22 app.go:48: DEBUG: [{{82 2023-01-22 17:00:00.866149 +0700 +07 2023-01-22 17:00:00.866149 +0700 +07 {0001-01-01 00:00:00 +0000 UTC false}} 4 {{0 0001-01-01 00:00:00 +0000 UTC 0001-01-01 00:00:00 +0000 UTC {0001-01-01 00:00:00 +0000 UTC false}} {<nil>}  <nil> []} Legal 0xc001751900 0 77b2f942-ef73-4fff-86b6-5c96e8181895}]
2023/01/23 11:27:22 app.go:48: DEBUG: [{{83 2023-01-22 17:00:00.866149 +0700 +07 2023-01-22 17:00:00.866149 +0700 +07 {0001-01-01 00:00:00 +0000 UTC false}} 4 {{0 0001-01-01 00:00:00 +0000 UTC 0001-01-01 00:00:00 +0000 UTC {0001-01-01 00:00:00 +0000 UTC false}} {<nil>}  <nil> []} FLP (Grapari) 0xc001751980 0 561eaa20-852c-4d58-8f29-ec2b444ca433}]
2023/01/23 11:27:22 app.go:48: DEBUG: [{{84 2023-01-22 17:00:00.866149 +0700 +07 2023-01-22 17:00:00.866149 +0700 +07 {0001-01-01 00:00:00 +0000 UTC false}} 4 {{0 0001-01-01 00:00:00 +0000 UTC 0001-01-01 00:00:00 +0000 UTC {0001-01-01 00:00:00 +0000 UTC false}} {<nil>}  <nil> []} TEST 0xc001751a00 0 16b5962a-9048-48cb-a5fa-896c78adc78d}]
2023/01/23 11:27:36 app.go:48: DEBUG: [3]
2023/01/23 11:30:47 app.go:48: DEBUG: [Shutdowning Server ...]
2023/01/23 11:30:47 app.go:48: INFO: [Server Stopped Gracefully]
