2023/01/14 17:00:41 app.go:48: INFO: [Configuration Loaded]
2023/01/14 17:00:41 app.go:48: INFO: [Configuration Loaded]
2023/01/14 17:00:41 app.go:48: INFO: [Configuration Loaded]
2023/01/14 17:00:42 app.go:48: INFO: [Database Connected Successfully]
2023/01/14 17:23:17 app.go:48: INFO: [Configuration Loaded]
2023/01/14 17:23:17 app.go:48: INFO: [Database Connected Successfully]
2023/01/14 17:33:13 app.go:48: INFO: [Configuration Loaded]
2023/01/14 17:33:13 app.go:48: INFO: [Database Connected Successfully]
2023/01/14 17:35:09 app.go:48: INFO: [Configuration Loaded]
2023/01/14 17:35:09 app.go:48: INFO: [Database Connected Successfully]
2023/01/14 17:35:58 app.go:48: INFO: [Configuration Loaded]
2023/01/14 17:35:58 app.go:48: INFO: [Database Connected Successfully]
2023/01/14 17:36:08 app.go:48: INFO: [Configuration Loaded]
2023/01/14 17:36:08 app.go:48: INFO: [Database Connected Successfully]
2023/01/14 17:37:17 app.go:48: INFO: [Configuration Loaded]
2023/01/14 17:37:17 app.go:48: INFO: [Database Connected Successfully]
2023/01/14 17:37:27 app.go:48: INFO: [Configuration Loaded]
2023/01/14 17:37:27 app.go:48: INFO: [Database Connected Successfully]
2023/01/14 17:38:20 app.go:48: INFO: [Configuration Loaded]
2023/01/14 17:38:20 app.go:48: INFO: [Database Connected Successfully]
2023/01/14 17:38:39 app.go:48: INFO: [Configuration Loaded]
2023/01/14 17:38:39 app.go:48: INFO: [Database Connected Successfully]
2023/01/14 17:38:46 app.go:48: INFO: [Configuration Loaded]
2023/01/14 17:38:46 app.go:48: INFO: [Database Connected Successfully]
2023/01/14 17:38:47 app.go:48: INFO: [Configuration Loaded]
2023/01/14 17:38:47 app.go:48: INFO: [Database Connected Successfully]
2023/01/14 17:39:07 app.go:48: INFO: [Configuration Loaded]
2023/01/14 17:39:07 app.go:48: INFO: [Database Connected Successfully]
2023/01/14 17:39:18 app.go:48: INFO: [Configuration Loaded]
2023/01/14 17:39:18 app.go:48: INFO: [Database Connected Successfully]
2023/01/14 17:45:40 app.go:48: INFO: [Configuration Loaded]
2023/01/14 17:45:40 app.go:48: INFO: [Database Connected Successfully]
2023/01/14 17:45:44 app.go:48: INFO: [Configuration Loaded]
2023/01/14 17:45:44 app.go:48: INFO: [Database Connected Successfully]
2023/01/14 17:46:30 app.go:48: INFO: [Configuration Loaded]
2023/01/14 17:46:30 app.go:48: INFO: [Database Connected Successfully]
2023/01/14 17:47:14 app.go:48: INFO: [Configuration Loaded]
2023/01/14 17:47:14 app.go:48: INFO: [Database Connected Successfully]
2023/01/14 17:47:32 app.go:48: INFO: [Configuration Loaded]
2023/01/14 17:47:32 app.go:48: INFO: [Database Connected Successfully]
2023/01/14 17:47:33 app.go:48: DEBUG: [development]
2023/01/14 17:47:43 app.go:48: INFO: [Configuration Loaded]
2023/01/14 17:47:43 app.go:48: INFO: [Database Connected Successfully]
2023/01/14 17:47:58 app.go:48: INFO: [Configuration Loaded]
2023/01/14 17:47:58 app.go:48: INFO: [Database Connected Successfully]
2023/01/14 17:48:25 app.go:48: INFO: [Configuration Loaded]
2023/01/14 17:48:25 app.go:48: INFO: [Database Connected Successfully]
2023/01/14 17:48:38 app.go:48: INFO: [Configuration Loaded]
2023/01/14 17:48:38 app.go:48: INFO: [Database Connected Successfully]
2023/01/14 17:49:23 app.go:48: INFO: [Configuration Loaded]
2023/01/14 17:49:23 app.go:48: INFO: [Database Connected Successfully]
2023/01/14 17:49:28 app.go:48: INFO: [Configuration Loaded]
2023/01/14 17:49:28 app.go:48: INFO: [Database Connected Successfully]
2023/01/14 21:36:28 app.go:48: INFO: [Configuration Loaded]
2023/01/14 21:36:28 app.go:48: INFO: [Database Connected Successfully]
2023/01/14 21:36:28 app.go:48: INFO: [Configuration Loaded]
2023/01/14 21:36:28 app.go:48: INFO: [Configuration Loaded]
2023/01/14 21:36:28 app.go:48: INFO: [Configuration Loaded]
2023/01/14 21:36:28 app.go:48: INFO: [Configuration Loaded]
2023/01/14 21:36:28 app.go:48: INFO: [Database Connected Successfully]
2023/01/14 21:36:28 app.go:48: INFO: [Database Connected Successfully]
2023/01/14 21:36:28 app.go:48: INFO: [Database Connected Successfully]
2023/01/14 21:36:29 app.go:48: INFO: [Database Connected Successfully]
2023/01/14 21:38:53 app.go:48: INFO: [Configuration Loaded]
2023/01/14 21:38:53 app.go:48: INFO: [Database Connected Successfully]
2023/01/14 21:38:56 app.go:48: DEBUG: [9]
2023/01/14 21:39:48 app.go:48: INFO: [Configuration Loaded]
2023/01/14 21:39:48 app.go:48: INFO: [Database Connected Successfully]
2023/01/14 21:39:54 app.go:48: DEBUG: [[{{116 2023-01-14 21:38:56.851577 +0700 +07 2023-01-14 21:38:56.851577 +0700 +07 {0001-01-01 00:00:00 +0000 UTC false}} 9 {{0 0001-01-01 00:00:00 +0000 UTC 0001-01-01 00:00:00 +0000 UTC {0001-01-01 00:00:00 +0000 UTC false}} {<nil>}  <nil> []} Corporate Service Management Group 0 8f4eeaf3-28c4-45ad-a93b-340faa2801a2} {{117 2023-01-14 21:38:56.851577 +0700 +07 2023-01-14 21:38:56.851577 +0700 +07 {0001-01-01 00:00:00 +0000 UTC false}} 9 {{0 0001-01-01 00:00:00 +0000 UTC 0001-01-01 00:00:00 +0000 UTC {0001-01-01 00:00:00 +0000 UTC false}} {<nil>}  <nil> []} Corporate Affair and Program Control Division db73474f-015a-4cec-b65e-22c52d35f073 b1026bd5-0f10-4f27-9e16-bf1ae975d0ad} {{118 2023-01-14 21:38:56.851577 +0700 +07 2023-01-14 21:38:56.851577 +0700 +07 {0001-01-01 00:00:00 +0000 UTC false}} 9 {{0 0001-01-01 00:00:00 +0000 UTC 0001-01-01 00:00:00 +0000 UTC {0001-01-01 00:00:00 +0000 UTC false}} {<nil>}  <nil> []} Board Activity Management Department - SOW b1026bd5-0f10-4f27-9e16-bf1ae975d0ad 5e6fddb0-2b5e-4f6d-afc8-6945aa8e748b} {{119 2023-01-14 21:38:56.851577 +0700 +07 2023-01-14 21:38:56.851577 +0700 +07 {0001-01-01 00:00:00 +0000 UTC false}} 9 {{0 0001-01-01 00:00:00 +0000 UTC 0001-01-01 00:00:00 +0000 UTC {0001-01-01 00:00:00 +0000 UTC false}} {<nil>}  <nil> []} Board Activity Management Department  62e5eaba-89ba-4859-b3ce-3b35daf3dcb5 8c1305f6-30ef-4908-889a-c1c432dc4047} {{120 2023-01-14 21:38:56.851577 +0700 +07 2023-01-14 21:38:56.851577 +0700 +07 {0001-01-01 00:00:00 +0000 UTC false}} 9 {{0 0001-01-01 00:00:00 +0000 UTC 0001-01-01 00:00:00 +0000 UTC {0001-01-01 00:00:00 +0000 UTC false}} {<nil>}  <nil> []} Corporate Affair and Program Control Division 8f4eeaf3-28c4-45ad-a93b-340faa2801a2 a0641fae-9e39-4228-87fe-fd6615ccdb9d} {{121 2023-01-14 21:38:56.851577 +0700 +07 2023-01-14 21:38:56.851577 +0700 +07 {0001-01-01 00:00:00 +0000 UTC false}} 9 {{0 0001-01-01 00:00:00 +0000 UTC 0001-01-01 00:00:00 +0000 UTC {0001-01-01 00:00:00 +0000 UTC false}} {<nil>}  <nil> []} Board Activity Management Departmen a0641fae-9e39-4228-87fe-fd6615ccdb9d bf8546cf-6218-48af-ba95-1af1bb62c2c8}]]
2023/01/14 21:39:54 app.go:48: DEBUG: [9]
2023/01/14 21:41:31 app.go:48: INFO: [Configuration Loaded]
2023/01/14 21:41:31 app.go:48: INFO: [Database Connected Successfully]
2023/01/14 21:43:04 app.go:48: INFO: [Configuration Loaded]
2023/01/14 21:43:04 app.go:48: INFO: [Database Connected Successfully]
2023/01/14 21:43:16 app.go:48: INFO: [Configuration Loaded]
2023/01/14 21:43:17 app.go:48: INFO: [Database Connected Successfully]
2023/01/14 21:43:23 app.go:48: DEBUG: [[{{122 2023-01-14 21:39:54.833535 +0700 +07 2023-01-14 21:39:54.833535 +0700 +07 {0001-01-01 00:00:00 +0000 UTC false}} 9 {{0 0001-01-01 00:00:00 +0000 UTC 0001-01-01 00:00:00 +0000 UTC {0001-01-01 00:00:00 +0000 UTC false}} {<nil>}  <nil> []} Corporate Service Management Group 0 8f4eeaf3-28c4-45ad-a93b-340faa2801a2} {{123 2023-01-14 21:39:54.833535 +0700 +07 2023-01-14 21:39:54.833535 +0700 +07 {0001-01-01 00:00:00 +0000 UTC false}} 9 {{0 0001-01-01 00:00:00 +0000 UTC 0001-01-01 00:00:00 +0000 UTC {0001-01-01 00:00:00 +0000 UTC false}} {<nil>}  <nil> []} Corporate Affair and Program Control Division db73474f-015a-4cec-b65e-22c52d35f073 b1026bd5-0f10-4f27-9e16-bf1ae975d0ad} {{124 2023-01-14 21:39:54.833535 +0700 +07 2023-01-14 21:39:54.833535 +0700 +07 {0001-01-01 00:00:00 +0000 UTC false}} 9 {{0 0001-01-01 00:00:00 +0000 UTC 0001-01-01 00:00:00 +0000 UTC {0001-01-01 00:00:00 +0000 UTC false}} {<nil>}  <nil> []} Board Activity Management Department - SOW b1026bd5-0f10-4f27-9e16-bf1ae975d0ad 5e6fddb0-2b5e-4f6d-afc8-6945aa8e748b} {{125 2023-01-14 21:39:54.833535 +0700 +07 2023-01-14 21:39:54.833535 +0700 +07 {0001-01-01 00:00:00 +0000 UTC false}} 9 {{0 0001-01-01 00:00:00 +0000 UTC 0001-01-01 00:00:00 +0000 UTC {0001-01-01 00:00:00 +0000 UTC false}} {<nil>}  <nil> []} Board Activity Management Department  62e5eaba-89ba-4859-b3ce-3b35daf3dcb5 8c1305f6-30ef-4908-889a-c1c432dc4047} {{126 2023-01-14 21:39:54.833535 +0700 +07 2023-01-14 21:39:54.833535 +0700 +07 {0001-01-01 00:00:00 +0000 UTC false}} 9 {{0 0001-01-01 00:00:00 +0000 UTC 0001-01-01 00:00:00 +0000 UTC {0001-01-01 00:00:00 +0000 UTC false}} {<nil>}  <nil> []} Corporate Affair and Program Control Division 8f4eeaf3-28c4-45ad-a93b-340faa2801a2 a0641fae-9e39-4228-87fe-fd6615ccdb9d} {{127 2023-01-14 21:39:54.833535 +0700 +07 2023-01-14 21:39:54.833535 +0700 +07 {0001-01-01 00:00:00 +0000 UTC false}} 9 {{0 0001-01-01 00:00:00 +0000 UTC 0001-01-01 00:00:00 +0000 UTC {0001-01-01 00:00:00 +0000 UTC false}} {<nil>}  <nil> []} Board Activity Management Departmen a0641fae-9e39-4228-87fe-fd6615ccdb9d bf8546cf-6218-48af-ba95-1af1bb62c2c8}]]
2023/01/14 21:43:23 app.go:48: DEBUG: [9]
2023/01/14 21:44:28 app.go:48: INFO: [Configuration Loaded]
2023/01/14 21:44:28 app.go:48: INFO: [Database Connected Successfully]
2023/01/14 21:44:40 app.go:48: DEBUG: [[{{75 2023-01-06 22:44:47.652938 +0700 +07 2023-01-06 22:44:47.652938 +0700 +07 {0001-01-01 00:00:00 +0000 UTC false}} 8 {{0 0001-01-01 00:00:00 +0000 UTC 0001-01-01 00:00:00 +0000 UTC {0001-01-01 00:00:00 +0000 UTC false}} {<nil>}  <nil> []} Direktur IT 0 ec1cbb63-3ee1-4a27-b638-6c653ca81d2c} {{76 2023-01-06 22:44:47.652938 +0700 +07 2023-01-06 22:44:47.652938 +0700 +07 {0001-01-01 00:00:00 +0000 UTC false}} 8 {{0 0001-01-01 00:00:00 +0000 UTC 0001-01-01 00:00:00 +0000 UTC {0001-01-01 00:00:00 +0000 UTC false}} {<nil>}  <nil> []} Department Risk Management 1 ec1cbb63-3ee1-4a27-b638-6c653ca81d2c 6c2a188b-e3b6-4823-b93a-5028ee720a06} {{77 2023-01-06 22:44:47.652938 +0700 +07 2023-01-06 22:44:47.652938 +0700 +07 {0001-01-01 00:00:00 +0000 UTC false}} 8 {{0 0001-01-01 00:00:00 +0000 UTC 0001-01-01 00:00:00 +0000 UTC {0001-01-01 00:00:00 +0000 UTC false}} {<nil>}  <nil> []} Department Risk Management 2 ec1cbb63-3ee1-4a27-b638-6c653ca81d2c 16f5ce19-b233-4cf4-8232-355129913d35} {{78 2023-01-06 22:44:47.652938 +0700 +07 2023-01-06 22:44:47.652938 +0700 +07 {0001-01-01 00:00:00 +0000 UTC false}} 8 {{0 0001-01-01 00:00:00 +0000 UTC 0001-01-01 00:00:00 +0000 UTC {0001-01-01 00:00:00 +0000 UTC false}} {<nil>}  <nil> []} Divisi Data ec1cbb63-3ee1-4a27-b638-6c653ca81d2c 26bfbbca-1146-4e17-8ca2-086ac19dcae6} {{79 2023-01-06 22:44:47.652938 +0700 +07 2023-01-06 22:44:47.652938 +0700 +07 {0001-01-01 00:00:00 +0000 UTC false}} 8 {{0 0001-01-01 00:00:00 +0000 UTC 0001-01-01 00:00:00 +0000 UTC {0001-01-01 00:00:00 +0000 UTC false}} {<nil>}  <nil> []} Departement IT Security 26bfbbca-1146-4e17-8ca2-086ac19dcae6 d09a8e60-7e6f-4839-94a2-ebf698cebde8} {{80 2023-01-06 22:44:47.652938 +0700 +07 2023-01-06 22:44:47.652938 +0700 +07 {0001-01-01 00:00:00 +0000 UTC false}} 8 {{0 0001-01-01 00:00:00 +0000 UTC 0001-01-01 00:00:00 +0000 UTC {0001-01-01 00:00:00 +0000 UTC false}} {<nil>}  <nil> []} Departement Pajak 14f615fb-7324-4a71-b723-d455e47c5d40 2ad8e32d-cb9f-42c3-b6c9-8d4d8da5dea0} {{81 2023-01-06 22:44:47.652938 +0700 +07 2023-01-06 22:44:47.652938 +0700 +07 {0001-01-01 00:00:00 +0000 UTC false}} 8 {{0 0001-01-01 00:00:00 +0000 UTC 0001-01-01 00:00:00 +0000 UTC {0001-01-01 00:00:00 +0000 UTC false}} {<nil>}  <nil> []} Direktur baru 0 7280b286-749a-40ad-9bf1-c003b13ac4ad}]]
2023/01/14 21:44:40 app.go:48: DEBUG: [8]
2023/01/14 21:45:07 app.go:48: DEBUG: [[{{128 2023-01-14 21:43:23.98867 +0700 +07 2023-01-14 21:43:23.98867 +0700 +07 {0001-01-01 00:00:00 +0000 UTC false}} 9 {{0 0001-01-01 00:00:00 +0000 UTC 0001-01-01 00:00:00 +0000 UTC {0001-01-01 00:00:00 +0000 UTC false}} {<nil>}  <nil> []} Corporate Service Management Group 0 8f4eeaf3-28c4-45ad-a93b-340faa2801a2} {{129 2023-01-14 21:43:23.98867 +0700 +07 2023-01-14 21:43:23.98867 +0700 +07 {0001-01-01 00:00:00 +0000 UTC false}} 9 {{0 0001-01-01 00:00:00 +0000 UTC 0001-01-01 00:00:00 +0000 UTC {0001-01-01 00:00:00 +0000 UTC false}} {<nil>}  <nil> []} Corporate Affair and Program Control Division db73474f-015a-4cec-b65e-22c52d35f073 b1026bd5-0f10-4f27-9e16-bf1ae975d0ad} {{130 2023-01-14 21:43:23.98867 +0700 +07 2023-01-14 21:43:23.98867 +0700 +07 {0001-01-01 00:00:00 +0000 UTC false}} 9 {{0 0001-01-01 00:00:00 +0000 UTC 0001-01-01 00:00:00 +0000 UTC {0001-01-01 00:00:00 +0000 UTC false}} {<nil>}  <nil> []} Board Activity Management Department - SOW b1026bd5-0f10-4f27-9e16-bf1ae975d0ad 5e6fddb0-2b5e-4f6d-afc8-6945aa8e748b} {{131 2023-01-14 21:43:23.98867 +0700 +07 2023-01-14 21:43:23.98867 +0700 +07 {0001-01-01 00:00:00 +0000 UTC false}} 9 {{0 0001-01-01 00:00:00 +0000 UTC 0001-01-01 00:00:00 +0000 UTC {0001-01-01 00:00:00 +0000 UTC false}} {<nil>}  <nil> []} Board Activity Management Department  62e5eaba-89ba-4859-b3ce-3b35daf3dcb5 8c1305f6-30ef-4908-889a-c1c432dc4047} {{132 2023-01-14 21:43:23.98867 +0700 +07 2023-01-14 21:43:23.98867 +0700 +07 {0001-01-01 00:00:00 +0000 UTC false}} 9 {{0 0001-01-01 00:00:00 +0000 UTC 0001-01-01 00:00:00 +0000 UTC {0001-01-01 00:00:00 +0000 UTC false}} {<nil>}  <nil> []} Corporate Affair and Program Control Division 8f4eeaf3-28c4-45ad-a93b-340faa2801a2 a0641fae-9e39-4228-87fe-fd6615ccdb9d} {{133 2023-01-14 21:43:23.98867 +0700 +07 2023-01-14 21:43:23.98867 +0700 +07 {0001-01-01 00:00:00 +0000 UTC false}} 9 {{0 0001-01-01 00:00:00 +0000 UTC 0001-01-01 00:00:00 +0000 UTC {0001-01-01 00:00:00 +0000 UTC false}} {<nil>}  <nil> []} Board Activity Management Departmen a0641fae-9e39-4228-87fe-fd6615ccdb9d bf8546cf-6218-48af-ba95-1af1bb62c2c8}]]
2023/01/14 21:45:07 app.go:48: DEBUG: [9]
2023/01/14 21:47:05 app.go:48: DEBUG: [[{{137 2023-01-14 21:45:07.804407 +0700 +07 2023-01-14 21:45:07.804407 +0700 +07 {0001-01-01 00:00:00 +0000 UTC false}} 9 {{0 0001-01-01 00:00:00 +0000 UTC 0001-01-01 00:00:00 +0000 UTC {0001-01-01 00:00:00 +0000 UTC false}} {<nil>}  <nil> []} Corporate Service Management Group 0 8f4eeaf3-28c4-45ad-a93b-340faa2801a2} {{138 2023-01-14 21:45:07.804407 +0700 +07 2023-01-14 21:45:07.804407 +0700 +07 {0001-01-01 00:00:00 +0000 UTC false}} 9 {{0 0001-01-01 00:00:00 +0000 UTC 0001-01-01 00:00:00 +0000 UTC {0001-01-01 00:00:00 +0000 UTC false}} {<nil>}  <nil> []} Corporate Affair and Program Control Division db73474f-015a-4cec-b65e-22c52d35f073 b1026bd5-0f10-4f27-9e16-bf1ae975d0ad} {{139 2023-01-14 21:45:07.804407 +0700 +07 2023-01-14 21:45:07.804407 +0700 +07 {0001-01-01 00:00:00 +0000 UTC false}} 9 {{0 0001-01-01 00:00:00 +0000 UTC 0001-01-01 00:00:00 +0000 UTC {0001-01-01 00:00:00 +0000 UTC false}} {<nil>}  <nil> []} Board Activity Management Department - SOW b1026bd5-0f10-4f27-9e16-bf1ae975d0ad 5e6fddb0-2b5e-4f6d-afc8-6945aa8e748b} {{140 2023-01-14 21:45:07.804407 +0700 +07 2023-01-14 21:45:07.804407 +0700 +07 {0001-01-01 00:00:00 +0000 UTC false}} 9 {{0 0001-01-01 00:00:00 +0000 UTC 0001-01-01 00:00:00 +0000 UTC {0001-01-01 00:00:00 +0000 UTC false}} {<nil>}  <nil> []} Board Activity Management Department  62e5eaba-89ba-4859-b3ce-3b35daf3dcb5 8c1305f6-30ef-4908-889a-c1c432dc4047} {{141 2023-01-14 21:45:07.804407 +0700 +07 2023-01-14 21:45:07.804407 +0700 +07 {0001-01-01 00:00:00 +0000 UTC false}} 9 {{0 0001-01-01 00:00:00 +0000 UTC 0001-01-01 00:00:00 +0000 UTC {0001-01-01 00:00:00 +0000 UTC false}} {<nil>}  <nil> []} Corporate Affair and Program Control Division 8f4eeaf3-28c4-45ad-a93b-340faa2801a2 a0641fae-9e39-4228-87fe-fd6615ccdb9d} {{142 2023-01-14 21:45:07.804407 +0700 +07 2023-01-14 21:45:07.804407 +0700 +07 {0001-01-01 00:00:00 +0000 UTC false}} 9 {{0 0001-01-01 00:00:00 +0000 UTC 0001-01-01 00:00:00 +0000 UTC {0001-01-01 00:00:00 +0000 UTC false}} {<nil>}  <nil> []} Board Activity Management Departmen a0641fae-9e39-4228-87fe-fd6615ccdb9d 9f137f46-80f7-4c2b-be8b-f4313d03d0be}]]
2023/01/14 21:47:05 app.go:48: DEBUG: [9]
2023/01/14 21:48:07 app.go:48: DEBUG: [[{{143 2023-01-14 21:47:05.979848 +0700 +07 2023-01-14 21:47:05.979848 +0700 +07 {0001-01-01 00:00:00 +0000 UTC false}} 9 {{0 0001-01-01 00:00:00 +0000 UTC 0001-01-01 00:00:00 +0000 UTC {0001-01-01 00:00:00 +0000 UTC false}} {<nil>}  <nil> []} Corporate Service Management Group 0 8f4eeaf3-28c4-45ad-a93b-340faa2801a2} {{144 2023-01-14 21:47:05.979848 +0700 +07 2023-01-14 21:47:05.979848 +0700 +07 {0001-01-01 00:00:00 +0000 UTC false}} 9 {{0 0001-01-01 00:00:00 +0000 UTC 0001-01-01 00:00:00 +0000 UTC {0001-01-01 00:00:00 +0000 UTC false}} {<nil>}  <nil> []} Corporate Affair and Program Control Division db73474f-015a-4cec-b65e-22c52d35f073 b1026bd5-0f10-4f27-9e16-bf1ae975d0ad} {{145 2023-01-14 21:47:05.979848 +0700 +07 2023-01-14 21:47:05.979848 +0700 +07 {0001-01-01 00:00:00 +0000 UTC false}} 9 {{0 0001-01-01 00:00:00 +0000 UTC 0001-01-01 00:00:00 +0000 UTC {0001-01-01 00:00:00 +0000 UTC false}} {<nil>}  <nil> []} Board Activity Management Department - SOW b1026bd5-0f10-4f27-9e16-bf1ae975d0ad 5e6fddb0-2b5e-4f6d-afc8-6945aa8e748b} {{146 2023-01-14 21:47:05.979848 +0700 +07 2023-01-14 21:47:05.979848 +0700 +07 {0001-01-01 00:00:00 +0000 UTC false}} 9 {{0 0001-01-01 00:00:00 +0000 UTC 0001-01-01 00:00:00 +0000 UTC {0001-01-01 00:00:00 +0000 UTC false}} {<nil>}  <nil> []} Board Activity Management Department  62e5eaba-89ba-4859-b3ce-3b35daf3dcb5 8c1305f6-30ef-4908-889a-c1c432dc4047} {{147 2023-01-14 21:47:05.979848 +0700 +07 2023-01-14 21:47:05.979848 +0700 +07 {0001-01-01 00:00:00 +0000 UTC false}} 9 {{0 0001-01-01 00:00:00 +0000 UTC 0001-01-01 00:00:00 +0000 UTC {0001-01-01 00:00:00 +0000 UTC false}} {<nil>}  <nil> []} Corporate Affair and Program Control Division 8f4eeaf3-28c4-45ad-a93b-340faa2801a2 a0641fae-9e39-4228-87fe-fd6615ccdb9d} {{148 2023-01-14 21:47:05.979848 +0700 +07 2023-01-14 21:47:05.979848 +0700 +07 {0001-01-01 00:00:00 +0000 UTC false}} 9 {{0 0001-01-01 00:00:00 +0000 UTC 0001-01-01 00:00:00 +0000 UTC {0001-01-01 00:00:00 +0000 UTC false}} {<nil>}  <nil> []} Board Activity Management Departmen a0641fae-9e39-4228-87fe-fd6615ccdb9d 9f137f46-80f7-4c2b-be8b-f4313d03d0be}]]
2023/01/14 21:48:07 app.go:48: DEBUG: [9]
2023/01/14 21:49:09 app.go:48: DEBUG: [[{{154 2023-01-14 21:48:56.874049 +0700 +07 2023-01-14 21:48:56.874049 +0700 +07 {0001-01-01 00:00:00 +0000 UTC false}} 10 {{0 0001-01-01 00:00:00 +0000 UTC 0001-01-01 00:00:00 +0000 UTC {0001-01-01 00:00:00 +0000 UTC false}} {<nil>}  <nil> []} Consumer Group 0 7fedc622-f110-492e-b721-17c3a187e4d4}]]
2023/01/14 21:49:09 app.go:48: DEBUG: [10]
2023/01/14 21:49:27 app.go:48: DEBUG: [[{{155 2023-01-14 21:49:09.928045 +0700 +07 2023-01-14 21:49:09.928045 +0700 +07 {0001-01-01 00:00:00 +0000 UTC false}} 10 {{0 0001-01-01 00:00:00 +0000 UTC 0001-01-01 00:00:00 +0000 UTC {0001-01-01 00:00:00 +0000 UTC false}} {<nil>}  <nil> []} Consumer Group 0 7fedc622-f110-492e-b721-17c3a187e4d4} {{156 2023-01-14 21:49:09.928045 +0700 +07 2023-01-14 21:49:09.928045 +0700 +07 {0001-01-01 00:00:00 +0000 UTC false}} 10 {{0 0001-01-01 00:00:00 +0000 UTC 0001-01-01 00:00:00 +0000 UTC {0001-01-01 00:00:00 +0000 UTC false}} {<nil>}  <nil> []} Board Activity Management Departmen 7fedc622-f110-492e-b721-17c3a187e4d4 754f1729-adce-402c-8ebb-a0e6910c19ca}]]
2023/01/14 21:49:27 app.go:48: DEBUG: [10]
2023/01/14 21:49:35 app.go:48: DEBUG: [[{{157 2023-01-14 21:49:27.370313 +0700 +07 2023-01-14 21:49:27.370313 +0700 +07 {0001-01-01 00:00:00 +0000 UTC false}} 10 {{0 0001-01-01 00:00:00 +0000 UTC 0001-01-01 00:00:00 +0000 UTC {0001-01-01 00:00:00 +0000 UTC false}} {<nil>}  <nil> []} Consumer Group 0 7fedc622-f110-492e-b721-17c3a187e4d4} {{158 2023-01-14 21:49:27.370313 +0700 +07 2023-01-14 21:49:27.370313 +0700 +07 {0001-01-01 00:00:00 +0000 UTC false}} 10 {{0 0001-01-01 00:00:00 +0000 UTC 0001-01-01 00:00:00 +0000 UTC {0001-01-01 00:00:00 +0000 UTC false}} {<nil>}  <nil> []} Board Activity Management Departmen 7fedc622-f110-492e-b721-17c3a187e4d4 754f1729-adce-402c-8ebb-a0e6910c19ca} {{159 2023-01-14 21:49:27.370313 +0700 +07 2023-01-14 21:49:27.370313 +0700 +07 {0001-01-01 00:00:00 +0000 UTC false}} 10 {{0 0001-01-01 00:00:00 +0000 UTC 0001-01-01 00:00:00 +0000 UTC {0001-01-01 00:00:00 +0000 UTC false}} {<nil>}  <nil> []} Board Activity Management Department  754f1729-adce-402c-8ebb-a0e6910c19ca 883c9a57-46d8-4549-a75e-94e33d407716}]]
2023/01/14 21:49:35 app.go:48: DEBUG: [10]
2023/01/14 21:50:37 app.go:48: DEBUG: [[{{160 2023-01-14 21:49:35.420494 +0700 +07 2023-01-14 21:49:35.420494 +0700 +07 {0001-01-01 00:00:00 +0000 UTC false}} 10 {{0 0001-01-01 00:00:00 +0000 UTC 0001-01-01 00:00:00 +0000 UTC {0001-01-01 00:00:00 +0000 UTC false}} {<nil>}  <nil> []} Consumer Group 0 7fedc622-f110-492e-b721-17c3a187e4d4} {{161 2023-01-14 21:49:35.420494 +0700 +07 2023-01-14 21:49:35.420494 +0700 +07 {0001-01-01 00:00:00 +0000 UTC false}} 10 {{0 0001-01-01 00:00:00 +0000 UTC 0001-01-01 00:00:00 +0000 UTC {0001-01-01 00:00:00 +0000 UTC false}} {<nil>}  <nil> []} Board Activity Management Departmen 7fedc622-f110-492e-b721-17c3a187e4d4 754f1729-adce-402c-8ebb-a0e6910c19ca}]]
2023/01/14 21:50:37 app.go:48: DEBUG: [10]
2023/01/14 21:51:00 app.go:48: DEBUG: [[{{162 2023-01-14 21:50:37.618394 +0700 +07 2023-01-14 21:50:37.618394 +0700 +07 {0001-01-01 00:00:00 +0000 UTC false}} 10 {{0 0001-01-01 00:00:00 +0000 UTC 0001-01-01 00:00:00 +0000 UTC {0001-01-01 00:00:00 +0000 UTC false}} {<nil>}  <nil> []} Consumer Group 0 7fedc622-f110-492e-b721-17c3a187e4d4} {{163 2023-01-14 21:50:37.618394 +0700 +07 2023-01-14 21:50:37.618394 +0700 +07 {0001-01-01 00:00:00 +0000 UTC false}} 10 {{0 0001-01-01 00:00:00 +0000 UTC 0001-01-01 00:00:00 +0000 UTC {0001-01-01 00:00:00 +0000 UTC false}} {<nil>}  <nil> []} General Manager 7fedc622-f110-492e-b721-17c3a187e4d4 301c4fe9-bcad-49ca-9f4a-24c0c075aea3} {{164 2023-01-14 21:50:37.618394 +0700 +07 2023-01-14 21:50:37.618394 +0700 +07 {0001-01-01 00:00:00 +0000 UTC false}} 10 {{0 0001-01-01 00:00:00 +0000 UTC 0001-01-01 00:00:00 +0000 UTC {0001-01-01 00:00:00 +0000 UTC false}} {<nil>}  <nil> []} Board Activity Management Departmen 301c4fe9-bcad-49ca-9f4a-24c0c075aea3 9dd98429-7289-4c51-84d6-8db54a95791d}]]
2023/01/14 21:51:00 app.go:48: DEBUG: [10]
2023/01/14 22:15:09 app.go:48: DEBUG: [[{{165 2023-01-14 21:51:00.73416 +0700 +07 2023-01-14 21:51:00.73416 +0700 +07 {0001-01-01 00:00:00 +0000 UTC false}} 10 {{0 0001-01-01 00:00:00 +0000 UTC 0001-01-01 00:00:00 +0000 UTC {0001-01-01 00:00:00 +0000 UTC false}} {<nil>}  <nil> []} Consumer Group 0 7fedc622-f110-492e-b721-17c3a187e4d4} {{166 2023-01-14 21:51:00.73416 +0700 +07 2023-01-14 21:51:00.73416 +0700 +07 {0001-01-01 00:00:00 +0000 UTC false}} 10 {{0 0001-01-01 00:00:00 +0000 UTC 0001-01-01 00:00:00 +0000 UTC {0001-01-01 00:00:00 +0000 UTC false}} {<nil>}  <nil> []} General Manager 7fedc622-f110-492e-b721-17c3a187e4d4 301c4fe9-bcad-49ca-9f4a-24c0c075aea3} {{167 2023-01-14 21:51:00.73416 +0700 +07 2023-01-14 21:51:00.73416 +0700 +07 {0001-01-01 00:00:00 +0000 UTC false}} 10 {{0 0001-01-01 00:00:00 +0000 UTC 0001-01-01 00:00:00 +0000 UTC {0001-01-01 00:00:00 +0000 UTC false}} {<nil>}  <nil> []} Board Activity Management Departmen 301c4fe9-bcad-49ca-9f4a-24c0c075aea3 9dd98429-7289-4c51-84d6-8db54a95791d} {{168 2023-01-14 21:51:00.73416 +0700 +07 2023-01-14 21:51:00.73416 +0700 +07 {0001-01-01 00:00:00 +0000 UTC false}} 10 {{0 0001-01-01 00:00:00 +0000 UTC 0001-01-01 00:00:00 +0000 UTC {0001-01-01 00:00:00 +0000 UTC false}} {<nil>}  <nil> []} Manager 7fedc622-f110-492e-b721-17c3a187e4d4 67f41cc8-d31f-40db-a34d-8eeec8282a9c}]]
2023/01/14 22:15:09 app.go:48: DEBUG: [10]
2023/01/14 22:16:45 app.go:48: INFO: [Configuration Loaded]
2023/01/14 22:16:45 app.go:48: INFO: [Database Connected Successfully]
2023/01/14 22:17:00 app.go:48: INFO: [Configuration Loaded]
2023/01/14 22:17:00 app.go:48: INFO: [Database Connected Successfully]
2023/01/14 22:17:14 app.go:48: INFO: [Configuration Loaded]
2023/01/14 22:17:14 app.go:48: INFO: [Database Connected Successfully]
2023/01/14 22:17:18 app.go:48: INFO: [Configuration Loaded]
2023/01/14 22:17:19 app.go:48: INFO: [Database Connected Successfully]
2023/01/14 22:17:27 app.go:48: INFO: [Configuration Loaded]
2023/01/14 22:17:27 app.go:48: INFO: [Database Connected Successfully]
2023/01/14 22:19:59 app.go:48: INFO: [Configuration Loaded]
2023/01/14 22:20:00 app.go:48: INFO: [Database Connected Successfully]
2023/01/14 22:20:28 app.go:48: INFO: [Configuration Loaded]
2023/01/14 22:20:28 app.go:48: INFO: [Database Connected Successfully]
2023/01/14 22:20:44 app.go:48: INFO: [Configuration Loaded]
2023/01/14 22:20:44 app.go:48: INFO: [Database Connected Successfully]
2023/01/14 22:47:59 app.go:48: INFO: [Configuration Loaded]
2023/01/14 22:47:59 app.go:48: INFO: [Database Connected Successfully]
2023/01/14 22:47:59 app.go:48: INFO: [Configuration Loaded]
2023/01/14 22:47:59 app.go:48: INFO: [Database Connected Successfully]
2023/01/14 22:48:00 app.go:48: INFO: [Configuration Loaded]
2023/01/14 22:48:00 app.go:48: INFO: [Database Connected Successfully]
2023/01/14 22:49:12 app.go:48: INFO: [Configuration Loaded]
2023/01/14 22:49:12 app.go:48: INFO: [Database Connected Successfully]
2023/01/14 22:54:35 app.go:48: INFO: [Configuration Loaded]
2023/01/14 22:54:35 app.go:48: INFO: [Database Connected Successfully]
2023/01/14 22:54:46 app.go:48: DEBUG: [{Jelaskan Cara Pelaksanaan Digitalisasi di Unit Kerja Anda  0xc0002b8e20 []}]
2023/01/14 22:55:16 app.go:48: INFO: [Configuration Loaded]
2023/01/14 22:55:16 app.go:48: INFO: [Database Connected Successfully]
2023/01/14 22:55:43 app.go:48: INFO: [Configuration Loaded]
2023/01/14 22:55:43 app.go:48: INFO: [Database Connected Successfully]
2023/01/14 22:55:53 app.go:48: DEBUG: [[]]
2023/01/14 22:56:33 app.go:48: INFO: [Configuration Loaded]
2023/01/14 22:56:33 app.go:48: INFO: [Database Connected Successfully]
2023/01/14 22:57:24 app.go:48: INFO: [Configuration Loaded]
2023/01/14 22:57:24 app.go:48: INFO: [Database Connected Successfully]
2023/01/14 22:57:31 app.go:48: INFO: [Configuration Loaded]
2023/01/14 22:57:31 app.go:48: INFO: [Database Connected Successfully]
2023/01/14 22:57:45 app.go:48: DEBUG: [[]]
2023/01/14 22:58:39 app.go:48: INFO: [Configuration Loaded]
2023/01/14 22:58:39 app.go:48: INFO: [Database Connected Successfully]
2023/01/14 22:58:56 app.go:48: INFO: [Configuration Loaded]
2023/01/14 22:58:56 app.go:48: INFO: [Database Connected Successfully]
2023/01/14 22:58:57 app.go:48: INFO: [Configuration Loaded]
2023/01/14 22:58:57 app.go:48: INFO: [Database Connected Successfully]
2023/01/14 22:59:03 app.go:48: DEBUG: [Options  []]
2023/01/14 22:59:22 app.go:48: INFO: [Configuration Loaded]
2023/01/14 22:59:23 app.go:48: INFO: [Database Connected Successfully]
2023/01/14 22:59:46 app.go:48: DEBUG: [Options  []]
2023/01/14 23:00:49 app.go:48: INFO: [Configuration Loaded]
2023/01/14 23:00:49 app.go:48: INFO: [Database Connected Successfully]
2023/01/14 23:00:53 app.go:48: INFO: [Configuration Loaded]
2023/01/14 23:00:53 app.go:48: INFO: [Database Connected Successfully]
2023/01/14 23:01:38 app.go:48: DEBUG: [Options  []]
2023/01/14 23:02:52 app.go:48: INFO: [Configuration Loaded]
2023/01/14 23:02:52 app.go:48: INFO: [Database Connected Successfully]
2023/01/14 23:02:55 app.go:48: INFO: [Configuration Loaded]
2023/01/14 23:02:55 app.go:48: INFO: [Database Connected Successfully]
2023/01/14 23:03:04 app.go:48: DEBUG: [Options  []]
2023/01/14 23:03:29 app.go:48: INFO: [Configuration Loaded]
2023/01/14 23:03:29 app.go:48: INFO: [Database Connected Successfully]
2023/01/14 23:03:41 app.go:48: DEBUG: [Options  []]
2023/01/14 23:04:30 app.go:48: DEBUG: [Options  [{Ya 1 [] false} {Tidak 0 [] false}]]
2023/01/14 23:05:05 app.go:48: INFO: [Configuration Loaded]
2023/01/14 23:05:05 app.go:48: INFO: [Database Connected Successfully]
2023/01/14 23:05:10 app.go:48: DEBUG: [Options  []]
2023/01/14 23:09:54 app.go:48: INFO: [Configuration Loaded]
2023/01/14 23:09:54 app.go:48: INFO: [Database Connected Successfully]
2023/01/14 23:11:21 app.go:48: INFO: [Configuration Loaded]
2023/01/14 23:11:21 app.go:48: INFO: [Database Connected Successfully]
2023/01/14 23:11:21 app.go:48: INFO: [Configuration Loaded]
2023/01/14 23:11:21 app.go:48: INFO: [Database Connected Successfully]
2023/01/14 23:14:14 app.go:48: INFO: [Configuration Loaded]
2023/01/14 23:14:14 app.go:48: INFO: [Database Connected Successfully]
2023/01/14 23:14:15 app.go:48: INFO: [Configuration Loaded]
2023/01/14 23:14:15 app.go:48: INFO: [Database Connected Successfully]
2023/01/14 23:16:07 app.go:48: INFO: [Configuration Loaded]
2023/01/14 23:16:07 app.go:48: INFO: [Database Connected Successfully]
2023/01/14 23:16:14 app.go:48: DEBUG: [[{Ya 1 [] false}]]
2023/01/14 23:18:14 app.go:48: INFO: [Configuration Loaded]
2023/01/14 23:18:14 app.go:48: INFO: [Database Connected Successfully]
2023/01/14 23:18:32 app.go:48: INFO: [Configuration Loaded]
2023/01/14 23:18:32 app.go:48: INFO: [Database Connected Successfully]
2023/01/14 23:21:04 app.go:48: INFO: [Configuration Loaded]
2023/01/14 23:21:04 app.go:48: INFO: [Database Connected Successfully]
2023/01/14 23:21:05 app.go:48: INFO: [Configuration Loaded]
2023/01/14 23:21:05 app.go:48: INFO: [Database Connected Successfully]
2023/01/14 23:25:12 app.go:48: DEBUG: [[map[id:54ef3692-8af6-4209-ac6b-aaa6be115893 name:Consumer Group parentId:0 structureCode:CG] map[id:09f40df3-8a1a-44b2-a71d-6b6340c7cafc name:General Manager parentId:54ef3692-8af6-4209-ac6b-aaa6be115893 structureCode:GM] map[id:fd9f57fe-aa1b-4575-a045-a8248cf679d4 name:Board Activity Management Departmen parentId:09f40df3-8a1a-44b2-a71d-6b6340c7cafc structureCode:BAMP] map[id:ac98bc71-2ed7-4cea-b8eb-36632b959e8e name:Manager parentId:54ef3692-8af6-4209-ac6b-aaa6be115893 structureCode:M]]]
2023/01/14 23:29:50 app.go:48: DEBUG: [false]
2023/01/14 23:39:57 app.go:48: DEBUG: [{{1 2022-12-20 23:34:32.764281 +0700 +07 2022-12-20 23:34:32.764281 +0700 +07 {0001-01-01 00:00:00 +0000 UTC false}} {0xc0017ef210} <nil> <nil> <nil> Superadmin admin admin@gmail.com $2a$04$UBlycKecIHVJ1HsBuF9gaubia3eAEOlUoeJ2GHbZpKXW8M15TNRuW 1 {{1 2022-12-20 23:34:32.745883 +0700 +07 2022-12-20 23:34:32.745883 +0700 +07 {0001-01-01 00:00:00 +0000 UTC false}} {0xc0017ef2b8} Superadmin [] []}}]
2023/01/14 23:39:57 app.go:48: DEBUG: [[]]
2023/01/14 23:39:57 app.go:48: DEBUG: [<nil>]
2023/01/14 23:42:44 app.go:48: DEBUG: [{{1 2022-12-20 23:34:32.764281 +0700 +07 2022-12-20 23:34:32.764281 +0700 +07 {0001-01-01 00:00:00 +0000 UTC false}} {0xc0017eea40} <nil> <nil> <nil> Superadmin admin admin@gmail.com $2a$04$UBlycKecIHVJ1HsBuF9gaubia3eAEOlUoeJ2GHbZpKXW8M15TNRuW 1 {{1 2022-12-20 23:34:32.745883 +0700 +07 2022-12-20 23:34:32.745883 +0700 +07 {0001-01-01 00:00:00 +0000 UTC false}} {0xc0017eeae8} Superadmin [] []}}]
2023/01/14 23:42:44 app.go:48: DEBUG: [[]]
2023/01/14 23:42:44 app.go:48: DEBUG: [<nil>]
2023/01/14 23:45:30 app.go:48: DEBUG: [{{1 2022-12-20 23:34:32.764281 +0700 +07 2022-12-20 23:34:32.764281 +0700 +07 {0001-01-01 00:00:00 +0000 UTC false}} {0xc0005ee7f0} <nil> <nil> <nil> Superadmin admin admin@gmail.com $2a$04$UBlycKecIHVJ1HsBuF9gaubia3eAEOlUoeJ2GHbZpKXW8M15TNRuW 1 {{1 2022-12-20 23:34:32.745883 +0700 +07 2022-12-20 23:34:32.745883 +0700 +07 {0001-01-01 00:00:00 +0000 UTC false}} {0xc0005ee888} Superadmin [] []}}]
2023/01/14 23:45:30 app.go:48: DEBUG: [[]]
2023/01/14 23:45:30 app.go:48: DEBUG: [<nil>]
2023/01/14 23:47:03 app.go:48: DEBUG: [{{1 2022-12-20 23:34:32.764281 +0700 +07 2022-12-20 23:34:32.764281 +0700 +07 {0001-01-01 00:00:00 +0000 UTC false}} {0xc0005ef610} <nil> <nil> <nil> Superadmin admin admin@gmail.com $2a$04$UBlycKecIHVJ1HsBuF9gaubia3eAEOlUoeJ2GHbZpKXW8M15TNRuW 1 {{1 2022-12-20 23:34:32.745883 +0700 +07 2022-12-20 23:34:32.745883 +0700 +07 {0001-01-01 00:00:00 +0000 UTC false}} {0xc0005ef6b8} Superadmin [] []}}]
2023/01/14 23:47:03 app.go:48: DEBUG: [[]]
2023/01/14 23:47:03 app.go:48: DEBUG: [<nil>]
2023/01/14 23:49:43 app.go:48: INFO: [Configuration Loaded]
2023/01/14 23:49:43 app.go:48: INFO: [Database Connected Successfully]
2023/01/14 23:53:49 app.go:48: INFO: [Configuration Loaded]
2023/01/14 23:53:49 app.go:48: INFO: [Database Connected Successfully]
2023/01/14 23:54:16 app.go:48: DEBUG: [{{1 2022-12-20 23:34:32.764281 +0700 +07 2022-12-20 23:34:32.764281 +0700 +07 {0001-01-01 00:00:00 +0000 UTC false}} {0xc00119a2b0} <nil> <nil> <nil> Superadmin admin admin@gmail.com $2a$04$UBlycKecIHVJ1HsBuF9gaubia3eAEOlUoeJ2GHbZpKXW8M15TNRuW 1 {{1 2022-12-20 23:34:32.745883 +0700 +07 2022-12-20 23:34:32.745883 +0700 +07 {0001-01-01 00:00:00 +0000 UTC false}} {0xc00119a348} Superadmin [] []}}]
2023/01/14 23:54:16 app.go:48: DEBUG: [[]]
2023/01/14 23:54:16 app.go:48: DEBUG: [<nil>]
2023/01/14 23:55:13 app.go:48: INFO: [Configuration Loaded]
2023/01/14 23:55:13 app.go:48: INFO: [Database Connected Successfully]
2023/01/14 23:56:03 app.go:48: INFO: [Configuration Loaded]
2023/01/14 23:56:03 app.go:48: INFO: [Database Connected Successfully]
2023/01/14 23:56:10 app.go:48: DEBUG: [{{1 2022-12-20 23:34:32.764281 +0700 +07 2022-12-20 23:34:32.764281 +0700 +07 {0001-01-01 00:00:00 +0000 UTC false}} {0xc00011b970} <nil> <nil> <nil> Superadmin admin admin@gmail.com $2a$04$UBlycKecIHVJ1HsBuF9gaubia3eAEOlUoeJ2GHbZpKXW8M15TNRuW 1 {{1 2022-12-20 23:34:32.745883 +0700 +07 2022-12-20 23:34:32.745883 +0700 +07 {0001-01-01 00:00:00 +0000 UTC false}} {0xc00011ba18} Superadmin [] []}}]
2023/01/14 23:56:10 app.go:48: DEBUG: [[]]
2023/01/14 23:56:10 app.go:48: DEBUG: [<nil>]
2023/01/14 23:56:10 app.go:48: DEBUG: [0]
2023/01/14 23:56:45 app.go:48: INFO: [Configuration Loaded]
2023/01/14 23:56:45 app.go:48: INFO: [Database Connected Successfully]
2023/01/14 23:56:46 app.go:48: INFO: [Configuration Loaded]
2023/01/14 23:56:46 app.go:48: INFO: [Database Connected Successfully]
2023/01/14 23:56:58 app.go:48: DEBUG: [{{1 2022-12-20 23:34:32.764281 +0700 +07 2022-12-20 23:34:32.764281 +0700 +07 {0001-01-01 00:00:00 +0000 UTC false}} {0xc000808dd0} <nil> <nil> <nil> Superadmin admin admin@gmail.com $2a$04$UBlycKecIHVJ1HsBuF9gaubia3eAEOlUoeJ2GHbZpKXW8M15TNRuW 1 {{1 2022-12-20 23:34:32.745883 +0700 +07 2022-12-20 23:34:32.745883 +0700 +07 {0001-01-01 00:00:00 +0000 UTC false}} {0xc000808e78} Superadmin [] []}}]
2023/01/14 23:56:58 app.go:48: DEBUG: [[]]
2023/01/14 23:56:58 app.go:48: DEBUG: [<nil>]
2023/01/14 23:56:58 app.go:48: DEBUG: [0]
2023/01/14 23:58:34 app.go:48: INFO: [Configuration Loaded]
2023/01/14 23:58:34 app.go:48: INFO: [Database Connected Successfully]
2023/01/14 23:58:47 app.go:48: DEBUG: [{{1 2022-12-20 23:34:32.764281 +0700 +07 2022-12-20 23:34:32.764281 +0700 +07 {0001-01-01 00:00:00 +0000 UTC false}} {0xc00054ae40} <nil> <nil> <nil> Superadmin admin admin@gmail.com $2a$04$UBlycKecIHVJ1HsBuF9gaubia3eAEOlUoeJ2GHbZpKXW8M15TNRuW 1 {{1 2022-12-20 23:34:32.745883 +0700 +07 2022-12-20 23:34:32.745883 +0700 +07 {0001-01-01 00:00:00 +0000 UTC false}} {0xc00054aee8} Superadmin [] []}}]
2023/01/14 23:58:47 app.go:48: DEBUG: [[]]
2023/01/14 23:58:47 app.go:48: DEBUG: [<nil>]
2023/01/14 23:58:47 app.go:48: DEBUG: [Deskripsi]
2023/01/14 23:58:55 app.go:48: DEBUG: [{{1 2022-12-20 23:34:32.764281 +0700 +07 2022-12-20 23:34:32.764281 +0700 +07 {0001-01-01 00:00:00 +0000 UTC false}} {0xc0013c8d10} <nil> <nil> <nil> Superadmin admin admin@gmail.com $2a$04$UBlycKecIHVJ1HsBuF9gaubia3eAEOlUoeJ2GHbZpKXW8M15TNRuW 1 {{1 2022-12-20 23:34:32.745883 +0700 +07 2022-12-20 23:34:32.745883 +0700 +07 {0001-01-01 00:00:00 +0000 UTC false}} {0xc0013c8da8} Superadmin [] []}}]
2023/01/14 23:58:55 app.go:48: DEBUG: [[]]
2023/01/14 23:58:55 app.go:48: DEBUG: [<nil>]
2023/01/14 23:58:55 app.go:48: DEBUG: [Isi dari deskripsi]
