2023/02/12 19:11:26 app.go:48: INFO: [Configuration Loaded]
2023/02/12 19:11:26 app.go:48: INFO: [Database Connected Successfully]
2023/02/12 19:19:10 app.go:48: INFO: [Configuration Loaded]
2023/02/12 19:19:10 app.go:48: INFO: [Database Connected Successfully]
2023/02/12 19:23:33 app.go:48: INFO: [Configuration Loaded]
2023/02/12 19:23:33 app.go:48: INFO: [Database Connected Successfully]
2023/02/12 19:23:46 app.go:48: INFO: [Configuration Loaded]
2023/02/12 19:23:46 app.go:48: INFO: [Database Connected Successfully]
2023/02/12 19:24:53 app.go:48: INFO: [Configuration Loaded]
2023/02/12 19:24:53 app.go:48: INFO: [Database Connected Successfully]
2023/02/12 19:26:36 app.go:48: INFO: [Configuration Loaded]
2023/02/12 19:26:36 app.go:48: INFO: [Database Connected Successfully]
2023/02/12 19:27:05 app.go:48: DEBUG: [eyJhbGciOiJIUzI1NiIsInR5cCI6IkpXVCJ9.eyJpZCI6MSwiZnVsbF9uYW1lIjoiU3VwZXJhZG1pbiIsImVtYWlsIjoiYWRtaW5AZ21haWwuY29tIiwicm9sZUlkIjoxLCJyb2xlTmFtZSI6IlN1cGVyYWRtaW4iLCJleHAiOjE2NzYyMDQ5MTN9.Uq5opOCjgdjMIPq_njxF99MBPIIjbnNZ5hwjT30sbrg]
2023/02/12 19:27:52 app.go:48: INFO: [Configuration Loaded]
2023/02/12 19:27:52 app.go:48: INFO: [Database Connected Successfully]
2023/02/12 19:28:44 app.go:48: INFO: [Configuration Loaded]
2023/02/12 19:28:44 app.go:48: INFO: [Database Connected Successfully]
2023/02/12 19:30:48 app.go:48: INFO: [Configuration Loaded]
2023/02/12 19:30:48 app.go:48: INFO: [Database Connected Successfully]
2023/02/12 19:33:04 app.go:48: INFO: [Configuration Loaded]
2023/02/12 19:33:04 app.go:48: INFO: [Database Connected Successfully]
2023/02/12 19:34:14 app.go:48: INFO: [Configuration Loaded]
2023/02/12 19:34:14 app.go:48: INFO: [Database Connected Successfully]
2023/02/12 19:34:14 app.go:48: INFO: [Configuration Loaded]
2023/02/12 19:34:14 app.go:48: INFO: [Database Connected Successfully]
2023/02/12 19:34:22 app.go:48: INFO: [Configuration Loaded]
2023/02/12 19:34:22 app.go:48: INFO: [Database Connected Successfully]
2023/02/12 19:35:16 app.go:48: INFO: [Configuration Loaded]
2023/02/12 19:35:16 app.go:48: INFO: [Database Connected Successfully]
2023/02/12 19:37:37 app.go:48: INFO: [Configuration Loaded]
2023/02/12 19:37:37 app.go:48: INFO: [Database Connected Successfully]
2023/02/12 19:39:37 app.go:48: INFO: [Configuration Loaded]
2023/02/12 19:39:37 app.go:48: INFO: [Database Connected Successfully]
2023/02/12 19:42:00 app.go:48: INFO: [Configuration Loaded]
2023/02/12 19:42:00 app.go:48: INFO: [Database Connected Successfully]
2023/02/12 19:42:11 app.go:48: INFO: [Configuration Loaded]
2023/02/12 19:42:11 app.go:48: INFO: [Database Connected Successfully]
2023/02/12 19:44:52 app.go:48: INFO: [Configuration Loaded]
2023/02/12 19:44:52 app.go:48: INFO: [Database Connected Successfully]
2023/02/12 19:45:39 app.go:48: INFO: [Configuration Loaded]
2023/02/12 19:45:39 app.go:48: INFO: [Database Connected Successfully]
2023/02/12 19:46:36 app.go:48: INFO: [Configuration Loaded]
2023/02/12 19:46:36 app.go:48: INFO: [Database Connected Successfully]
2023/02/12 19:47:26 app.go:48: INFO: [Configuration Loaded]
2023/02/12 19:47:26 app.go:48: INFO: [Database Connected Successfully]
2023/02/12 19:48:15 app.go:48: INFO: [Configuration Loaded]
2023/02/12 19:48:15 app.go:48: INFO: [Database Connected Successfully]
2023/02/12 19:49:22 app.go:48: INFO: [Configuration Loaded]
2023/02/12 19:49:22 app.go:48: INFO: [Database Connected Successfully]
2023/02/12 19:49:40 app.go:48: INFO: [Configuration Loaded]
2023/02/12 19:49:40 app.go:48: INFO: [Database Connected Successfully]
2023/02/12 21:35:54 app.go:48: INFO: [Configuration Loaded]
2023/02/12 21:35:54 app.go:48: INFO: [Database Connected Successfully]
2023/02/12 21:35:54 app.go:48: INFO: [Configuration Loaded]
2023/02/12 21:35:54 app.go:48: INFO: [Database Connected Successfully]
2023/02/12 21:44:26 app.go:48: DEBUG: [{{182 2023-01-18 21:58:24.562903 +0700 +07 2023-01-18 21:58:24.562903 +0700 +07 {0001-01-01 00:00:00 +0000 UTC false}} 11 {{0 0001-01-01 00:00:00 +0000 UTC 0001-01-01 00:00:00 +0000 UTC {0001-01-01 00:00:00 +0000 UTC false}} {<nil>}  <nil> []} Direktur IT <nil> 0 26de6705-74aa-4f3f-ab18-47097d31a39e}]
2023/02/12 21:44:26 app.go:48: DEBUG: [{{183 2023-01-18 21:58:24.562903 +0700 +07 2023-01-18 21:58:24.562903 +0700 +07 {0001-01-01 00:00:00 +0000 UTC false}} 11 {{0 0001-01-01 00:00:00 +0000 UTC 0001-01-01 00:00:00 +0000 UTC {0001-01-01 00:00:00 +0000 UTC false}} {<nil>}  <nil> []} Departemen Core Banking <nil> 26de6705-74aa-4f3f-ab18-47097d31a39e 40f6b55d-736a-4bb5-9ad8-ab0ff558cf70}]
2023/02/12 21:44:26 app.go:48: DEBUG: [{{184 2023-01-18 21:58:24.562903 +0700 +07 2023-01-18 21:58:24.562903 +0700 +07 {0001-01-01 00:00:00 +0000 UTC false}} 11 {{0 0001-01-01 00:00:00 +0000 UTC 0001-01-01 00:00:00 +0000 UTC {0001-01-01 00:00:00 +0000 UTC false}} {<nil>}  <nil> []} Direktur Marketing <nil> 0 0670cdf1-7832-47f0-84c8-6e83eaec2bb2}]
2023/02/12 21:45:23 app.go:48: INFO: [Configuration Loaded]
2023/02/12 21:45:23 app.go:48: INFO: [Database Connected Successfully]
2023/02/12 21:45:24 app.go:48: INFO: [Configuration Loaded]
2023/02/12 21:45:24 app.go:48: INFO: [Configuration Loaded]
2023/02/12 21:45:24 app.go:48: INFO: [Database Connected Successfully]
2023/02/12 21:45:24 app.go:48: INFO: [Database Connected Successfully]
2023/02/12 21:45:31 app.go:48: DEBUG: [{{182 2023-01-18 21:58:24.562903 +0700 +07 2023-01-18 21:58:24.562903 +0700 +07 {0001-01-01 00:00:00 +0000 UTC false}} 11 {{0 0001-01-01 00:00:00 +0000 UTC 0001-01-01 00:00:00 +0000 UTC {0001-01-01 00:00:00 +0000 UTC false}} {<nil>}  <nil> []} Direktur IT <nil> 0 26de6705-74aa-4f3f-ab18-47097d31a39e}]
2023/02/12 21:45:31 app.go:48: DEBUG: [{{183 2023-01-18 21:58:24.562903 +0700 +07 2023-01-18 21:58:24.562903 +0700 +07 {0001-01-01 00:00:00 +0000 UTC false}} 11 {{0 0001-01-01 00:00:00 +0000 UTC 0001-01-01 00:00:00 +0000 UTC {0001-01-01 00:00:00 +0000 UTC false}} {<nil>}  <nil> []} Departemen Core Banking <nil> 26de6705-74aa-4f3f-ab18-47097d31a39e 40f6b55d-736a-4bb5-9ad8-ab0ff558cf70}]
2023/02/12 21:45:31 app.go:48: DEBUG: [{{184 2023-01-18 21:58:24.562903 +0700 +07 2023-01-18 21:58:24.562903 +0700 +07 {0001-01-01 00:00:00 +0000 UTC false}} 11 {{0 0001-01-01 00:00:00 +0000 UTC 0001-01-01 00:00:00 +0000 UTC {0001-01-01 00:00:00 +0000 UTC false}} {<nil>}  <nil> []} Direktur Marketing <nil> 0 0670cdf1-7832-47f0-84c8-6e83eaec2bb2}]
2023/02/12 21:59:20 app.go:48: INFO: [Configuration Loaded]
2023/02/12 21:59:20 app.go:48: INFO: [Database Connected Successfully]
2023/02/12 22:26:03 app.go:48: DEBUG: [4]
2023/02/12 22:26:09 app.go:48: DEBUG: [4]
2023/02/12 22:26:49 app.go:48: DEBUG: [4]
2023/02/12 22:27:59 app.go:48: INFO: [Configuration Loaded]
2023/02/12 22:27:59 app.go:48: INFO: [Database Connected Successfully]
2023/02/12 22:27:59 app.go:48: INFO: [Configuration Loaded]
2023/02/12 22:27:59 app.go:48: INFO: [Database Connected Successfully]
2023/02/12 22:28:44 app.go:48: INFO: [Configuration Loaded]
2023/02/12 22:28:44 app.go:48: INFO: [Database Connected Successfully]
2023/02/12 22:31:37 app.go:48: INFO: [Configuration Loaded]
2023/02/12 22:31:37 app.go:48: INFO: [Database Connected Successfully]
2023/02/12 22:51:30 app.go:48: INFO: [Configuration Loaded]
2023/02/12 22:51:30 app.go:48: INFO: [Database Connected Successfully]
2023/02/12 22:53:21 app.go:48: INFO: [Configuration Loaded]
2023/02/12 22:53:22 app.go:48: INFO: [Database Connected Successfully]
2023/02/12 22:55:14 app.go:48: INFO: [Configuration Loaded]
2023/02/12 22:55:14 app.go:48: INFO: [Database Connected Successfully]
2023/02/12 22:55:33 app.go:48: INFO: [Configuration Loaded]
2023/02/12 22:55:33 app.go:48: INFO: [Database Connected Successfully]
2023/02/12 22:56:19 app.go:48: INFO: [Configuration Loaded]
2023/02/12 22:56:19 app.go:48: INFO: [Database Connected Successfully]
2023/02/12 22:56:31 app.go:48: INFO: [Configuration Loaded]
2023/02/12 22:56:31 app.go:48: INFO: [Database Connected Successfully]
2023/02/12 22:57:01 app.go:48: INFO: [Configuration Loaded]
2023/02/12 22:57:01 app.go:48: INFO: [Database Connected Successfully]
2023/02/12 22:57:18 app.go:48: INFO: [Configuration Loaded]
2023/02/12 22:57:18 app.go:48: INFO: [Database Connected Successfully]
2023/02/12 22:57:27 app.go:48: INFO: [Configuration Loaded]
2023/02/12 22:57:27 app.go:48: INFO: [Database Connected Successfully]
