2023/05/09 13:54:35 app.go:48: INFO: [Configuration Loaded]
2023/05/09 13:54:36 app.go:48: INFO: [Database Connected Successfully]
2023/05/09 13:54:36 app.go:48: WARN: [Redis Skiped]
2023/05/09 13:54:36 app.go:48: INFO: [Redis Skip Cache]
2023/05/09 13:54:36 app.go:48: INFO: [Redis Job Queue skipped]
2023/05/09 14:00:21 app.go:48: ERROR: [pNQk6mjoJndFb7qL3ugd6YoIX0skAOUB Key: 'RefreshToken.Token' Error:Field validation for 'Token' failed on the 'required' tag]
2023/05/09 15:21:42 app.go:48: DEBUG: [Shutdowning Server ...]
2023/05/09 15:21:42 app.go:48: INFO: [Server Stopped Gracefully]
2023/05/09 15:21:59 app.go:48: INFO: [Configuration Loaded]
2023/05/09 15:21:59 app.go:48: INFO: [Database Connected Successfully]
2023/05/09 15:21:59 app.go:48: WARN: [Redis Skiped]
2023/05/09 15:21:59 app.go:48: INFO: [Redis Skip Cache]
2023/05/09 15:21:59 app.go:48: INFO: [Redis Job Queue skipped]
2023/05/09 15:22:31 app.go:48: DEBUG: [Shutdowning Server ...]
2023/05/09 15:22:31 app.go:48: INFO: [Server Stopped Gracefully]
2023/05/09 15:23:02 app.go:48: INFO: [Configuration Loaded]
2023/05/09 15:23:02 app.go:48: INFO: [Database Connected Successfully]
2023/05/09 15:23:02 app.go:48: WARN: [Redis Skiped]
2023/05/09 15:23:02 app.go:48: INFO: [Redis Skip Cache]
2023/05/09 15:23:02 app.go:48: INFO: [Redis Job Queue skipped]
2023/05/09 15:46:55 app.go:48: DEBUG: [Shutdowning Server ...]
2023/05/09 15:46:55 app.go:48: INFO: [Server Stopped Gracefully]
2023/05/09 15:47:56 app.go:48: INFO: [Configuration Loaded]
2023/05/09 15:47:56 app.go:48: INFO: [Database Connected Successfully]
2023/05/09 15:47:56 app.go:48: WARN: [Redis Skiped]
2023/05/09 15:47:56 app.go:48: INFO: [Redis Skip Cache]
2023/05/09 15:47:56 app.go:48: INFO: [Redis Job Queue skipped]
2023/05/09 15:50:12 app.go:48: DEBUG: [Shutdowning Server ...]
2023/05/09 15:50:12 app.go:48: INFO: [Server Stopped Gracefully]
2023/05/09 15:51:46 app.go:48: INFO: [Configuration Loaded]
2023/05/09 15:51:46 app.go:48: INFO: [Database Connected Successfully]
2023/05/09 15:51:46 app.go:48: WARN: [Redis Skiped]
2023/05/09 15:51:46 app.go:48: INFO: [Redis Skip Cache]
2023/05/09 15:51:46 app.go:48: INFO: [Redis Job Queue skipped]
2023/05/09 15:54:06 app.go:48: DEBUG: [Shutdowning Server ...]
2023/05/09 15:54:06 app.go:48: INFO: [Server Stopped Gracefully]
2023/05/09 15:54:34 app.go:48: INFO: [Configuration Loaded]
2023/05/09 15:54:34 app.go:48: INFO: [Database Connected Successfully]
2023/05/09 15:54:34 app.go:48: WARN: [Redis Skiped]
2023/05/09 15:54:34 app.go:48: INFO: [Redis Skip Cache]
2023/05/09 15:54:34 app.go:48: INFO: [Redis Job Queue skipped]
2023/05/09 17:25:21 app.go:48: DEBUG: [Shutdowning Server ...]
2023/05/09 17:25:21 app.go:48: INFO: [Server Stopped Gracefully]
