2023/05/28 19:18:21 app.go:48: INFO: [Configuration Loaded]
2023/05/28 19:18:22 app.go:48: INFO: [Database Connected Successfully]
2023/05/28 19:18:22 app.go:48: WARN: [Redis Skiped]
2023/05/28 19:18:22 app.go:48: INFO: [Redis Skip Cache]
2023/05/28 19:18:22 app.go:48: INFO: [Redis Job Queue skipped]
2023/05/28 19:19:15 app.go:48: ERROR: [XTZif5ZWdHNsxJVJPXtUB0M0xok1HmBo Key: 'RefreshToken.Token' Error:Field validation for 'Token' failed on the 'required' tag]
2023/05/28 19:20:00 app.go:48: ERROR: [IbuiWry77fBm7XCmaTviUxmKnxYSznRh reflect: Field index out of range]
2023/05/28 19:22:41 app.go:48: DEBUG: [Shutdowning Server ...]
2023/05/28 19:22:41 app.go:48: INFO: [Server Stopped Gracefully]
2023/05/28 19:24:59 app.go:48: INFO: [Configuration Loaded]
2023/05/28 19:24:59 app.go:48: INFO: [Database Connected Successfully]
2023/05/28 19:24:59 app.go:48: WARN: [Redis Skiped]
2023/05/28 19:24:59 app.go:48: INFO: [Redis Skip Cache]
2023/05/28 19:24:59 app.go:48: INFO: [Redis Job Queue skipped]
2023/05/28 19:30:24 app.go:48: DEBUG: [Shutdowning Server ...]
2023/05/28 19:30:24 app.go:48: INFO: [Server Stopped Gracefully]
2023/05/28 19:30:38 app.go:48: INFO: [Configuration Loaded]
2023/05/28 19:30:38 app.go:48: INFO: [Database Connected Successfully]
2023/05/28 19:30:38 app.go:48: WARN: [Redis Skiped]
2023/05/28 19:30:38 app.go:48: INFO: [Redis Skip Cache]
2023/05/28 19:30:38 app.go:48: INFO: [Redis Job Queue skipped]
2023/05/28 19:31:39 app.go:48: ERROR: [7GLA7OE54J31zYpJfDt3yYRz1TBR3iRa reflect: call of reflect.Value.Field on uint Value]
2023/05/28 19:37:15 app.go:48: DEBUG: [Shutdowning Server ...]
2023/05/28 19:37:39 app.go:48: INFO: [Configuration Loaded]
2023/05/28 19:37:39 app.go:48: INFO: [Database Connected Successfully]
2023/05/28 19:37:39 app.go:48: WARN: [Redis Skiped]
2023/05/28 19:37:39 app.go:48: INFO: [Redis Skip Cache]
2023/05/28 19:37:39 app.go:48: INFO: [Redis Job Queue skipped]
2023/05/28 19:38:03 app.go:48: ERROR: [O3uV7Y3KpW7hVp3WTOACTf8sLQeQRQpm reflect: call of reflect.Value.Field on uint Value]
2023/05/28 19:39:09 app.go:48: DEBUG: [Shutdowning Server ...]
2023/05/28 19:39:09 app.go:48: INFO: [Server Stopped Gracefully]
2023/05/28 19:39:20 app.go:48: INFO: [Configuration Loaded]
2023/05/28 19:39:20 app.go:48: INFO: [Database Connected Successfully]
2023/05/28 19:39:20 app.go:48: WARN: [Redis Skiped]
2023/05/28 19:39:20 app.go:48: INFO: [Redis Skip Cache]
2023/05/28 19:39:20 app.go:48: INFO: [Redis Job Queue skipped]
2023/05/28 19:41:45 app.go:48: ERROR: [WShEdjtdXks4FDkLXI6a5WS1Pbh1qmWY Key: 'UpdateInventory.ArchiveTitle' Error:Field validation for 'ArchiveTitle' failed on the 'required' tag]
2023/05/28 19:41:56 app.go:48: ERROR: [oR16OJmI352hgyboZ5DwAMJDaAoQGR9p reflect: call of reflect.Value.Field on uint Value]
2023/05/28 19:42:01 app.go:48: DEBUG: [Shutdowning Server ...]
2023/05/28 19:42:01 app.go:48: INFO: [Server Stopped Gracefully]
2023/05/28 19:43:45 app.go:48: INFO: [Configuration Loaded]
2023/05/28 19:43:45 app.go:48: INFO: [Database Connected Successfully]
2023/05/28 19:43:45 app.go:48: WARN: [Redis Skiped]
2023/05/28 19:43:45 app.go:48: INFO: [Redis Skip Cache]
2023/05/28 19:43:45 app.go:48: INFO: [Redis Job Queue skipped]
2023/05/28 19:43:48 app.go:48: ERROR: [wkH2VzUIEjzugbkUVhFgK3n5FPmCKSC8 reflect: call of reflect.Value.Field on uint Value]
2023/05/28 19:46:39 app.go:48: DEBUG: [Shutdowning Server ...]
2023/05/28 19:46:39 app.go:48: INFO: [Server Stopped Gracefully]
2023/05/28 19:46:59 app.go:48: INFO: [Configuration Loaded]
2023/05/28 19:46:59 app.go:48: INFO: [Database Connected Successfully]
2023/05/28 19:46:59 app.go:48: WARN: [Redis Skiped]
2023/05/28 19:46:59 app.go:48: INFO: [Redis Skip Cache]
2023/05/28 19:46:59 app.go:48: INFO: [Redis Job Queue skipped]
2023/05/28 19:47:09 app.go:48: ERROR: [3lZAW11YC3MbfeskMMs6MV8X1ePBBx6s reflect: call of reflect.Value.Field on uint Value]
2023/05/28 19:48:54 app.go:48: DEBUG: [Shutdowning Server ...]
2023/05/28 19:48:54 app.go:48: INFO: [Server Stopped Gracefully]
2023/05/28 19:49:16 app.go:48: INFO: [Configuration Loaded]
2023/05/28 19:49:16 app.go:48: INFO: [Database Connected Successfully]
2023/05/28 19:49:16 app.go:48: WARN: [Redis Skiped]
2023/05/28 19:49:16 app.go:48: INFO: [Redis Skip Cache]
2023/05/28 19:49:16 app.go:48: INFO: [Redis Job Queue skipped]
2023/05/28 19:49:23 app.go:48: ERROR: [hLCOuqH3k4O87DwDWzwqOjkiQHesQGyO runtime error: invalid memory address or nil pointer dereference]
2023/05/28 19:52:48 app.go:48: DEBUG: [Shutdowning Server ...]
2023/05/28 19:52:48 app.go:48: INFO: [Server Stopped Gracefully]
2023/05/28 19:52:57 app.go:48: INFO: [Configuration Loaded]
2023/05/28 19:52:57 app.go:48: INFO: [Database Connected Successfully]
2023/05/28 19:52:57 app.go:48: WARN: [Redis Skiped]
2023/05/28 19:52:57 app.go:48: INFO: [Redis Skip Cache]
2023/05/28 19:52:57 app.go:48: INFO: [Redis Job Queue skipped]
2023/05/28 19:53:29 app.go:48: ERROR: [LmDqtQjOtYvIiMscixBM6OmmBmwwsaPk runtime error: invalid memory address or nil pointer dereference]
2023/05/28 19:54:04 app.go:48: DEBUG: [Shutdowning Server ...]
2023/05/28 19:54:04 app.go:48: INFO: [Server Stopped Gracefully]
2023/05/28 19:54:33 app.go:48: INFO: [Configuration Loaded]
2023/05/28 19:54:33 app.go:48: INFO: [Database Connected Successfully]
2023/05/28 19:54:33 app.go:48: WARN: [Redis Skiped]
2023/05/28 19:54:33 app.go:48: INFO: [Redis Skip Cache]
2023/05/28 19:54:33 app.go:48: INFO: [Redis Job Queue skipped]
2023/05/28 19:55:11 app.go:48: ERROR: [U191g0DaGjyMps0cbXZ7FJE4hDq57UVW runtime error: invalid memory address or nil pointer dereference]
2023/05/28 19:55:46 app.go:48: DEBUG: [Shutdowning Server ...]
2023/05/28 19:55:46 app.go:48: INFO: [Server Stopped Gracefully]
2023/05/28 19:55:58 app.go:48: INFO: [Configuration Loaded]
2023/05/28 19:55:58 app.go:48: INFO: [Database Connected Successfully]
2023/05/28 19:55:58 app.go:48: WARN: [Redis Skiped]
2023/05/28 19:55:58 app.go:48: INFO: [Redis Skip Cache]
2023/05/28 19:55:58 app.go:48: INFO: [Redis Job Queue skipped]
2023/05/28 19:57:00 app.go:48: DEBUG: [Shutdowning Server ...]
2023/05/28 19:57:00 app.go:48: INFO: [Server Stopped Gracefully]
2023/05/28 19:57:11 app.go:48: INFO: [Configuration Loaded]
2023/05/28 19:57:11 app.go:48: INFO: [Database Connected Successfully]
2023/05/28 19:57:11 app.go:48: WARN: [Redis Skiped]
2023/05/28 19:57:11 app.go:48: INFO: [Redis Skip Cache]
2023/05/28 19:57:11 app.go:48: INFO: [Redis Job Queue skipped]
2023/05/28 19:57:15 app.go:48: ERROR: [tIZSsc9e3Vb4IdtWd2fq3tGmJZRjEJZj reflect: call of reflect.Value.Field on uint Value]
2023/05/28 19:58:05 app.go:48: DEBUG: [Shutdowning Server ...]
2023/05/28 19:58:05 app.go:48: INFO: [Server Stopped Gracefully]
2023/05/28 19:58:17 app.go:48: INFO: [Configuration Loaded]
2023/05/28 19:58:17 app.go:48: INFO: [Database Connected Successfully]
2023/05/28 19:58:18 app.go:48: WARN: [Redis Skiped]
2023/05/28 19:58:18 app.go:48: INFO: [Redis Skip Cache]
2023/05/28 19:58:18 app.go:48: INFO: [Redis Job Queue skipped]
2023/05/28 19:58:23 app.go:48: ERROR: [ADpMyHm1FK5rXzc0GboTKf0CWQH0Xknr reflect: call of reflect.Value.Field on uint Value]
2023/05/28 20:00:00 app.go:48: DEBUG: [Shutdowning Server ...]
2023/05/28 20:00:00 app.go:48: INFO: [Server Stopped Gracefully]
2023/05/28 20:00:12 app.go:48: INFO: [Configuration Loaded]
2023/05/28 20:00:13 app.go:48: INFO: [Database Connected Successfully]
2023/05/28 20:00:13 app.go:48: WARN: [Redis Skiped]
2023/05/28 20:00:13 app.go:48: INFO: [Redis Skip Cache]
2023/05/28 20:00:13 app.go:48: INFO: [Redis Job Queue skipped]
2023/05/28 20:00:20 app.go:48: ERROR: [4MLYWPZoVVYBNMyeXY3ETUhQxutUt6WR runtime error: invalid memory address or nil pointer dereference]
2023/05/28 20:01:07 app.go:48: DEBUG: [Shutdowning Server ...]
2023/05/28 20:01:07 app.go:48: INFO: [Server Stopped Gracefully]
2023/05/28 20:01:17 app.go:48: INFO: [Configuration Loaded]
2023/05/28 20:01:17 app.go:48: INFO: [Database Connected Successfully]
2023/05/28 20:01:17 app.go:48: WARN: [Redis Skiped]
2023/05/28 20:01:17 app.go:48: INFO: [Redis Skip Cache]
2023/05/28 20:01:17 app.go:48: INFO: [Redis Job Queue skipped]
2023/05/28 20:02:04 app.go:48: DEBUG: [Shutdowning Server ...]
2023/05/28 20:02:04 app.go:48: INFO: [Server Stopped Gracefully]
2023/05/28 20:02:14 app.go:48: INFO: [Configuration Loaded]
2023/05/28 20:02:14 app.go:48: INFO: [Database Connected Successfully]
2023/05/28 20:02:14 app.go:48: WARN: [Redis Skiped]
2023/05/28 20:02:14 app.go:48: INFO: [Redis Skip Cache]
2023/05/28 20:02:14 app.go:48: INFO: [Redis Job Queue skipped]
2023/05/28 20:02:39 app.go:48: DEBUG: [Shutdowning Server ...]
2023/05/28 20:02:39 app.go:48: INFO: [Server Stopped Gracefully]
2023/05/28 20:02:48 app.go:48: INFO: [Configuration Loaded]
2023/05/28 20:02:48 app.go:48: INFO: [Database Connected Successfully]
2023/05/28 20:02:48 app.go:48: WARN: [Redis Skiped]
2023/05/28 20:02:48 app.go:48: INFO: [Redis Skip Cache]
2023/05/28 20:02:48 app.go:48: INFO: [Redis Job Queue skipped]
2023/05/28 20:11:55 app.go:48: DEBUG: [Shutdowning Server ...]
2023/05/28 20:11:55 app.go:48: INFO: [Server Stopped Gracefully]
2023/05/28 20:12:06 app.go:48: INFO: [Configuration Loaded]
2023/05/28 20:12:06 app.go:48: INFO: [Database Connected Successfully]
2023/05/28 20:12:07 app.go:48: WARN: [Redis Skiped]
2023/05/28 20:12:07 app.go:48: INFO: [Redis Skip Cache]
2023/05/28 20:12:07 app.go:48: INFO: [Redis Job Queue skipped]
