2023/04/04 16:36:00 app.go:48: INFO: [Configuration Loaded]
2023/04/04 16:36:01 app.go:48: INFO: [Database Connected Successfully]
2023/04/04 16:36:01 app.go:48: WARN: [Redis Skiped]
2023/04/04 16:36:01 app.go:48: INFO: [Redis Skip Cache]
2023/04/04 16:36:01 app.go:48: INFO: [Redis Job Queue skipped]
2023/04/04 16:37:10 app.go:48: DEBUG: [Shutdowning Server ...]
2023/04/04 16:37:10 app.go:48: INFO: [Server Stopped Gracefully]
2023/04/04 16:37:27 app.go:48: INFO: [Configuration Loaded]
2023/04/04 16:37:27 app.go:48: INFO: [Database Connected Successfully]
2023/04/04 16:37:28 app.go:48: WARN: [Redis Skiped]
2023/04/04 16:37:28 app.go:48: INFO: [Redis Skip Cache]
2023/04/04 16:37:28 app.go:48: INFO: [Redis Job Queue skipped]
2023/04/04 16:38:02 app.go:48: ERROR: [vjHdwad3X5lCYpUOCQg8Og7Bc0OSP1AY Key: 'RefreshToken.Token' Error:Field validation for 'Token' failed on the 'required' tag]
2023/04/04 16:43:17 app.go:48: DEBUG: [{{1 2023-04-04 16:42:56.046099 +0700 +07 2023-04-04 16:42:56.046099 +0700 +07 {0001-01-01 00:00:00 +0000 UTC false}} 1 {{0 0001-01-01 00:00:00 +0000 UTC 0001-01-01 00:00:00 +0000 UTC {0001-01-01 00:00:00 +0000 UTC false}} {<nil>}  <nil> []} Direktur <nil> 0 b4d00a18-c864-4191-95f9-85543d77ee30}]
2023/04/04 16:43:17 app.go:48: DEBUG: [{{2 2023-04-04 16:42:56.046099 +0700 +07 2023-04-04 16:42:56.046099 +0700 +07 {0001-01-01 00:00:00 +0000 UTC false}} 1 {{0 0001-01-01 00:00:00 +0000 UTC 0001-01-01 00:00:00 +0000 UTC {0001-01-01 00:00:00 +0000 UTC false}} {<nil>}  <nil> []} Direktur 2 <nil> 0 7be88d03-4cda-4645-97b3-602470bb00f9}]
2023/04/04 16:43:17 app.go:48: ERROR: [1drE3HijNOaGiALl4Q1nnTvONfIXMmrP ERROR: column "project_id" of relation "project_logs" does not exist (SQLSTATE 42703)]
2023/04/04 16:44:00 app.go:48: DEBUG: [Shutdowning Server ...]
2023/04/04 16:44:00 app.go:48: INFO: [Server Stopped Gracefully]
2023/04/04 16:44:16 app.go:48: INFO: [Configuration Loaded]
2023/04/04 16:44:16 app.go:48: INFO: [Database Connected Successfully]
2023/04/04 16:44:27 app.go:48: INFO: [Configuration Loaded]
2023/04/04 16:44:27 app.go:48: INFO: [Database Connected Successfully]
2023/04/04 16:44:27 app.go:48: WARN: [Redis Skiped]
2023/04/04 16:44:27 app.go:48: INFO: [Redis Skip Cache]
2023/04/04 16:44:27 app.go:48: INFO: [Redis Job Queue skipped]
2023/04/04 16:44:39 app.go:48: DEBUG: [{{1 2023-04-04 16:42:56.046099 +0700 +07 2023-04-04 16:42:56.046099 +0700 +07 {0001-01-01 00:00:00 +0000 UTC false}} 1 {{0 0001-01-01 00:00:00 +0000 UTC 0001-01-01 00:00:00 +0000 UTC {0001-01-01 00:00:00 +0000 UTC false}} {<nil>}  <nil> []} Direktur <nil> 0 b4d00a18-c864-4191-95f9-85543d77ee30}]
2023/04/04 16:44:39 app.go:48: DEBUG: [{{2 2023-04-04 16:42:56.046099 +0700 +07 2023-04-04 16:42:56.046099 +0700 +07 {0001-01-01 00:00:00 +0000 UTC false}} 1 {{0 0001-01-01 00:00:00 +0000 UTC 0001-01-01 00:00:00 +0000 UTC {0001-01-01 00:00:00 +0000 UTC false}} {<nil>}  <nil> []} Direktur 2 <nil> 0 7be88d03-4cda-4645-97b3-602470bb00f9}]
