2023/01/11 00:07:22 app.go:48: DEBUG: [{{3 2022-12-21 11:43:47.011723 +0700 +07 2022-12-25 01:33:07.434632 +0700 +07 {0001-01-01 00:00:00 +0000 UTC false}} {0xc001e2ac28} 0xc001e0ce10 0xc001e0ce20 0xc001e0ce30 Muhammad Fatihul Ikhsan tiul ikhsan@gmail.com $2a$04$WwPT7ST4dvBlHN2EBbnU1OfX.dkZS9lfhJA3EyRg5bsJnxHe3swUW 1 {{1 2022-12-20 23:34:32.745883 +0700 +07 2022-12-20 23:34:32.745883 +0700 +07 {0001-01-01 00:00:00 +0000 UTC false}} {0xc001e2acc8} Superadmin [] []}}]
2023/01/11 00:07:22 app.go:48: DEBUG: [[{Mantap test} {mantap 2 test 2}]]
2023/01/11 00:07:22 app.go:48: DEBUG: [0xc001e0ce10]
2023/01/11 00:07:30 app.go:48: DEBUG: [{{3 2022-12-21 11:43:47.011723 +0700 +07 2022-12-25 01:33:07.434632 +0700 +07 {0001-01-01 00:00:00 +0000 UTC false}} {0xc00194a018} 0xc00056aca0 0xc00056acb0 0xc00056acc0 Muhammad Fatihul Ikhsan tiul ikhsan@gmail.com $2a$04$WwPT7ST4dvBlHN2EBbnU1OfX.dkZS9lfhJA3EyRg5bsJnxHe3swUW 1 {{1 2022-12-20 23:34:32.745883 +0700 +07 2022-12-20 23:34:32.745883 +0700 +07 {0001-01-01 00:00:00 +0000 UTC false}} {0xc00194a0b8} Superadmin [] []}}]
2023/01/11 00:07:30 app.go:48: DEBUG: [[{gak boleh test 3}]]
2023/01/11 00:07:30 app.go:48: DEBUG: [0xc00056aca0]
2023/01/11 00:08:04 app.go:48: DEBUG: [{{3 2022-12-21 11:43:47.011723 +0700 +07 2022-12-25 01:33:07.434632 +0700 +07 {0001-01-01 00:00:00 +0000 UTC false}} {0xc0005a0d98} 0xc0006da0f0 0xc0006da100 0xc0006da110 Muhammad Fatihul Ikhsan tiul ikhsan@gmail.com $2a$04$WwPT7ST4dvBlHN2EBbnU1OfX.dkZS9lfhJA3EyRg5bsJnxHe3swUW 1 {{1 2022-12-20 23:34:32.745883 +0700 +07 2022-12-20 23:34:32.745883 +0700 +07 {0001-01-01 00:00:00 +0000 UTC false}} {0xc0005a0e38} Superadmin [] []}}]
2023/01/11 00:08:04 app.go:48: DEBUG: [[{Mantap Luar binasa} {mantap 2 111111}]]
2023/01/11 00:08:04 app.go:48: DEBUG: [0xc0006da0f0]
2023/01/11 00:08:08 app.go:48: DEBUG: [{{3 2022-12-21 11:43:47.011723 +0700 +07 2022-12-25 01:33:07.434632 +0700 +07 {0001-01-01 00:00:00 +0000 UTC false}} {0xc0005a13e8} 0xc0006dabe0 0xc0006dabf0 0xc0006dac00 Muhammad Fatihul Ikhsan tiul ikhsan@gmail.com $2a$04$WwPT7ST4dvBlHN2EBbnU1OfX.dkZS9lfhJA3EyRg5bsJnxHe3swUW 1 {{1 2022-12-20 23:34:32.745883 +0700 +07 2022-12-20 23:34:32.745883 +0700 +07 {0001-01-01 00:00:00 +0000 UTC false}} {0xc0005a1488} Superadmin [] []}}]
2023/01/11 00:08:08 app.go:48: DEBUG: [[{gak boleh Luar binasa}]]
2023/01/11 00:08:08 app.go:48: DEBUG: [0xc0006dabe0]
2023/01/11 00:08:41 app.go:48: DEBUG: [false]
2023/01/11 00:10:23 app.go:48: DEBUG: [{{3 2022-12-21 11:43:47.011723 +0700 +07 2022-12-25 01:33:07.434632 +0700 +07 {0001-01-01 00:00:00 +0000 UTC false}} {0xc001c79e38} 0xc001cb4750 0xc001cb4760 0xc001cb4770 Muhammad Fatihul Ikhsan tiul ikhsan@gmail.com $2a$04$WwPT7ST4dvBlHN2EBbnU1OfX.dkZS9lfhJA3EyRg5bsJnxHe3swUW 1 {{1 2022-12-20 23:34:32.745883 +0700 +07 2022-12-20 23:34:32.745883 +0700 +07 {0001-01-01 00:00:00 +0000 UTC false}} {0xc001c79ed8} Superadmin [] []}}]
2023/01/11 00:10:23 app.go:48: DEBUG: [[]]
2023/01/11 00:10:23 app.go:48: DEBUG: [0xc001cb4750]
2023/01/11 00:12:32 app.go:48: DEBUG: [{{3 2022-12-21 11:43:47.011723 +0700 +07 2022-12-25 01:33:07.434632 +0700 +07 {0001-01-01 00:00:00 +0000 UTC false}} {0xc001c79d38} 0xc001688fb0 0xc001688fc0 0xc001688fd0 Muhammad Fatihul Ikhsan tiul ikhsan@gmail.com $2a$04$WwPT7ST4dvBlHN2EBbnU1OfX.dkZS9lfhJA3EyRg5bsJnxHe3swUW 1 {{1 2022-12-20 23:34:32.745883 +0700 +07 2022-12-20 23:34:32.745883 +0700 +07 {0001-01-01 00:00:00 +0000 UTC false}} {0xc001c79dd8} Superadmin [] []}}]
2023/01/11 00:12:32 app.go:48: DEBUG: [[]]
2023/01/11 00:12:32 app.go:48: DEBUG: [0xc001688fb0]
2023/01/11 00:12:38 app.go:48: DEBUG: [{{3 2022-12-21 11:43:47.011723 +0700 +07 2022-12-25 01:33:07.434632 +0700 +07 {0001-01-01 00:00:00 +0000 UTC false}} {0xc0004bf3a8} 0xc001689b20 0xc001689b30 0xc001689b40 Muhammad Fatihul Ikhsan tiul ikhsan@gmail.com $2a$04$WwPT7ST4dvBlHN2EBbnU1OfX.dkZS9lfhJA3EyRg5bsJnxHe3swUW 1 {{1 2022-12-20 23:34:32.745883 +0700 +07 2022-12-20 23:34:32.745883 +0700 +07 {0001-01-01 00:00:00 +0000 UTC false}} {0xc0004bffa8} Superadmin [] []}}]
2023/01/11 00:12:38 app.go:48: DEBUG: [[]]
2023/01/11 00:12:38 app.go:48: DEBUG: [0xc001689b20]
2023/01/11 00:12:42 app.go:48: DEBUG: [{{3 2022-12-21 11:43:47.011723 +0700 +07 2022-12-25 01:33:07.434632 +0700 +07 {0001-01-01 00:00:00 +0000 UTC false}} {0xc001767ea8} 0xc0002a6410 0xc0002a6430 0xc0002a65c0 Muhammad Fatihul Ikhsan tiul ikhsan@gmail.com $2a$04$WwPT7ST4dvBlHN2EBbnU1OfX.dkZS9lfhJA3EyRg5bsJnxHe3swUW 1 {{1 2022-12-20 23:34:32.745883 +0700 +07 2022-12-20 23:34:32.745883 +0700 +07 {0001-01-01 00:00:00 +0000 UTC false}} {0xc001767f48} Superadmin [] []}}]
2023/01/11 00:12:42 app.go:48: DEBUG: [[]]
2023/01/11 00:12:42 app.go:48: DEBUG: [0xc0002a6410]
2023/01/11 00:16:28 app.go:48: DEBUG: [[map[id:cf7003c5-3a81-451b-9eb7-2ab4dd03ec64 name:Direktur 1 parentId:0] map[id:d06d32a0-f2ff-4697-8e13-803d116c6d2f name:Department parentId:cf7003c5-3a81-451b-9eb7-2ab4dd03ec64]]]
2023/01/11 00:16:38 app.go:48: DEBUG: [false]
2023/01/11 00:35:30 app.go:48: DEBUG: [[map[id:cf7003c5-3a81-451b-9eb7-2ab4dd03ec64 name:Direktur 1 parentId:0] map[id:d06d32a0-f2ff-4697-8e13-803d116c6d2f name:Department parentId:cf7003c5-3a81-451b-9eb7-2ab4dd03ec64]]]
2023/01/11 00:35:41 app.go:48: DEBUG: [false]
2023/01/11 00:35:52 app.go:48: DEBUG: [{{3 2022-12-21 11:43:47.011723 +0700 +07 2022-12-25 01:33:07.434632 +0700 +07 {0001-01-01 00:00:00 +0000 UTC false}} {0xc001e2b538} 0xc001424cc0 0xc001424cd0 0xc001424ce0 Muhammad Fatihul Ikhsan tiul ikhsan@gmail.com $2a$04$WwPT7ST4dvBlHN2EBbnU1OfX.dkZS9lfhJA3EyRg5bsJnxHe3swUW 1 {{1 2022-12-20 23:34:32.745883 +0700 +07 2022-12-20 23:34:32.745883 +0700 +07 {0001-01-01 00:00:00 +0000 UTC false}} {0xc001e2b5d8} Superadmin [] []}}]
2023/01/11 00:35:52 app.go:48: DEBUG: [[]]
2023/01/11 00:35:52 app.go:48: DEBUG: [0xc001424cc0]
2023/01/11 00:36:45 app.go:48: DEBUG: [Shutdowning Server ...]
2023/01/11 00:36:45 app.go:48: INFO: [Server Stopped Gracefully]
2023/01/11 06:46:42 app.go:48: INFO: [Configuration Loaded]
2023/01/11 06:46:42 app.go:48: INFO: [Database Connected Successfully]
2023/01/11 06:48:33 app.go:48: INFO: [Configuration Loaded]
2023/01/11 06:48:33 app.go:48: INFO: [Database Connected Successfully]
2023/01/11 06:49:02 app.go:48: INFO: [Configuration Loaded]
2023/01/11 06:49:02 app.go:48: INFO: [Database Connected Successfully]
2023/01/11 06:49:12 app.go:48: INFO: [Configuration Loaded]
2023/01/11 06:49:12 app.go:48: INFO: [Database Connected Successfully]
2023/01/11 06:51:08 app.go:48: INFO: [Configuration Loaded]
2023/01/11 06:51:08 app.go:48: INFO: [Database Connected Successfully]
2023/01/11 06:51:26 app.go:48: INFO: [Configuration Loaded]
2023/01/11 06:51:26 app.go:48: INFO: [Database Connected Successfully]
2023/01/11 06:51:38 app.go:48: INFO: [Configuration Loaded]
2023/01/11 06:51:38 app.go:48: INFO: [Database Connected Successfully]
2023/01/11 06:51:44 app.go:48: DEBUG: [{{1 2022-12-20 23:34:32.764281 +0700 +07 2022-12-20 23:34:32.764281 +0700 +07 {0001-01-01 00:00:00 +0000 UTC false}} {0xc001431b80} <nil> <nil> <nil> Superadmin admin admin@gmail.com $2a$04$UBlycKecIHVJ1HsBuF9gaubia3eAEOlUoeJ2GHbZpKXW8M15TNRuW 1 {{1 2022-12-20 23:34:32.745883 +0700 +07 2022-12-20 23:34:32.745883 +0700 +07 {0001-01-01 00:00:00 +0000 UTC false}} {0xc001431c28} Superadmin [] []}}]
2023/01/11 06:51:44 app.go:48: DEBUG: [[]]
2023/01/11 06:51:44 app.go:48: DEBUG: [<nil>]
2023/01/11 06:52:27 app.go:48: INFO: [Configuration Loaded]
2023/01/11 06:52:27 app.go:48: INFO: [Database Connected Successfully]
2023/01/11 06:52:29 app.go:48: INFO: [Configuration Loaded]
2023/01/11 06:52:29 app.go:48: INFO: [Database Connected Successfully]
2023/01/11 06:53:40 app.go:48: INFO: [Configuration Loaded]
2023/01/11 06:53:40 app.go:48: INFO: [Database Connected Successfully]
2023/01/11 06:53:43 app.go:48: INFO: [Configuration Loaded]
2023/01/11 06:53:43 app.go:48: INFO: [Database Connected Successfully]
2023/01/11 06:54:19 app.go:48: INFO: [Configuration Loaded]
2023/01/11 06:54:20 app.go:48: INFO: [Database Connected Successfully]
2023/01/11 06:54:42 app.go:48: INFO: [Configuration Loaded]
2023/01/11 06:54:42 app.go:48: INFO: [Database Connected Successfully]
2023/01/11 06:55:16 app.go:48: INFO: [Configuration Loaded]
2023/01/11 06:55:16 app.go:48: INFO: [Database Connected Successfully]
2023/01/11 06:55:47 app.go:48: DEBUG: [[map[id:cf7003c5-3a81-451b-9eb7-2ab4dd03ec64 name:Direktur 1 parentId:0] map[id:d06d32a0-f2ff-4697-8e13-803d116c6d2f name:Department parentId:cf7003c5-3a81-451b-9eb7-2ab4dd03ec64]]]
2023/01/11 06:56:09 app.go:48: DEBUG: [false]
2023/01/11 06:56:22 app.go:48: DEBUG: [{{1 2022-12-20 23:34:32.764281 +0700 +07 2022-12-20 23:34:32.764281 +0700 +07 {0001-01-01 00:00:00 +0000 UTC false}} {0xc0016609c0} <nil> <nil> <nil> Superadmin admin admin@gmail.com $2a$04$UBlycKecIHVJ1HsBuF9gaubia3eAEOlUoeJ2GHbZpKXW8M15TNRuW 1 {{1 2022-12-20 23:34:32.745883 +0700 +07 2022-12-20 23:34:32.745883 +0700 +07 {0001-01-01 00:00:00 +0000 UTC false}} {0xc001660a58} Superadmin [] []}}]
2023/01/11 06:56:22 app.go:48: DEBUG: [[]]
2023/01/11 06:56:22 app.go:48: DEBUG: [<nil>]
2023/01/11 06:57:01 app.go:48: INFO: [Configuration Loaded]
2023/01/11 06:57:01 app.go:48: INFO: [Database Connected Successfully]
2023/01/11 06:57:41 app.go:48: INFO: [Configuration Loaded]
2023/01/11 06:57:42 app.go:48: INFO: [Database Connected Successfully]
2023/01/11 07:00:10 app.go:48: INFO: [Configuration Loaded]
2023/01/11 07:00:10 app.go:48: INFO: [Database Connected Successfully]
2023/01/11 07:00:46 app.go:48: INFO: [Configuration Loaded]
2023/01/11 07:00:46 app.go:48: INFO: [Database Connected Successfully]
2023/01/11 07:00:50 app.go:48: INFO: [Configuration Loaded]
2023/01/11 07:00:50 app.go:48: INFO: [Database Connected Successfully]
2023/01/11 07:13:57 app.go:48: INFO: [Configuration Loaded]
2023/01/11 07:13:57 app.go:48: INFO: [Database Connected Successfully]
2023/01/11 07:14:34 app.go:48: INFO: [Configuration Loaded]
2023/01/11 07:14:34 app.go:48: INFO: [Database Connected Successfully]
2023/01/11 07:14:59 app.go:48: INFO: [Configuration Loaded]
2023/01/11 07:14:59 app.go:48: INFO: [Database Connected Successfully]
2023/01/11 07:18:54 app.go:48: INFO: [Configuration Loaded]
2023/01/11 07:18:54 app.go:48: INFO: [Database Connected Successfully]
2023/01/11 07:19:24 app.go:48: INFO: [Configuration Loaded]
2023/01/11 07:19:24 app.go:48: INFO: [Database Connected Successfully]
2023/01/11 07:21:14 app.go:48: INFO: [Configuration Loaded]
2023/01/11 07:21:15 app.go:48: INFO: [Database Connected Successfully]
2023/01/11 07:22:48 app.go:48: INFO: [Configuration Loaded]
2023/01/11 07:22:48 app.go:48: INFO: [Database Connected Successfully]
2023/01/11 07:31:47 app.go:48: INFO: [Configuration Loaded]
2023/01/11 07:31:47 app.go:48: INFO: [Database Connected Successfully]
2023/01/11 07:31:55 app.go:48: INFO: [Configuration Loaded]
2023/01/11 07:31:55 app.go:48: INFO: [Database Connected Successfully]
2023/01/11 07:32:06 app.go:48: INFO: [Configuration Loaded]
2023/01/11 07:32:06 app.go:48: INFO: [Database Connected Successfully]
2023/01/11 07:32:34 app.go:48: INFO: [Configuration Loaded]
2023/01/11 07:32:34 app.go:48: INFO: [Database Connected Successfully]
2023/01/11 07:32:53 app.go:48: INFO: [Configuration Loaded]
2023/01/11 07:32:53 app.go:48: INFO: [Database Connected Successfully]
2023/01/11 07:35:11 app.go:48: INFO: [Configuration Loaded]
2023/01/11 07:35:11 app.go:48: INFO: [Database Connected Successfully]
2023/01/11 07:35:27 app.go:48: INFO: [Configuration Loaded]
2023/01/11 07:35:27 app.go:48: INFO: [Database Connected Successfully]
2023/01/11 07:40:09 app.go:48: INFO: [Configuration Loaded]
2023/01/11 07:40:09 app.go:48: INFO: [Database Connected Successfully]
2023/01/11 07:43:54 app.go:48: INFO: [Configuration Loaded]
2023/01/11 07:43:55 app.go:48: INFO: [Database Connected Successfully]
2023/01/11 07:43:59 app.go:48: INFO: [Configuration Loaded]
2023/01/11 07:44:00 app.go:48: INFO: [Database Connected Successfully]
2023/01/11 07:45:32 app.go:48: INFO: [Configuration Loaded]
2023/01/11 07:45:32 app.go:48: INFO: [Database Connected Successfully]
2023/01/11 07:45:33 app.go:48: INFO: [Configuration Loaded]
2023/01/11 07:45:33 app.go:48: INFO: [Configuration Loaded]
2023/01/11 07:45:33 app.go:48: INFO: [Database Connected Successfully]
2023/01/11 07:48:25 app.go:48: INFO: [Configuration Loaded]
2023/01/11 07:48:25 app.go:48: INFO: [Database Connected Successfully]
2023/01/11 07:48:28 app.go:48: INFO: [Configuration Loaded]
2023/01/11 07:48:28 app.go:48: INFO: [Database Connected Successfully]
2023/01/11 07:48:34 app.go:48: INFO: [Configuration Loaded]
2023/01/11 07:48:34 app.go:48: INFO: [Database Connected Successfully]
2023/01/11 07:48:50 app.go:48: INFO: [Configuration Loaded]
2023/01/11 07:48:50 app.go:48: INFO: [Database Connected Successfully]
2023/01/11 07:49:00 app.go:48: INFO: [Configuration Loaded]
2023/01/11 07:49:00 app.go:48: INFO: [Database Connected Successfully]
2023/01/11 07:49:29 app.go:48: INFO: [Configuration Loaded]
2023/01/11 07:49:29 app.go:48: INFO: [Database Connected Successfully]
2023/01/11 07:49:40 app.go:48: INFO: [Configuration Loaded]
2023/01/11 07:49:40 app.go:48: INFO: [Database Connected Successfully]
2023/01/11 07:54:57 app.go:48: INFO: [Configuration Loaded]
2023/01/11 07:54:57 app.go:48: INFO: [Database Connected Successfully]
2023/01/11 07:59:21 app.go:48: INFO: [Configuration Loaded]
2023/01/11 07:59:21 app.go:48: INFO: [Database Connected Successfully]
2023/01/11 07:59:44 app.go:48: INFO: [Configuration Loaded]
2023/01/11 07:59:44 app.go:48: INFO: [Database Connected Successfully]
2023/01/11 08:00:33 app.go:48: INFO: [Configuration Loaded]
2023/01/11 08:00:33 app.go:48: INFO: [Database Connected Successfully]
2023/01/11 08:00:59 app.go:48: INFO: [Configuration Loaded]
2023/01/11 08:00:59 app.go:48: INFO: [Database Connected Successfully]
2023/01/11 08:01:35 app.go:48: INFO: [Configuration Loaded]
2023/01/11 08:01:35 app.go:48: INFO: [Database Connected Successfully]
2023/01/11 08:02:03 app.go:48: DEBUG: [[map[id:ec1cbb63-3ee1-4a27-b638-6c653ca81d2c name:Direktur IT parentId:0] map[id:6c2a188b-e3b6-4823-b93a-5028ee720a06 name:Department Risk Management 1 parentId:ec1cbb63-3ee1-4a27-b638-6c653ca81d2c] map[id:16f5ce19-b233-4cf4-8232-355129913d35 name:Department Risk Management 2 parentId:ec1cbb63-3ee1-4a27-b638-6c653ca81d2c] map[id:26bfbbca-1146-4e17-8ca2-086ac19dcae6 name:Divisi Data parentId:ec1cbb63-3ee1-4a27-b638-6c653ca81d2c] map[id:d09a8e60-7e6f-4839-94a2-ebf698cebde8 name:Departement IT Security parentId:26bfbbca-1146-4e17-8ca2-086ac19dcae6] map[id:2ad8e32d-cb9f-42c3-b6c9-8d4d8da5dea0 name:Departement Pajak parentId:14f615fb-7324-4a71-b723-d455e47c5d40] map[id:7280b286-749a-40ad-9bf1-c003b13ac4ad name:Direktur baru parentId:0]]]
2023/01/11 08:02:44 app.go:48: DEBUG: [false]
2023/01/11 08:02:52 app.go:48: DEBUG: [false]
2023/01/11 08:19:21 app.go:48: INFO: [Configuration Loaded]
2023/01/11 08:19:21 app.go:48: INFO: [Database Connected Successfully]
2023/01/11 08:24:26 app.go:48: DEBUG: [{{1 2022-12-20 23:34:32.764281 +0700 +07 2022-12-20 23:34:32.764281 +0700 +07 {0001-01-01 00:00:00 +0000 UTC false}} {0xc0002011c0} <nil> <nil> <nil> Superadmin admin admin@gmail.com $2a$04$UBlycKecIHVJ1HsBuF9gaubia3eAEOlUoeJ2GHbZpKXW8M15TNRuW 1 {{1 2022-12-20 23:34:32.745883 +0700 +07 2022-12-20 23:34:32.745883 +0700 +07 {0001-01-01 00:00:00 +0000 UTC false}} {0xc000201258} Superadmin [] []}}]
2023/01/11 08:24:26 app.go:48: DEBUG: [[]]
2023/01/11 08:24:26 app.go:48: DEBUG: [<nil>]
2023/01/11 08:27:01 app.go:48: INFO: [Configuration Loaded]
2023/01/11 08:27:01 app.go:48: INFO: [Database Connected Successfully]
2023/01/11 08:27:44 app.go:48: INFO: [Configuration Loaded]
2023/01/11 08:27:44 app.go:48: INFO: [Database Connected Successfully]
2023/01/11 08:41:02 app.go:48: INFO: [Configuration Loaded]
2023/01/11 08:41:02 app.go:48: INFO: [Database Connected Successfully]
2023/01/11 08:41:02 app.go:48: INFO: [Configuration Loaded]
2023/01/11 08:41:02 app.go:48: INFO: [Database Connected Successfully]
2023/01/11 08:42:05 app.go:48: INFO: [Configuration Loaded]
2023/01/11 08:42:05 app.go:48: INFO: [Database Connected Successfully]
2023/01/11 08:42:06 app.go:48: INFO: [Configuration Loaded]
2023/01/11 08:42:06 app.go:48: INFO: [Database Connected Successfully]
2023/01/11 08:42:58 app.go:48: INFO: [Configuration Loaded]
2023/01/11 08:42:58 app.go:48: INFO: [Database Connected Successfully]
2023/01/11 08:43:55 app.go:48: INFO: [Configuration Loaded]
2023/01/11 08:43:55 app.go:48: INFO: [Database Connected Successfully]
2023/01/11 08:44:30 app.go:48: INFO: [Configuration Loaded]
2023/01/11 08:44:30 app.go:48: INFO: [Database Connected Successfully]
2023/01/11 08:45:28 app.go:48: INFO: [Configuration Loaded]
2023/01/11 08:45:28 app.go:48: INFO: [Database Connected Successfully]
2023/01/11 08:45:28 app.go:48: INFO: [Configuration Loaded]
2023/01/11 08:45:28 app.go:48: INFO: [Database Connected Successfully]
2023/01/11 08:45:51 app.go:48: INFO: [Configuration Loaded]
2023/01/11 08:45:51 app.go:48: INFO: [Database Connected Successfully]
2023/01/11 08:48:44 app.go:48: INFO: [Configuration Loaded]
2023/01/11 08:48:44 app.go:48: INFO: [Database Connected Successfully]
2023/01/11 08:51:08 app.go:48: INFO: [Configuration Loaded]
2023/01/11 08:51:08 app.go:48: INFO: [Database Connected Successfully]
2023/01/11 08:52:53 app.go:48: DEBUG: [Shutdowning Server ...]
2023/01/11 08:52:53 app.go:48: INFO: [Server Stopped Gracefully]
2023/01/11 10:03:52 app.go:48: INFO: [Configuration Loaded]
2023/01/11 10:03:52 app.go:48: INFO: [Database Connected Successfully]
2023/01/11 10:46:49 app.go:48: DEBUG: [Shutdowning Server ...]
2023/01/11 10:46:49 app.go:48: INFO: [Server Stopped Gracefully]
2023/01/11 10:46:58 app.go:48: INFO: [Configuration Loaded]
2023/01/11 10:46:58 app.go:48: INFO: [Database Connected Successfully]
2023/01/11 10:52:47 app.go:48: DEBUG: [[map[id:8f4eeaf3-28c4-45ad-a93b-340faa2801a2 name:Corporate Service Management Group parentId:0] map[id:d2d4c0b5-79d9-429e-ba45-8537cc80e7ca name:Corporate Service Management Group - SOW parentId:0] map[id:62e5eaba-89ba-4859-b3ce-3b35daf3dcb5 name:Corporate Affair and Program Control Division - SOW parentId:8f4eeaf3-28c4-45ad-a93b-340faa2801a2] map[id:db73474f-015a-4cec-b65e-22c52d35f073 name:Corporate Service Management Group parentId:0] map[id:b1026bd5-0f10-4f27-9e16-bf1ae975d0ad name:Corporate Affair and Program Control Division parentId:db73474f-015a-4cec-b65e-22c52d35f073] map[id:5e6fddb0-2b5e-4f6d-afc8-6945aa8e748b name:Board Activity Management Department - SOW parentId:b1026bd5-0f10-4f27-9e16-bf1ae975d0ad]]]
2023/01/11 10:58:34 app.go:48: DEBUG: [false]
2023/01/11 11:04:44 app.go:48: DEBUG: [{{1 2022-12-20 23:34:32.764281 +0700 +07 2022-12-20 23:34:32.764281 +0700 +07 {0001-01-01 00:00:00 +0000 UTC false}} {0xc000788510} <nil> <nil> <nil> Superadmin admin admin@gmail.com $2a$04$UBlycKecIHVJ1HsBuF9gaubia3eAEOlUoeJ2GHbZpKXW8M15TNRuW 1 {{1 2022-12-20 23:34:32.745883 +0700 +07 2022-12-20 23:34:32.745883 +0700 +07 {0001-01-01 00:00:00 +0000 UTC false}} {0xc0007885b8} Superadmin [] []}}]
2023/01/11 11:04:44 app.go:48: DEBUG: [[]]
2023/01/11 11:04:44 app.go:48: DEBUG: [<nil>]
2023/01/11 11:08:00 app.go:48: DEBUG: [{{1 2022-12-20 23:34:32.764281 +0700 +07 2022-12-20 23:34:32.764281 +0700 +07 {0001-01-01 00:00:00 +0000 UTC false}} {0xc000788800} <nil> <nil> <nil> Superadmin admin admin@gmail.com $2a$04$UBlycKecIHVJ1HsBuF9gaubia3eAEOlUoeJ2GHbZpKXW8M15TNRuW 1 {{1 2022-12-20 23:34:32.745883 +0700 +07 2022-12-20 23:34:32.745883 +0700 +07 {0001-01-01 00:00:00 +0000 UTC false}} {0xc0007888d8} Superadmin [] []}}]
2023/01/11 11:08:00 app.go:48: DEBUG: [[{Berikan Contohnya ABC}]]
2023/01/11 11:08:00 app.go:48: DEBUG: [<nil>]
2023/01/11 11:08:41 app.go:48: DEBUG: [{{3 2022-12-21 11:43:47.011723 +0700 +07 2022-12-25 01:33:07.434632 +0700 +07 {0001-01-01 00:00:00 +0000 UTC false}} {0xc001a2fcd8} 0xc0018a4300 0xc0018a4310 0xc0018a4320 Muhammad Fatihul Ikhsan tiul ikhsan@gmail.com $2a$04$WwPT7ST4dvBlHN2EBbnU1OfX.dkZS9lfhJA3EyRg5bsJnxHe3swUW 1 {{1 2022-12-20 23:34:32.745883 +0700 +07 2022-12-20 23:34:32.745883 +0700 +07 {0001-01-01 00:00:00 +0000 UTC false}} {0xc001a2fd78} Superadmin [] []}}]
2023/01/11 11:08:41 app.go:48: DEBUG: [[]]
2023/01/11 11:08:41 app.go:48: DEBUG: [0xc0018a4300]
2023/01/11 11:14:17 app.go:48: DEBUG: [Shutdowning Server ...]
2023/01/11 11:14:17 app.go:48: INFO: [Server Stopped Gracefully]
2023/01/11 11:14:26 app.go:48: INFO: [Configuration Loaded]
2023/01/11 11:14:26 app.go:48: INFO: [Database Connected Successfully]
2023/01/11 12:39:27 app.go:48: DEBUG: [Shutdowning Server ...]
2023/01/11 12:39:27 app.go:48: INFO: [Server Stopped Gracefully]
2023/01/11 21:08:28 app.go:48: INFO: [Configuration Loaded]
2023/01/11 21:08:28 app.go:48: INFO: [Database Connected Successfully]
2023/01/11 21:12:23 app.go:48: DEBUG: [Shutdowning Server ...]
2023/01/11 21:12:23 app.go:48: INFO: [Server Stopped Gracefully]
2023/01/11 21:12:30 app.go:48: INFO: [Configuration Loaded]
2023/01/11 21:12:30 app.go:48: INFO: [Database Connected Successfully]
2023/01/11 21:15:16 app.go:48: DEBUG: [Shutdowning Server ...]
2023/01/11 21:15:16 app.go:48: INFO: [Server Stopped Gracefully]
2023/01/11 21:15:21 app.go:48: INFO: [Configuration Loaded]
2023/01/11 21:15:21 app.go:48: INFO: [Database Connected Successfully]
2023/01/11 21:25:10 app.go:48: DEBUG: [Shutdowning Server ...]
2023/01/11 21:25:10 app.go:48: INFO: [Server Stopped Gracefully]
2023/01/11 21:25:14 app.go:48: INFO: [Configuration Loaded]
2023/01/11 21:25:14 app.go:48: INFO: [Database Connected Successfully]
2023/01/11 21:25:51 app.go:48: DEBUG: [Shutdowning Server ...]
2023/01/11 21:25:51 app.go:48: INFO: [Server Stopped Gracefully]
2023/01/11 21:25:55 app.go:48: INFO: [Configuration Loaded]
2023/01/11 21:25:55 app.go:48: INFO: [Database Connected Successfully]
2023/01/11 21:26:18 app.go:48: DEBUG: [Shutdowning Server ...]
2023/01/11 21:26:18 app.go:48: INFO: [Server Stopped Gracefully]
2023/01/11 21:26:35 app.go:48: INFO: [Configuration Loaded]
2023/01/11 21:26:35 app.go:48: INFO: [Database Connected Successfully]
2023/01/11 21:28:12 app.go:48: DEBUG: [Shutdowning Server ...]
2023/01/11 21:28:12 app.go:48: INFO: [Server Stopped Gracefully]
2023/01/11 21:28:15 app.go:48: INFO: [Configuration Loaded]
2023/01/11 21:28:15 app.go:48: INFO: [Database Connected Successfully]
2023/01/11 21:28:33 app.go:48: DEBUG: [Shutdowning Server ...]
2023/01/11 21:28:33 app.go:48: INFO: [Server Stopped Gracefully]
2023/01/11 21:28:37 app.go:48: INFO: [Configuration Loaded]
2023/01/11 21:28:37 app.go:48: INFO: [Database Connected Successfully]
2023/01/11 21:29:14 app.go:48: DEBUG: [Shutdowning Server ...]
2023/01/11 21:29:14 app.go:48: INFO: [Server Stopped Gracefully]
2023/01/11 21:29:19 app.go:48: INFO: [Configuration Loaded]
2023/01/11 21:29:19 app.go:48: INFO: [Database Connected Successfully]
2023/01/11 21:29:58 app.go:48: DEBUG: [Shutdowning Server ...]
2023/01/11 21:29:58 app.go:48: INFO: [Server Stopped Gracefully]
2023/01/11 21:30:01 app.go:48: INFO: [Configuration Loaded]
2023/01/11 21:30:01 app.go:48: INFO: [Database Connected Successfully]
2023/01/11 21:32:57 app.go:48: DEBUG: [Shutdowning Server ...]
2023/01/11 21:32:57 app.go:48: INFO: [Server Stopped Gracefully]
2023/01/11 21:33:01 app.go:48: INFO: [Configuration Loaded]
2023/01/11 21:33:01 app.go:48: INFO: [Database Connected Successfully]
2023/01/11 21:36:17 app.go:48: DEBUG: [Shutdowning Server ...]
2023/01/11 21:36:17 app.go:48: INFO: [Server Stopped Gracefully]
2023/01/11 21:36:43 app.go:48: INFO: [Configuration Loaded]
2023/01/11 21:36:43 app.go:48: INFO: [Database Connected Successfully]
2023/01/11 21:40:14 app.go:48: DEBUG: [Shutdowning Server ...]
2023/01/11 21:40:14 app.go:48: INFO: [Server Stopped Gracefully]
2023/01/11 21:40:17 app.go:48: INFO: [Configuration Loaded]
2023/01/11 21:40:17 app.go:48: INFO: [Database Connected Successfully]
2023/01/11 21:40:44 app.go:48: DEBUG: [Shutdowning Server ...]
2023/01/11 21:40:44 app.go:48: INFO: [Server Stopped Gracefully]
2023/01/11 21:40:47 app.go:48: INFO: [Configuration Loaded]
2023/01/11 21:40:47 app.go:48: INFO: [Database Connected Successfully]
2023/01/11 21:41:08 app.go:48: DEBUG: [Shutdowning Server ...]
2023/01/11 21:41:08 app.go:48: INFO: [Server Stopped Gracefully]
2023/01/11 22:01:06 app.go:48: INFO: [Configuration Loaded]
2023/01/11 22:01:35 app.go:48: INFO: [Configuration Loaded]
2023/01/11 22:01:35 app.go:48: INFO: [Database Connected Successfully]
2023/01/11 22:02:15 app.go:48: DEBUG: [Shutdowning Server ...]
2023/01/11 22:02:15 app.go:48: INFO: [Server Stopped Gracefully]
2023/01/11 22:02:21 app.go:48: INFO: [Configuration Loaded]
2023/01/11 22:02:21 app.go:48: INFO: [Database Connected Successfully]
2023/01/11 22:02:48 app.go:48: DEBUG: [Shutdowning Server ...]
2023/01/11 22:02:48 app.go:48: INFO: [Server Stopped Gracefully]
2023/01/11 22:02:53 app.go:48: INFO: [Configuration Loaded]
2023/01/11 22:02:53 app.go:48: INFO: [Database Connected Successfully]
2023/01/11 22:03:16 app.go:48: DEBUG: [Shutdowning Server ...]
2023/01/11 22:03:16 app.go:48: INFO: [Server Stopped Gracefully]
2023/01/11 22:03:22 app.go:48: INFO: [Configuration Loaded]
2023/01/11 22:03:22 app.go:48: INFO: [Database Connected Successfully]
2023/01/11 22:03:45 app.go:48: DEBUG: [Shutdowning Server ...]
2023/01/11 22:03:45 app.go:48: INFO: [Server Stopped Gracefully]
2023/01/11 22:03:50 app.go:48: INFO: [Configuration Loaded]
2023/01/11 22:03:50 app.go:48: INFO: [Database Connected Successfully]
2023/01/11 22:04:35 app.go:48: DEBUG: [Shutdowning Server ...]
2023/01/11 22:04:35 app.go:48: INFO: [Server Stopped Gracefully]
2023/01/11 22:04:38 app.go:48: INFO: [Configuration Loaded]
2023/01/11 22:04:38 app.go:48: INFO: [Database Connected Successfully]
2023/01/11 22:04:49 app.go:48: DEBUG: [{{1 2022-12-20 23:34:32.764281 +0700 +07 2022-12-20 23:34:32.764281 +0700 +07 {0001-01-01 00:00:00 +0000 UTC false}} {0xc0000a6330} <nil> <nil> <nil> Superadmin admin admin@gmail.com $2a$04$UBlycKecIHVJ1HsBuF9gaubia3eAEOlUoeJ2GHbZpKXW8M15TNRuW 1 {{1 2022-12-20 23:34:32.745883 +0700 +07 2022-12-20 23:34:32.745883 +0700 +07 {0001-01-01 00:00:00 +0000 UTC false}} {0xc0000a6418} Superadmin [] []}}]
2023/01/11 22:04:49 app.go:48: DEBUG: [[{Berikan Contohnya ABC}]]
2023/01/11 22:04:49 app.go:48: DEBUG: [<nil>]
2023/01/11 22:06:14 app.go:48: DEBUG: [Shutdowning Server ...]
2023/01/11 22:06:14 app.go:48: INFO: [Server Stopped Gracefully]
2023/01/11 22:08:12 app.go:48: INFO: [Configuration Loaded]
2023/01/11 22:08:29 app.go:48: INFO: [Configuration Loaded]
2023/01/11 22:08:29 app.go:48: INFO: [Database Connected Successfully]
2023/01/11 22:08:46 app.go:48: DEBUG: [Shutdowning Server ...]
2023/01/11 22:08:46 app.go:48: INFO: [Server Stopped Gracefully]
2023/01/11 22:08:52 app.go:48: INFO: [Configuration Loaded]
2023/01/11 22:08:57 app.go:48: INFO: [Configuration Loaded]
