2023/05/10 10:26:43 app.go:48: INFO: [Configuration Loaded]
2023/05/10 10:26:44 app.go:48: INFO: [Database Connected Successfully]
2023/05/10 10:26:44 app.go:48: WARN: [Redis Skiped]
2023/05/10 10:26:44 app.go:48: INFO: [Redis Skip Cache]
2023/05/10 10:26:44 app.go:48: INFO: [Redis Job Queue skipped]
2023/05/10 10:46:38 app.go:48: ERROR: [TRwroKfv6FOufyLZn3CBEokN5RXYUCFV Key: 'RefreshToken.Token' Error:Field validation for 'Token' failed on the 'required' tag]
2023/05/10 13:47:47 app.go:48: ERROR: [uRlvULa8dXt8b21zsxHQ76n2KIo3gRAq AuthenticityLevel: unsupported relations for schema Inventory; DimensionSizeArchiev: unsupported relations for schema Inventory; DocumentShape: unsupported relations for schema Inventory; DocumentType: unsupported relations for schema Inventory]
2023/05/10 13:47:48 app.go:48: ERROR: [xw2VEsVuVSoQ0By34qXgBd8SS19glnDa AuthenticityLevel: unsupported relations for schema Inventory; DimensionSizeArchiev: unsupported relations for schema Inventory; DocumentShape: unsupported relations for schema Inventory; DocumentType: unsupported relations for schema Inventory]
2023/05/10 13:47:58 app.go:48: ERROR: [c6Dbp1D9fWnMKjmN82eK344Vt50ue6sa AuthenticityLevel: unsupported relations for schema Inventory; DimensionSizeArchiev: unsupported relations for schema Inventory; DocumentShape: unsupported relations for schema Inventory; DocumentType: unsupported relations for schema Inventory]
2023/05/10 13:47:59 app.go:48: ERROR: [Ock2dH0NRn8N3bcPKecHbYqTYZSRf56z AuthenticityLevel: unsupported relations for schema Inventory; DimensionSizeArchiev: unsupported relations for schema Inventory; DocumentShape: unsupported relations for schema Inventory; DocumentType: unsupported relations for schema Inventory]
2023/05/10 13:49:11 app.go:48: ERROR: [zIJeYRb2VWNTPF7VdXzeh1k6zKSL66ls AuthenticityLevel: unsupported relations for schema Inventory; DimensionSizeArchiev: unsupported relations for schema Inventory; DocumentShape: unsupported relations for schema Inventory; DocumentType: unsupported relations for schema Inventory]
2023/05/10 13:49:12 app.go:48: DEBUG: [Shutdowning Server ...]
2023/05/10 13:49:12 app.go:48: INFO: [Server Stopped Gracefully]
2023/05/10 13:49:49 app.go:48: INFO: [Configuration Loaded]
2023/05/10 13:49:50 app.go:48: INFO: [Database Connected Successfully]
2023/05/10 13:49:50 app.go:48: WARN: [Redis Skiped]
2023/05/10 13:49:50 app.go:48: INFO: [Redis Skip Cache]
2023/05/10 13:49:50 app.go:48: INFO: [Redis Job Queue skipped]
2023/05/10 14:20:42 app.go:48: DEBUG: [Shutdowning Server ...]
2023/05/10 14:20:42 app.go:48: INFO: [Server Stopped Gracefully]
2023/05/10 14:20:59 app.go:48: INFO: [Configuration Loaded]
2023/05/10 14:21:00 app.go:48: INFO: [Database Connected Successfully]
2023/05/10 14:21:00 app.go:48: WARN: [Redis Skiped]
2023/05/10 14:21:00 app.go:48: INFO: [Redis Skip Cache]
2023/05/10 14:21:00 app.go:48: INFO: [Redis Job Queue skipped]
2023/05/10 14:22:03 app.go:48: DEBUG: [Shutdowning Server ...]
2023/05/10 14:22:03 app.go:48: INFO: [Server Stopped Gracefully]
2023/05/10 14:23:10 app.go:48: INFO: [Configuration Loaded]
2023/05/10 14:23:10 app.go:48: INFO: [Database Connected Successfully]
2023/05/10 14:23:11 app.go:48: WARN: [Redis Skiped]
2023/05/10 14:23:11 app.go:48: INFO: [Redis Skip Cache]
2023/05/10 14:23:11 app.go:48: INFO: [Redis Job Queue skipped]
2023/05/10 14:28:01 app.go:48: DEBUG: [Shutdowning Server ...]
2023/05/10 14:28:01 app.go:48: INFO: [Server Stopped Gracefully]
2023/05/10 14:29:40 app.go:48: INFO: [Configuration Loaded]
2023/05/10 14:29:41 app.go:48: INFO: [Database Connected Successfully]
2023/05/10 14:29:41 app.go:48: WARN: [Redis Skiped]
2023/05/10 14:29:41 app.go:48: INFO: [Redis Skip Cache]
2023/05/10 14:29:41 app.go:48: INFO: [Redis Job Queue skipped]
2023/05/10 19:50:37 app.go:48: DEBUG: [Shutdowning Server ...]
2023/05/10 19:50:37 app.go:48: INFO: [Server Stopped Gracefully]
