2023/05/08 15:33:48 app.go:48: INFO: [Configuration Loaded]
2023/05/08 15:33:49 app.go:48: INFO: [Database Connected Successfully]
2023/05/08 15:33:50 app.go:48: WARN: [Redis Skiped]
2023/05/08 15:33:50 app.go:48: INFO: [Redis Skip Cache]
2023/05/08 15:33:50 app.go:48: INFO: [Redis Job Queue skipped]
2023/05/08 15:36:00 app.go:48: ERROR: [6wIUnPAlgfXYsa0ZmDoLEfuZZIs1DNMv Key: 'RefreshToken.Token' Error:Field validation for 'Token' failed on the 'required' tag]
2023/05/08 15:38:26 app.go:48: ERROR: [3kKHDOWxppHLWZh2m1oS0hBAxlel3Qyv AuthenticityLevel: unsupported relations for schema Inventory; DimensionSizeArchiev: unsupported relations for schema Inventory; DocumentShape: unsupported relations for schema Inventory; DocumentType: unsupported relations for schema Inventory]
2023/05/08 15:38:27 app.go:48: ERROR: [ai6Fs3x2RUX9WDNXN8zhSqIY6CSic347 AuthenticityLevel: unsupported relations for schema Inventory; DimensionSizeArchiev: unsupported relations for schema Inventory; DocumentShape: unsupported relations for schema Inventory; DocumentType: unsupported relations for schema Inventory]
2023/05/08 15:38:47 app.go:48: ERROR: [rRWWjw3Zp1O0NzHIClueHItrlFXhZHui AuthenticityLevel: unsupported relations for schema Inventory; DimensionSizeArchiev: unsupported relations for schema Inventory; DocumentShape: unsupported relations for schema Inventory; DocumentType: unsupported relations for schema Inventory]
2023/05/08 15:40:49 app.go:48: DEBUG: [Shutdowning Server ...]
2023/05/08 15:40:49 app.go:48: INFO: [Server Stopped Gracefully]
2023/05/08 15:41:07 app.go:48: INFO: [Configuration Loaded]
2023/05/08 15:41:07 app.go:48: INFO: [Database Connected Successfully]
2023/05/08 15:41:07 app.go:48: WARN: [Redis Skiped]
2023/05/08 15:41:07 app.go:48: INFO: [Redis Skip Cache]
2023/05/08 15:41:07 app.go:48: INFO: [Redis Job Queue skipped]
2023/05/08 15:52:58 app.go:48: ERROR: [lsLNhjKMDpAo3B3jcBxxyf92Bq994c3y AuthenticityLevel: unsupported relations for schema Inventory; DimensionSizeArchiev: unsupported relations for schema Inventory; DocumentShape: unsupported relations for schema Inventory; DocumentType: unsupported relations for schema Inventory]
2023/05/08 15:53:04 app.go:48: ERROR: [p0yX8MtwlIBH9vir4CFytagglhjW1YXR AuthenticityLevel: unsupported relations for schema Inventory; DimensionSizeArchiev: unsupported relations for schema Inventory; DocumentShape: unsupported relations for schema Inventory; DocumentType: unsupported relations for schema Inventory]
2023/05/08 15:53:06 app.go:48: ERROR: [0u7quAbzdwmYypITQfWcPaGkEbEPag6h AuthenticityLevel: unsupported relations for schema Inventory; DimensionSizeArchiev: unsupported relations for schema Inventory; DocumentShape: unsupported relations for schema Inventory; DocumentType: unsupported relations for schema Inventory]
2023/05/08 15:53:07 app.go:48: ERROR: [lEsCaqldVba3gP8BCZmPccX7NgOgOeOd AuthenticityLevel: unsupported relations for schema Inventory; DimensionSizeArchiev: unsupported relations for schema Inventory; DocumentShape: unsupported relations for schema Inventory; DocumentType: unsupported relations for schema Inventory]
2023/05/08 16:34:56 app.go:48: ERROR: [oTijbfyeDEj0f2k56fzD1cUZnpTif1Oz AuthenticityLevel: unsupported relations for schema Inventory; DimensionSizeArchiev: unsupported relations for schema Inventory; DocumentShape: unsupported relations for schema Inventory; DocumentType: unsupported relations for schema Inventory]
2023/05/08 17:37:17 app.go:48: ERROR: [7Jsnib5FrFeMPvIUufvIUEdCXi82LZV9 AuthenticityLevel: unsupported relations for schema Inventory; DimensionSizeArchiev: unsupported relations for schema Inventory; DocumentShape: unsupported relations for schema Inventory; DocumentType: unsupported relations for schema Inventory]
2023/05/08 17:43:52 app.go:48: DEBUG: [Shutdowning Server ...]
2023/05/08 17:43:52 app.go:48: INFO: [Server Stopped Gracefully]
