2023/01/18 07:42:46 app.go:48: INFO: [Configuration Loaded]
2023/01/18 07:42:46 app.go:48: INFO: [Database Connected Successfully]
2023/01/18 07:42:47 app.go:48: INFO: [Configuration Loaded]
2023/01/18 07:42:47 app.go:48: INFO: [Database Connected Successfully]
2023/01/18 07:42:47 app.go:48: INFO: [Configuration Loaded]
2023/01/18 07:42:47 app.go:48: INFO: [Database Connected Successfully]
2023/01/18 10:48:52 app.go:48: INFO: [Configuration Loaded]
2023/01/18 10:48:52 app.go:48: INFO: [Database Connected Successfully]
2023/01/18 10:48:54 app.go:48: INFO: [Configuration Loaded]
2023/01/18 10:48:54 app.go:48: INFO: [Configuration Loaded]
2023/01/18 10:48:54 app.go:48: INFO: [Configuration Loaded]
2023/01/18 10:48:54 app.go:48: INFO: [Database Connected Successfully]
2023/01/18 10:48:54 app.go:48: INFO: [Database Connected Successfully]
2023/01/18 10:48:54 app.go:48: INFO: [Database Connected Successfully]
2023/01/18 10:48:56 app.go:48: INFO: [Configuration Loaded]
2023/01/18 10:48:56 app.go:48: INFO: [Database Connected Successfully]
2023/01/18 10:57:20 app.go:48: DEBUG: [Shutdowning Server ...]
2023/01/18 10:57:20 app.go:48: INFO: [Server Stopped Gracefully]
2023/01/18 17:08:51 app.go:48: INFO: [Configuration Loaded]
2023/01/18 17:08:51 app.go:48: INFO: [Configuration Loaded]
2023/01/18 17:08:51 app.go:48: INFO: [Database Connected Successfully]
2023/01/18 17:13:05 app.go:48: INFO: [Configuration Loaded]
2023/01/18 17:13:05 app.go:48: INFO: [Database Connected Successfully]
2023/01/18 17:16:07 app.go:48: DEBUG: [Pilih All]
2023/01/18 17:16:07 app.go:48: DEBUG: [[{{69 0001-01-01 00:00:00 +0000 UTC 0001-01-01 00:00:00 +0000 UTC {0001-01-01 00:00:00 +0000 UTC false}} 16 {{0 0001-01-01 00:00:00 +0000 UTC 0001-01-01 00:00:00 +0000 UTC {0001-01-01 00:00:00 +0000 UTC false}}   0001-01-01 00:00:00 +0000 UTC  0  <nil> 0 [] {{0 0001-01-01 00:00:00 +0000 UTC 0001-01-01 00:00:00 +0000 UTC {0001-01-01 00:00:00 +0000 UTC false}} {<nil>}  <nil> []} []} CG 10 {{0 0001-01-01 00:00:00 +0000 UTC 0001-01-01 00:00:00 +0000 UTC {0001-01-01 00:00:00 +0000 UTC false}} {<nil>}  <nil> []} Consumer Group 0 54ef3692-8af6-4209-ac6b-aaa6be115893 0} {{70 0001-01-01 00:00:00 +0000 UTC 0001-01-01 00:00:00 +0000 UTC {0001-01-01 00:00:00 +0000 UTC false}} 16 {{0 0001-01-01 00:00:00 +0000 UTC 0001-01-01 00:00:00 +0000 UTC {0001-01-01 00:00:00 +0000 UTC false}}   0001-01-01 00:00:00 +0000 UTC  0  <nil> 0 [] {{0 0001-01-01 00:00:00 +0000 UTC 0001-01-01 00:00:00 +0000 UTC {0001-01-01 00:00:00 +0000 UTC false}} {<nil>}  <nil> []} []} GM 10 {{0 0001-01-01 00:00:00 +0000 UTC 0001-01-01 00:00:00 +0000 UTC {0001-01-01 00:00:00 +0000 UTC false}} {<nil>}  <nil> []} General Manager 54ef3692-8af6-4209-ac6b-aaa6be115893 09f40df3-8a1a-44b2-a71d-6b6340c7cafc 0} {{71 0001-01-01 00:00:00 +0000 UTC 0001-01-01 00:00:00 +0000 UTC {0001-01-01 00:00:00 +0000 UTC false}} 16 {{0 0001-01-01 00:00:00 +0000 UTC 0001-01-01 00:00:00 +0000 UTC {0001-01-01 00:00:00 +0000 UTC false}}   0001-01-01 00:00:00 +0000 UTC  0  <nil> 0 [] {{0 0001-01-01 00:00:00 +0000 UTC 0001-01-01 00:00:00 +0000 UTC {0001-01-01 00:00:00 +0000 UTC false}} {<nil>}  <nil> []} []} BAMP 10 {{0 0001-01-01 00:00:00 +0000 UTC 0001-01-01 00:00:00 +0000 UTC {0001-01-01 00:00:00 +0000 UTC false}} {<nil>}  <nil> []} Board Activity Management Departmen 09f40df3-8a1a-44b2-a71d-6b6340c7cafc fd9f57fe-aa1b-4575-a045-a8248cf679d4 0} {{72 0001-01-01 00:00:00 +0000 UTC 0001-01-01 00:00:00 +0000 UTC {0001-01-01 00:00:00 +0000 UTC false}} 16 {{0 0001-01-01 00:00:00 +0000 UTC 0001-01-01 00:00:00 +0000 UTC {0001-01-01 00:00:00 +0000 UTC false}}   0001-01-01 00:00:00 +0000 UTC  0  <nil> 0 [] {{0 0001-01-01 00:00:00 +0000 UTC 0001-01-01 00:00:00 +0000 UTC {0001-01-01 00:00:00 +0000 UTC false}} {<nil>}  <nil> []} []} M 10 {{0 0001-01-01 00:00:00 +0000 UTC 0001-01-01 00:00:00 +0000 UTC {0001-01-01 00:00:00 +0000 UTC false}} {<nil>}  <nil> []} Manager 54ef3692-8af6-4209-ac6b-aaa6be115893 ac98bc71-2ed7-4cea-b8eb-36632b959e8e 0} {{73 0001-01-01 00:00:00 +0000 UTC 0001-01-01 00:00:00 +0000 UTC {0001-01-01 00:00:00 +0000 UTC false}} 16 {{0 0001-01-01 00:00:00 +0000 UTC 0001-01-01 00:00:00 +0000 UTC {0001-01-01 00:00:00 +0000 UTC false}}   0001-01-01 00:00:00 +0000 UTC  0  <nil> 0 [] {{0 0001-01-01 00:00:00 +0000 UTC 0001-01-01 00:00:00 +0000 UTC {0001-01-01 00:00:00 +0000 UTC false}} {<nil>}  <nil> []} []} IT 10 {{0 0001-01-01 00:00:00 +0000 UTC 0001-01-01 00:00:00 +0000 UTC {0001-01-01 00:00:00 +0000 UTC false}} {<nil>}  <nil> []} IT 0 5eee69fa-4f03-47bc-b8c5-59cf70305619 0}]]
2023/01/18 17:16:07 app.go:48: DEBUG: [3]
2023/01/18 17:16:07 app.go:48: DEBUG: [0]
2023/01/18 17:16:07 app.go:48: DEBUG: [09f40df3-8a1a-44b2-a71d-6b6340c7cafc]
2023/01/18 17:16:07 app.go:48: DEBUG: [3]
2023/01/18 17:16:07 app.go:48: DEBUG: [0]
2023/01/18 17:16:07 app.go:48: DEBUG: [ac98bc71-2ed7-4cea-b8eb-36632b959e8e]
2023/01/18 17:16:07 app.go:48: DEBUG: [0]
2023/01/18 17:16:07 app.go:48: DEBUG: [5eee69fa-4f03-47bc-b8c5-59cf70305619]
2023/01/18 17:16:27 app.go:48: DEBUG: [{{1 2022-12-20 23:34:32.764281 +0700 +07 2022-12-20 23:34:32.764281 +0700 +07 {0001-01-01 00:00:00 +0000 UTC false}} {0xc00072ec90} <nil> <nil> <nil> Superadmin admin admin@gmail.com $2a$04$UBlycKecIHVJ1HsBuF9gaubia3eAEOlUoeJ2GHbZpKXW8M15TNRuW 1 {{1 2022-12-20 23:34:32.745883 +0700 +07 2022-12-20 23:34:32.745883 +0700 +07 {0001-01-01 00:00:00 +0000 UTC false}} {0xc00072ed28} Superadmin [] []}}]
2023/01/18 17:16:27 app.go:48: DEBUG: [[]]
2023/01/18 17:16:27 app.go:48: DEBUG: [<nil>]
2023/01/18 17:16:27 app.go:48: DEBUG: [1]
2023/01/18 17:17:41 app.go:48: INFO: [Configuration Loaded]
2023/01/18 17:17:41 app.go:48: INFO: [Database Connected Successfully]
2023/01/18 17:20:00 app.go:48: INFO: [Configuration Loaded]
2023/01/18 17:20:00 app.go:48: INFO: [Database Connected Successfully]
2023/01/18 17:20:12 app.go:48: DEBUG: [{{1 2022-12-20 23:34:32.764281 +0700 +07 2022-12-20 23:34:32.764281 +0700 +07 {0001-01-01 00:00:00 +0000 UTC false}} {0xc00046e300} <nil> <nil> <nil> Superadmin admin admin@gmail.com $2a$04$UBlycKecIHVJ1HsBuF9gaubia3eAEOlUoeJ2GHbZpKXW8M15TNRuW 1 {{1 2022-12-20 23:34:32.745883 +0700 +07 2022-12-20 23:34:32.745883 +0700 +07 {0001-01-01 00:00:00 +0000 UTC false}} {0xc00046e3a8} Superadmin [] []}}]
2023/01/18 17:20:12 app.go:48: DEBUG: [[]]
2023/01/18 17:20:12 app.go:48: DEBUG: [<nil>]
2023/01/18 17:20:12 app.go:48: DEBUG: [0]
2023/01/18 17:20:17 app.go:48: DEBUG: [{{1 2022-12-20 23:34:32.764281 +0700 +07 2022-12-20 23:34:32.764281 +0700 +07 {0001-01-01 00:00:00 +0000 UTC false}} {0xc00046ebe0} <nil> <nil> <nil> Superadmin admin admin@gmail.com $2a$04$UBlycKecIHVJ1HsBuF9gaubia3eAEOlUoeJ2GHbZpKXW8M15TNRuW 1 {{1 2022-12-20 23:34:32.745883 +0700 +07 2022-12-20 23:34:32.745883 +0700 +07 {0001-01-01 00:00:00 +0000 UTC false}} {0xc00046ec78} Superadmin [] []}}]
2023/01/18 17:20:17 app.go:48: DEBUG: [[]]
2023/01/18 17:20:17 app.go:48: DEBUG: [<nil>]
2023/01/18 17:20:17 app.go:48: DEBUG: [0]
2023/01/18 17:20:25 app.go:48: DEBUG: [{{1 2022-12-20 23:34:32.764281 +0700 +07 2022-12-20 23:34:32.764281 +0700 +07 {0001-01-01 00:00:00 +0000 UTC false}} {0xc001182e20} <nil> <nil> <nil> Superadmin admin admin@gmail.com $2a$04$UBlycKecIHVJ1HsBuF9gaubia3eAEOlUoeJ2GHbZpKXW8M15TNRuW 1 {{1 2022-12-20 23:34:32.745883 +0700 +07 2022-12-20 23:34:32.745883 +0700 +07 {0001-01-01 00:00:00 +0000 UTC false}} {0xc001182eb8} Superadmin [] []}}]
2023/01/18 17:20:25 app.go:48: DEBUG: [[]]
2023/01/18 17:20:25 app.go:48: DEBUG: [<nil>]
2023/01/18 17:20:25 app.go:48: DEBUG: [0]
2023/01/18 17:22:43 app.go:48: INFO: [Configuration Loaded]
2023/01/18 17:22:43 app.go:48: INFO: [Database Connected Successfully]
2023/01/18 17:45:13 app.go:48: INFO: [Configuration Loaded]
2023/01/18 17:45:13 app.go:48: INFO: [Database Connected Successfully]
2023/01/18 17:45:19 app.go:48: INFO: [Configuration Loaded]
2023/01/18 17:45:19 app.go:48: INFO: [Database Connected Successfully]
2023/01/18 17:45:43 app.go:48: INFO: [Configuration Loaded]
2023/01/18 17:45:44 app.go:48: INFO: [Database Connected Successfully]
2023/01/18 17:45:57 app.go:48: INFO: [Configuration Loaded]
2023/01/18 17:45:57 app.go:48: INFO: [Database Connected Successfully]
2023/01/18 17:46:19 app.go:48: INFO: [Configuration Loaded]
2023/01/18 17:46:19 app.go:48: INFO: [Database Connected Successfully]
2023/01/18 17:47:50 app.go:48: DEBUG: [{{177 2023-01-15 15:52:47.825632 +0700 +07 2023-01-15 15:52:47.825632 +0700 +07 {0001-01-01 00:00:00 +0000 UTC false}} 10 {{0 0001-01-01 00:00:00 +0000 UTC 0001-01-01 00:00:00 +0000 UTC {0001-01-01 00:00:00 +0000 UTC false}} {<nil>}  <nil> []} Consumer Group 0xc0001da200 0 54ef3692-8af6-4209-ac6b-aaa6be115893}]
2023/01/18 17:47:50 app.go:48: DEBUG: [{{178 2023-01-15 15:52:47.825632 +0700 +07 2023-01-15 15:52:47.825632 +0700 +07 {0001-01-01 00:00:00 +0000 UTC false}} 10 {{0 0001-01-01 00:00:00 +0000 UTC 0001-01-01 00:00:00 +0000 UTC {0001-01-01 00:00:00 +0000 UTC false}} {<nil>}  <nil> []} General Manager 0xc0001da280 54ef3692-8af6-4209-ac6b-aaa6be115893 09f40df3-8a1a-44b2-a71d-6b6340c7cafc}]
2023/01/18 17:47:50 app.go:48: DEBUG: [{{179 2023-01-15 15:52:47.825632 +0700 +07 2023-01-15 15:52:47.825632 +0700 +07 {0001-01-01 00:00:00 +0000 UTC false}} 10 {{0 0001-01-01 00:00:00 +0000 UTC 0001-01-01 00:00:00 +0000 UTC {0001-01-01 00:00:00 +0000 UTC false}} {<nil>}  <nil> []} Board Activity Management Departmen 0xc0001da300 09f40df3-8a1a-44b2-a71d-6b6340c7cafc fd9f57fe-aa1b-4575-a045-a8248cf679d4}]
2023/01/18 17:47:50 app.go:48: DEBUG: [{{180 2023-01-15 15:52:47.825632 +0700 +07 2023-01-15 15:52:47.825632 +0700 +07 {0001-01-01 00:00:00 +0000 UTC false}} 10 {{0 0001-01-01 00:00:00 +0000 UTC 0001-01-01 00:00:00 +0000 UTC {0001-01-01 00:00:00 +0000 UTC false}} {<nil>}  <nil> []} Manager 0xc0001da380 54ef3692-8af6-4209-ac6b-aaa6be115893 ac98bc71-2ed7-4cea-b8eb-36632b959e8e}]
2023/01/18 17:47:50 app.go:48: DEBUG: [{{181 2023-01-15 15:52:47.825632 +0700 +07 2023-01-15 15:52:47.825632 +0700 +07 {0001-01-01 00:00:00 +0000 UTC false}} 10 {{0 0001-01-01 00:00:00 +0000 UTC 0001-01-01 00:00:00 +0000 UTC {0001-01-01 00:00:00 +0000 UTC false}} {<nil>}  <nil> []} IT 0xc0001da400 0 5eee69fa-4f03-47bc-b8c5-59cf70305619}]
2023/01/18 17:49:43 app.go:48: INFO: [Configuration Loaded]
2023/01/18 17:49:43 app.go:48: INFO: [Database Connected Successfully]
2023/01/18 17:49:43 app.go:48: INFO: [Configuration Loaded]
2023/01/18 17:49:43 app.go:48: INFO: [Database Connected Successfully]
2023/01/18 17:52:07 app.go:48: INFO: [Configuration Loaded]
2023/01/18 17:52:07 app.go:48: INFO: [Database Connected Successfully]
2023/01/18 17:52:26 app.go:48: INFO: [Configuration Loaded]
2023/01/18 17:52:26 app.go:48: INFO: [Database Connected Successfully]
2023/01/18 17:57:38 app.go:48: INFO: [Configuration Loaded]
2023/01/18 17:57:38 app.go:48: INFO: [Database Connected Successfully]
2023/01/18 17:57:43 app.go:48: INFO: [Configuration Loaded]
2023/01/18 17:57:43 app.go:48: INFO: [Database Connected Successfully]
2023/01/18 18:00:44 app.go:48: INFO: [Configuration Loaded]
2023/01/18 18:00:44 app.go:48: INFO: [Database Connected Successfully]
2023/01/18 18:00:45 app.go:48: INFO: [Configuration Loaded]
2023/01/18 18:00:45 app.go:48: INFO: [Database Connected Successfully]
2023/01/18 18:00:59 app.go:48: INFO: [Configuration Loaded]
2023/01/18 18:00:59 app.go:48: INFO: [Database Connected Successfully]
2023/01/18 18:04:52 app.go:48: INFO: [Configuration Loaded]
2023/01/18 18:04:52 app.go:48: INFO: [Database Connected Successfully]
2023/01/18 18:04:53 app.go:48: INFO: [Configuration Loaded]
2023/01/18 18:04:53 app.go:48: INFO: [Database Connected Successfully]
2023/01/18 18:05:19 app.go:48: INFO: [Configuration Loaded]
2023/01/18 18:05:19 app.go:48: INFO: [Configuration Loaded]
2023/01/18 18:05:19 app.go:48: INFO: [Database Connected Successfully]
2023/01/18 18:05:19 app.go:48: INFO: [Database Connected Successfully]
2023/01/18 18:17:56 app.go:48: INFO: [Configuration Loaded]
2023/01/18 18:17:56 app.go:48: INFO: [Database Connected Successfully]
2023/01/18 18:30:26 app.go:48: DEBUG: [Shutdowning Server ...]
2023/01/18 18:30:26 app.go:48: INFO: [Server Stopped Gracefully]
2023/01/18 21:48:12 app.go:48: INFO: [Configuration Loaded]
2023/01/18 21:48:12 app.go:48: INFO: [Database Connected Successfully]
2023/01/18 22:10:20 app.go:48: DEBUG: [{{182 2023-01-18 21:58:24.562903 +0700 +07 2023-01-18 21:58:24.562903 +0700 +07 {0001-01-01 00:00:00 +0000 UTC false}} 11 {{0 0001-01-01 00:00:00 +0000 UTC 0001-01-01 00:00:00 +0000 UTC {0001-01-01 00:00:00 +0000 UTC false}} {<nil>}  <nil> []} Direktur IT <nil> 0 26de6705-74aa-4f3f-ab18-47097d31a39e}]
2023/01/18 22:10:20 app.go:48: DEBUG: [{{183 2023-01-18 21:58:24.562903 +0700 +07 2023-01-18 21:58:24.562903 +0700 +07 {0001-01-01 00:00:00 +0000 UTC false}} 11 {{0 0001-01-01 00:00:00 +0000 UTC 0001-01-01 00:00:00 +0000 UTC {0001-01-01 00:00:00 +0000 UTC false}} {<nil>}  <nil> []} Departemen Core Banking <nil> 26de6705-74aa-4f3f-ab18-47097d31a39e 40f6b55d-736a-4bb5-9ad8-ab0ff558cf70}]
2023/01/18 22:10:20 app.go:48: DEBUG: [{{184 2023-01-18 21:58:24.562903 +0700 +07 2023-01-18 21:58:24.562903 +0700 +07 {0001-01-01 00:00:00 +0000 UTC false}} 11 {{0 0001-01-01 00:00:00 +0000 UTC 0001-01-01 00:00:00 +0000 UTC {0001-01-01 00:00:00 +0000 UTC false}} {<nil>}  <nil> []} Direktur Marketing <nil> 0 0670cdf1-7832-47f0-84c8-6e83eaec2bb2}]
2023/01/18 22:12:45 app.go:48: DEBUG: [Pilih All]
2023/01/18 22:12:45 app.go:48: DEBUG: [[{{6 0001-01-01 00:00:00 +0000 UTC 0001-01-01 00:00:00 +0000 UTC {0001-01-01 00:00:00 +0000 UTC false}} 2 {{0 0001-01-01 00:00:00 +0000 UTC 0001-01-01 00:00:00 +0000 UTC {0001-01-01 00:00:00 +0000 UTC false}}   0001-01-01 00:00:00 +0000 UTC  0  <nil> 0 [] {{0 0001-01-01 00:00:00 +0000 UTC 0001-01-01 00:00:00 +0000 UTC {0001-01-01 00:00:00 +0000 UTC false}} {<nil>}  <nil> []} []}  11 {{0 0001-01-01 00:00:00 +0000 UTC 0001-01-01 00:00:00 +0000 UTC {0001-01-01 00:00:00 +0000 UTC false}} {<nil>}  <nil> []} Direktur IT 0 26de6705-74aa-4f3f-ab18-47097d31a39e 0} {{7 0001-01-01 00:00:00 +0000 UTC 0001-01-01 00:00:00 +0000 UTC {0001-01-01 00:00:00 +0000 UTC false}} 2 {{0 0001-01-01 00:00:00 +0000 UTC 0001-01-01 00:00:00 +0000 UTC {0001-01-01 00:00:00 +0000 UTC false}}   0001-01-01 00:00:00 +0000 UTC  0  <nil> 0 [] {{0 0001-01-01 00:00:00 +0000 UTC 0001-01-01 00:00:00 +0000 UTC {0001-01-01 00:00:00 +0000 UTC false}} {<nil>}  <nil> []} []}  11 {{0 0001-01-01 00:00:00 +0000 UTC 0001-01-01 00:00:00 +0000 UTC {0001-01-01 00:00:00 +0000 UTC false}} {<nil>}  <nil> []} Departemen Core Banking 26de6705-74aa-4f3f-ab18-47097d31a39e 40f6b55d-736a-4bb5-9ad8-ab0ff558cf70 0} {{8 0001-01-01 00:00:00 +0000 UTC 0001-01-01 00:00:00 +0000 UTC {0001-01-01 00:00:00 +0000 UTC false}} 2 {{0 0001-01-01 00:00:00 +0000 UTC 0001-01-01 00:00:00 +0000 UTC {0001-01-01 00:00:00 +0000 UTC false}}   0001-01-01 00:00:00 +0000 UTC  0  <nil> 0 [] {{0 0001-01-01 00:00:00 +0000 UTC 0001-01-01 00:00:00 +0000 UTC {0001-01-01 00:00:00 +0000 UTC false}} {<nil>}  <nil> []} []}  11 {{0 0001-01-01 00:00:00 +0000 UTC 0001-01-01 00:00:00 +0000 UTC {0001-01-01 00:00:00 +0000 UTC false}} {<nil>}  <nil> []} Direktur Marketing 0 0670cdf1-7832-47f0-84c8-6e83eaec2bb2 0}]]
2023/01/18 22:12:45 app.go:48: DEBUG: [0]
2023/01/18 22:12:45 app.go:48: DEBUG: [26de6705-74aa-4f3f-ab18-47097d31a39e]
2023/01/18 22:12:45 app.go:48: DEBUG: [0]
2023/01/18 22:12:45 app.go:48: DEBUG: [40f6b55d-736a-4bb5-9ad8-ab0ff558cf70]
2023/01/18 22:12:45 app.go:48: DEBUG: [2]
2023/01/18 22:21:18 app.go:48: DEBUG: [{{1 2022-12-20 23:34:32.764281 +0700 +07 2022-12-20 23:34:32.764281 +0700 +07 {0001-01-01 00:00:00 +0000 UTC false}} {0xc000879430} <nil> <nil> <nil> Superadmin admin admin@gmail.com $2a$04$UBlycKecIHVJ1HsBuF9gaubia3eAEOlUoeJ2GHbZpKXW8M15TNRuW 1 {{1 2022-12-20 23:34:32.745883 +0700 +07 2022-12-20 23:34:32.745883 +0700 +07 {0001-01-01 00:00:00 +0000 UTC false}} {0xc000879568} Superadmin [] []}}]
2023/01/18 22:21:18 app.go:48: DEBUG: [[]]
2023/01/18 22:21:18 app.go:48: DEBUG: [<nil>]
2023/01/18 22:21:18 app.go:48: DEBUG: [Gak tau]
2023/01/18 22:25:54 app.go:48: DEBUG: [{{1 2022-12-20 23:34:32.764281 +0700 +07 2022-12-20 23:34:32.764281 +0700 +07 {0001-01-01 00:00:00 +0000 UTC false}} {0xc0015fb040} <nil> <nil> <nil> Superadmin admin admin@gmail.com $2a$04$UBlycKecIHVJ1HsBuF9gaubia3eAEOlUoeJ2GHbZpKXW8M15TNRuW 1 {{1 2022-12-20 23:34:32.745883 +0700 +07 2022-12-20 23:34:32.745883 +0700 +07 {0001-01-01 00:00:00 +0000 UTC false}} {0xc0015fb0f8} Superadmin [] []}}]
2023/01/18 22:25:54 app.go:48: DEBUG: [[{Jelaskan Jelaskan}]]
2023/01/18 22:25:54 app.go:48: DEBUG: [<nil>]
2023/01/18 22:25:54 app.go:48: DEBUG: [1]
2023/01/18 22:57:52 app.go:48: INFO: [Configuration Loaded]
2023/01/18 22:57:52 app.go:48: INFO: [Database Connected Successfully]
