2023/04/07 00:07:08 app.go:48: INFO: [Configuration Loaded]
2023/04/07 00:07:08 app.go:48: INFO: [Database Connected Successfully]
2023/04/07 00:07:09 app.go:48: WARN: [Redis Skiped]
2023/04/07 00:07:09 app.go:48: INFO: [Redis Skip Cache]
2023/04/07 00:07:09 app.go:48: INFO: [Redis Job Queue skipped]
2023/04/07 01:45:08 app.go:48: DEBUG: [Shutdowning Server ...]
2023/04/07 01:45:08 app.go:48: INFO: [Server Stopped Gracefully]
2023/04/07 01:46:25 app.go:48: INFO: [Configuration Loaded]
2023/04/07 01:46:25 app.go:48: INFO: [Database Connected Successfully]
2023/04/07 01:49:11 app.go:48: INFO: [Configuration Loaded]
2023/04/07 01:49:11 app.go:48: INFO: [Database Connected Successfully]
2023/04/07 01:49:11 app.go:48: WARN: [Redis Skiped]
2023/04/07 01:49:11 app.go:48: INFO: [Redis Skip Cache]
2023/04/07 01:49:11 app.go:48: INFO: [Redis Job Queue skipped]
2023/04/07 01:55:58 app.go:48: ERROR: [ukpVKvaZ4yMfK96CrbO4801E3ekWAsKL Key: 'RefreshToken.Token' Error:Field validation for 'Token' failed on the 'required' tag]
2023/04/07 01:56:29 app.go:48: ERROR: [N0fV1ItyyP5G5yKJZAo01amcrzJHZsC8 Key: 'RefreshToken.Token' Error:Field validation for 'Token' failed on the 'required' tag]
2023/04/07 02:05:26 app.go:48: DEBUG: [Shutdowning Server ...]
2023/04/07 02:05:26 app.go:48: INFO: [Server Stopped Gracefully]
2023/04/07 02:06:40 app.go:48: INFO: [Configuration Loaded]
2023/04/07 02:54:46 app.go:48: INFO: [Configuration Loaded]
2023/04/07 02:54:46 app.go:48: INFO: [Database Connected Successfully]
2023/04/07 22:29:20 app.go:48: INFO: [Configuration Loaded]
2023/04/07 22:29:20 app.go:48: INFO: [Database Connected Successfully]
2023/04/07 22:29:21 app.go:48: WARN: [Redis Skiped]
2023/04/07 22:29:21 app.go:48: INFO: [Redis Skip Cache]
2023/04/07 22:29:21 app.go:48: INFO: [Redis Job Queue skipped]
2023/04/07 22:36:22 app.go:48: DEBUG: [Shutdowning Server ...]
2023/04/07 22:36:22 app.go:48: INFO: [Server Stopped Gracefully]
2023/04/07 22:37:16 app.go:48: INFO: [Configuration Loaded]
2023/04/07 22:37:16 app.go:48: INFO: [Database Connected Successfully]
2023/04/07 22:37:17 app.go:48: WARN: [Redis Skiped]
2023/04/07 22:37:17 app.go:48: INFO: [Redis Skip Cache]
2023/04/07 22:37:17 app.go:48: INFO: [Redis Job Queue skipped]
2023/04/07 22:43:20 app.go:48: DEBUG: [Shutdowning Server ...]
2023/04/07 22:43:20 app.go:48: INFO: [Server Stopped Gracefully]
2023/04/07 22:43:57 app.go:48: INFO: [Configuration Loaded]
2023/04/07 22:43:57 app.go:48: INFO: [Database Connected Successfully]
2023/04/07 22:43:57 app.go:48: WARN: [Redis Skiped]
2023/04/07 22:43:57 app.go:48: INFO: [Redis Skip Cache]
2023/04/07 22:43:57 app.go:48: INFO: [Redis Job Queue skipped]
2023/04/07 22:48:38 app.go:48: DEBUG: [Shutdowning Server ...]
2023/04/07 22:48:38 app.go:48: INFO: [Server Stopped Gracefully]
2023/04/07 22:49:04 app.go:48: INFO: [Configuration Loaded]
2023/04/07 22:49:04 app.go:48: INFO: [Database Connected Successfully]
2023/04/07 22:49:04 app.go:48: WARN: [Redis Skiped]
2023/04/07 22:49:04 app.go:48: INFO: [Redis Skip Cache]
2023/04/07 22:49:04 app.go:48: INFO: [Redis Job Queue skipped]
2023/04/07 22:51:53 app.go:48: DEBUG: [Shutdowning Server ...]
2023/04/07 22:51:53 app.go:48: INFO: [Server Stopped Gracefully]
2023/04/07 22:52:19 app.go:48: INFO: [Configuration Loaded]
2023/04/07 22:52:20 app.go:48: INFO: [Database Connected Successfully]
2023/04/07 22:52:20 app.go:48: WARN: [Redis Skiped]
2023/04/07 22:52:20 app.go:48: INFO: [Redis Skip Cache]
2023/04/07 22:52:20 app.go:48: INFO: [Redis Job Queue skipped]
2023/04/07 22:52:37 app.go:48: DEBUG: [Shutdowning Server ...]
2023/04/07 22:52:37 app.go:48: INFO: [Server Stopped Gracefully]
2023/04/07 22:53:04 app.go:48: INFO: [Configuration Loaded]
2023/04/07 22:53:04 app.go:48: INFO: [Database Connected Successfully]
2023/04/07 22:53:05 app.go:48: WARN: [Redis Skiped]
2023/04/07 22:53:05 app.go:48: INFO: [Redis Skip Cache]
2023/04/07 22:53:05 app.go:48: INFO: [Redis Job Queue skipped]
2023/04/07 22:54:54 app.go:48: DEBUG: [Shutdowning Server ...]
2023/04/07 22:54:54 app.go:48: INFO: [Server Stopped Gracefully]
2023/04/07 22:55:14 app.go:48: INFO: [Configuration Loaded]
2023/04/07 22:55:14 app.go:48: INFO: [Database Connected Successfully]
2023/04/07 22:55:14 app.go:48: WARN: [Redis Skiped]
2023/04/07 22:55:15 app.go:48: INFO: [Redis Skip Cache]
2023/04/07 22:55:15 app.go:48: INFO: [Redis Job Queue skipped]
2023/04/07 23:06:04 app.go:48: INFO: [Configuration Loaded]
2023/04/07 23:06:04 app.go:48: INFO: [Database Connected Successfully]
2023/04/07 23:07:01 app.go:48: INFO: [Configuration Loaded]
2023/04/07 23:07:01 app.go:48: INFO: [Database Connected Successfully]
2023/04/07 23:09:02 app.go:48: INFO: [Configuration Loaded]
2023/04/07 23:09:02 app.go:48: INFO: [Database Connected Successfully]
2023/04/07 23:10:00 app.go:48: DEBUG: [Shutdowning Server ...]
2023/04/07 23:10:00 app.go:48: INFO: [Server Stopped Gracefully]
2023/04/07 23:10:17 app.go:48: INFO: [Configuration Loaded]
2023/04/07 23:10:17 app.go:48: INFO: [Database Connected Successfully]
2023/04/07 23:10:18 app.go:48: WARN: [Redis Skiped]
2023/04/07 23:10:18 app.go:48: INFO: [Redis Skip Cache]
2023/04/07 23:10:18 app.go:48: INFO: [Redis Job Queue skipped]
