2023/01/06 17:54:56 app.go:48: INFO: [Configuration Loaded]
2023/01/06 17:54:56 app.go:48: INFO: [Configuration Loaded]
2023/01/06 17:54:56 app.go:48: INFO: [Configuration Loaded]
2023/01/06 18:19:24 app.go:48: INFO: [Configuration Loaded]
2023/01/06 18:19:24 app.go:48: INFO: [Database Connected Successfully]
2023/01/06 18:39:04 app.go:48: DEBUG: [Shutdowning Server ...]
2023/01/06 18:39:04 app.go:48: INFO: [Server Stopped Gracefully]
2023/01/06 22:32:16 app.go:48: INFO: [Configuration Loaded]
2023/01/06 22:32:16 app.go:48: INFO: [Configuration Loaded]
2023/01/06 22:32:16 app.go:48: INFO: [Configuration Loaded]
2023/01/06 22:32:17 app.go:48: INFO: [Database Connected Successfully]
2023/01/06 22:55:11 app.go:48: DEBUG: [[map[id:cf7003c5-3a81-451b-9eb7-2ab4dd03ec64 name:Direktur 1 parentId:0] map[id:d06d32a0-f2ff-4697-8e13-803d116c6d2f name:Department parentId:cf7003c5-3a81-451b-9eb7-2ab4dd03ec64]]]
2023/01/06 23:55:08 app.go:48: INFO: [Configuration Loaded]
2023/01/06 23:55:08 app.go:48: INFO: [Configuration Loaded]
2023/01/06 23:55:08 app.go:48: INFO: [Configuration Loaded]
2023/01/06 23:55:08 app.go:48: INFO: [Database Connected Successfully]
2023/01/06 23:57:43 app.go:48: INFO: [Configuration Loaded]
2023/01/06 23:57:44 app.go:48: INFO: [Database Connected Successfully]
2023/01/06 23:57:56 app.go:48: INFO: [Configuration Loaded]
2023/01/06 23:57:56 app.go:48: INFO: [Database Connected Successfully]
2023/01/06 23:58:06 app.go:48: INFO: [Configuration Loaded]
2023/01/06 23:58:06 app.go:48: INFO: [Database Connected Successfully]
2023/01/06 23:58:14 app.go:48: INFO: [Configuration Loaded]
2023/01/06 23:58:14 app.go:48: INFO: [Database Connected Successfully]
2023/01/06 23:58:21 app.go:48: INFO: [Configuration Loaded]
2023/01/06 23:58:21 app.go:48: INFO: [Database Connected Successfully]
2023/01/06 23:58:58 app.go:48: INFO: [Configuration Loaded]
2023/01/06 23:58:58 app.go:48: INFO: [Database Connected Successfully]
2023/01/06 23:59:05 app.go:48: INFO: [Configuration Loaded]
2023/01/06 23:59:06 app.go:48: INFO: [Database Connected Successfully]
