2023/04/05 03:11:39 app.go:48: DEBUG: [Shutdowning Server ...]
2023/04/05 03:11:39 app.go:48: INFO: [Server Stopped Gracefully]
2023/04/05 03:12:06 app.go:48: INFO: [Configuration Loaded]
2023/04/05 03:12:07 app.go:48: INFO: [Database Connected Successfully]
2023/04/05 03:12:07 app.go:48: WARN: [Redis Skiped]
2023/04/05 03:12:07 app.go:48: INFO: [Redis Skip Cache]
2023/04/05 03:12:07 app.go:48: INFO: [Redis Job Queue skipped]
2023/04/05 03:13:10 app.go:48: DEBUG: [Shutdowning Server ...]
2023/04/05 03:13:10 app.go:48: INFO: [Server Stopped Gracefully]
2023/04/05 03:16:11 app.go:48: INFO: [Configuration Loaded]
2023/04/05 03:16:11 app.go:48: INFO: [Database Connected Successfully]
2023/04/05 03:16:12 app.go:48: WARN: [Redis Skiped]
2023/04/05 03:16:12 app.go:48: INFO: [Redis Skip Cache]
2023/04/05 03:16:12 app.go:48: INFO: [Redis Job Queue skipped]
2023/04/05 03:17:17 app.go:48: DEBUG: [Shutdowning Server ...]
2023/04/05 03:17:17 app.go:48: INFO: [Server Stopped Gracefully]
2023/04/05 03:17:39 app.go:48: INFO: [Configuration Loaded]
2023/04/05 03:17:39 app.go:48: INFO: [Database Connected Successfully]
2023/04/05 03:17:39 app.go:48: WARN: [Redis Skiped]
2023/04/05 03:17:39 app.go:48: INFO: [Redis Skip Cache]
2023/04/05 03:17:39 app.go:48: INFO: [Redis Job Queue skipped]
2023/04/05 03:18:24 app.go:48: DEBUG: [Shutdowning Server ...]
2023/04/05 03:18:24 app.go:48: INFO: [Server Stopped Gracefully]
2023/04/05 03:18:41 app.go:48: INFO: [Configuration Loaded]
2023/04/05 03:18:41 app.go:48: INFO: [Database Connected Successfully]
2023/04/05 03:18:42 app.go:48: WARN: [Redis Skiped]
2023/04/05 03:18:42 app.go:48: INFO: [Redis Skip Cache]
2023/04/05 03:18:42 app.go:48: INFO: [Redis Job Queue skipped]
2023/04/05 04:17:46 app.go:48: DEBUG: [Shutdowning Server ...]
2023/04/05 04:17:46 app.go:48: INFO: [Server Stopped Gracefully]
2023/04/05 04:20:09 app.go:48: INFO: [Configuration Loaded]
2023/04/05 04:20:09 app.go:48: INFO: [Database Connected Successfully]
2023/04/05 04:20:10 app.go:48: WARN: [Redis Skiped]
2023/04/05 04:20:10 app.go:48: INFO: [Redis Skip Cache]
2023/04/05 04:20:10 app.go:48: INFO: [Redis Job Queue skipped]
2023/04/05 04:22:57 app.go:48: DEBUG: [0]
2023/04/05 11:04:38 app.go:48: DEBUG: [Shutdowning Server ...]
2023/04/05 11:04:38 app.go:48: INFO: [Server Stopped Gracefully]
