2023/05/07 14:06:25 app.go:48: DEBUG: [Shutdowning Server ...]
2023/05/07 14:06:25 app.go:48: INFO: [Server Stopped Gracefully]
2023/05/07 14:09:28 app.go:48: INFO: [Configuration Loaded]
2023/05/07 14:09:28 app.go:48: INFO: [Database Connected Successfully]
2023/05/07 14:16:57 app.go:48: INFO: [Configuration Loaded]
2023/05/07 14:16:57 app.go:48: INFO: [Database Connected Successfully]
2023/05/07 14:16:57 app.go:48: WARN: [Redis Skiped]
2023/05/07 14:16:57 app.go:48: INFO: [Redis Skip Cache]
2023/05/07 14:16:57 app.go:48: INFO: [Redis Job Queue skipped]
2023/05/07 14:34:55 app.go:48: DEBUG: [Shutdowning Server ...]
2023/05/07 14:34:55 app.go:48: INFO: [Server Stopped Gracefully]
2023/05/07 16:45:10 app.go:48: INFO: [Configuration Loaded]
2023/05/07 16:45:10 app.go:48: INFO: [Database Connected Successfully]
2023/05/07 16:45:11 app.go:48: WARN: [Redis Skiped]
2023/05/07 16:45:11 app.go:48: INFO: [Redis Skip Cache]
2023/05/07 16:45:11 app.go:48: INFO: [Redis Job Queue skipped]
2023/05/07 20:33:18 app.go:48: ERROR: [iomI9Fj0tE8WJDF4jlJ7mxe5wM7sLqgR Key: 'RefreshToken.Token' Error:Field validation for 'Token' failed on the 'required' tag]
2023/05/07 20:33:48 app.go:48: ERROR: [u2nJVZ1Q3K8BM8IZ1FpKan0s68GXpeWy invalid field found for struct EJM/pkg/models.Inventory's field InventoryDocuments: define a valid foreign key for relations or implement the Valuer/Scanner interface]
2023/05/07 20:33:49 app.go:48: ERROR: [AKkooFYDEy6YrGlVdM3MtPDMHYlof5t8 invalid field found for struct EJM/pkg/models.Inventory's field InventoryDocuments: define a valid foreign key for relations or implement the Valuer/Scanner interface]
2023/05/07 20:34:08 app.go:48: ERROR: [DJioINC0hhzxcXYxOEmnJNA6hKw0dYIh invalid field found for struct EJM/pkg/models.Inventory's field InventoryDocuments: define a valid foreign key for relations or implement the Valuer/Scanner interface]
2023/05/07 20:34:09 app.go:48: ERROR: [RP4YNoOIOgUKYYsOCMkzWOtnlTvqSYma invalid field found for struct EJM/pkg/models.Inventory's field InventoryDocuments: define a valid foreign key for relations or implement the Valuer/Scanner interface]
2023/05/07 20:34:55 app.go:48: ERROR: [ZOCYlHcl0yciMWTYq0jAwAEZBtrNJRKx invalid field found for struct EJM/pkg/models.Inventory's field InventoryDocuments: define a valid foreign key for relations or implement the Valuer/Scanner interface]
2023/05/07 20:36:53 app.go:48: ERROR: [17rev7eXV1SGWQgiinMoEd8pRmUQtne9 invalid field found for struct EJM/pkg/models.Inventory's field InventoryDocuments: define a valid foreign key for relations or implement the Valuer/Scanner interface]
2023/05/07 20:37:06 app.go:48: ERROR: [gbyYERlJUvpaaaJ0Yl4nyE2VgMgt7aah invalid field found for struct EJM/pkg/models.Inventory's field InventoryDocuments: define a valid foreign key for relations or implement the Valuer/Scanner interface]
2023/05/07 20:37:08 app.go:48: ERROR: [sM8yvI7G1zXluMBlbBfwfIuXFFi7Gs3u invalid field found for struct EJM/pkg/models.Inventory's field InventoryDocuments: define a valid foreign key for relations or implement the Valuer/Scanner interface]
2023/05/07 20:37:09 app.go:48: ERROR: [LnP0tfNgarpGOmU6OMIaxCMJs0pBQ6Su invalid field found for struct EJM/pkg/models.Inventory's field InventoryDocuments: define a valid foreign key for relations or implement the Valuer/Scanner interface]
2023/05/07 20:37:10 app.go:48: ERROR: [Sd8Mcti7u5kJqfH1iKKLTZOiC5SoJpcr invalid field found for struct EJM/pkg/models.Inventory's field InventoryDocuments: define a valid foreign key for relations or implement the Valuer/Scanner interface]
2023/05/07 20:37:22 app.go:48: ERROR: [q5rF7MyDETv39pWlPca8oQt9mbOcPWHD invalid field found for struct EJM/pkg/models.Inventory's field InventoryDocuments: define a valid foreign key for relations or implement the Valuer/Scanner interface]
2023/05/07 20:37:23 app.go:48: ERROR: [2PWKj0iRKCRI49E0mWVD4gC6AUmWaoiS invalid field found for struct EJM/pkg/models.Inventory's field InventoryDocuments: define a valid foreign key for relations or implement the Valuer/Scanner interface]
2023/05/07 20:38:04 app.go:48: ERROR: [0GVvoI0YqXjp0XPlXsTrmp9otgoCYpoX invalid field found for struct EJM/pkg/models.Inventory's field InventoryDocuments: define a valid foreign key for relations or implement the Valuer/Scanner interface]
2023/05/07 20:38:05 app.go:48: ERROR: [dP2aZVmwYizrwUM9DeAHMWLGj2KW0or3 invalid field found for struct EJM/pkg/models.Inventory's field InventoryDocuments: define a valid foreign key for relations or implement the Valuer/Scanner interface]
2023/05/07 20:38:05 app.go:48: ERROR: [h0lh5u2ATgHMYhSxM8WhzFUONr0sehow invalid field found for struct EJM/pkg/models.Inventory's field InventoryDocuments: define a valid foreign key for relations or implement the Valuer/Scanner interface]
2023/05/07 20:38:25 app.go:48: ERROR: [iT74U9zgTm6phNLpaGDaw8ySMTbp6tDX invalid field found for struct EJM/pkg/models.Inventory's field InventoryDocuments: define a valid foreign key for relations or implement the Valuer/Scanner interface]
2023/05/07 20:38:43 app.go:48: ERROR: [o2IV9pEucei1SKLO5XIDY3CLgO3QIFJB invalid field found for struct EJM/pkg/models.Inventory's field InventoryDocuments: define a valid foreign key for relations or implement the Valuer/Scanner interface]
2023/05/07 20:38:45 app.go:48: ERROR: [jnSixwPv1hBna35nHTRWgWVbcrcwhlgl invalid field found for struct EJM/pkg/models.Inventory's field InventoryDocuments: define a valid foreign key for relations or implement the Valuer/Scanner interface]
2023/05/07 20:38:58 app.go:48: ERROR: [bNDfMEhnhtDeUrNHyOCqkdUKr8jLTss5 invalid field found for struct EJM/pkg/models.Inventory's field InventoryDocuments: define a valid foreign key for relations or implement the Valuer/Scanner interface]
2023/05/07 20:38:59 app.go:48: ERROR: [zDDbOcyI96reVLl7ApDC5uDqRnAniWWO invalid field found for struct EJM/pkg/models.Inventory's field InventoryDocuments: define a valid foreign key for relations or implement the Valuer/Scanner interface]
2023/05/07 20:39:08 app.go:48: ERROR: [7uv7uIX9o1LQL6d3wrc0FIIuvzzyyAhC invalid field found for struct EJM/pkg/models.Inventory's field InventoryDocuments: define a valid foreign key for relations or implement the Valuer/Scanner interface]
2023/05/07 20:39:09 app.go:48: ERROR: [YjqYgy08sZQwOCtOEWcdZPNu0p6l457w invalid field found for struct EJM/pkg/models.Inventory's field InventoryDocuments: define a valid foreign key for relations or implement the Valuer/Scanner interface]
2023/05/07 20:39:11 app.go:48: ERROR: [WliCL3ACMZ84dr07GpWlcOpXgXV4a5qm invalid field found for struct EJM/pkg/models.Inventory's field InventoryDocuments: define a valid foreign key for relations or implement the Valuer/Scanner interface]
2023/05/07 20:39:15 app.go:48: ERROR: [Rrety2gd8Hdw8jzTc9t7Wa4uf9KMoCjG invalid field found for struct EJM/pkg/models.Inventory's field InventoryDocuments: define a valid foreign key for relations or implement the Valuer/Scanner interface]
2023/05/07 20:39:26 app.go:48: ERROR: [sbl4I7mU95rPfRhDKasDuEn5ZpRFUnxy invalid field found for struct EJM/pkg/models.Inventory's field InventoryDocuments: define a valid foreign key for relations or implement the Valuer/Scanner interface]
2023/05/07 20:39:27 app.go:48: ERROR: [hwWUQ816eYRJtg5kRY6cpIXjbLudWgPz invalid field found for struct EJM/pkg/models.Inventory's field InventoryDocuments: define a valid foreign key for relations or implement the Valuer/Scanner interface]
2023/05/07 20:39:38 app.go:48: ERROR: [aOuEuvRjXLC0XFsHELtsZsiUGljphsi7 invalid field found for struct EJM/pkg/models.Inventory's field InventoryDocuments: define a valid foreign key for relations or implement the Valuer/Scanner interface]
2023/05/07 20:39:40 app.go:48: ERROR: [17fTZNPHCX3zultzkBlcIzi8WanSgA2t invalid field found for struct EJM/pkg/models.Inventory's field InventoryDocuments: define a valid foreign key for relations or implement the Valuer/Scanner interface]
2023/05/07 20:39:48 app.go:48: ERROR: [dvVUv3O7OqDjQrop327rOK7hJxihyGT0 invalid field found for struct EJM/pkg/models.Inventory's field InventoryDocuments: define a valid foreign key for relations or implement the Valuer/Scanner interface]
2023/05/07 20:39:51 app.go:48: ERROR: [ufRP2MyjOCW47H45mFrv3m1E26C6yg0G invalid field found for struct EJM/pkg/models.Inventory's field InventoryDocuments: define a valid foreign key for relations or implement the Valuer/Scanner interface]
2023/05/07 20:39:53 app.go:48: ERROR: [3y0ie6CCa7VwZw4IP2lAUmyLzQKcd0Ge invalid field found for struct EJM/pkg/models.Inventory's field InventoryDocuments: define a valid foreign key for relations or implement the Valuer/Scanner interface]
2023/05/07 20:40:06 app.go:48: ERROR: [q69ZoxqjcqgHaPLasYe7HZbSDVeVcJ9H invalid field found for struct EJM/pkg/models.Inventory's field InventoryDocuments: define a valid foreign key for relations or implement the Valuer/Scanner interface]
2023/05/07 20:40:07 app.go:48: ERROR: [zupDlVZNZG9iN6PJMAuEfDVcmfUqGR7W invalid field found for struct EJM/pkg/models.Inventory's field InventoryDocuments: define a valid foreign key for relations or implement the Valuer/Scanner interface]
2023/05/07 20:40:19 app.go:48: ERROR: [Vi1M6Ei8Lsm2tdzrpA8e3CVJvfCvgJM5 invalid field found for struct EJM/pkg/models.Inventory's field InventoryDocuments: define a valid foreign key for relations or implement the Valuer/Scanner interface]
2023/05/07 20:40:20 app.go:48: ERROR: [RdckvJBC1TKv7YTOEa1UyT6soIRr7hTE invalid field found for struct EJM/pkg/models.Inventory's field InventoryDocuments: define a valid foreign key for relations or implement the Valuer/Scanner interface]
2023/05/07 20:41:01 app.go:48: DEBUG: [Shutdowning Server ...]
2023/05/07 20:41:01 app.go:48: INFO: [Server Stopped Gracefully]
2023/05/07 20:42:26 app.go:48: INFO: [Configuration Loaded]
2023/05/07 20:42:26 app.go:48: INFO: [Database Connected Successfully]
2023/05/07 20:42:26 app.go:48: WARN: [Redis Skiped]
2023/05/07 20:42:26 app.go:48: INFO: [Redis Skip Cache]
2023/05/07 20:42:26 app.go:48: INFO: [Redis Job Queue skipped]
2023/05/07 20:43:11 app.go:48: DEBUG: [Shutdowning Server ...]
2023/05/07 20:43:11 app.go:48: INFO: [Server Stopped Gracefully]
2023/05/07 20:44:12 app.go:48: INFO: [Configuration Loaded]
2023/05/07 20:44:12 app.go:48: INFO: [Database Connected Successfully]
2023/05/07 20:44:12 app.go:48: WARN: [Redis Skiped]
2023/05/07 20:44:12 app.go:48: INFO: [Redis Skip Cache]
2023/05/07 20:44:12 app.go:48: INFO: [Redis Job Queue skipped]
2023/05/07 20:47:34 app.go:48: DEBUG: [Shutdowning Server ...]
2023/05/07 20:47:34 app.go:48: INFO: [Server Stopped Gracefully]
2023/05/07 20:47:56 app.go:48: INFO: [Configuration Loaded]
2023/05/07 20:47:56 app.go:48: INFO: [Database Connected Successfully]
2023/05/07 20:47:57 app.go:48: WARN: [Redis Skiped]
2023/05/07 20:47:57 app.go:48: INFO: [Redis Skip Cache]
2023/05/07 20:47:57 app.go:48: INFO: [Redis Job Queue skipped]
2023/05/07 20:48:19 app.go:48: ERROR: [Xiyj2psN62C1aS9b32BNMOGV0YtSl7Va ERROR: invalid input syntax for type bigint: "b4d00a18-c864-4191-95f9-85543d77ee30" (SQLSTATE 22P02)]
2023/05/07 20:49:15 app.go:48: INFO: [Configuration Loaded]
2023/05/07 20:49:16 app.go:48: INFO: [Database Connected Successfully]
2023/05/07 23:56:51 app.go:48: DEBUG: [Shutdowning Server ...]
2023/05/07 23:56:51 app.go:48: INFO: [Server Stopped Gracefully]
