2023/01/10 07:51:22 app.go:48: INFO: [Configuration Loaded]
2023/01/10 07:51:22 app.go:48: INFO: [Database Connected Successfully]
2023/01/10 07:53:57 app.go:48: INFO: [Configuration Loaded]
2023/01/10 07:53:57 app.go:48: INFO: [Database Connected Successfully]
2023/01/10 08:25:25 app.go:48: INFO: [Configuration Loaded]
2023/01/10 08:25:25 app.go:48: INFO: [Database Connected Successfully]
2023/01/10 17:17:31 app.go:48: INFO: [Configuration Loaded]
2023/01/10 17:17:31 app.go:48: INFO: [Database Connected Successfully]
2023/01/10 17:17:32 app.go:48: INFO: [Configuration Loaded]
2023/01/10 17:17:32 app.go:48: INFO: [Database Connected Successfully]
2023/01/10 17:18:53 app.go:48: INFO: [Configuration Loaded]
2023/01/10 17:18:53 app.go:48: INFO: [Database Connected Successfully]
2023/01/10 17:18:53 app.go:48: INFO: [Configuration Loaded]
2023/01/10 17:18:53 app.go:48: INFO: [Database Connected Successfully]
2023/01/10 17:19:07 app.go:48: INFO: [Configuration Loaded]
2023/01/10 17:19:07 app.go:48: INFO: [Database Connected Successfully]
2023/01/10 17:19:11 app.go:48: INFO: [Configuration Loaded]
2023/01/10 17:19:11 app.go:48: INFO: [Database Connected Successfully]
2023/01/10 17:19:22 app.go:48: INFO: [Configuration Loaded]
2023/01/10 17:19:22 app.go:48: INFO: [Database Connected Successfully]
2023/01/10 17:31:01 app.go:48: INFO: [Configuration Loaded]
2023/01/10 17:31:01 app.go:48: INFO: [Database Connected Successfully]
2023/01/10 17:32:50 app.go:48: INFO: [Configuration Loaded]
2023/01/10 17:32:50 app.go:48: INFO: [Database Connected Successfully]
2023/01/10 17:33:25 app.go:48: INFO: [Configuration Loaded]
2023/01/10 17:33:25 app.go:48: INFO: [Database Connected Successfully]
2023/01/10 17:53:14 app.go:48: INFO: [Configuration Loaded]
2023/01/10 17:53:14 app.go:48: INFO: [Database Connected Successfully]
2023/01/10 17:53:19 app.go:48: INFO: [Configuration Loaded]
2023/01/10 17:53:19 app.go:48: INFO: [Database Connected Successfully]
2023/01/10 17:54:25 app.go:48: INFO: [Configuration Loaded]
2023/01/10 17:54:25 app.go:48: INFO: [Database Connected Successfully]
2023/01/10 17:54:25 app.go:48: INFO: [Configuration Loaded]
2023/01/10 17:54:25 app.go:48: INFO: [Database Connected Successfully]
2023/01/10 17:54:33 app.go:48: INFO: [Configuration Loaded]
2023/01/10 17:54:33 app.go:48: INFO: [Database Connected Successfully]
2023/01/10 17:57:37 app.go:48: INFO: [Configuration Loaded]
2023/01/10 17:57:37 app.go:48: INFO: [Database Connected Successfully]
2023/01/10 17:58:10 app.go:48: INFO: [Configuration Loaded]
2023/01/10 17:58:11 app.go:48: INFO: [Database Connected Successfully]
2023/01/10 17:58:31 app.go:48: INFO: [Configuration Loaded]
2023/01/10 17:58:32 app.go:48: INFO: [Database Connected Successfully]
2023/01/10 18:05:19 app.go:48: INFO: [Configuration Loaded]
2023/01/10 18:05:19 app.go:48: INFO: [Database Connected Successfully]
2023/01/10 18:18:26 app.go:48: INFO: [Configuration Loaded]
2023/01/10 18:18:26 app.go:48: INFO: [Database Connected Successfully]
2023/01/10 18:19:32 app.go:48: INFO: [Configuration Loaded]
2023/01/10 18:19:32 app.go:48: INFO: [Database Connected Successfully]
2023/01/10 18:19:40 app.go:48: INFO: [Configuration Loaded]
2023/01/10 18:19:40 app.go:48: INFO: [Database Connected Successfully]
2023/01/10 18:20:06 app.go:48: INFO: [Configuration Loaded]
2023/01/10 18:20:06 app.go:48: INFO: [Database Connected Successfully]
2023/01/10 18:31:03 app.go:48: INFO: [Configuration Loaded]
2023/01/10 18:31:03 app.go:48: INFO: [Database Connected Successfully]
2023/01/10 18:31:03 app.go:48: INFO: [Configuration Loaded]
2023/01/10 18:31:03 app.go:48: INFO: [Database Connected Successfully]
2023/01/10 18:31:52 app.go:48: INFO: [Configuration Loaded]
2023/01/10 18:31:52 app.go:48: INFO: [Database Connected Successfully]
2023/01/10 18:31:59 app.go:48: INFO: [Configuration Loaded]
2023/01/10 18:31:59 app.go:48: INFO: [Database Connected Successfully]
2023/01/10 18:38:11 app.go:48: INFO: [Configuration Loaded]
2023/01/10 18:38:11 app.go:48: INFO: [Database Connected Successfully]
2023/01/10 18:40:25 app.go:48: INFO: [Configuration Loaded]
2023/01/10 18:40:25 app.go:48: INFO: [Database Connected Successfully]
2023/01/10 18:40:31 app.go:48: DEBUG: [true]
2023/01/10 18:41:13 app.go:48: INFO: [Configuration Loaded]
2023/01/10 18:41:13 app.go:48: INFO: [Database Connected Successfully]
2023/01/10 18:41:19 app.go:48: INFO: [Configuration Loaded]
2023/01/10 18:41:20 app.go:48: INFO: [Database Connected Successfully]
2023/01/10 18:41:20 app.go:48: DEBUG: [true]
2023/01/10 18:41:20 app.go:48: DEBUG: [[{{75 2023-01-06 22:44:47.652938 +0700 +07 2023-01-06 22:44:47.652938 +0700 +07 {0001-01-01 00:00:00 +0000 UTC false}} 8 {{0 0001-01-01 00:00:00 +0000 UTC 0001-01-01 00:00:00 +0000 UTC {0001-01-01 00:00:00 +0000 UTC false}} {<nil>}  <nil> []} Direktur IT 0 ec1cbb63-3ee1-4a27-b638-6c653ca81d2c} {{76 2023-01-06 22:44:47.652938 +0700 +07 2023-01-06 22:44:47.652938 +0700 +07 {0001-01-01 00:00:00 +0000 UTC false}} 8 {{0 0001-01-01 00:00:00 +0000 UTC 0001-01-01 00:00:00 +0000 UTC {0001-01-01 00:00:00 +0000 UTC false}} {<nil>}  <nil> []} Department Risk Management 1 ec1cbb63-3ee1-4a27-b638-6c653ca81d2c 6c2a188b-e3b6-4823-b93a-5028ee720a06} {{77 2023-01-06 22:44:47.652938 +0700 +07 2023-01-06 22:44:47.652938 +0700 +07 {0001-01-01 00:00:00 +0000 UTC false}} 8 {{0 0001-01-01 00:00:00 +0000 UTC 0001-01-01 00:00:00 +0000 UTC {0001-01-01 00:00:00 +0000 UTC false}} {<nil>}  <nil> []} Department Risk Management 2 ec1cbb63-3ee1-4a27-b638-6c653ca81d2c 16f5ce19-b233-4cf4-8232-355129913d35} {{78 2023-01-06 22:44:47.652938 +0700 +07 2023-01-06 22:44:47.652938 +0700 +07 {0001-01-01 00:00:00 +0000 UTC false}} 8 {{0 0001-01-01 00:00:00 +0000 UTC 0001-01-01 00:00:00 +0000 UTC {0001-01-01 00:00:00 +0000 UTC false}} {<nil>}  <nil> []} Divisi Data ec1cbb63-3ee1-4a27-b638-6c653ca81d2c 26bfbbca-1146-4e17-8ca2-086ac19dcae6} {{79 2023-01-06 22:44:47.652938 +0700 +07 2023-01-06 22:44:47.652938 +0700 +07 {0001-01-01 00:00:00 +0000 UTC false}} 8 {{0 0001-01-01 00:00:00 +0000 UTC 0001-01-01 00:00:00 +0000 UTC {0001-01-01 00:00:00 +0000 UTC false}} {<nil>}  <nil> []} Departement IT Security 26bfbbca-1146-4e17-8ca2-086ac19dcae6 d09a8e60-7e6f-4839-94a2-ebf698cebde8} {{80 2023-01-06 22:44:47.652938 +0700 +07 2023-01-06 22:44:47.652938 +0700 +07 {0001-01-01 00:00:00 +0000 UTC false}} 8 {{0 0001-01-01 00:00:00 +0000 UTC 0001-01-01 00:00:00 +0000 UTC {0001-01-01 00:00:00 +0000 UTC false}} {<nil>}  <nil> []} Departement Pajak 14f615fb-7324-4a71-b723-d455e47c5d40 2ad8e32d-cb9f-42c3-b6c9-8d4d8da5dea0} {{81 2023-01-06 22:44:47.652938 +0700 +07 2023-01-06 22:44:47.652938 +0700 +07 {0001-01-01 00:00:00 +0000 UTC false}} 8 {{0 0001-01-01 00:00:00 +0000 UTC 0001-01-01 00:00:00 +0000 UTC {0001-01-01 00:00:00 +0000 UTC false}} {<nil>}  <nil> []} Direktur baru 0 7280b286-749a-40ad-9bf1-c003b13ac4ad}]]
2023/01/10 18:42:01 app.go:48: INFO: [Configuration Loaded]
2023/01/10 18:42:01 app.go:48: INFO: [Database Connected Successfully]
2023/01/10 18:45:15 app.go:48: INFO: [Configuration Loaded]
2023/01/10 18:45:15 app.go:48: INFO: [Database Connected Successfully]
2023/01/10 18:45:53 app.go:48: INFO: [Configuration Loaded]
2023/01/10 18:45:53 app.go:48: INFO: [Database Connected Successfully]
2023/01/10 18:45:59 app.go:48: INFO: [Configuration Loaded]
2023/01/10 18:45:59 app.go:48: INFO: [Database Connected Successfully]
2023/01/10 18:46:09 app.go:48: DEBUG: [true]
2023/01/10 18:46:09 app.go:48: DEBUG: [[{{75 2023-01-06 22:44:47.652938 +0700 +07 2023-01-06 22:44:47.652938 +0700 +07 {0001-01-01 00:00:00 +0000 UTC false}} 8 {{0 0001-01-01 00:00:00 +0000 UTC 0001-01-01 00:00:00 +0000 UTC {0001-01-01 00:00:00 +0000 UTC false}} {<nil>}  <nil> []} Direktur IT 0 ec1cbb63-3ee1-4a27-b638-6c653ca81d2c} {{76 2023-01-06 22:44:47.652938 +0700 +07 2023-01-06 22:44:47.652938 +0700 +07 {0001-01-01 00:00:00 +0000 UTC false}} 8 {{0 0001-01-01 00:00:00 +0000 UTC 0001-01-01 00:00:00 +0000 UTC {0001-01-01 00:00:00 +0000 UTC false}} {<nil>}  <nil> []} Department Risk Management 1 ec1cbb63-3ee1-4a27-b638-6c653ca81d2c 6c2a188b-e3b6-4823-b93a-5028ee720a06} {{77 2023-01-06 22:44:47.652938 +0700 +07 2023-01-06 22:44:47.652938 +0700 +07 {0001-01-01 00:00:00 +0000 UTC false}} 8 {{0 0001-01-01 00:00:00 +0000 UTC 0001-01-01 00:00:00 +0000 UTC {0001-01-01 00:00:00 +0000 UTC false}} {<nil>}  <nil> []} Department Risk Management 2 ec1cbb63-3ee1-4a27-b638-6c653ca81d2c 16f5ce19-b233-4cf4-8232-355129913d35} {{78 2023-01-06 22:44:47.652938 +0700 +07 2023-01-06 22:44:47.652938 +0700 +07 {0001-01-01 00:00:00 +0000 UTC false}} 8 {{0 0001-01-01 00:00:00 +0000 UTC 0001-01-01 00:00:00 +0000 UTC {0001-01-01 00:00:00 +0000 UTC false}} {<nil>}  <nil> []} Divisi Data ec1cbb63-3ee1-4a27-b638-6c653ca81d2c 26bfbbca-1146-4e17-8ca2-086ac19dcae6} {{79 2023-01-06 22:44:47.652938 +0700 +07 2023-01-06 22:44:47.652938 +0700 +07 {0001-01-01 00:00:00 +0000 UTC false}} 8 {{0 0001-01-01 00:00:00 +0000 UTC 0001-01-01 00:00:00 +0000 UTC {0001-01-01 00:00:00 +0000 UTC false}} {<nil>}  <nil> []} Departement IT Security 26bfbbca-1146-4e17-8ca2-086ac19dcae6 d09a8e60-7e6f-4839-94a2-ebf698cebde8} {{80 2023-01-06 22:44:47.652938 +0700 +07 2023-01-06 22:44:47.652938 +0700 +07 {0001-01-01 00:00:00 +0000 UTC false}} 8 {{0 0001-01-01 00:00:00 +0000 UTC 0001-01-01 00:00:00 +0000 UTC {0001-01-01 00:00:00 +0000 UTC false}} {<nil>}  <nil> []} Departement Pajak 14f615fb-7324-4a71-b723-d455e47c5d40 2ad8e32d-cb9f-42c3-b6c9-8d4d8da5dea0} {{81 2023-01-06 22:44:47.652938 +0700 +07 2023-01-06 22:44:47.652938 +0700 +07 {0001-01-01 00:00:00 +0000 UTC false}} 8 {{0 0001-01-01 00:00:00 +0000 UTC 0001-01-01 00:00:00 +0000 UTC {0001-01-01 00:00:00 +0000 UTC false}} {<nil>}  <nil> []} Direktur baru 0 7280b286-749a-40ad-9bf1-c003b13ac4ad}]]
2023/01/10 18:46:09 app.go:48: DEBUG: [ec1cbb63-3ee1-4a27-b638-6c653ca81d2c]
2023/01/10 18:46:09 app.go:48: DEBUG: [6c2a188b-e3b6-4823-b93a-5028ee720a06]
2023/01/10 18:46:09 app.go:48: DEBUG: [16f5ce19-b233-4cf4-8232-355129913d35]
2023/01/10 18:46:09 app.go:48: DEBUG: [26bfbbca-1146-4e17-8ca2-086ac19dcae6]
2023/01/10 18:46:09 app.go:48: DEBUG: [d09a8e60-7e6f-4839-94a2-ebf698cebde8]
2023/01/10 18:46:09 app.go:48: DEBUG: [2ad8e32d-cb9f-42c3-b6c9-8d4d8da5dea0]
2023/01/10 18:46:09 app.go:48: DEBUG: [7280b286-749a-40ad-9bf1-c003b13ac4ad]
2023/01/10 18:48:50 app.go:48: INFO: [Configuration Loaded]
2023/01/10 18:48:50 app.go:48: INFO: [Database Connected Successfully]
2023/01/10 18:48:55 app.go:48: DEBUG: [true]
2023/01/10 18:48:55 app.go:48: DEBUG: [[{{1 2023-01-05 23:24:25.258022 +0700 +07 2023-01-05 23:24:25.258022 +0700 +07 {0001-01-01 00:00:00 +0000 UTC false}} 1 {{0 0001-01-01 00:00:00 +0000 UTC 0001-01-01 00:00:00 +0000 UTC {0001-01-01 00:00:00 +0000 UTC false}}   0001-01-01 00:00:00 +0000 UTC  0  <nil> 0 [] {{0 0001-01-01 00:00:00 +0000 UTC 0001-01-01 00:00:00 +0000 UTC {0001-01-01 00:00:00 +0000 UTC false}} {<nil>}  <nil> []} []} 8 {{0 0001-01-01 00:00:00 +0000 UTC 0001-01-01 00:00:00 +0000 UTC {0001-01-01 00:00:00 +0000 UTC false}} {<nil>}  <nil> []} Direktur IT 0 ec1cbb63-3ee1-4a27-b638-6c653ca81d2c}]]
2023/01/10 18:48:55 app.go:48: DEBUG: [ec1cbb63-3ee1-4a27-b638-6c653ca81d2c]
2023/01/10 18:50:13 app.go:48: DEBUG: [false]
2023/01/10 18:57:45 app.go:48: DEBUG: [[map[id:ec1cbb63-3ee1-4a27-b638-6c653ca81d2c name:Direktur IT parentId:0] map[id:6c2a188b-e3b6-4823-b93a-5028ee720a06 name:Department Risk Management 1 parentId:ec1cbb63-3ee1-4a27-b638-6c653ca81d2c] map[id:16f5ce19-b233-4cf4-8232-355129913d35 name:Department Risk Management 2 parentId:ec1cbb63-3ee1-4a27-b638-6c653ca81d2c] map[id:26bfbbca-1146-4e17-8ca2-086ac19dcae6 name:Divisi Data parentId:ec1cbb63-3ee1-4a27-b638-6c653ca81d2c] map[id:d09a8e60-7e6f-4839-94a2-ebf698cebde8 name:Departement IT Security parentId:26bfbbca-1146-4e17-8ca2-086ac19dcae6] map[id:2ad8e32d-cb9f-42c3-b6c9-8d4d8da5dea0 name:Departement Pajak parentId:14f615fb-7324-4a71-b723-d455e47c5d40] map[id:7280b286-749a-40ad-9bf1-c003b13ac4ad name:Direktur baru parentId:0]]]
2023/01/10 18:57:51 app.go:48: DEBUG: [false]
2023/01/10 19:08:28 app.go:48: DEBUG: [true]
2023/01/10 19:08:28 app.go:48: DEBUG: [[{{1 2023-01-10 18:57:45.38372 +0700 +07 2023-01-10 18:57:45.38372 +0700 +07 {0001-01-01 00:00:00 +0000 UTC false}} 1 {{0 0001-01-01 00:00:00 +0000 UTC 0001-01-01 00:00:00 +0000 UTC {0001-01-01 00:00:00 +0000 UTC false}}   0001-01-01 00:00:00 +0000 UTC  0  <nil> 0 [] {{0 0001-01-01 00:00:00 +0000 UTC 0001-01-01 00:00:00 +0000 UTC {0001-01-01 00:00:00 +0000 UTC false}} {<nil>}  <nil> []} []} 8 {{0 0001-01-01 00:00:00 +0000 UTC 0001-01-01 00:00:00 +0000 UTC {0001-01-01 00:00:00 +0000 UTC false}} {<nil>}  <nil> []} Direktur IT 0 ec1cbb63-3ee1-4a27-b638-6c653ca81d2c}]]
2023/01/10 19:08:28 app.go:48: DEBUG: [ec1cbb63-3ee1-4a27-b638-6c653ca81d2c]
2023/01/10 19:09:08 app.go:48: INFO: [Configuration Loaded]
2023/01/10 19:09:08 app.go:48: INFO: [Database Connected Successfully]
2023/01/10 19:09:09 app.go:48: INFO: [Configuration Loaded]
2023/01/10 19:09:09 app.go:48: INFO: [Database Connected Successfully]
2023/01/10 19:09:14 app.go:48: DEBUG: [true]
2023/01/10 19:09:14 app.go:48: DEBUG: [[{{1 2023-01-10 18:57:45.38372 +0700 +07 2023-01-10 18:57:45.38372 +0700 +07 {0001-01-01 00:00:00 +0000 UTC false}} 1 {{0 0001-01-01 00:00:00 +0000 UTC 0001-01-01 00:00:00 +0000 UTC {0001-01-01 00:00:00 +0000 UTC false}}   0001-01-01 00:00:00 +0000 UTC  0  <nil> 0 [] {{0 0001-01-01 00:00:00 +0000 UTC 0001-01-01 00:00:00 +0000 UTC {0001-01-01 00:00:00 +0000 UTC false}} {<nil>}  <nil> []} []} 8 {{0 0001-01-01 00:00:00 +0000 UTC 0001-01-01 00:00:00 +0000 UTC {0001-01-01 00:00:00 +0000 UTC false}} {<nil>}  <nil> []} Direktur IT 0 ec1cbb63-3ee1-4a27-b638-6c653ca81d2c}]]
2023/01/10 19:09:14 app.go:48: DEBUG: [ec1cbb63-3ee1-4a27-b638-6c653ca81d2c]
2023/01/10 19:09:14 app.go:48: DEBUG: [[]]
2023/01/10 19:09:45 app.go:48: INFO: [Configuration Loaded]
2023/01/10 19:09:45 app.go:48: INFO: [Database Connected Successfully]
2023/01/10 19:10:01 app.go:48: DEBUG: [true]
2023/01/10 19:10:01 app.go:48: DEBUG: [[{{1 2023-01-10 18:57:45.38372 +0700 +07 2023-01-10 18:57:45.38372 +0700 +07 {0001-01-01 00:00:00 +0000 UTC false}} 1 {{0 0001-01-01 00:00:00 +0000 UTC 0001-01-01 00:00:00 +0000 UTC {0001-01-01 00:00:00 +0000 UTC false}}   0001-01-01 00:00:00 +0000 UTC  0  <nil> 0 [] {{0 0001-01-01 00:00:00 +0000 UTC 0001-01-01 00:00:00 +0000 UTC {0001-01-01 00:00:00 +0000 UTC false}} {<nil>}  <nil> []} []} 8 {{0 0001-01-01 00:00:00 +0000 UTC 0001-01-01 00:00:00 +0000 UTC {0001-01-01 00:00:00 +0000 UTC false}} {<nil>}  <nil> []} Direktur IT 0 ec1cbb63-3ee1-4a27-b638-6c653ca81d2c}]]
2023/01/10 19:10:01 app.go:48: DEBUG: [ec1cbb63-3ee1-4a27-b638-6c653ca81d2c]
2023/01/10 19:10:01 app.go:48: DEBUG: [0]
2023/01/10 19:10:32 app.go:48: INFO: [Configuration Loaded]
2023/01/10 19:10:32 app.go:48: INFO: [Database Connected Successfully]
2023/01/10 19:10:42 app.go:48: DEBUG: [true]
2023/01/10 19:10:42 app.go:48: DEBUG: [[{{1 2023-01-10 18:57:45.38372 +0700 +07 2023-01-10 18:57:45.38372 +0700 +07 {0001-01-01 00:00:00 +0000 UTC false}} 1 {{0 0001-01-01 00:00:00 +0000 UTC 0001-01-01 00:00:00 +0000 UTC {0001-01-01 00:00:00 +0000 UTC false}}   0001-01-01 00:00:00 +0000 UTC  0  <nil> 0 [] {{0 0001-01-01 00:00:00 +0000 UTC 0001-01-01 00:00:00 +0000 UTC {0001-01-01 00:00:00 +0000 UTC false}} {<nil>}  <nil> []} []} 8 {{0 0001-01-01 00:00:00 +0000 UTC 0001-01-01 00:00:00 +0000 UTC {0001-01-01 00:00:00 +0000 UTC false}} {<nil>}  <nil> []} Direktur IT 0 ec1cbb63-3ee1-4a27-b638-6c653ca81d2c}]]
2023/01/10 19:10:42 app.go:48: DEBUG: [ec1cbb63-3ee1-4a27-b638-6c653ca81d2c]
2023/01/10 19:10:42 app.go:48: DEBUG: [0]
2023/01/10 19:12:59 app.go:48: DEBUG: [false]
2023/01/10 19:32:36 app.go:48: INFO: [Configuration Loaded]
2023/01/10 19:32:36 app.go:48: INFO: [Configuration Loaded]
2023/01/10 19:32:37 app.go:48: INFO: [Database Connected Successfully]
2023/01/10 19:32:37 app.go:48: INFO: [Database Connected Successfully]
2023/01/10 19:32:48 app.go:48: INFO: [Configuration Loaded]
2023/01/10 19:32:48 app.go:48: INFO: [Database Connected Successfully]
2023/01/10 19:33:07 app.go:48: INFO: [Configuration Loaded]
2023/01/10 19:33:07 app.go:48: INFO: [Database Connected Successfully]
2023/01/10 19:45:36 app.go:48: INFO: [Configuration Loaded]
2023/01/10 19:45:36 app.go:48: INFO: [Database Connected Successfully]
2023/01/10 19:46:10 app.go:48: INFO: [Configuration Loaded]
2023/01/10 19:46:10 app.go:48: INFO: [Database Connected Successfully]
2023/01/10 19:46:37 app.go:48: INFO: [Configuration Loaded]
2023/01/10 19:46:37 app.go:48: INFO: [Database Connected Successfully]
2023/01/10 19:46:38 app.go:48: INFO: [Configuration Loaded]
2023/01/10 19:46:39 app.go:48: INFO: [Database Connected Successfully]
2023/01/10 20:53:21 app.go:48: DEBUG: [false]
2023/01/10 21:23:32 app.go:48: INFO: [Configuration Loaded]
2023/01/10 21:23:32 app.go:48: INFO: [Database Connected Successfully]
2023/01/10 21:23:58 app.go:48: INFO: [Configuration Loaded]
2023/01/10 21:23:58 app.go:48: INFO: [Database Connected Successfully]
2023/01/10 21:24:08 app.go:48: INFO: [Configuration Loaded]
2023/01/10 21:24:08 app.go:48: INFO: [Database Connected Successfully]
2023/01/10 21:33:12 app.go:48: INFO: [Configuration Loaded]
2023/01/10 21:33:12 app.go:48: INFO: [Database Connected Successfully]
2023/01/10 21:33:16 app.go:48: INFO: [Configuration Loaded]
2023/01/10 21:33:16 app.go:48: INFO: [Database Connected Successfully]
2023/01/10 21:35:51 app.go:48: INFO: [Configuration Loaded]
2023/01/10 21:35:51 app.go:48: INFO: [Database Connected Successfully]
2023/01/10 21:36:05 app.go:48: INFO: [Configuration Loaded]
2023/01/10 21:36:05 app.go:48: INFO: [Database Connected Successfully]
2023/01/10 21:37:34 app.go:48: INFO: [Configuration Loaded]
2023/01/10 21:37:34 app.go:48: INFO: [Database Connected Successfully]
2023/01/10 21:38:00 app.go:48: INFO: [Configuration Loaded]
2023/01/10 21:38:00 app.go:48: INFO: [Configuration Loaded]
2023/01/10 21:38:00 app.go:48: INFO: [Database Connected Successfully]
2023/01/10 21:38:07 app.go:48: INFO: [Configuration Loaded]
2023/01/10 21:38:07 app.go:48: INFO: [Database Connected Successfully]
2023/01/10 21:38:46 app.go:48: INFO: [Configuration Loaded]
2023/01/10 21:38:46 app.go:48: INFO: [Database Connected Successfully]
2023/01/10 21:39:00 app.go:48: INFO: [Configuration Loaded]
2023/01/10 21:39:00 app.go:48: INFO: [Database Connected Successfully]
2023/01/10 22:00:00 app.go:48: INFO: [Configuration Loaded]
2023/01/10 22:00:00 app.go:48: INFO: [Database Connected Successfully]
2023/01/10 22:00:11 app.go:48: INFO: [Configuration Loaded]
2023/01/10 22:00:11 app.go:48: INFO: [Database Connected Successfully]
2023/01/10 22:02:13 app.go:48: INFO: [Configuration Loaded]
2023/01/10 22:02:13 app.go:48: INFO: [Database Connected Successfully]
2023/01/10 22:02:47 app.go:48: INFO: [Configuration Loaded]
2023/01/10 22:02:47 app.go:48: INFO: [Database Connected Successfully]
2023/01/10 22:02:52 app.go:48: INFO: [Configuration Loaded]
2023/01/10 22:02:52 app.go:48: INFO: [Database Connected Successfully]
2023/01/10 22:03:17 app.go:48: INFO: [Configuration Loaded]
2023/01/10 22:03:17 app.go:48: INFO: [Database Connected Successfully]
2023/01/10 22:03:30 app.go:48: INFO: [Configuration Loaded]
2023/01/10 22:03:30 app.go:48: INFO: [Database Connected Successfully]
2023/01/10 22:03:44 app.go:48: INFO: [Configuration Loaded]
2023/01/10 22:03:44 app.go:48: INFO: [Database Connected Successfully]
2023/01/10 22:21:27 app.go:48: INFO: [Configuration Loaded]
2023/01/10 22:21:27 app.go:48: INFO: [Database Connected Successfully]
2023/01/10 22:21:28 app.go:48: INFO: [Configuration Loaded]
2023/01/10 22:21:28 app.go:48: INFO: [Database Connected Successfully]
2023/01/10 23:02:07 app.go:48: INFO: [Configuration Loaded]
2023/01/10 23:02:07 app.go:48: INFO: [Database Connected Successfully]
2023/01/10 23:02:08 app.go:48: INFO: [Configuration Loaded]
2023/01/10 23:02:08 app.go:48: INFO: [Database Connected Successfully]
2023/01/10 23:04:06 app.go:48: INFO: [Configuration Loaded]
2023/01/10 23:04:06 app.go:48: INFO: [Configuration Loaded]
2023/01/10 23:04:06 app.go:48: INFO: [Database Connected Successfully]
2023/01/10 23:05:49 app.go:48: DEBUG: [Shutdowning Server ...]
2023/01/10 23:05:49 app.go:48: INFO: [Server Stopped Gracefully]
2023/01/10 23:05:56 app.go:48: INFO: [Configuration Loaded]
2023/01/10 23:05:56 app.go:48: INFO: [Database Connected Successfully]
2023/01/10 23:06:42 app.go:48: INFO: [Configuration Loaded]
2023/01/10 23:06:42 app.go:48: INFO: [Database Connected Successfully]
2023/01/10 23:07:05 app.go:48: DEBUG: [{{1 2022-12-20 23:34:32.764281 +0700 +07 2022-12-20 23:34:32.764281 +0700 +07 {0001-01-01 00:00:00 +0000 UTC false}} {0xc0005f0eb0} <nil> <nil> <nil> Superadmin admin admin@gmail.com $2a$04$UBlycKecIHVJ1HsBuF9gaubia3eAEOlUoeJ2GHbZpKXW8M15TNRuW 1 {{1 2022-12-20 23:34:32.745883 +0700 +07 2022-12-20 23:34:32.745883 +0700 +07 {0001-01-01 00:00:00 +0000 UTC false}} {0xc0005f0f58} Superadmin [] []}}]
2023/01/10 23:07:05 app.go:48: DEBUG: [[]]
2023/01/10 23:09:42 app.go:48: INFO: [Configuration Loaded]
2023/01/10 23:09:42 app.go:48: INFO: [Database Connected Successfully]
2023/01/10 23:09:44 app.go:48: DEBUG: [{{1 2022-12-20 23:34:32.764281 +0700 +07 2022-12-20 23:34:32.764281 +0700 +07 {0001-01-01 00:00:00 +0000 UTC false}} {0xc001528b70} <nil> <nil> <nil> Superadmin admin admin@gmail.com $2a$04$UBlycKecIHVJ1HsBuF9gaubia3eAEOlUoeJ2GHbZpKXW8M15TNRuW 1 {{1 2022-12-20 23:34:32.745883 +0700 +07 2022-12-20 23:34:32.745883 +0700 +07 {0001-01-01 00:00:00 +0000 UTC false}} {0xc001528c18} Superadmin [] []}}]
2023/01/10 23:09:44 app.go:48: DEBUG: [[]]
2023/01/10 23:10:14 app.go:48: INFO: [Configuration Loaded]
2023/01/10 23:10:14 app.go:48: INFO: [Database Connected Successfully]
2023/01/10 23:10:16 app.go:48: DEBUG: [{{1 2022-12-20 23:34:32.764281 +0700 +07 2022-12-20 23:34:32.764281 +0700 +07 {0001-01-01 00:00:00 +0000 UTC false}} {0xc0015c8900} <nil> <nil> <nil> Superadmin admin admin@gmail.com $2a$04$UBlycKecIHVJ1HsBuF9gaubia3eAEOlUoeJ2GHbZpKXW8M15TNRuW 1 {{1 2022-12-20 23:34:32.745883 +0700 +07 2022-12-20 23:34:32.745883 +0700 +07 {0001-01-01 00:00:00 +0000 UTC false}} {0xc0015c89a8} Superadmin [] []}}]
2023/01/10 23:10:16 app.go:48: DEBUG: [[]]
2023/01/10 23:10:16 app.go:48: DEBUG: [1]
2023/01/10 23:10:33 app.go:48: INFO: [Configuration Loaded]
2023/01/10 23:10:33 app.go:48: INFO: [Database Connected Successfully]
2023/01/10 23:10:36 app.go:48: DEBUG: [{{1 2022-12-20 23:34:32.764281 +0700 +07 2022-12-20 23:34:32.764281 +0700 +07 {0001-01-01 00:00:00 +0000 UTC false}} {0xc0014d8200} <nil> <nil> <nil> Superadmin admin admin@gmail.com $2a$04$UBlycKecIHVJ1HsBuF9gaubia3eAEOlUoeJ2GHbZpKXW8M15TNRuW 1 {{1 2022-12-20 23:34:32.745883 +0700 +07 2022-12-20 23:34:32.745883 +0700 +07 {0001-01-01 00:00:00 +0000 UTC false}} {0xc0014d82a8} Superadmin [] []}}]
2023/01/10 23:10:36 app.go:48: DEBUG: [[]]
2023/01/10 23:10:36 app.go:48: DEBUG: [<nil>]
2023/01/10 23:11:50 app.go:48: INFO: [Configuration Loaded]
2023/01/10 23:11:50 app.go:48: INFO: [Database Connected Successfully]
2023/01/10 23:12:07 app.go:48: DEBUG: [{{1 2022-12-20 23:34:32.764281 +0700 +07 2022-12-20 23:34:32.764281 +0700 +07 {0001-01-01 00:00:00 +0000 UTC false}} {0xc0004b5930} <nil> <nil> <nil> Superadmin admin admin@gmail.com $2a$04$UBlycKecIHVJ1HsBuF9gaubia3eAEOlUoeJ2GHbZpKXW8M15TNRuW 1 {{1 2022-12-20 23:34:32.745883 +0700 +07 2022-12-20 23:34:32.745883 +0700 +07 {0001-01-01 00:00:00 +0000 UTC false}} {0xc0004b59c8} Superadmin [] []}}]
2023/01/10 23:12:07 app.go:48: DEBUG: [[]]
2023/01/10 23:12:07 app.go:48: DEBUG: [<nil>]
2023/01/10 23:18:14 app.go:48: INFO: [Configuration Loaded]
2023/01/10 23:18:14 app.go:48: INFO: [Database Connected Successfully]
2023/01/10 23:18:20 app.go:48: INFO: [Configuration Loaded]
2023/01/10 23:18:20 app.go:48: INFO: [Database Connected Successfully]
2023/01/10 23:18:27 app.go:48: DEBUG: [{{1 2022-12-20 23:34:32.764281 +0700 +07 2022-12-20 23:34:32.764281 +0700 +07 {0001-01-01 00:00:00 +0000 UTC false}} {0xc0002a5570} <nil> <nil> <nil> Superadmin admin admin@gmail.com $2a$04$UBlycKecIHVJ1HsBuF9gaubia3eAEOlUoeJ2GHbZpKXW8M15TNRuW 1 {{1 2022-12-20 23:34:32.745883 +0700 +07 2022-12-20 23:34:32.745883 +0700 +07 {0001-01-01 00:00:00 +0000 UTC false}} {0xc0015fa088} Superadmin [] []}}]
2023/01/10 23:18:27 app.go:48: DEBUG: [[]]
2023/01/10 23:18:27 app.go:48: DEBUG: [<nil>]
2023/01/10 23:18:55 app.go:48: DEBUG: [{{1 2022-12-20 23:34:32.764281 +0700 +07 2022-12-20 23:34:32.764281 +0700 +07 {0001-01-01 00:00:00 +0000 UTC false}} {0xc001702980} <nil> <nil> <nil> Superadmin admin admin@gmail.com $2a$04$UBlycKecIHVJ1HsBuF9gaubia3eAEOlUoeJ2GHbZpKXW8M15TNRuW 1 {{1 2022-12-20 23:34:32.745883 +0700 +07 2022-12-20 23:34:32.745883 +0700 +07 {0001-01-01 00:00:00 +0000 UTC false}} {0xc001702a18} Superadmin [] []}}]
2023/01/10 23:18:55 app.go:48: DEBUG: [[]]
2023/01/10 23:18:55 app.go:48: DEBUG: [<nil>]
2023/01/10 23:19:27 app.go:48: INFO: [Configuration Loaded]
2023/01/10 23:19:27 app.go:48: INFO: [Database Connected Successfully]
2023/01/10 23:19:33 app.go:48: DEBUG: [{{1 2022-12-20 23:34:32.764281 +0700 +07 2022-12-20 23:34:32.764281 +0700 +07 {0001-01-01 00:00:00 +0000 UTC false}} {0xc001312730} <nil> <nil> <nil> Superadmin admin admin@gmail.com $2a$04$UBlycKecIHVJ1HsBuF9gaubia3eAEOlUoeJ2GHbZpKXW8M15TNRuW 1 {{1 2022-12-20 23:34:32.745883 +0700 +07 2022-12-20 23:34:32.745883 +0700 +07 {0001-01-01 00:00:00 +0000 UTC false}} {0xc0013127d8} Superadmin [] []}}]
2023/01/10 23:19:33 app.go:48: DEBUG: [[]]
2023/01/10 23:19:33 app.go:48: DEBUG: [<nil>]
2023/01/10 23:20:13 app.go:48: INFO: [Configuration Loaded]
2023/01/10 23:20:13 app.go:48: INFO: [Database Connected Successfully]
2023/01/10 23:20:22 app.go:48: DEBUG: [{{1 2022-12-20 23:34:32.764281 +0700 +07 2022-12-20 23:34:32.764281 +0700 +07 {0001-01-01 00:00:00 +0000 UTC false}} {0xc0014464d0} <nil> <nil> <nil> Superadmin admin admin@gmail.com $2a$04$UBlycKecIHVJ1HsBuF9gaubia3eAEOlUoeJ2GHbZpKXW8M15TNRuW 1 {{1 2022-12-20 23:34:32.745883 +0700 +07 2022-12-20 23:34:32.745883 +0700 +07 {0001-01-01 00:00:00 +0000 UTC false}} {0xc001446578} Superadmin [] []}}]
2023/01/10 23:20:22 app.go:48: DEBUG: [[]]
2023/01/10 23:20:22 app.go:48: DEBUG: [<nil>]
2023/01/10 23:20:52 app.go:48: INFO: [Configuration Loaded]
2023/01/10 23:20:52 app.go:48: INFO: [Database Connected Successfully]
2023/01/10 23:20:58 app.go:48: DEBUG: [{{1 2022-12-20 23:34:32.764281 +0700 +07 2022-12-20 23:34:32.764281 +0700 +07 {0001-01-01 00:00:00 +0000 UTC false}} {0xc0014fe2a0} <nil> <nil> <nil> Superadmin admin admin@gmail.com $2a$04$UBlycKecIHVJ1HsBuF9gaubia3eAEOlUoeJ2GHbZpKXW8M15TNRuW 1 {{1 2022-12-20 23:34:32.745883 +0700 +07 2022-12-20 23:34:32.745883 +0700 +07 {0001-01-01 00:00:00 +0000 UTC false}} {0xc0014fe348} Superadmin [] []}}]
2023/01/10 23:20:58 app.go:48: DEBUG: [[]]
2023/01/10 23:20:58 app.go:48: DEBUG: [<nil>]
2023/01/10 23:21:34 app.go:48: INFO: [Configuration Loaded]
2023/01/10 23:21:34 app.go:48: INFO: [Database Connected Successfully]
2023/01/10 23:21:35 app.go:48: INFO: [Configuration Loaded]
2023/01/10 23:21:35 app.go:48: INFO: [Database Connected Successfully]
2023/01/10 23:21:50 app.go:48: INFO: [Configuration Loaded]
2023/01/10 23:21:50 app.go:48: INFO: [Database Connected Successfully]
2023/01/10 23:21:56 app.go:48: INFO: [Configuration Loaded]
2023/01/10 23:21:56 app.go:48: INFO: [Database Connected Successfully]
2023/01/10 23:22:02 app.go:48: DEBUG: [{{1 2022-12-20 23:34:32.764281 +0700 +07 2022-12-20 23:34:32.764281 +0700 +07 {0001-01-01 00:00:00 +0000 UTC false}} {0xc0014a8710} <nil> <nil> <nil> Superadmin admin admin@gmail.com $2a$04$UBlycKecIHVJ1HsBuF9gaubia3eAEOlUoeJ2GHbZpKXW8M15TNRuW 1 {{1 2022-12-20 23:34:32.745883 +0700 +07 2022-12-20 23:34:32.745883 +0700 +07 {0001-01-01 00:00:00 +0000 UTC false}} {0xc0014a87a8} Superadmin [] []}}]
2023/01/10 23:22:02 app.go:48: DEBUG: [[]]
2023/01/10 23:22:02 app.go:48: DEBUG: [<nil>]
2023/01/10 23:24:21 app.go:48: INFO: [Configuration Loaded]
2023/01/10 23:24:21 app.go:48: INFO: [Database Connected Successfully]
2023/01/10 23:24:27 app.go:48: INFO: [Configuration Loaded]
2023/01/10 23:24:27 app.go:48: INFO: [Configuration Loaded]
2023/01/10 23:24:27 app.go:48: INFO: [Database Connected Successfully]
2023/01/10 23:24:33 app.go:48: INFO: [Configuration Loaded]
2023/01/10 23:24:33 app.go:48: INFO: [Database Connected Successfully]
2023/01/10 23:24:33 app.go:48: DEBUG: [{{1 2022-12-20 23:34:32.764281 +0700 +07 2022-12-20 23:34:32.764281 +0700 +07 {0001-01-01 00:00:00 +0000 UTC false}} {0xc00058dcb0} <nil> <nil> <nil> Superadmin admin admin@gmail.com $2a$04$UBlycKecIHVJ1HsBuF9gaubia3eAEOlUoeJ2GHbZpKXW8M15TNRuW 1 {{1 2022-12-20 23:34:32.745883 +0700 +07 2022-12-20 23:34:32.745883 +0700 +07 {0001-01-01 00:00:00 +0000 UTC false}} {0xc00058dee8} Superadmin [] []}}]
2023/01/10 23:24:33 app.go:48: DEBUG: [[]]
2023/01/10 23:24:33 app.go:48: DEBUG: [<nil>]
2023/01/10 23:25:23 app.go:48: INFO: [Configuration Loaded]
2023/01/10 23:25:23 app.go:48: INFO: [Database Connected Successfully]
2023/01/10 23:25:28 app.go:48: DEBUG: [{{1 2022-12-20 23:34:32.764281 +0700 +07 2022-12-20 23:34:32.764281 +0700 +07 {0001-01-01 00:00:00 +0000 UTC false}} {0xc0013dd5b0} <nil> <nil> <nil> Superadmin admin admin@gmail.com $2a$04$UBlycKecIHVJ1HsBuF9gaubia3eAEOlUoeJ2GHbZpKXW8M15TNRuW 1 {{1 2022-12-20 23:34:32.745883 +0700 +07 2022-12-20 23:34:32.745883 +0700 +07 {0001-01-01 00:00:00 +0000 UTC false}} {0xc0013dd658} Superadmin [] []}}]
2023/01/10 23:25:28 app.go:48: DEBUG: [[]]
2023/01/10 23:25:28 app.go:48: DEBUG: [<nil>]
2023/01/10 23:25:58 app.go:48: DEBUG: [{{1 2022-12-20 23:34:32.764281 +0700 +07 2022-12-20 23:34:32.764281 +0700 +07 {0001-01-01 00:00:00 +0000 UTC false}} {0xc001482d30} <nil> <nil> <nil> Superadmin admin admin@gmail.com $2a$04$UBlycKecIHVJ1HsBuF9gaubia3eAEOlUoeJ2GHbZpKXW8M15TNRuW 1 {{1 2022-12-20 23:34:32.745883 +0700 +07 2022-12-20 23:34:32.745883 +0700 +07 {0001-01-01 00:00:00 +0000 UTC false}} {0xc001482dc8} Superadmin [] []}}]
2023/01/10 23:25:58 app.go:48: DEBUG: [[]]
2023/01/10 23:25:58 app.go:48: DEBUG: [<nil>]
2023/01/10 23:27:03 app.go:48: DEBUG: [{{1 2022-12-20 23:34:32.764281 +0700 +07 2022-12-20 23:34:32.764281 +0700 +07 {0001-01-01 00:00:00 +0000 UTC false}} {0xc00198c650} <nil> <nil> <nil> Superadmin admin admin@gmail.com $2a$04$UBlycKecIHVJ1HsBuF9gaubia3eAEOlUoeJ2GHbZpKXW8M15TNRuW 1 {{1 2022-12-20 23:34:32.745883 +0700 +07 2022-12-20 23:34:32.745883 +0700 +07 {0001-01-01 00:00:00 +0000 UTC false}} {0xc00198c6e8} Superadmin [] []}}]
2023/01/10 23:27:03 app.go:48: DEBUG: [[]]
2023/01/10 23:27:03 app.go:48: DEBUG: [<nil>]
2023/01/10 23:27:22 app.go:48: DEBUG: [{{3 2022-12-21 11:43:47.011723 +0700 +07 2022-12-25 01:33:07.434632 +0700 +07 {0001-01-01 00:00:00 +0000 UTC false}} {0xc001511148} 0xc001525c20 0xc001525c30 0xc001525c40 Muhammad Fatihul Ikhsan tiul ikhsan@gmail.com $2a$04$WwPT7ST4dvBlHN2EBbnU1OfX.dkZS9lfhJA3EyRg5bsJnxHe3swUW 1 {{1 2022-12-20 23:34:32.745883 +0700 +07 2022-12-20 23:34:32.745883 +0700 +07 {0001-01-01 00:00:00 +0000 UTC false}} {0xc0015111e8} Superadmin [] []}}]
2023/01/10 23:27:22 app.go:48: DEBUG: [[]]
2023/01/10 23:27:22 app.go:48: DEBUG: [0xc001525c20]
2023/01/10 23:27:35 app.go:48: DEBUG: [{{3 2022-12-21 11:43:47.011723 +0700 +07 2022-12-25 01:33:07.434632 +0700 +07 {0001-01-01 00:00:00 +0000 UTC false}} {0xc0019e4458} 0xc001bcc620 0xc001bcc630 0xc001bcc640 Muhammad Fatihul Ikhsan tiul ikhsan@gmail.com $2a$04$WwPT7ST4dvBlHN2EBbnU1OfX.dkZS9lfhJA3EyRg5bsJnxHe3swUW 1 {{1 2022-12-20 23:34:32.745883 +0700 +07 2022-12-20 23:34:32.745883 +0700 +07 {0001-01-01 00:00:00 +0000 UTC false}} {0xc0019e44f8} Superadmin [] []}}]
2023/01/10 23:27:35 app.go:48: DEBUG: [[]]
2023/01/10 23:27:35 app.go:48: DEBUG: [0xc001bcc620]
2023/01/10 23:28:22 app.go:48: INFO: [Configuration Loaded]
2023/01/10 23:28:22 app.go:48: INFO: [Database Connected Successfully]
2023/01/10 23:28:33 app.go:48: DEBUG: [{{3 2022-12-21 11:43:47.011723 +0700 +07 2022-12-25 01:33:07.434632 +0700 +07 {0001-01-01 00:00:00 +0000 UTC false}} {0xc0013aa138} 0xc00059df60 0xc00059df70 0xc00059df80 Muhammad Fatihul Ikhsan tiul ikhsan@gmail.com $2a$04$WwPT7ST4dvBlHN2EBbnU1OfX.dkZS9lfhJA3EyRg5bsJnxHe3swUW 1 {{1 2022-12-20 23:34:32.745883 +0700 +07 2022-12-20 23:34:32.745883 +0700 +07 {0001-01-01 00:00:00 +0000 UTC false}} {0xc0013aa1e8} Superadmin [] []}}]
2023/01/10 23:28:33 app.go:48: DEBUG: [[]]
2023/01/10 23:28:33 app.go:48: DEBUG: [0xc00059df60]
2023/01/10 23:29:00 app.go:48: INFO: [Configuration Loaded]
2023/01/10 23:29:00 app.go:48: INFO: [Database Connected Successfully]
2023/01/10 23:29:07 app.go:48: DEBUG: [{{3 2022-12-21 11:43:47.011723 +0700 +07 2022-12-25 01:33:07.434632 +0700 +07 {0001-01-01 00:00:00 +0000 UTC false}} {0xc00009f8f8} 0xc0004f2650 0xc0004f2660 0xc0004f2670 Muhammad Fatihul Ikhsan tiul ikhsan@gmail.com $2a$04$WwPT7ST4dvBlHN2EBbnU1OfX.dkZS9lfhJA3EyRg5bsJnxHe3swUW 1 {{1 2022-12-20 23:34:32.745883 +0700 +07 2022-12-20 23:34:32.745883 +0700 +07 {0001-01-01 00:00:00 +0000 UTC false}} {0xc00009f9a8} Superadmin [] []}}]
2023/01/10 23:29:07 app.go:48: DEBUG: [[]]
2023/01/10 23:29:07 app.go:48: DEBUG: [0xc0004f2650]
2023/01/10 23:29:16 app.go:48: DEBUG: [{{3 2022-12-21 11:43:47.011723 +0700 +07 2022-12-25 01:33:07.434632 +0700 +07 {0001-01-01 00:00:00 +0000 UTC false}} {0xc00104ca38} 0xc001048dd0 0xc001048de0 0xc001048df0 Muhammad Fatihul Ikhsan tiul ikhsan@gmail.com $2a$04$WwPT7ST4dvBlHN2EBbnU1OfX.dkZS9lfhJA3EyRg5bsJnxHe3swUW 1 {{1 2022-12-20 23:34:32.745883 +0700 +07 2022-12-20 23:34:32.745883 +0700 +07 {0001-01-01 00:00:00 +0000 UTC false}} {0xc00104cad8} Superadmin [] []}}]
2023/01/10 23:29:16 app.go:48: DEBUG: [[]]
2023/01/10 23:29:16 app.go:48: DEBUG: [0xc001048dd0]
2023/01/10 23:30:25 app.go:48: INFO: [Configuration Loaded]
2023/01/10 23:30:25 app.go:48: INFO: [Database Connected Successfully]
2023/01/10 23:30:42 app.go:48: INFO: [Configuration Loaded]
2023/01/10 23:30:42 app.go:48: INFO: [Database Connected Successfully]
2023/01/10 23:32:15 app.go:48: INFO: [Configuration Loaded]
2023/01/10 23:32:15 app.go:48: INFO: [Database Connected Successfully]
2023/01/10 23:34:58 app.go:48: INFO: [Configuration Loaded]
2023/01/10 23:34:58 app.go:48: INFO: [Database Connected Successfully]
2023/01/10 23:35:58 app.go:48: INFO: [Configuration Loaded]
2023/01/10 23:35:58 app.go:48: INFO: [Database Connected Successfully]
2023/01/10 23:36:29 app.go:48: INFO: [Configuration Loaded]
2023/01/10 23:36:29 app.go:48: INFO: [Database Connected Successfully]
2023/01/10 23:36:42 app.go:48: INFO: [Configuration Loaded]
2023/01/10 23:36:42 app.go:48: INFO: [Database Connected Successfully]
2023/01/10 23:36:55 app.go:48: INFO: [Configuration Loaded]
2023/01/10 23:36:55 app.go:48: INFO: [Database Connected Successfully]
2023/01/10 23:38:39 app.go:48: INFO: [Configuration Loaded]
2023/01/10 23:38:39 app.go:48: INFO: [Database Connected Successfully]
2023/01/10 23:39:39 app.go:48: INFO: [Configuration Loaded]
2023/01/10 23:39:39 app.go:48: INFO: [Database Connected Successfully]
2023/01/10 23:40:09 app.go:48: INFO: [Configuration Loaded]
2023/01/10 23:40:09 app.go:48: INFO: [Database Connected Successfully]
2023/01/10 23:40:33 app.go:48: INFO: [Configuration Loaded]
2023/01/10 23:40:33 app.go:48: INFO: [Database Connected Successfully]
2023/01/10 23:41:49 app.go:48: INFO: [Configuration Loaded]
2023/01/10 23:41:49 app.go:48: INFO: [Database Connected Successfully]
2023/01/10 23:41:57 app.go:48: INFO: [Configuration Loaded]
2023/01/10 23:41:57 app.go:48: INFO: [Database Connected Successfully]
2023/01/10 23:42:24 app.go:48: INFO: [Configuration Loaded]
2023/01/10 23:42:24 app.go:48: INFO: [Database Connected Successfully]
2023/01/10 23:42:26 app.go:48: INFO: [Configuration Loaded]
2023/01/10 23:42:26 app.go:48: INFO: [Database Connected Successfully]
2023/01/10 23:42:30 app.go:48: INFO: [Configuration Loaded]
2023/01/10 23:42:31 app.go:48: INFO: [Database Connected Successfully]
2023/01/10 23:42:32 app.go:48: INFO: [Configuration Loaded]
2023/01/10 23:42:33 app.go:48: INFO: [Database Connected Successfully]
2023/01/10 23:42:40 app.go:48: INFO: [Configuration Loaded]
2023/01/10 23:42:40 app.go:48: INFO: [Database Connected Successfully]
2023/01/10 23:49:15 app.go:48: INFO: [Configuration Loaded]
2023/01/10 23:49:15 app.go:48: INFO: [Database Connected Successfully]
2023/01/10 23:49:15 app.go:48: INFO: [Configuration Loaded]
2023/01/10 23:49:15 app.go:48: INFO: [Database Connected Successfully]
2023/01/10 23:49:22 app.go:48: INFO: [Configuration Loaded]
2023/01/10 23:49:22 app.go:48: INFO: [Database Connected Successfully]
2023/01/10 23:50:55 app.go:48: INFO: [Configuration Loaded]
2023/01/10 23:50:55 app.go:48: INFO: [Database Connected Successfully]
2023/01/10 23:58:08 app.go:48: INFO: [Configuration Loaded]
2023/01/10 23:58:08 app.go:48: INFO: [Database Connected Successfully]
2023/01/10 23:58:16 app.go:48: INFO: [Configuration Loaded]
2023/01/10 23:58:16 app.go:48: INFO: [Database Connected Successfully]
2023/01/10 23:58:26 app.go:48: INFO: [Configuration Loaded]
2023/01/10 23:58:26 app.go:48: INFO: [Database Connected Successfully]
2023/01/10 23:59:30 app.go:48: INFO: [Configuration Loaded]
2023/01/10 23:59:30 app.go:48: INFO: [Database Connected Successfully]
2023/01/10 23:59:30 app.go:48: INFO: [Configuration Loaded]
2023/01/10 23:59:30 app.go:48: INFO: [Database Connected Successfully]
