2023/02/23 10:43:42 app.go:48: INFO: [Configuration Loaded]
2023/02/23 10:43:42 app.go:48: INFO: [Database Connected Successfully]
2023/02/23 10:43:42 app.go:48: INFO: [Redis For Job Queue Connected successfully]
2023/02/23 10:43:42 app.go:48: INFO: [Redis Connected successfully]
2023/02/23 10:43:42 app.go:48: INFO: [Redis Job Queue initialized]
2023/02/23 10:43:46 app.go:48: INFO: [Configuration Loaded]
2023/02/23 10:43:46 app.go:48: INFO: [Database Connected Successfully]
2023/02/23 10:43:46 app.go:48: INFO: [Redis For Job Queue Connected successfully]
2023/02/23 10:43:46 app.go:48: INFO: [Redis Connected successfully]
2023/02/23 10:43:46 app.go:48: INFO: [Redis Job Queue initialized]
2023/02/23 10:45:13 app.go:48: INFO: [Configuration Loaded]
2023/02/23 10:45:13 app.go:48: INFO: [Database Connected Successfully]
2023/02/23 10:45:13 app.go:48: INFO: [Redis For Job Queue Connected successfully]
2023/02/23 10:45:13 app.go:48: INFO: [Redis Connected successfully]
2023/02/23 10:45:13 app.go:48: INFO: [Redis Job Queue initialized]
2023/02/23 10:45:13 app.go:48: INFO: [Configuration Loaded]
2023/02/23 10:45:13 app.go:48: INFO: [Database Connected Successfully]
2023/02/23 10:45:13 app.go:48: INFO: [Redis For Job Queue Connected successfully]
2023/02/23 10:45:13 app.go:48: INFO: [Redis Connected successfully]
2023/02/23 10:45:13 app.go:48: INFO: [Redis Job Queue initialized]
2023/02/23 10:47:02 app.go:48: INFO: [Configuration Loaded]
2023/02/23 10:47:02 app.go:48: INFO: [Database Connected Successfully]
2023/02/23 10:47:02 app.go:48: INFO: [Redis For Job Queue Connected successfully]
2023/02/23 10:47:02 app.go:48: INFO: [Redis Connected successfully]
2023/02/23 10:47:02 app.go:48: INFO: [Redis Job Queue initialized]
2023/02/23 10:48:01 app.go:48: INFO: [Configuration Loaded]
2023/02/23 10:48:01 app.go:48: INFO: [Database Connected Successfully]
2023/02/23 10:48:01 app.go:48: INFO: [Redis For Job Queue Connected successfully]
2023/02/23 10:48:01 app.go:48: INFO: [Redis Connected successfully]
2023/02/23 10:48:01 app.go:48: INFO: [Redis Job Queue initialized]
2023/02/23 10:58:12 app.go:48: INFO: [Configuration Loaded]
2023/02/23 10:58:12 app.go:48: INFO: [Database Connected Successfully]
2023/02/23 10:58:12 app.go:48: INFO: [Redis For Job Queue Connected successfully]
2023/02/23 10:58:12 app.go:48: INFO: [Redis Connected successfully]
2023/02/23 10:58:12 app.go:48: INFO: [Redis Job Queue initialized]
2023/02/23 10:58:12 app.go:48: INFO: [Configuration Loaded]
2023/02/23 10:58:12 app.go:48: INFO: [Database Connected Successfully]
2023/02/23 10:58:12 app.go:48: INFO: [Redis For Job Queue Connected successfully]
2023/02/23 10:58:12 app.go:48: INFO: [Redis Connected successfully]
2023/02/23 10:58:12 app.go:48: INFO: [Redis Job Queue initialized]
2023/02/23 11:24:36 app.go:48: INFO: [Configuration Loaded]
2023/02/23 11:24:36 app.go:48: INFO: [Database Connected Successfully]
2023/02/23 11:24:36 app.go:48: INFO: [Redis For Job Queue Connected successfully]
2023/02/23 11:24:36 app.go:48: INFO: [Redis Connected successfully]
2023/02/23 11:24:36 app.go:48: INFO: [Redis Job Queue initialized]
2023/02/23 11:24:36 app.go:48: INFO: [Configuration Loaded]
2023/02/23 11:24:36 app.go:48: INFO: [Database Connected Successfully]
2023/02/23 11:24:36 app.go:48: INFO: [Redis For Job Queue Connected successfully]
2023/02/23 11:24:36 app.go:48: INFO: [Redis Connected successfully]
2023/02/23 11:24:36 app.go:48: INFO: [Redis Job Queue initialized]
2023/02/23 11:58:24 app.go:48: DEBUG: [Shutdowning Server ...]
2023/02/23 11:58:24 app.go:48: INFO: [Server Stopped Gracefully]
2023/02/23 11:58:48 app.go:48: INFO: [Configuration Loaded]
2023/02/23 11:58:48 app.go:48: INFO: [Database Connected Successfully]
2023/02/23 11:58:48 app.go:48: INFO: [Redis For Job Queue Connected successfully]
2023/02/23 11:58:48 app.go:48: INFO: [Redis Connected successfully]
2023/02/23 11:58:48 app.go:48: INFO: [Redis Job Queue initialized]
2023/02/23 15:00:08 app.go:48: DEBUG: [Shutdowning Server ...]
2023/02/23 15:00:08 app.go:48: INFO: [Server Stopped Gracefully]
2023/02/23 15:00:36 app.go:48: INFO: [Configuration Loaded]
2023/02/23 15:00:36 app.go:48: INFO: [Database Connected Successfully]
2023/02/23 15:00:36 app.go:48: INFO: [Redis For Job Queue Connected successfully]
2023/02/23 15:00:36 app.go:48: INFO: [Redis Connected successfully]
2023/02/23 15:00:36 app.go:48: INFO: [Redis Job Queue initialized]
2023/02/23 15:15:23 app.go:48: DEBUG: [Shutdowning Server ...]
2023/02/23 15:15:23 app.go:48: INFO: [Server Stopped Gracefully]
2023/02/23 15:15:27 app.go:48: INFO: [Configuration Loaded]
2023/02/23 15:15:27 app.go:48: INFO: [Database Connected Successfully]
2023/02/23 15:15:27 app.go:48: INFO: [Redis For Job Queue Connected successfully]
2023/02/23 15:15:27 app.go:48: INFO: [Redis Connected successfully]
2023/02/23 15:15:27 app.go:48: INFO: [Redis Job Queue initialized]
2023/02/23 20:59:59 app.go:48: DEBUG: [Shutdowning Server ...]
2023/02/23 20:59:59 app.go:48: INFO: [Server Stopped Gracefully]
